This file contains any messages produced by compilers while
running configure, to aid debugging if configure makes a mistake.

It was created by tcl configure 8.6, which was
generated by GNU Autoconf 2.59.  Invocation command line was

  $ ./configure --prefix /home/max/Programming/SAOImageDS9 --exec-prefix /home/max/Programming/SAOImageDS9 --libdir /home/max/Programming/SAOImageDS9/lib --disable-shared --enable-symbols --config-cache --cache-file=/home/max/Programming/SAOImageDS9/config.cache

## --------- ##
## Platform. ##
## --------- ##

hostname = Maximum-V2
uname -m = x86_64
uname -r = 5.8.0-25-generic
uname -s = Linux
uname -v = #26-Ubuntu SMP Thu Oct 15 10:30:38 UTC 2020

/usr/bin/uname -p = x86_64
/bin/uname -X     = unknown

/bin/arch              = x86_64
/usr/bin/arch -k       = unknown
/usr/convex/getsysinfo = unknown
hostinfo               = unknown
/bin/machine           = unknown
/usr/bin/oslevel       = unknown
/bin/universe          = unknown

PATH: /home/max/.local/bin
PATH: /home/max/.local/bin
PATH: /usr/local/sbin
PATH: /usr/local/bin
PATH: /usr/sbin
PATH: /usr/bin
PATH: /sbin
PATH: /bin
PATH: /usr/games
PATH: /usr/local/games
PATH: /snap/bin


## ----------- ##
## Core tests. ##
## ----------- ##

configure:1241: creating cache /home/max/Programming/SAOImageDS9/config.cache
configure:1383: checking whether to use symlinks for manpages
configure:1392: result: no
configure:1395: checking whether to compress the manpages
configure:1410: result: no
configure:1424: checking whether to add a package name suffix for the manpages
configure:1437: result: no
configure:1499: checking for gcc
configure:1515: found /usr/bin/gcc
configure:1525: result: gcc
configure:1769: checking for C compiler version
configure:1772: gcc --version </dev/null >&5
gcc (Ubuntu 10.2.0-13ubuntu1) 10.2.0
Copyright (C) 2020 Free Software Foundation, Inc.
This is free software; see the source for copying conditions.  There is NO
warranty; not even for MERCHANTABILITY or FITNESS FOR A PARTICULAR PURPOSE.

configure:1775: $? = 0
configure:1777: gcc -v </dev/null >&5
Using built-in specs.
COLLECT_GCC=gcc
COLLECT_LTO_WRAPPER=/usr/lib/gcc/x86_64-linux-gnu/10/lto-wrapper
OFFLOAD_TARGET_NAMES=nvptx-none:amdgcn-amdhsa:hsa
OFFLOAD_TARGET_DEFAULT=1
Target: x86_64-linux-gnu
Configured with: ../src/configure -v --with-pkgversion='Ubuntu 10.2.0-13ubuntu1' --with-bugurl=file:///usr/share/doc/gcc-10/README.Bugs --enable-languages=c,ada,c++,go,brig,d,fortran,objc,obj-c++,m2 --prefix=/usr --with-gcc-major-version-only --program-suffix=-10 --program-prefix=x86_64-linux-gnu- --enable-shared --enable-linker-build-id --libexecdir=/usr/lib --without-included-gettext --enable-threads=posix --libdir=/usr/lib --enable-nls --enable-clocale=gnu --enable-libstdcxx-debug --enable-libstdcxx-time=yes --with-default-libstdcxx-abi=new --enable-gnu-unique-object --disable-vtable-verify --enable-plugin --enable-default-pie --with-system-zlib --enable-libphobos-checking=release --with-target-system-zlib=auto --enable-objc-gc=auto --enable-multiarch --disable-werror --with-arch-32=i686 --with-abi=m64 --with-multilib-list=m32,m64,mx32 --enable-multilib --with-tune=generic --enable-offload-targets=nvptx-none=/build/gcc-10-JvwpWM/gcc-10-10.2.0/debian/tmp-nvptx/usr,amdgcn-amdhsa=/build/gcc-10-JvwpWM/gcc-10-10.2.0/debian/tmp-gcn/usr,hsa --without-cuda-driver --enable-checking=release --build=x86_64-linux-gnu --host=x86_64-linux-gnu --target=x86_64-linux-gnu
Thread model: posix
Supported LTO compression algorithms: zlib zstd
gcc version 10.2.0 (Ubuntu 10.2.0-13ubuntu1) 
configure:1780: $? = 0
configure:1782: gcc -V </dev/null >&5
gcc: error: unrecognized command-line option '-V'
gcc: fatal error: no input files
compilation terminated.
configure:1785: $? = 1
configure:1808: checking for C compiler default output file name
configure:1811: gcc    conftest.c  >&5
configure:1814: $? = 0
configure:1860: result: a.out
configure:1865: checking whether the C compiler works
configure:1871: ./a.out
configure:1874: $? = 0
configure:1891: result: yes
configure:1898: checking whether we are cross compiling
configure:1900: result: no
configure:1903: checking for suffix of executables
configure:1905: gcc -o conftest    conftest.c  >&5
configure:1908: $? = 0
configure:1933: result: 
configure:1939: checking for suffix of object files
configure:1960: gcc -c   conftest.c >&5
configure:1963: $? = 0
configure:1985: result: o
configure:1989: checking whether we are using the GNU C compiler
configure:2013: gcc -c   conftest.c >&5
configure:2019: $? = 0
configure:2023: test -z 
			 || test ! -s conftest.err
configure:2026: $? = 0
configure:2029: test -s conftest.o
configure:2032: $? = 0
configure:2045: result: yes
configure:2051: checking whether gcc accepts -g
configure:2072: gcc -c -g  conftest.c >&5
configure:2078: $? = 0
configure:2082: test -z 
			 || test ! -s conftest.err
configure:2085: $? = 0
configure:2088: test -s conftest.o
configure:2091: $? = 0
configure:2102: result: yes
configure:2119: checking for gcc option to accept ANSI C
configure:2189: gcc  -c   conftest.c >&5
configure:2195: $? = 0
configure:2199: test -z 
			 || test ! -s conftest.err
configure:2202: $? = 0
configure:2205: test -s conftest.o
configure:2208: $? = 0
configure:2226: result: none needed
configure:2244: gcc -c   conftest.c >&5
conftest.c:2:3: error: unknown type name 'choke'
    2 |   choke me
      |   ^~~~~
conftest.c:2:3: error: expected '=', ',', ';', 'asm' or '__attribute__' at end of input
configure:2250: $? = 1
configure: failed program was:
| #ifndef __cplusplus
|   choke me
| #endif
configure:2384: checking for inline
configure:2405: gcc -c   conftest.c >&5
configure:2411: $? = 0
configure:2415: test -z 
			 || test ! -s conftest.err
configure:2418: $? = 0
configure:2421: test -s conftest.o
configure:2424: $? = 0
configure:2436: result: inline
configure:2470: checking how to run the C preprocessor
configure:2505: gcc -E  conftest.c
configure:2511: $? = 0
configure:2543: gcc -E  conftest.c
conftest.c:9:10: fatal error: ac_nonexistent.h: No such file or directory
    9 | #include <ac_nonexistent.h>
      |          ^~~~~~~~~~~~~~~~~~
compilation terminated.
configure:2549: $? = 1
configure: failed program was:
| /* confdefs.h.  */
| 
| #define PACKAGE_NAME "tcl"
| #define PACKAGE_TARNAME "tcl"
| #define PACKAGE_VERSION "8.6"
| #define PACKAGE_STRING "tcl 8.6"
| #define PACKAGE_BUGREPORT ""
| /* end confdefs.h.  */
| #include <ac_nonexistent.h>
configure:2588: result: gcc -E
configure:2612: gcc -E  conftest.c
configure:2618: $? = 0
configure:2650: gcc -E  conftest.c
conftest.c:9:10: fatal error: ac_nonexistent.h: No such file or directory
    9 | #include <ac_nonexistent.h>
      |          ^~~~~~~~~~~~~~~~~~
compilation terminated.
configure:2656: $? = 1
configure: failed program was:
| /* confdefs.h.  */
| 
| #define PACKAGE_NAME "tcl"
| #define PACKAGE_TARNAME "tcl"
| #define PACKAGE_VERSION "8.6"
| #define PACKAGE_STRING "tcl 8.6"
| #define PACKAGE_BUGREPORT ""
| /* end confdefs.h.  */
| #include <ac_nonexistent.h>
configure:2700: checking for egrep
configure:2710: result: grep -E
configure:2715: checking for ANSI C header files
configure:2740: gcc -c   conftest.c >&5
configure:2746: $? = 0
configure:2750: test -z 
			 || test ! -s conftest.err
configure:2753: $? = 0
configure:2756: test -s conftest.o
configure:2759: $? = 0
configure:2848: gcc -o conftest    conftest.c  >&5
conftest.c: In function 'main':
conftest.c:26:7: warning: implicit declaration of function 'exit' [-Wimplicit-function-declaration]
   26 |       exit(2);
      |       ^~~~
conftest.c:26:7: warning: incompatible implicit declaration of built-in function 'exit'
conftest.c:10:1: note: include '<stdlib.h>' or provide a declaration of 'exit'
    9 | #include <ctype.h>
  +++ |+#include <stdlib.h>
   10 | #if ((' ' & 0x0FF) == 0x020)
conftest.c:27:3: warning: incompatible implicit declaration of built-in function 'exit'
   27 |   exit (0);
      |   ^~~~
conftest.c:27:3: note: include '<stdlib.h>' or provide a declaration of 'exit'
configure:2851: $? = 0
configure:2853: ./conftest
configure:2856: $? = 0
configure:2871: result: yes
configure:2895: checking for sys/types.h
configure:2911: gcc -c   conftest.c >&5
configure:2917: $? = 0
configure:2921: test -z 
			 || test ! -s conftest.err
configure:2924: $? = 0
configure:2927: test -s conftest.o
configure:2930: $? = 0
configure:2941: result: yes
configure:2895: checking for sys/stat.h
configure:2911: gcc -c   conftest.c >&5
configure:2917: $? = 0
configure:2921: test -z 
			 || test ! -s conftest.err
configure:2924: $? = 0
configure:2927: test -s conftest.o
configure:2930: $? = 0
configure:2941: result: yes
configure:2895: checking for stdlib.h
configure:2911: gcc -c   conftest.c >&5
configure:2917: $? = 0
configure:2921: test -z 
			 || test ! -s conftest.err
configure:2924: $? = 0
configure:2927: test -s conftest.o
configure:2930: $? = 0
configure:2941: result: yes
configure:2895: checking for string.h
configure:2911: gcc -c   conftest.c >&5
configure:2917: $? = 0
configure:2921: test -z 
			 || test ! -s conftest.err
configure:2924: $? = 0
configure:2927: test -s conftest.o
configure:2930: $? = 0
configure:2941: result: yes
configure:2895: checking for memory.h
configure:2911: gcc -c   conftest.c >&5
configure:2917: $? = 0
configure:2921: test -z 
			 || test ! -s conftest.err
configure:2924: $? = 0
configure:2927: test -s conftest.o
configure:2930: $? = 0
configure:2941: result: yes
configure:2895: checking for strings.h
configure:2911: gcc -c   conftest.c >&5
configure:2917: $? = 0
configure:2921: test -z 
			 || test ! -s conftest.err
configure:2924: $? = 0
configure:2927: test -s conftest.o
configure:2930: $? = 0
configure:2941: result: yes
configure:2895: checking for inttypes.h
configure:2911: gcc -c   conftest.c >&5
configure:2917: $? = 0
configure:2921: test -z 
			 || test ! -s conftest.err
configure:2924: $? = 0
configure:2927: test -s conftest.o
configure:2930: $? = 0
configure:2941: result: yes
configure:2895: checking for stdint.h
configure:2911: gcc -c   conftest.c >&5
configure:2917: $? = 0
configure:2921: test -z 
			 || test ! -s conftest.err
configure:2924: $? = 0
configure:2927: test -s conftest.o
configure:2930: $? = 0
configure:2941: result: yes
configure:2895: checking for unistd.h
configure:2911: gcc -c   conftest.c >&5
configure:2917: $? = 0
configure:2921: test -z 
			 || test ! -s conftest.err
configure:2924: $? = 0
configure:2927: test -s conftest.o
configure:2930: $? = 0
configure:2941: result: yes
configure:2954: checking dirent.h
configure:2995: gcc -o conftest    conftest.c  >&5
configure:3001: $? = 0
configure:3005: test -z 
			 || test ! -s conftest.err
configure:3008: $? = 0
configure:3011: test -s conftest
configure:3014: $? = 0
configure:3026: result: yes
configure:3047: checking float.h usability
configure:3059: gcc -c   conftest.c >&5
configure:3065: $? = 0
configure:3069: test -z 
			 || test ! -s conftest.err
configure:3072: $? = 0
configure:3075: test -s conftest.o
configure:3078: $? = 0
configure:3088: result: yes
configure:3092: checking float.h presence
configure:3102: gcc -E  conftest.c
configure:3108: $? = 0
configure:3128: result: yes
configure:3163: checking for float.h
configure:3170: result: yes
configure:3195: checking values.h usability
configure:3207: gcc -c   conftest.c >&5
configure:3213: $? = 0
configure:3217: test -z 
			 || test ! -s conftest.err
configure:3220: $? = 0
configure:3223: test -s conftest.o
configure:3226: $? = 0
configure:3236: result: yes
configure:3240: checking values.h presence
configure:3250: gcc -E  conftest.c
configure:3256: $? = 0
configure:3276: result: yes
configure:3311: checking for values.h
configure:3318: result: yes
configure:3334: checking for stdlib.h
configure:3339: result: yes
configure:3536: checking for string.h
configure:3541: result: yes
configure:3735: checking sys/wait.h usability
configure:3747: gcc -c   conftest.c >&5
configure:3753: $? = 0
configure:3757: test -z 
			 || test ! -s conftest.err
configure:3760: $? = 0
configure:3763: test -s conftest.o
configure:3766: $? = 0
configure:3776: result: yes
configure:3780: checking sys/wait.h presence
configure:3790: gcc -E  conftest.c
configure:3796: $? = 0
configure:3816: result: yes
configure:3851: checking for sys/wait.h
configure:3858: result: yes
configure:3883: checking dlfcn.h usability
configure:3895: gcc -c   conftest.c >&5
configure:3901: $? = 0
configure:3905: test -z 
			 || test ! -s conftest.err
configure:3908: $? = 0
configure:3911: test -s conftest.o
configure:3914: $? = 0
configure:3924: result: yes
configure:3928: checking dlfcn.h presence
configure:3938: gcc -E  conftest.c
configure:3944: $? = 0
configure:3964: result: yes
configure:3999: checking for dlfcn.h
configure:4006: result: yes
configure:4037: checking sys/param.h usability
configure:4049: gcc -c   conftest.c >&5
configure:4055: $? = 0
configure:4059: test -z 
			 || test ! -s conftest.err
configure:4062: $? = 0
configure:4065: test -s conftest.o
configure:4068: $? = 0
configure:4078: result: yes
configure:4082: checking sys/param.h presence
configure:4092: gcc -E  conftest.c
configure:4098: $? = 0
configure:4118: result: yes
configure:4153: checking for sys/param.h
configure:4160: result: yes
configure:4187: checking if the compiler understands -pipe
configure:4210: gcc -c  -pipe  conftest.c >&5
configure:4216: $? = 0
configure:4220: test -z 
			 || test ! -s conftest.err
configure:4223: $? = 0
configure:4226: test -s conftest.o
configure:4229: $? = 0
configure:4241: result: yes
configure:4291: checking for pthread_mutex_init in -lpthread
configure:4321: gcc -o conftest  -pipe   conftest.c -lpthread   >&5
configure:4327: $? = 0
configure:4331: test -z 
			 || test ! -s conftest.err
configure:4334: $? = 0
configure:4337: test -s conftest
configure:4340: $? = 0
configure:4353: result: yes
configure:4680: checking for pthread_attr_setstacksize
configure:4737: gcc -o conftest  -pipe   conftest.c   -lpthread >&5
configure:4743: $? = 0
configure:4747: test -z 
			 || test ! -s conftest.err
configure:4750: $? = 0
configure:4753: test -s conftest
configure:4756: $? = 0
configure:4768: result: yes
configure:4680: checking for pthread_atfork
configure:4737: gcc -o conftest  -pipe   conftest.c   -lpthread >&5
configure:4743: $? = 0
configure:4747: test -z 
			 || test ! -s conftest.err
configure:4750: $? = 0
configure:4753: test -s conftest
configure:4756: $? = 0
configure:4768: result: yes
configure:4783: checking for building with threads
configure:4795: result: yes
configure:4843: checking for sin
configure:4900: gcc -o conftest  -pipe   conftest.c  >&5
conftest.c:51:6: warning: conflicting types for built-in function 'sin'; expected 'double(double)' [-Wbuiltin-declaration-mismatch]
   51 | char sin ();
      |      ^~~
conftest.c:38:1: note: 'sin' is declared in header '<math.h>'
   37 | # include <limits.h>
   38 | #else
/usr/bin/ld: /tmp/cc5BfHGu.o: in function `main':
conftest.c:(.text+0x12): undefined reference to `sin'
/usr/bin/ld: /tmp/cc5BfHGu.o:(.data.rel+0x0): undefined reference to `sin'
collect2: error: ld returned 1 exit status
configure:4906: $? = 1
configure: failed program was:
| /* confdefs.h.  */
| 
| #define PACKAGE_NAME "tcl"
| #define PACKAGE_TARNAME "tcl"
| #define PACKAGE_VERSION "8.6"
| #define PACKAGE_STRING "tcl 8.6"
| #define PACKAGE_BUGREPORT ""
| #define STDC_HEADERS 1
| #define HAVE_SYS_TYPES_H 1
| #define HAVE_SYS_STAT_H 1
| #define HAVE_STDLIB_H 1
| #define HAVE_STRING_H 1
| #define HAVE_MEMORY_H 1
| #define HAVE_STRINGS_H 1
| #define HAVE_INTTYPES_H 1
| #define HAVE_STDINT_H 1
| #define HAVE_UNISTD_H 1
| #define HAVE_SYS_PARAM_H 1
| #define USE_THREAD_ALLOC 1
| #define _REENTRANT 1
| #define _THREAD_SAFE 1
| #define HAVE_PTHREAD_ATTR_SETSTACKSIZE 1
| #define HAVE_PTHREAD_ATFORK 1
| #define TCL_THREADS 1
| #define TCL_CFGVAL_ENCODING "iso8859-1"
| /* end confdefs.h.  */
| /* Define sin to an innocuous variant, in case <limits.h> declares sin.
|    For example, HP-UX 11i <limits.h> declares gettimeofday.  */
| #define sin innocuous_sin
| 
| /* System header to define __stub macros and hopefully few prototypes,
|     which can conflict with char sin (); below.
|     Prefer <limits.h> to <assert.h> if __STDC__ is defined, since
|     <limits.h> exists even on freestanding compilers.  */
| 
| #ifdef __STDC__
| # include <limits.h>
| #else
| # include <assert.h>
| #endif
| 
| #undef sin
| 
| /* Override any gcc2 internal prototype to avoid an error.  */
| #ifdef __cplusplus
| extern "C"
| {
| #endif
| /* We use char because int might match the return type of a gcc2
|    builtin and then its argument prototype would still apply.  */
| char sin ();
| /* The GNU C library defines this for functions which it implements
|     to always fail with ENOSYS.  Some functions are actually named
|     something starting with __ and the normal name is an alias.  */
| #if defined (__stub_sin) || defined (__stub___sin)
| choke me
| #else
| char (*f) () = sin;
| #endif
| #ifdef __cplusplus
| }
| #endif
| 
| int
| main ()
| {
| return f != sin;
|   ;
|   return 0;
| }
configure:4931: result: no
configure:4945: checking for main in -linet
configure:4969: gcc -o conftest  -pipe   conftest.c -linet   >&5
/usr/bin/ld: cannot find -linet
collect2: error: ld returned 1 exit status
configure:4975: $? = 1
configure: failed program was:
| /* confdefs.h.  */
| 
| #define PACKAGE_NAME "tcl"
| #define PACKAGE_TARNAME "tcl"
| #define PACKAGE_VERSION "8.6"
| #define PACKAGE_STRING "tcl 8.6"
| #define PACKAGE_BUGREPORT ""
| #define STDC_HEADERS 1
| #define HAVE_SYS_TYPES_H 1
| #define HAVE_SYS_STAT_H 1
| #define HAVE_STDLIB_H 1
| #define HAVE_STRING_H 1
| #define HAVE_MEMORY_H 1
| #define HAVE_STRINGS_H 1
| #define HAVE_INTTYPES_H 1
| #define HAVE_STDINT_H 1
| #define HAVE_UNISTD_H 1
| #define HAVE_SYS_PARAM_H 1
| #define USE_THREAD_ALLOC 1
| #define _REENTRANT 1
| #define _THREAD_SAFE 1
| #define HAVE_PTHREAD_ATTR_SETSTACKSIZE 1
| #define HAVE_PTHREAD_ATFORK 1
| #define TCL_THREADS 1
| #define TCL_CFGVAL_ENCODING "iso8859-1"
| /* end confdefs.h.  */
| 
| 
| int
| main ()
| {
| main ();
|   ;
|   return 0;
| }
configure:5001: result: no
configure:5017: checking net/errno.h usability
configure:5029: gcc -c  -pipe  conftest.c >&5
conftest.c:61:10: fatal error: net/errno.h: No such file or directory
   61 | #include <net/errno.h>
      |          ^~~~~~~~~~~~~
compilation terminated.
configure:5035: $? = 1
configure: failed program was:
| /* confdefs.h.  */
| 
| #define PACKAGE_NAME "tcl"
| #define PACKAGE_TARNAME "tcl"
| #define PACKAGE_VERSION "8.6"
| #define PACKAGE_STRING "tcl 8.6"
| #define PACKAGE_BUGREPORT ""
| #define STDC_HEADERS 1
| #define HAVE_SYS_TYPES_H 1
| #define HAVE_SYS_STAT_H 1
| #define HAVE_STDLIB_H 1
| #define HAVE_STRING_H 1
| #define HAVE_MEMORY_H 1
| #define HAVE_STRINGS_H 1
| #define HAVE_INTTYPES_H 1
| #define HAVE_STDINT_H 1
| #define HAVE_UNISTD_H 1
| #define HAVE_SYS_PARAM_H 1
| #define USE_THREAD_ALLOC 1
| #define _REENTRANT 1
| #define _THREAD_SAFE 1
| #define HAVE_PTHREAD_ATTR_SETSTACKSIZE 1
| #define HAVE_PTHREAD_ATFORK 1
| #define TCL_THREADS 1
| #define TCL_CFGVAL_ENCODING "iso8859-1"
| /* end confdefs.h.  */
| #include <stdio.h>
| #if HAVE_SYS_TYPES_H
| # include <sys/types.h>
| #endif
| #if HAVE_SYS_STAT_H
| # include <sys/stat.h>
| #endif
| #if STDC_HEADERS
| # include <stdlib.h>
| # include <stddef.h>
| #else
| # if HAVE_STDLIB_H
| #  include <stdlib.h>
| # endif
| #endif
| #if HAVE_STRING_H
| # if !STDC_HEADERS && HAVE_MEMORY_H
| #  include <memory.h>
| # endif
| # include <string.h>
| #endif
| #if HAVE_STRINGS_H
| # include <strings.h>
| #endif
| #if HAVE_INTTYPES_H
| # include <inttypes.h>
| #else
| # if HAVE_STDINT_H
| #  include <stdint.h>
| # endif
| #endif
| #if HAVE_UNISTD_H
| # include <unistd.h>
| #endif
| #include <net/errno.h>
configure:5058: result: no
configure:5062: checking net/errno.h presence
configure:5072: gcc -E  conftest.c
conftest.c:27:10: fatal error: net/errno.h: No such file or directory
   27 | #include <net/errno.h>
      |          ^~~~~~~~~~~~~
compilation terminated.
configure:5078: $? = 1
configure: failed program was:
| /* confdefs.h.  */
| 
| #define PACKAGE_NAME "tcl"
| #define PACKAGE_TARNAME "tcl"
| #define PACKAGE_VERSION "8.6"
| #define PACKAGE_STRING "tcl 8.6"
| #define PACKAGE_BUGREPORT ""
| #define STDC_HEADERS 1
| #define HAVE_SYS_TYPES_H 1
| #define HAVE_SYS_STAT_H 1
| #define HAVE_STDLIB_H 1
| #define HAVE_STRING_H 1
| #define HAVE_MEMORY_H 1
| #define HAVE_STRINGS_H 1
| #define HAVE_INTTYPES_H 1
| #define HAVE_STDINT_H 1
| #define HAVE_UNISTD_H 1
| #define HAVE_SYS_PARAM_H 1
| #define USE_THREAD_ALLOC 1
| #define _REENTRANT 1
| #define _THREAD_SAFE 1
| #define HAVE_PTHREAD_ATTR_SETSTACKSIZE 1
| #define HAVE_PTHREAD_ATFORK 1
| #define TCL_THREADS 1
| #define TCL_CFGVAL_ENCODING "iso8859-1"
| /* end confdefs.h.  */
| #include <net/errno.h>
configure:5098: result: no
configure:5133: checking for net/errno.h
configure:5140: result: no
configure:5174: checking for connect
configure:5231: gcc -o conftest  -pipe   conftest.c  >&5
configure:5237: $? = 0
configure:5241: test -z 
			 || test ! -s conftest.err
configure:5244: $? = 0
configure:5247: test -s conftest
configure:5250: $? = 0
configure:5262: result: yes
configure:5537: checking for gethostbyname
configure:5594: gcc -o conftest  -pipe   conftest.c  >&5
configure:5600: $? = 0
configure:5604: test -z 
			 || test ! -s conftest.err
configure:5607: $? = 0
configure:5610: test -s conftest
configure:5613: $? = 0
configure:5625: result: yes
configure:5706: checking how to build libraries
configure:5728: result: static
configure:5746: checking for tclsh
configure:5770: result: /usr/bin/tclsh8.6
configure:5799: checking zlib.h usability
configure:5811: gcc -c  -pipe  conftest.c >&5
configure:5817: $? = 0
configure:5821: test -z 
			 || test ! -s conftest.err
configure:5824: $? = 0
configure:5827: test -s conftest.o
configure:5830: $? = 0
configure:5840: result: yes
configure:5844: checking zlib.h presence
configure:5854: gcc -E  conftest.c
configure:5860: $? = 0
configure:5880: result: yes
configure:5915: checking for zlib.h
configure:5922: result: yes
configure:5928: checking for gz_header
configure:5953: gcc -c  -pipe  conftest.c >&5
configure:5959: $? = 0
configure:5963: test -z 
			 || test ! -s conftest.err
configure:5966: $? = 0
configure:5969: test -s conftest.o
configure:5972: $? = 0
configure:5983: result: yes
configure:5999: checking for library containing deflateSetHeader
configure:6029: gcc -o conftest  -pipe   conftest.c  -lpthread >&5
/usr/bin/ld: /tmp/cclzQmr1.o: in function `main':
conftest.c:(.text+0xe): undefined reference to `deflateSetHeader'
collect2: error: ld returned 1 exit status
configure:6035: $? = 1
configure: failed program was:
| /* confdefs.h.  */
| 
| #define PACKAGE_NAME "tcl"
| #define PACKAGE_TARNAME "tcl"
| #define PACKAGE_VERSION "8.6"
| #define PACKAGE_STRING "tcl 8.6"
| #define PACKAGE_BUGREPORT ""
| #define STDC_HEADERS 1
| #define HAVE_SYS_TYPES_H 1
| #define HAVE_SYS_STAT_H 1
| #define HAVE_STDLIB_H 1
| #define HAVE_STRING_H 1
| #define HAVE_MEMORY_H 1
| #define HAVE_STRINGS_H 1
| #define HAVE_INTTYPES_H 1
| #define HAVE_STDINT_H 1
| #define HAVE_UNISTD_H 1
| #define HAVE_SYS_PARAM_H 1
| #define USE_THREAD_ALLOC 1
| #define _REENTRANT 1
| #define _THREAD_SAFE 1
| #define HAVE_PTHREAD_ATTR_SETSTACKSIZE 1
| #define HAVE_PTHREAD_ATFORK 1
| #define TCL_THREADS 1
| #define TCL_CFGVAL_ENCODING "iso8859-1"
| #define STATIC_BUILD 1
| /* end confdefs.h.  */
| 
| /* Override any gcc2 internal prototype to avoid an error.  */
| #ifdef __cplusplus
| extern "C"
| #endif
| /* We use char because int might match the return type of a gcc2
|    builtin and then its argument prototype would still apply.  */
| char deflateSetHeader ();
| int
| main ()
| {
| deflateSetHeader ();
|   ;
|   return 0;
| }
configure:6084: gcc -o conftest  -pipe   conftest.c -lz   -lpthread >&5
configure:6090: $? = 0
configure:6094: test -z 
			 || test ! -s conftest.err
configure:6097: $? = 0
configure:6100: test -s conftest
configure:6103: $? = 0
configure:6118: result: -lz
configure:6195: checking for ranlib
configure:6211: found /usr/bin/ranlib
configure:6222: result: ranlib
configure:6238: checking if 64bit support is requested
configure:6247: result: no
configure:6252: checking if 64bit Sparc VIS support is requested
configure:6261: result: no
configure:6272: checking if compiler supports visibility "hidden"
configure:6297: gcc -o conftest  -pipe -Werror   conftest.c -lz  -lpthread >&5
configure:6303: $? = 0
configure:6307: test -z 
			 || test ! -s conftest.err
configure:6310: $? = 0
configure:6313: test -s conftest
configure:6316: $? = 0
configure:6329: result: yes
configure:6349: checking if rpath support is requested
configure:6358: result: yes
configure:6365: checking system version
configure:6396: result: Linux-5.8.0-25-generic
configure:6404: checking for dlopen in -ldl
configure:6434: gcc -o conftest  -pipe   conftest.c -ldl  -lz  -lpthread >&5
configure:6440: $? = 0
configure:6444: test -z 
			 || test ! -s conftest.err
configure:6447: $? = 0
configure:6450: test -s conftest
configure:6453: $? = 0
configure:6466: result: yes
configure:6547: checking for ar
configure:6563: found /usr/bin/ar
configure:6573: result: ar
configure:8809: checking for cast to union support
configure:8833: gcc -c  -pipe  conftest.c >&5
configure:8839: $? = 0
configure:8843: test -z 
			 || test ! -s conftest.err
configure:8846: $? = 0
configure:8849: test -s conftest.o
configure:8852: $? = 0
configure:8864: result: yes
configure:8916: checking for build with symbols
configure:8946: result: yes (standard debugging)
configure:9001: checking for required early compiler flags
configure:9024: gcc -c  -pipe  conftest.c >&5
configure:9030: $? = 0
configure:9034: test -z 
			 || test ! -s conftest.err
configure:9037: $? = 0
configure:9040: test -s conftest.o
configure:9043: $? = 0
configure:9129: gcc -c  -pipe  conftest.c >&5
conftest.c: In function 'main':
conftest.c:39:15: error: storage size of 'buf' isn't known
   39 | struct stat64 buf; int i = stat64("/", &buf);
      |               ^~~
conftest.c:39:28: warning: implicit declaration of function 'stat64'; did you mean 'stat'? [-Wimplicit-function-declaration]
   39 | struct stat64 buf; int i = stat64("/", &buf);
      |                            ^~~~~~
      |                            stat
configure:9135: $? = 1
configure: failed program was:
| /* confdefs.h.  */
| 
| #define PACKAGE_NAME "tcl"
| #define PACKAGE_TARNAME "tcl"
| #define PACKAGE_VERSION "8.6"
| #define PACKAGE_STRING "tcl 8.6"
| #define PACKAGE_BUGREPORT ""
| #define STDC_HEADERS 1
| #define HAVE_SYS_TYPES_H 1
| #define HAVE_SYS_STAT_H 1
| #define HAVE_STDLIB_H 1
| #define HAVE_STRING_H 1
| #define HAVE_MEMORY_H 1
| #define HAVE_STRINGS_H 1
| #define HAVE_INTTYPES_H 1
| #define HAVE_STDINT_H 1
| #define HAVE_UNISTD_H 1
| #define HAVE_SYS_PARAM_H 1
| #define USE_THREAD_ALLOC 1
| #define _REENTRANT 1
| #define _THREAD_SAFE 1
| #define HAVE_PTHREAD_ATTR_SETSTACKSIZE 1
| #define HAVE_PTHREAD_ATFORK 1
| #define TCL_THREADS 1
| #define TCL_CFGVAL_ENCODING "iso8859-1"
| #define STATIC_BUILD 1
| #define HAVE_ZLIB 1
| #define MODULE_SCOPE extern __attribute__((__visibility__("hidden")))
| #define HAVE_HIDDEN 1
| #define HAVE_CAST_TO_UNION 1
| #define TCL_SHLIB_EXT ".so"
| #define TCL_TOMMATH 1
| #define MP_PREC 4
| /* end confdefs.h.  */
| #include <sys/stat.h>
| int
| main ()
| {
| struct stat64 buf; int i = stat64("/", &buf);
|   ;
|   return 0;
| }
configure:9172: gcc -c  -pipe  conftest.c >&5
configure:9178: $? = 0
configure:9182: test -z 
			 || test ! -s conftest.err
configure:9185: $? = 0
configure:9188: test -s conftest.o
configure:9191: $? = 0
configure:9234: gcc -c  -pipe  conftest.c >&5
conftest.c: In function 'main':
conftest.c:40:19: error: 'open64' undeclared (first use in this function)
   40 | char *p = (char *)open64;
      |                   ^~~~~~
conftest.c:40:19: note: each undeclared identifier is reported only once for each function it appears in
configure:9240: $? = 1
configure: failed program was:
| /* confdefs.h.  */
| 
| #define PACKAGE_NAME "tcl"
| #define PACKAGE_TARNAME "tcl"
| #define PACKAGE_VERSION "8.6"
| #define PACKAGE_STRING "tcl 8.6"
| #define PACKAGE_BUGREPORT ""
| #define STDC_HEADERS 1
| #define HAVE_SYS_TYPES_H 1
| #define HAVE_SYS_STAT_H 1
| #define HAVE_STDLIB_H 1
| #define HAVE_STRING_H 1
| #define HAVE_MEMORY_H 1
| #define HAVE_STRINGS_H 1
| #define HAVE_INTTYPES_H 1
| #define HAVE_STDINT_H 1
| #define HAVE_UNISTD_H 1
| #define HAVE_SYS_PARAM_H 1
| #define USE_THREAD_ALLOC 1
| #define _REENTRANT 1
| #define _THREAD_SAFE 1
| #define HAVE_PTHREAD_ATTR_SETSTACKSIZE 1
| #define HAVE_PTHREAD_ATFORK 1
| #define TCL_THREADS 1
| #define TCL_CFGVAL_ENCODING "iso8859-1"
| #define STATIC_BUILD 1
| #define HAVE_ZLIB 1
| #define MODULE_SCOPE extern __attribute__((__visibility__("hidden")))
| #define HAVE_HIDDEN 1
| #define HAVE_CAST_TO_UNION 1
| #define TCL_SHLIB_EXT ".so"
| #define TCL_TOMMATH 1
| #define MP_PREC 4
| #define _LARGEFILE64_SOURCE 1
| /* end confdefs.h.  */
| #include <sys/stat.h>
| int
| main ()
| {
| char *p = (char *)open64;
|   ;
|   return 0;
| }
configure:9277: gcc -c  -pipe  conftest.c >&5
conftest.c: In function 'main':
conftest.c:41:19: error: 'open64' undeclared (first use in this function)
   41 | char *p = (char *)open64;
      |                   ^~~~~~
conftest.c:41:19: note: each undeclared identifier is reported only once for each function it appears in
configure:9283: $? = 1
configure: failed program was:
| /* confdefs.h.  */
| 
| #define PACKAGE_NAME "tcl"
| #define PACKAGE_TARNAME "tcl"
| #define PACKAGE_VERSION "8.6"
| #define PACKAGE_STRING "tcl 8.6"
| #define PACKAGE_BUGREPORT ""
| #define STDC_HEADERS 1
| #define HAVE_SYS_TYPES_H 1
| #define HAVE_SYS_STAT_H 1
| #define HAVE_STDLIB_H 1
| #define HAVE_STRING_H 1
| #define HAVE_MEMORY_H 1
| #define HAVE_STRINGS_H 1
| #define HAVE_INTTYPES_H 1
| #define HAVE_STDINT_H 1
| #define HAVE_UNISTD_H 1
| #define HAVE_SYS_PARAM_H 1
| #define USE_THREAD_ALLOC 1
| #define _REENTRANT 1
| #define _THREAD_SAFE 1
| #define HAVE_PTHREAD_ATTR_SETSTACKSIZE 1
| #define HAVE_PTHREAD_ATFORK 1
| #define TCL_THREADS 1
| #define TCL_CFGVAL_ENCODING "iso8859-1"
| #define STATIC_BUILD 1
| #define HAVE_ZLIB 1
| #define MODULE_SCOPE extern __attribute__((__visibility__("hidden")))
| #define HAVE_HIDDEN 1
| #define HAVE_CAST_TO_UNION 1
| #define TCL_SHLIB_EXT ".so"
| #define TCL_TOMMATH 1
| #define MP_PREC 4
| #define _LARGEFILE64_SOURCE 1
| /* end confdefs.h.  */
| #define _LARGEFILE_SOURCE64 1
| #include <sys/stat.h>
| int
| main ()
| {
| char *p = (char *)open64;
|   ;
|   return 0;
| }
configure:9323: result:  _LARGEFILE64_SOURCE
configure:9329: checking for 64-bit integer type
configure:9353: gcc -c  -pipe  conftest.c >&5
conftest.c: In function 'main':
conftest.c:40:1: error: unknown type name '__int64'
   40 | __int64 value = (__int64) 0;
      | ^~~~~~~
conftest.c:40:18: error: '__int64' undeclared (first use in this function)
   40 | __int64 value = (__int64) 0;
      |                  ^~~~~~~
conftest.c:40:18: note: each undeclared identifier is reported only once for each function it appears in
conftest.c:40:27: error: expected ',' or ';' before numeric constant
   40 | __int64 value = (__int64) 0;
      |                           ^
configure:9359: $? = 1
configure: failed program was:
| /* confdefs.h.  */
| 
| #define PACKAGE_NAME "tcl"
| #define PACKAGE_TARNAME "tcl"
| #define PACKAGE_VERSION "8.6"
| #define PACKAGE_STRING "tcl 8.6"
| #define PACKAGE_BUGREPORT ""
| #define STDC_HEADERS 1
| #define HAVE_SYS_TYPES_H 1
| #define HAVE_SYS_STAT_H 1
| #define HAVE_STDLIB_H 1
| #define HAVE_STRING_H 1
| #define HAVE_MEMORY_H 1
| #define HAVE_STRINGS_H 1
| #define HAVE_INTTYPES_H 1
| #define HAVE_STDINT_H 1
| #define HAVE_UNISTD_H 1
| #define HAVE_SYS_PARAM_H 1
| #define USE_THREAD_ALLOC 1
| #define _REENTRANT 1
| #define _THREAD_SAFE 1
| #define HAVE_PTHREAD_ATTR_SETSTACKSIZE 1
| #define HAVE_PTHREAD_ATFORK 1
| #define TCL_THREADS 1
| #define TCL_CFGVAL_ENCODING "iso8859-1"
| #define STATIC_BUILD 1
| #define HAVE_ZLIB 1
| #define MODULE_SCOPE extern __attribute__((__visibility__("hidden")))
| #define HAVE_HIDDEN 1
| #define HAVE_CAST_TO_UNION 1
| #define TCL_SHLIB_EXT ".so"
| #define TCL_TOMMATH 1
| #define MP_PREC 4
| #define _LARGEFILE64_SOURCE 1
| /* end confdefs.h.  */
| 
| int
| main ()
| {
| __int64 value = (__int64) 0;
|   ;
|   return 0;
| }
configure:9403: gcc -c  -pipe  conftest.c >&5
conftest.c: In function 'main':
conftest.c:41:21: error: duplicate case value
   41 |             case 1: case (sizeof(long long)==sizeof(long)): ;
      |                     ^~~~
conftest.c:41:13: note: previously used here
   41 |             case 1: case (sizeof(long long)==sizeof(long)): ;
      |             ^~~~
configure:9409: $? = 1
configure: failed program was:
| /* confdefs.h.  */
| 
| #define PACKAGE_NAME "tcl"
| #define PACKAGE_TARNAME "tcl"
| #define PACKAGE_VERSION "8.6"
| #define PACKAGE_STRING "tcl 8.6"
| #define PACKAGE_BUGREPORT ""
| #define STDC_HEADERS 1
| #define HAVE_SYS_TYPES_H 1
| #define HAVE_SYS_STAT_H 1
| #define HAVE_STDLIB_H 1
| #define HAVE_STRING_H 1
| #define HAVE_MEMORY_H 1
| #define HAVE_STRINGS_H 1
| #define HAVE_INTTYPES_H 1
| #define HAVE_STDINT_H 1
| #define HAVE_UNISTD_H 1
| #define HAVE_SYS_PARAM_H 1
| #define USE_THREAD_ALLOC 1
| #define _REENTRANT 1
| #define _THREAD_SAFE 1
| #define HAVE_PTHREAD_ATTR_SETSTACKSIZE 1
| #define HAVE_PTHREAD_ATFORK 1
| #define TCL_THREADS 1
| #define TCL_CFGVAL_ENCODING "iso8859-1"
| #define STATIC_BUILD 1
| #define HAVE_ZLIB 1
| #define MODULE_SCOPE extern __attribute__((__visibility__("hidden")))
| #define HAVE_HIDDEN 1
| #define HAVE_CAST_TO_UNION 1
| #define TCL_SHLIB_EXT ".so"
| #define TCL_TOMMATH 1
| #define MP_PREC 4
| #define _LARGEFILE64_SOURCE 1
| /* end confdefs.h.  */
| 
| int
| main ()
| {
| switch (0) {
|             case 1: case (sizeof(long long)==sizeof(long)): ;
|         }
|   ;
|   return 0;
| }
configure:9439: result: using long
configure:9820: checking whether byte ordering is bigendian
configure:9847: gcc -c  -pipe  conftest.c >&5
configure:9853: $? = 0
configure:9857: test -z 
			 || test ! -s conftest.err
configure:9860: $? = 0
configure:9863: test -s conftest.o
configure:9866: $? = 0
configure:9890: gcc -c  -pipe  conftest.c >&5
conftest.c: In function 'main':
conftest.c:44:2: error: unknown type name 'not'; did you mean 'ino_t'?
   44 |  not big endian
      |  ^~~
      |  ino_t
conftest.c:44:10: error: expected '=', ',', ';', 'asm' or '__attribute__' before 'endian'
   44 |  not big endian
      |          ^~~~~~
configure:9896: $? = 1
configure: failed program was:
| /* confdefs.h.  */
| 
| #define PACKAGE_NAME "tcl"
| #define PACKAGE_TARNAME "tcl"
| #define PACKAGE_VERSION "8.6"
| #define PACKAGE_STRING "tcl 8.6"
| #define PACKAGE_BUGREPORT ""
| #define STDC_HEADERS 1
| #define HAVE_SYS_TYPES_H 1
| #define HAVE_SYS_STAT_H 1
| #define HAVE_STDLIB_H 1
| #define HAVE_STRING_H 1
| #define HAVE_MEMORY_H 1
| #define HAVE_STRINGS_H 1
| #define HAVE_INTTYPES_H 1
| #define HAVE_STDINT_H 1
| #define HAVE_UNISTD_H 1
| #define HAVE_SYS_PARAM_H 1
| #define USE_THREAD_ALLOC 1
| #define _REENTRANT 1
| #define _THREAD_SAFE 1
| #define HAVE_PTHREAD_ATTR_SETSTACKSIZE 1
| #define HAVE_PTHREAD_ATFORK 1
| #define TCL_THREADS 1
| #define TCL_CFGVAL_ENCODING "iso8859-1"
| #define STATIC_BUILD 1
| #define HAVE_ZLIB 1
| #define MODULE_SCOPE extern __attribute__((__visibility__("hidden")))
| #define HAVE_HIDDEN 1
| #define HAVE_CAST_TO_UNION 1
| #define TCL_SHLIB_EXT ".so"
| #define TCL_TOMMATH 1
| #define MP_PREC 4
| #define _LARGEFILE64_SOURCE 1
| #define TCL_WIDE_INT_IS_LONG 1
| /* end confdefs.h.  */
| #include <sys/types.h>
| #include <sys/param.h>
| 
| int
| main ()
| {
| #if BYTE_ORDER != BIG_ENDIAN
|  not big endian
| #endif
| 
|   ;
|   return 0;
| }
configure:10031: result: no
configure:10061: checking for getcwd
configure:10118: gcc -o conftest  -pipe   -Wl,--export-dynamic  conftest.c -lz  -lpthread >&5
configure:10124: $? = 0
configure:10128: test -z 
			 || test ! -s conftest.err
configure:10131: $? = 0
configure:10134: test -s conftest
configure:10137: $? = 0
configure:10149: result: yes
configure:10175: checking for mkstemp
configure:10232: gcc -o conftest  -pipe   -Wl,--export-dynamic  conftest.c -lz  -lpthread >&5
configure:10238: $? = 0
configure:10242: test -z 
			 || test ! -s conftest.err
configure:10245: $? = 0
configure:10248: test -s conftest
configure:10251: $? = 0
configure:10263: result: yes
configure:10175: checking for opendir
configure:10232: gcc -o conftest  -pipe   -Wl,--export-dynamic  conftest.c -lz  -lpthread >&5
configure:10238: $? = 0
configure:10242: test -z 
			 || test ! -s conftest.err
configure:10245: $? = 0
configure:10248: test -s conftest
configure:10251: $? = 0
configure:10263: result: yes
configure:10175: checking for strtol
configure:10232: gcc -o conftest  -pipe   -Wl,--export-dynamic  conftest.c -lz  -lpthread >&5
configure:10238: $? = 0
configure:10242: test -z 
			 || test ! -s conftest.err
configure:10245: $? = 0
configure:10248: test -s conftest
configure:10251: $? = 0
configure:10263: result: yes
configure:10175: checking for waitpid
configure:10232: gcc -o conftest  -pipe   -Wl,--export-dynamic  conftest.c -lz  -lpthread >&5
configure:10238: $? = 0
configure:10242: test -z 
			 || test ! -s conftest.err
configure:10245: $? = 0
configure:10248: test -s conftest
configure:10251: $? = 0
configure:10263: result: yes
configure:10283: checking for strerror
configure:10340: gcc -o conftest  -pipe   -Wl,--export-dynamic  conftest.c -lz  -lpthread >&5
configure:10346: $? = 0
configure:10350: test -z 
			 || test ! -s conftest.err
configure:10353: $? = 0
configure:10356: test -s conftest
configure:10359: $? = 0
configure:10371: result: yes
configure:10383: checking for getwd
configure:10440: gcc -o conftest  -pipe   -Wl,--export-dynamic  conftest.c -lz  -lpthread >&5
/usr/bin/ld: /tmp/cc0PqyuN.o: in function `main':
conftest.c:(.text+0x12): warning: the `getwd' function is dangerous and should not be used.
configure:10446: $? = 0
configure:10450: test -z 
			 || test ! -s conftest.err
configure:10453: $? = 0
configure:10456: test -s conftest
configure:10459: $? = 0
configure:10471: result: yes
configure:10483: checking for wait3
configure:10540: gcc -o conftest  -pipe   -Wl,--export-dynamic  conftest.c -lz  -lpthread >&5
configure:10546: $? = 0
configure:10550: test -z 
			 || test ! -s conftest.err
configure:10553: $? = 0
configure:10556: test -s conftest
configure:10559: $? = 0
configure:10571: result: yes
configure:10583: checking for uname
configure:10640: gcc -o conftest  -pipe   -Wl,--export-dynamic  conftest.c -lz  -lpthread >&5
configure:10646: $? = 0
configure:10650: test -z 
			 || test ! -s conftest.err
configure:10653: $? = 0
configure:10656: test -s conftest
configure:10659: $? = 0
configure:10671: result: yes
configure:10690: checking for realpath
configure:10747: gcc -o conftest  -pipe   -Wl,--export-dynamic  conftest.c -lz  -lpthread >&5
configure:10753: $? = 0
configure:10757: test -z 
			 || test ! -s conftest.err
configure:10760: $? = 0
configure:10763: test -s conftest
configure:10766: $? = 0
configure:10778: result: yes
configure:10800: checking for getnameinfo
configure:10857: gcc -o conftest  -pipe   -Wl,--export-dynamic  conftest.c -lz  -lpthread >&5
configure:10863: $? = 0
configure:10867: test -z 
			 || test ! -s conftest.err
configure:10870: $? = 0
configure:10873: test -s conftest
configure:10876: $? = 0
configure:10888: result: yes
configure:10800: checking for getaddrinfo
configure:10857: gcc -o conftest  -pipe   -Wl,--export-dynamic  conftest.c -lz  -lpthread >&5
configure:10863: $? = 0
configure:10867: test -z 
			 || test ! -s conftest.err
configure:10870: $? = 0
configure:10873: test -s conftest
configure:10876: $? = 0
configure:10888: result: yes
configure:10800: checking for freeaddrinfo
configure:10857: gcc -o conftest  -pipe   -Wl,--export-dynamic  conftest.c -lz  -lpthread >&5
configure:10863: $? = 0
configure:10867: test -z 
			 || test ! -s conftest.err
configure:10870: $? = 0
configure:10873: test -s conftest
configure:10876: $? = 0
configure:10888: result: yes
configure:10800: checking for gai_strerror
configure:10857: gcc -o conftest  -pipe   -Wl,--export-dynamic  conftest.c -lz  -lpthread >&5
configure:10863: $? = 0
configure:10867: test -z 
			 || test ! -s conftest.err
configure:10870: $? = 0
configure:10873: test -s conftest
configure:10876: $? = 0
configure:10888: result: yes
configure:10900: checking for struct addrinfo
configure:10930: gcc -c  -pipe  conftest.c >&5
configure:10936: $? = 0
configure:10940: test -z 
			 || test ! -s conftest.err
configure:10943: $? = 0
configure:10946: test -s conftest.o
configure:10949: $? = 0
configure:10960: result: yes
configure:10972: checking for struct in6_addr
configure:11002: gcc -c  -pipe  conftest.c >&5
configure:11008: $? = 0
configure:11012: test -z 
			 || test ! -s conftest.err
configure:11015: $? = 0
configure:11018: test -s conftest.o
configure:11021: $? = 0
configure:11032: result: yes
configure:11044: checking for struct sockaddr_in6
configure:11074: gcc -c  -pipe  conftest.c >&5
configure:11080: $? = 0
configure:11084: test -z 
			 || test ! -s conftest.err
configure:11087: $? = 0
configure:11090: test -s conftest.o
configure:11093: $? = 0
configure:11104: result: yes
configure:11116: checking for struct sockaddr_storage
configure:11146: gcc -c  -pipe  conftest.c >&5
configure:11152: $? = 0
configure:11156: test -z 
			 || test ! -s conftest.err
configure:11159: $? = 0
configure:11162: test -s conftest.o
configure:11165: $? = 0
configure:11176: result: yes
configure:11302: checking for getpwuid_r
configure:11359: gcc -o conftest  -pipe   -Wl,--export-dynamic  conftest.c -lz  -lpthread >&5
configure:11365: $? = 0
configure:11369: test -z 
			 || test ! -s conftest.err
configure:11372: $? = 0
configure:11375: test -s conftest
configure:11378: $? = 0
configure:11390: result: yes
configure:11394: checking for getpwuid_r with 5 args
configure:11426: gcc -c  -pipe  conftest.c >&5
configure:11432: $? = 0
configure:11436: test -z 
			 || test ! -s conftest.err
configure:11439: $? = 0
configure:11442: test -s conftest.o
configure:11445: $? = 0
configure:11456: result: yes
configure:11549: checking for getpwnam_r
configure:11606: gcc -o conftest  -pipe   -Wl,--export-dynamic  conftest.c -lz  -lpthread >&5
configure:11612: $? = 0
configure:11616: test -z 
			 || test ! -s conftest.err
configure:11619: $? = 0
configure:11622: test -s conftest
configure:11625: $? = 0
configure:11637: result: yes
configure:11641: checking for getpwnam_r with 5 args
configure:11673: gcc -c  -pipe  conftest.c >&5
configure:11679: $? = 0
configure:11683: test -z 
			 || test ! -s conftest.err
configure:11686: $? = 0
configure:11689: test -s conftest.o
configure:11692: $? = 0
configure:11703: result: yes
configure:11796: checking for getgrgid_r
configure:11853: gcc -o conftest  -pipe   -Wl,--export-dynamic  conftest.c -lz  -lpthread >&5
configure:11859: $? = 0
configure:11863: test -z 
			 || test ! -s conftest.err
configure:11866: $? = 0
configure:11869: test -s conftest
configure:11872: $? = 0
configure:11884: result: yes
configure:11888: checking for getgrgid_r with 5 args
configure:11920: gcc -c  -pipe  conftest.c >&5
configure:11926: $? = 0
configure:11930: test -z 
			 || test ! -s conftest.err
configure:11933: $? = 0
configure:11936: test -s conftest.o
configure:11939: $? = 0
configure:11950: result: yes
configure:12043: checking for getgrnam_r
configure:12100: gcc -o conftest  -pipe   -Wl,--export-dynamic  conftest.c -lz  -lpthread >&5
configure:12106: $? = 0
configure:12110: test -z 
			 || test ! -s conftest.err
configure:12113: $? = 0
configure:12116: test -s conftest
configure:12119: $? = 0
configure:12131: result: yes
configure:12135: checking for getgrnam_r with 5 args
configure:12167: gcc -c  -pipe  conftest.c >&5
configure:12173: $? = 0
configure:12177: test -z 
			 || test ! -s conftest.err
configure:12180: $? = 0
configure:12183: test -s conftest.o
configure:12186: $? = 0
configure:12197: result: yes
configure:12325: checking whether gethostbyname_r is declared
configure:12350: gcc -c  -pipe  conftest.c >&5
configure:12356: $? = 0
configure:12360: test -z 
			 || test ! -s conftest.err
configure:12363: $? = 0
configure:12366: test -s conftest.o
configure:12369: $? = 0
configure:12380: result: yes
configure:12402: checking for gethostbyname_r
configure:12459: gcc -o conftest  -pipe   -Wl,--export-dynamic  conftest.c -lz  -lpthread >&5
configure:12465: $? = 0
configure:12469: test -z 
			 || test ! -s conftest.err
configure:12472: $? = 0
configure:12475: test -s conftest
configure:12478: $? = 0
configure:12490: result: yes
configure:12494: checking for gethostbyname_r with 6 args
configure:12526: gcc -c  -pipe  conftest.c >&5
configure:12532: $? = 0
configure:12536: test -z 
			 || test ! -s conftest.err
configure:12539: $? = 0
configure:12542: test -s conftest.o
configure:12545: $? = 0
configure:12556: result: yes
configure:12724: checking whether gethostbyaddr_r is declared
configure:12749: gcc -c  -pipe  conftest.c >&5
configure:12755: $? = 0
configure:12759: test -z 
			 || test ! -s conftest.err
configure:12762: $? = 0
configure:12765: test -s conftest.o
configure:12768: $? = 0
configure:12779: result: yes
configure:12801: checking for gethostbyaddr_r
configure:12858: gcc -o conftest  -pipe   -Wl,--export-dynamic  conftest.c -lz  -lpthread >&5
configure:12864: $? = 0
configure:12868: test -z 
			 || test ! -s conftest.err
configure:12871: $? = 0
configure:12874: test -s conftest
configure:12877: $? = 0
configure:12889: result: yes
configure:12893: checking for gethostbyaddr_r with 7 args
configure:12928: gcc -c  -pipe  conftest.c >&5
conftest.c: In function 'main':
conftest.c:78:11: warning: passing argument 7 of 'gethostbyaddr_r' from incompatible pointer type [-Wincompatible-pointer-types]
   78 |           &h_errnop);
      |           ^~~~~~~~~
      |           |
      |           int *
In file included from conftest.c:63:
/usr/include/netdb.h:174:36: note: expected 'struct hostent ** restrict' but argument is of type 'int *'
  174 |        struct hostent **__restrict __result,
      |        ~~~~~~~~~~~~~~~~~~~~~~~~~~~~^~~~~~~~
conftest.c:77:9: error: too few arguments to function 'gethostbyaddr_r'
   77 |  (void) gethostbyaddr_r(addr, length, type, result, buffer, buflen,
      |         ^~~~~~~~~~~~~~~
In file included from conftest.c:63:
/usr/include/netdb.h:170:12: note: declared here
  170 | extern int gethostbyaddr_r (const void *__restrict __addr, __socklen_t __len,
      |            ^~~~~~~~~~~~~~~
configure:12934: $? = 1
configure: failed program was:
| /* confdefs.h.  */
| 
| #define PACKAGE_NAME "tcl"
| #define PACKAGE_TARNAME "tcl"
| #define PACKAGE_VERSION "8.6"
| #define PACKAGE_STRING "tcl 8.6"
| #define PACKAGE_BUGREPORT ""
| #define STDC_HEADERS 1
| #define HAVE_SYS_TYPES_H 1
| #define HAVE_SYS_STAT_H 1
| #define HAVE_STDLIB_H 1
| #define HAVE_STRING_H 1
| #define HAVE_MEMORY_H 1
| #define HAVE_STRINGS_H 1
| #define HAVE_INTTYPES_H 1
| #define HAVE_STDINT_H 1
| #define HAVE_UNISTD_H 1
| #define HAVE_SYS_PARAM_H 1
| #define USE_THREAD_ALLOC 1
| #define _REENTRANT 1
| #define _THREAD_SAFE 1
| #define HAVE_PTHREAD_ATTR_SETSTACKSIZE 1
| #define HAVE_PTHREAD_ATFORK 1
| #define TCL_THREADS 1
| #define TCL_CFGVAL_ENCODING "iso8859-1"
| #define STATIC_BUILD 1
| #define HAVE_ZLIB 1
| #define MODULE_SCOPE extern __attribute__((__visibility__("hidden")))
| #define HAVE_HIDDEN 1
| #define HAVE_CAST_TO_UNION 1
| #define TCL_SHLIB_EXT ".so"
| #define TCL_TOMMATH 1
| #define MP_PREC 4
| #define _LARGEFILE64_SOURCE 1
| #define TCL_WIDE_INT_IS_LONG 1
| #define HAVE_GETCWD 1
| #define HAVE_MKSTEMP 1
| #define HAVE_OPENDIR 1
| #define HAVE_STRTOL 1
| #define HAVE_WAITPID 1
| #define HAVE_GETNAMEINFO 1
| #define HAVE_GETADDRINFO 1
| #define HAVE_FREEADDRINFO 1
| #define HAVE_GAI_STRERROR 1
| #define HAVE_STRUCT_ADDRINFO 1
| #define HAVE_STRUCT_IN6_ADDR 1
| #define HAVE_STRUCT_SOCKADDR_IN6 1
| #define HAVE_STRUCT_SOCKADDR_STORAGE 1
| #define HAVE_GETPWUID_R_5 1
| #define HAVE_GETPWUID_R 1
| #define HAVE_GETPWNAM_R_5 1
| #define HAVE_GETPWNAM_R 1
| #define HAVE_GETGRGID_R_5 1
| #define HAVE_GETGRGID_R 1
| #define HAVE_GETGRNAM_R_5 1
| #define HAVE_GETGRNAM_R 1
| #define HAVE_DECL_GETHOSTBYNAME_R 1
| #define HAVE_GETHOSTBYNAME_R_6 1
| #define HAVE_GETHOSTBYNAME_R 1
| #define HAVE_DECL_GETHOSTBYADDR_R 1
| /* end confdefs.h.  */
| 
| 	#include <netdb.h>
| 
| int
| main ()
| {
| 
| 	char *addr;
| 	int length;
| 	int type;
| 	struct hostent *result;
| 	char buffer[2048];
| 	int buflen = 2048;
| 	int h_errnop;
| 
| 	(void) gethostbyaddr_r(addr, length, type, result, buffer, buflen,
| 			       &h_errnop);
| 
|   ;
|   return 0;
| }
configure:12958: result: no
configure:12968: checking for gethostbyaddr_r with 8 args
configure:13003: gcc -c  -pipe  conftest.c >&5
configure:13009: $? = 0
configure:13013: test -z 
			 || test ! -s conftest.err
configure:13016: $? = 0
configure:13019: test -s conftest.o
configure:13022: $? = 0
configure:13033: result: yes
configure:13082: checking termios.h usability
configure:13094: gcc -c  -pipe  conftest.c >&5
configure:13100: $? = 0
configure:13104: test -z 
			 || test ! -s conftest.err
configure:13107: $? = 0
configure:13110: test -s conftest.o
configure:13113: $? = 0
configure:13123: result: yes
configure:13127: checking termios.h presence
configure:13137: gcc -E  conftest.c
configure:13143: $? = 0
configure:13163: result: yes
configure:13198: checking for termios.h
configure:13205: result: yes
configure:13232: checking sys/ioctl.h usability
configure:13244: gcc -c  -pipe  conftest.c >&5
configure:13250: $? = 0
configure:13254: test -z 
			 || test ! -s conftest.err
configure:13257: $? = 0
configure:13260: test -s conftest.o
configure:13263: $? = 0
configure:13273: result: yes
configure:13277: checking sys/ioctl.h presence
configure:13287: gcc -E  conftest.c
configure:13293: $? = 0
configure:13313: result: yes
configure:13348: checking for sys/ioctl.h
configure:13355: result: yes
configure:13382: checking sys/modem.h usability
configure:13394: gcc -c  -pipe  conftest.c >&5
conftest.c:100:10: fatal error: sys/modem.h: No such file or directory
  100 | #include <sys/modem.h>
      |          ^~~~~~~~~~~~~
compilation terminated.
configure:13400: $? = 1
configure: failed program was:
| /* confdefs.h.  */
| 
| #define PACKAGE_NAME "tcl"
| #define PACKAGE_TARNAME "tcl"
| #define PACKAGE_VERSION "8.6"
| #define PACKAGE_STRING "tcl 8.6"
| #define PACKAGE_BUGREPORT ""
| #define STDC_HEADERS 1
| #define HAVE_SYS_TYPES_H 1
| #define HAVE_SYS_STAT_H 1
| #define HAVE_STDLIB_H 1
| #define HAVE_STRING_H 1
| #define HAVE_MEMORY_H 1
| #define HAVE_STRINGS_H 1
| #define HAVE_INTTYPES_H 1
| #define HAVE_STDINT_H 1
| #define HAVE_UNISTD_H 1
| #define HAVE_SYS_PARAM_H 1
| #define USE_THREAD_ALLOC 1
| #define _REENTRANT 1
| #define _THREAD_SAFE 1
| #define HAVE_PTHREAD_ATTR_SETSTACKSIZE 1
| #define HAVE_PTHREAD_ATFORK 1
| #define TCL_THREADS 1
| #define TCL_CFGVAL_ENCODING "iso8859-1"
| #define STATIC_BUILD 1
| #define HAVE_ZLIB 1
| #define MODULE_SCOPE extern __attribute__((__visibility__("hidden")))
| #define HAVE_HIDDEN 1
| #define HAVE_CAST_TO_UNION 1
| #define TCL_SHLIB_EXT ".so"
| #define TCL_TOMMATH 1
| #define MP_PREC 4
| #define _LARGEFILE64_SOURCE 1
| #define TCL_WIDE_INT_IS_LONG 1
| #define HAVE_GETCWD 1
| #define HAVE_MKSTEMP 1
| #define HAVE_OPENDIR 1
| #define HAVE_STRTOL 1
| #define HAVE_WAITPID 1
| #define HAVE_GETNAMEINFO 1
| #define HAVE_GETADDRINFO 1
| #define HAVE_FREEADDRINFO 1
| #define HAVE_GAI_STRERROR 1
| #define HAVE_STRUCT_ADDRINFO 1
| #define HAVE_STRUCT_IN6_ADDR 1
| #define HAVE_STRUCT_SOCKADDR_IN6 1
| #define HAVE_STRUCT_SOCKADDR_STORAGE 1
| #define HAVE_GETPWUID_R_5 1
| #define HAVE_GETPWUID_R 1
| #define HAVE_GETPWNAM_R_5 1
| #define HAVE_GETPWNAM_R 1
| #define HAVE_GETGRGID_R_5 1
| #define HAVE_GETGRGID_R 1
| #define HAVE_GETGRNAM_R_5 1
| #define HAVE_GETGRNAM_R 1
| #define HAVE_DECL_GETHOSTBYNAME_R 1
| #define HAVE_GETHOSTBYNAME_R_6 1
| #define HAVE_GETHOSTBYNAME_R 1
| #define HAVE_DECL_GETHOSTBYADDR_R 1
| #define HAVE_GETHOSTBYADDR_R_8 1
| #define HAVE_GETHOSTBYADDR_R 1
| #define HAVE_TERMIOS_H 1
| #define HAVE_SYS_IOCTL_H 1
| /* end confdefs.h.  */
| #include <stdio.h>
| #if HAVE_SYS_TYPES_H
| # include <sys/types.h>
| #endif
| #if HAVE_SYS_STAT_H
| # include <sys/stat.h>
| #endif
| #if STDC_HEADERS
| # include <stdlib.h>
| # include <stddef.h>
| #else
| # if HAVE_STDLIB_H
| #  include <stdlib.h>
| # endif
| #endif
| #if HAVE_STRING_H
| # if !STDC_HEADERS && HAVE_MEMORY_H
| #  include <memory.h>
| # endif
| # include <string.h>
| #endif
| #if HAVE_STRINGS_H
| # include <strings.h>
| #endif
| #if HAVE_INTTYPES_H
| # include <inttypes.h>
| #else
| # if HAVE_STDINT_H
| #  include <stdint.h>
| # endif
| #endif
| #if HAVE_UNISTD_H
| # include <unistd.h>
| #endif
| #include <sys/modem.h>
configure:13423: result: no
configure:13427: checking sys/modem.h presence
configure:13437: gcc -E  conftest.c
conftest.c:66:10: fatal error: sys/modem.h: No such file or directory
   66 | #include <sys/modem.h>
      |          ^~~~~~~~~~~~~
compilation terminated.
configure:13443: $? = 1
configure: failed program was:
| /* confdefs.h.  */
| 
| #define PACKAGE_NAME "tcl"
| #define PACKAGE_TARNAME "tcl"
| #define PACKAGE_VERSION "8.6"
| #define PACKAGE_STRING "tcl 8.6"
| #define PACKAGE_BUGREPORT ""
| #define STDC_HEADERS 1
| #define HAVE_SYS_TYPES_H 1
| #define HAVE_SYS_STAT_H 1
| #define HAVE_STDLIB_H 1
| #define HAVE_STRING_H 1
| #define HAVE_MEMORY_H 1
| #define HAVE_STRINGS_H 1
| #define HAVE_INTTYPES_H 1
| #define HAVE_STDINT_H 1
| #define HAVE_UNISTD_H 1
| #define HAVE_SYS_PARAM_H 1
| #define USE_THREAD_ALLOC 1
| #define _REENTRANT 1
| #define _THREAD_SAFE 1
| #define HAVE_PTHREAD_ATTR_SETSTACKSIZE 1
| #define HAVE_PTHREAD_ATFORK 1
| #define TCL_THREADS 1
| #define TCL_CFGVAL_ENCODING "iso8859-1"
| #define STATIC_BUILD 1
| #define HAVE_ZLIB 1
| #define MODULE_SCOPE extern __attribute__((__visibility__("hidden")))
| #define HAVE_HIDDEN 1
| #define HAVE_CAST_TO_UNION 1
| #define TCL_SHLIB_EXT ".so"
| #define TCL_TOMMATH 1
| #define MP_PREC 4
| #define _LARGEFILE64_SOURCE 1
| #define TCL_WIDE_INT_IS_LONG 1
| #define HAVE_GETCWD 1
| #define HAVE_MKSTEMP 1
| #define HAVE_OPENDIR 1
| #define HAVE_STRTOL 1
| #define HAVE_WAITPID 1
| #define HAVE_GETNAMEINFO 1
| #define HAVE_GETADDRINFO 1
| #define HAVE_FREEADDRINFO 1
| #define HAVE_GAI_STRERROR 1
| #define HAVE_STRUCT_ADDRINFO 1
| #define HAVE_STRUCT_IN6_ADDR 1
| #define HAVE_STRUCT_SOCKADDR_IN6 1
| #define HAVE_STRUCT_SOCKADDR_STORAGE 1
| #define HAVE_GETPWUID_R_5 1
| #define HAVE_GETPWUID_R 1
| #define HAVE_GETPWNAM_R_5 1
| #define HAVE_GETPWNAM_R 1
| #define HAVE_GETGRGID_R_5 1
| #define HAVE_GETGRGID_R 1
| #define HAVE_GETGRNAM_R_5 1
| #define HAVE_GETGRNAM_R 1
| #define HAVE_DECL_GETHOSTBYNAME_R 1
| #define HAVE_GETHOSTBYNAME_R_6 1
| #define HAVE_GETHOSTBYNAME_R 1
| #define HAVE_DECL_GETHOSTBYADDR_R 1
| #define HAVE_GETHOSTBYADDR_R_8 1
| #define HAVE_GETHOSTBYADDR_R 1
| #define HAVE_TERMIOS_H 1
| #define HAVE_SYS_IOCTL_H 1
| /* end confdefs.h.  */
| #include <sys/modem.h>
configure:13463: result: no
configure:13498: checking for sys/modem.h
configure:13505: result: no
configure:13529: checking for fd_set in sys/types
configure:13551: gcc -c  -pipe  conftest.c >&5
configure:13557: $? = 0
configure:13561: test -z 
			 || test ! -s conftest.err
configure:13564: $? = 0
configure:13567: test -s conftest.o
configure:13570: $? = 0
configure:13581: result: yes
configure:13647: checking sys/time.h usability
configure:13659: gcc -c  -pipe  conftest.c >&5
configure:13665: $? = 0
configure:13669: test -z 
			 || test ! -s conftest.err
configure:13672: $? = 0
configure:13675: test -s conftest.o
configure:13678: $? = 0
configure:13688: result: yes
configure:13692: checking sys/time.h presence
configure:13702: gcc -E  conftest.c
configure:13708: $? = 0
configure:13728: result: yes
configure:13763: checking for sys/time.h
configure:13770: result: yes
configure:13783: checking whether time.h and sys/time.h may both be included
configure:13808: gcc -c  -pipe  conftest.c >&5
configure:13814: $? = 0
configure:13818: test -z 
			 || test ! -s conftest.err
configure:13821: $? = 0
configure:13824: test -s conftest.o
configure:13827: $? = 0
configure:13838: result: yes
configure:13855: checking for gmtime_r
configure:13912: gcc -o conftest  -pipe   -Wl,--export-dynamic  conftest.c -lz  -lpthread >&5
configure:13918: $? = 0
configure:13922: test -z 
			 || test ! -s conftest.err
configure:13925: $? = 0
configure:13928: test -s conftest
configure:13931: $? = 0
configure:13943: result: yes
configure:13855: checking for localtime_r
configure:13912: gcc -o conftest  -pipe   -Wl,--export-dynamic  conftest.c -lz  -lpthread >&5
configure:13918: $? = 0
configure:13922: test -z 
			 || test ! -s conftest.err
configure:13925: $? = 0
configure:13928: test -s conftest
configure:13931: $? = 0
configure:13943: result: yes
configure:13855: checking for mktime
configure:13912: gcc -o conftest  -pipe   -Wl,--export-dynamic  conftest.c -lz  -lpthread >&5
configure:13918: $? = 0
configure:13922: test -z 
			 || test ! -s conftest.err
configure:13925: $? = 0
configure:13928: test -s conftest
configure:13931: $? = 0
configure:13943: result: yes
configure:13954: checking tm_tzadj in struct tm
configure:13976: gcc -c  -pipe  conftest.c >&5
conftest.c: In function 'main':
conftest.c:75:17: error: 'struct tm' has no member named 'tm_tzadj'
   75 | struct tm tm; tm.tm_tzadj;
      |                 ^
configure:13982: $? = 1
configure: failed program was:
| /* confdefs.h.  */
| 
| #define PACKAGE_NAME "tcl"
| #define PACKAGE_TARNAME "tcl"
| #define PACKAGE_VERSION "8.6"
| #define PACKAGE_STRING "tcl 8.6"
| #define PACKAGE_BUGREPORT ""
| #define STDC_HEADERS 1
| #define HAVE_SYS_TYPES_H 1
| #define HAVE_SYS_STAT_H 1
| #define HAVE_STDLIB_H 1
| #define HAVE_STRING_H 1
| #define HAVE_MEMORY_H 1
| #define HAVE_STRINGS_H 1
| #define HAVE_INTTYPES_H 1
| #define HAVE_STDINT_H 1
| #define HAVE_UNISTD_H 1
| #define HAVE_SYS_PARAM_H 1
| #define USE_THREAD_ALLOC 1
| #define _REENTRANT 1
| #define _THREAD_SAFE 1
| #define HAVE_PTHREAD_ATTR_SETSTACKSIZE 1
| #define HAVE_PTHREAD_ATFORK 1
| #define TCL_THREADS 1
| #define TCL_CFGVAL_ENCODING "iso8859-1"
| #define STATIC_BUILD 1
| #define HAVE_ZLIB 1
| #define MODULE_SCOPE extern __attribute__((__visibility__("hidden")))
| #define HAVE_HIDDEN 1
| #define HAVE_CAST_TO_UNION 1
| #define TCL_SHLIB_EXT ".so"
| #define TCL_TOMMATH 1
| #define MP_PREC 4
| #define _LARGEFILE64_SOURCE 1
| #define TCL_WIDE_INT_IS_LONG 1
| #define HAVE_GETCWD 1
| #define HAVE_MKSTEMP 1
| #define HAVE_OPENDIR 1
| #define HAVE_STRTOL 1
| #define HAVE_WAITPID 1
| #define HAVE_GETNAMEINFO 1
| #define HAVE_GETADDRINFO 1
| #define HAVE_FREEADDRINFO 1
| #define HAVE_GAI_STRERROR 1
| #define HAVE_STRUCT_ADDRINFO 1
| #define HAVE_STRUCT_IN6_ADDR 1
| #define HAVE_STRUCT_SOCKADDR_IN6 1
| #define HAVE_STRUCT_SOCKADDR_STORAGE 1
| #define HAVE_GETPWUID_R_5 1
| #define HAVE_GETPWUID_R 1
| #define HAVE_GETPWNAM_R_5 1
| #define HAVE_GETPWNAM_R 1
| #define HAVE_GETGRGID_R_5 1
| #define HAVE_GETGRGID_R 1
| #define HAVE_GETGRNAM_R_5 1
| #define HAVE_GETGRNAM_R 1
| #define HAVE_DECL_GETHOSTBYNAME_R 1
| #define HAVE_GETHOSTBYNAME_R_6 1
| #define HAVE_GETHOSTBYNAME_R 1
| #define HAVE_DECL_GETHOSTBYADDR_R 1
| #define HAVE_GETHOSTBYADDR_R_8 1
| #define HAVE_GETHOSTBYADDR_R 1
| #define HAVE_TERMIOS_H 1
| #define HAVE_SYS_IOCTL_H 1
| #define HAVE_SYS_TIME_H 1
| #define TIME_WITH_SYS_TIME 1
| #define HAVE_GMTIME_R 1
| #define HAVE_LOCALTIME_R 1
| #define HAVE_MKTIME 1
| /* end confdefs.h.  */
| #include <time.h>
| int
| main ()
| {
| struct tm tm; tm.tm_tzadj;
|   ;
|   return 0;
| }
configure:14006: result: no
configure:14016: checking tm_gmtoff in struct tm
configure:14038: gcc -c  -pipe  conftest.c >&5
configure:14044: $? = 0
configure:14048: test -z 
			 || test ! -s conftest.err
configure:14051: $? = 0
configure:14054: test -s conftest.o
configure:14057: $? = 0
configure:14068: result: yes
configure:14082: checking long timezone variable
configure:14106: gcc -c  -pipe  conftest.c >&5
conftest.c: In function 'main':
conftest.c:78:6: warning: implicit declaration of function 'exit' [-Wimplicit-function-declaration]
   78 |      exit (0);
      |      ^~~~
conftest.c:78:6: warning: incompatible implicit declaration of built-in function 'exit'
conftest.c:73:1: note: include '<stdlib.h>' or provide a declaration of 'exit'
   72 | #include <time.h>
   73 | int
configure:14112: $? = 0
configure:14116: test -z 
			 || test ! -s conftest.err
configure:14119: $? = 0
configure:14122: test -s conftest.o
configure:14125: $? = 0
configure:14136: result: yes
configure:14221: checking for struct stat.st_blocks
configure:14244: gcc -c  -pipe  conftest.c >&5
configure:14250: $? = 0
configure:14254: test -z 
			 || test ! -s conftest.err
configure:14257: $? = 0
configure:14260: test -s conftest.o
configure:14263: $? = 0
configure:14320: result: yes
configure:14330: checking for struct stat.st_blksize
configure:14353: gcc -c  -pipe  conftest.c >&5
configure:14359: $? = 0
configure:14363: test -z 
			 || test ! -s conftest.err
configure:14366: $? = 0
configure:14369: test -s conftest.o
configure:14372: $? = 0
configure:14429: result: yes
configure:14441: checking for blkcnt_t
configure:14465: gcc -c  -pipe  conftest.c >&5
configure:14471: $? = 0
configure:14475: test -z 
			 || test ! -s conftest.err
configure:14478: $? = 0
configure:14481: test -s conftest.o
configure:14484: $? = 0
configure:14495: result: yes
configure:14506: checking for fstatfs
configure:14563: gcc -o conftest  -pipe   -Wl,--export-dynamic  conftest.c -lz  -lpthread >&5
configure:14569: $? = 0
configure:14573: test -z 
			 || test ! -s conftest.err
configure:14576: $? = 0
configure:14579: test -s conftest
configure:14582: $? = 0
configure:14594: result: yes
configure:14612: checking for working memcmp
configure:14660: gcc -o conftest  -pipe   -Wl,--export-dynamic  conftest.c -lz  -lpthread >&5
configure:14663: $? = 0
configure:14665: ./conftest
configure:14668: $? = 0
configure:14682: result: yes
configure:14700: checking for memmove
configure:14757: gcc -o conftest  -pipe   -Wl,--export-dynamic  conftest.c -lz  -lpthread >&5
conftest.c:100:6: warning: conflicting types for built-in function 'memmove'; expected 'void *(void *, const void *, long unsigned int)' [-Wbuiltin-declaration-mismatch]
  100 | char memmove ();
      |      ^~~~~~~
conftest.c:87:1: note: 'memmove' is declared in header '<string.h>'
   86 | # include <limits.h>
   87 | #else
configure:14763: $? = 0
configure:14767: test -z 
			 || test ! -s conftest.err
configure:14770: $? = 0
configure:14773: test -s conftest
configure:14776: $? = 0
configure:14788: result: yes
configure:14813: checking for strstr
configure:14870: gcc -o conftest  -pipe   -Wl,--export-dynamic  conftest.c -lz  -lpthread >&5
conftest.c:100:6: warning: conflicting types for built-in function 'strstr'; expected 'char *(const char *, const char *)' [-Wbuiltin-declaration-mismatch]
  100 | char strstr ();
      |      ^~~~~~
conftest.c:87:1: note: 'strstr' is declared in header '<string.h>'
   86 | # include <limits.h>
   87 | #else
configure:14876: $? = 0
configure:14880: test -z 
			 || test ! -s conftest.err
configure:14883: $? = 0
configure:14886: test -s conftest
configure:14889: $? = 0
configure:14901: result: yes
configure:14910: checking proper strstr implementation
configure:14930: gcc -o conftest  -pipe   -Wl,--export-dynamic  conftest.c -lz  -lpthread >&5
conftest.c: In function 'main':
conftest.c:77:16: warning: conflicting types for built-in function 'strstr'; expected 'char *(const char *, const char *)' [-Wbuiltin-declaration-mismatch]
   77 |     extern int strstr();
      |                ^~~~~~
conftest.c:1:1: note: 'strstr' is declared in header '<string.h>'
  +++ |+#include <string.h>
    1 | /* confdefs.h.  */
conftest.c:78:5: warning: implicit declaration of function 'exit' [-Wimplicit-function-declaration]
   78 |     exit(strstr("\0test", "test") ? 1 : 0);
      |     ^~~~
conftest.c:78:5: warning: incompatible implicit declaration of built-in function 'exit'
conftest.c:1:1: note: include '<stdlib.h>' or provide a declaration of 'exit'
  +++ |+#include <stdlib.h>
    1 | /* confdefs.h.  */
configure:14933: $? = 0
configure:14935: ./conftest
configure:14938: $? = 0
configure:14952: result: ok
configure:14980: checking for strtoul
configure:15037: gcc -o conftest  -pipe   -Wl,--export-dynamic  conftest.c -lz  -lpthread >&5
configure:15043: $? = 0
configure:15047: test -z 
			 || test ! -s conftest.err
configure:15050: $? = 0
configure:15053: test -s conftest
configure:15056: $? = 0
configure:15068: result: yes
configure:15077: checking proper strtoul implementation
configure:15098: gcc -o conftest  -pipe   -Wl,--export-dynamic  conftest.c -lz  -lpthread >&5
conftest.c: In function 'main':
conftest.c:79:5: warning: implicit declaration of function 'exit' [-Wimplicit-function-declaration]
   79 |     exit(strtoul(string,&term,0) != 0 || term != string+1);
      |     ^~~~
conftest.c:79:5: warning: incompatible implicit declaration of built-in function 'exit'
conftest.c:1:1: note: include '<stdlib.h>' or provide a declaration of 'exit'
  +++ |+#include <stdlib.h>
    1 | /* confdefs.h.  */
configure:15101: $? = 0
configure:15103: ./conftest
configure:15106: $? = 0
configure:15120: result: ok
configure:15146: checking for mode_t
configure:15170: gcc -c  -pipe  conftest.c >&5
configure:15176: $? = 0
configure:15180: test -z 
			 || test ! -s conftest.err
configure:15183: $? = 0
configure:15186: test -s conftest.o
configure:15189: $? = 0
configure:15200: result: yes
configure:15212: checking for pid_t
configure:15236: gcc -c  -pipe  conftest.c >&5
configure:15242: $? = 0
configure:15246: test -z 
			 || test ! -s conftest.err
configure:15249: $? = 0
configure:15252: test -s conftest.o
configure:15255: $? = 0
configure:15266: result: yes
configure:15278: checking for size_t
configure:15302: gcc -c  -pipe  conftest.c >&5
configure:15308: $? = 0
configure:15312: test -z 
			 || test ! -s conftest.err
configure:15315: $? = 0
configure:15318: test -s conftest.o
configure:15321: $? = 0
configure:15332: result: yes
configure:15344: checking for uid_t in sys/types.h
configure:15367: result: yes
configure:15383: checking for socklen_t
configure:15410: gcc -c  -pipe  conftest.c >&5
configure:15416: $? = 0
configure:15420: test -z 
			 || test ! -s conftest.err
configure:15423: $? = 0
configure:15426: test -s conftest.o
configure:15429: $? = 0
configure:15440: result: yes
configure:15450: checking for intptr_t
configure:15474: gcc -c  -pipe  conftest.c >&5
configure:15480: $? = 0
configure:15484: test -z 
			 || test ! -s conftest.err
configure:15487: $? = 0
configure:15490: test -s conftest.o
configure:15493: $? = 0
configure:15504: result: yes
configure:15585: checking for uintptr_t
configure:15609: gcc -c  -pipe  conftest.c >&5
configure:15615: $? = 0
configure:15619: test -z 
			 || test ! -s conftest.err
configure:15622: $? = 0
configure:15625: test -s conftest.o
configure:15628: $? = 0
configure:15639: result: yes
configure:15729: checking for opendir
configure:15817: result: yes
configure:15838: checking union wait
configure:15865: gcc -o conftest  -pipe   -Wl,--export-dynamic  conftest.c -lz  -lpthread >&5
conftest.c: In function 'main':
conftest.c:84:12: error: storage size of 'x' isn't known
   84 | union wait x;
      |            ^
configure:15871: $? = 1
configure: failed program was:
| /* confdefs.h.  */
| 
| #define PACKAGE_NAME "tcl"
| #define PACKAGE_TARNAME "tcl"
| #define PACKAGE_VERSION "8.6"
| #define PACKAGE_STRING "tcl 8.6"
| #define PACKAGE_BUGREPORT ""
| #define STDC_HEADERS 1
| #define HAVE_SYS_TYPES_H 1
| #define HAVE_SYS_STAT_H 1
| #define HAVE_STDLIB_H 1
| #define HAVE_STRING_H 1
| #define HAVE_MEMORY_H 1
| #define HAVE_STRINGS_H 1
| #define HAVE_INTTYPES_H 1
| #define HAVE_STDINT_H 1
| #define HAVE_UNISTD_H 1
| #define HAVE_SYS_PARAM_H 1
| #define USE_THREAD_ALLOC 1
| #define _REENTRANT 1
| #define _THREAD_SAFE 1
| #define HAVE_PTHREAD_ATTR_SETSTACKSIZE 1
| #define HAVE_PTHREAD_ATFORK 1
| #define TCL_THREADS 1
| #define TCL_CFGVAL_ENCODING "iso8859-1"
| #define STATIC_BUILD 1
| #define HAVE_ZLIB 1
| #define MODULE_SCOPE extern __attribute__((__visibility__("hidden")))
| #define HAVE_HIDDEN 1
| #define HAVE_CAST_TO_UNION 1
| #define TCL_SHLIB_EXT ".so"
| #define TCL_TOMMATH 1
| #define MP_PREC 4
| #define _LARGEFILE64_SOURCE 1
| #define TCL_WIDE_INT_IS_LONG 1
| #define HAVE_GETCWD 1
| #define HAVE_MKSTEMP 1
| #define HAVE_OPENDIR 1
| #define HAVE_STRTOL 1
| #define HAVE_WAITPID 1
| #define HAVE_GETNAMEINFO 1
| #define HAVE_GETADDRINFO 1
| #define HAVE_FREEADDRINFO 1
| #define HAVE_GAI_STRERROR 1
| #define HAVE_STRUCT_ADDRINFO 1
| #define HAVE_STRUCT_IN6_ADDR 1
| #define HAVE_STRUCT_SOCKADDR_IN6 1
| #define HAVE_STRUCT_SOCKADDR_STORAGE 1
| #define HAVE_GETPWUID_R_5 1
| #define HAVE_GETPWUID_R 1
| #define HAVE_GETPWNAM_R_5 1
| #define HAVE_GETPWNAM_R 1
| #define HAVE_GETGRGID_R_5 1
| #define HAVE_GETGRGID_R 1
| #define HAVE_GETGRNAM_R_5 1
| #define HAVE_GETGRNAM_R 1
| #define HAVE_DECL_GETHOSTBYNAME_R 1
| #define HAVE_GETHOSTBYNAME_R_6 1
| #define HAVE_GETHOSTBYNAME_R 1
| #define HAVE_DECL_GETHOSTBYADDR_R 1
| #define HAVE_GETHOSTBYADDR_R_8 1
| #define HAVE_GETHOSTBYADDR_R 1
| #define HAVE_TERMIOS_H 1
| #define HAVE_SYS_IOCTL_H 1
| #define HAVE_SYS_TIME_H 1
| #define TIME_WITH_SYS_TIME 1
| #define HAVE_GMTIME_R 1
| #define HAVE_LOCALTIME_R 1
| #define HAVE_MKTIME 1
| #define HAVE_TM_GMTOFF 1
| #define HAVE_TIMEZONE_VAR 1
| #define HAVE_STRUCT_STAT_ST_BLOCKS 1
| #define HAVE_STRUCT_STAT_ST_BLKSIZE 1
| #define HAVE_BLKCNT_T 1
| #define HAVE_INTPTR_T 1
| #define HAVE_UINTPTR_T 1
| /* end confdefs.h.  */
| #include <sys/types.h>
| #include <sys/wait.h>
| int
| main ()
| {
| 
| union wait x;
| WIFEXITED(x);		/* Generates compiler error if WIFEXITED
| 			 * uses an int. */
| 
|   ;
|   return 0;
| }
configure:15896: result: no
configure:15912: checking for strncasecmp
configure:15969: gcc -o conftest  -pipe   -Wl,--export-dynamic  conftest.c -lz  -lpthread >&5
conftest.c:103:6: warning: conflicting types for built-in function 'strncasecmp'; expected 'int(const char *, const char *, long unsigned int)' [-Wbuiltin-declaration-mismatch]
  103 | char strncasecmp ();
      |      ^~~~~~~~~~~
configure:15975: $? = 0
configure:15979: test -z 
			 || test ! -s conftest.err
configure:15982: $? = 0
configure:15985: test -s conftest
configure:15988: $? = 0
configure:16000: result: yes
configure:16173: checking for gettimeofday
configure:16230: gcc -o conftest  -pipe   -Wl,--export-dynamic  conftest.c -lz  -lpthread >&5
configure:16236: $? = 0
configure:16240: test -z 
			 || test ! -s conftest.err
configure:16243: $? = 0
configure:16246: test -s conftest
configure:16249: $? = 0
configure:16261: result: yes
configure:16275: checking for gettimeofday declaration
configure:16299: result: present
configure:16316: checking whether char is unsigned
configure:16339: gcc -c  -pipe  conftest.c >&5
configure:16345: $? = 0
configure:16349: test -z 
			 || test ! -s conftest.err
configure:16352: $? = 0
configure:16355: test -s conftest.o
configure:16358: $? = 0
configure:16369: result: no
configure:16378: checking signed char declarations
configure:16403: gcc -c  -pipe  conftest.c >&5
configure:16409: $? = 0
configure:16413: test -z 
			 || test ! -s conftest.err
configure:16416: $? = 0
configure:16419: test -s conftest.o
configure:16422: $? = 0
configure:16433: result: yes
configure:16447: checking for a putenv() that copies the buffer
configure:16483: gcc -o conftest  -pipe   -Wl,--export-dynamic  conftest.c -lz  -lpthread >&5
conftest.c: In function 'main':
conftest.c:86:20: warning: implicit declaration of function 'strdup' [-Wimplicit-function-declaration]
   86 |      foo = (char *)strdup(OURVAR);
      |                    ^~~~~~
conftest.c:86:20: warning: incompatible implicit declaration of built-in function 'strdup'
conftest.c:88:6: warning: implicit declaration of function 'strcpy' [-Wimplicit-function-declaration]
   88 |      strcpy((char *)(strchr(foo, '=') + 1), "no");
      |      ^~~~~~
conftest.c:88:6: warning: incompatible implicit declaration of built-in function 'strcpy'
conftest.c:82:1: note: include '<string.h>' or provide a declaration of 'strcpy'
   81 |  #include <stdlib.h>
  +++ |+#include <string.h>
   82 |  #define OURVAR "havecopy=yes"
conftest.c:88:22: warning: implicit declaration of function 'strchr' [-Wimplicit-function-declaration]
   88 |      strcpy((char *)(strchr(foo, '=') + 1), "no");
      |                      ^~~~~~
conftest.c:88:22: warning: incompatible implicit declaration of built-in function 'strchr'
conftest.c:88:22: note: include '<string.h>' or provide a declaration of 'strchr'
conftest.c:90:11: warning: implicit declaration of function 'strcmp' [-Wimplicit-function-declaration]
   90 |      if (!strcmp(bar, "no")) {
      |           ^~~~~~
configure:16486: $? = 0
configure:16488: ./conftest
configure:16491: $? = 0
configure:16505: result: no
configure:16540: checking langinfo.h usability
configure:16552: gcc -c  -pipe  conftest.c >&5
configure:16558: $? = 0
configure:16562: test -z 
			 || test ! -s conftest.err
configure:16565: $? = 0
configure:16568: test -s conftest.o
configure:16571: $? = 0
configure:16581: result: yes
configure:16585: checking langinfo.h presence
configure:16595: gcc -E  conftest.c
configure:16601: $? = 0
configure:16621: result: yes
configure:16656: checking for langinfo.h
configure:16663: result: yes
configure:16675: checking whether to use nl_langinfo
configure:16698: gcc -c  -pipe  conftest.c >&5
configure:16704: $? = 0
configure:16708: test -z 
			 || test ! -s conftest.err
configure:16711: $? = 0
configure:16714: test -s conftest.o
configure:16717: $? = 0
configure:16729: result: yes
configure:16753: checking for chflags
configure:16810: gcc -o conftest  -pipe   -Wl,--export-dynamic  conftest.c -lz  -lpthread >&5
conftest.c:110:1: error: unknown type name 'choke'
  110 | choke me
      | ^~~~~
conftest.c:110:9: error: expected ';' before 'int'
  110 | choke me
      |         ^
      |         ;
......
  118 | int
      | ~~~      
conftest.c: In function 'main':
conftest.c:121:8: error: 'f' undeclared (first use in this function)
  121 | return f != chflags;
      |        ^
conftest.c:121:8: note: each undeclared identifier is reported only once for each function it appears in
configure:16816: $? = 1
configure: failed program was:
| /* confdefs.h.  */
| 
| #define PACKAGE_NAME "tcl"
| #define PACKAGE_TARNAME "tcl"
| #define PACKAGE_VERSION "8.6"
| #define PACKAGE_STRING "tcl 8.6"
| #define PACKAGE_BUGREPORT ""
| #define STDC_HEADERS 1
| #define HAVE_SYS_TYPES_H 1
| #define HAVE_SYS_STAT_H 1
| #define HAVE_STDLIB_H 1
| #define HAVE_STRING_H 1
| #define HAVE_MEMORY_H 1
| #define HAVE_STRINGS_H 1
| #define HAVE_INTTYPES_H 1
| #define HAVE_STDINT_H 1
| #define HAVE_UNISTD_H 1
| #define HAVE_SYS_PARAM_H 1
| #define USE_THREAD_ALLOC 1
| #define _REENTRANT 1
| #define _THREAD_SAFE 1
| #define HAVE_PTHREAD_ATTR_SETSTACKSIZE 1
| #define HAVE_PTHREAD_ATFORK 1
| #define TCL_THREADS 1
| #define TCL_CFGVAL_ENCODING "iso8859-1"
| #define STATIC_BUILD 1
| #define HAVE_ZLIB 1
| #define MODULE_SCOPE extern __attribute__((__visibility__("hidden")))
| #define HAVE_HIDDEN 1
| #define HAVE_CAST_TO_UNION 1
| #define TCL_SHLIB_EXT ".so"
| #define TCL_TOMMATH 1
| #define MP_PREC 4
| #define _LARGEFILE64_SOURCE 1
| #define TCL_WIDE_INT_IS_LONG 1
| #define HAVE_GETCWD 1
| #define HAVE_MKSTEMP 1
| #define HAVE_OPENDIR 1
| #define HAVE_STRTOL 1
| #define HAVE_WAITPID 1
| #define HAVE_GETNAMEINFO 1
| #define HAVE_GETADDRINFO 1
| #define HAVE_FREEADDRINFO 1
| #define HAVE_GAI_STRERROR 1
| #define HAVE_STRUCT_ADDRINFO 1
| #define HAVE_STRUCT_IN6_ADDR 1
| #define HAVE_STRUCT_SOCKADDR_IN6 1
| #define HAVE_STRUCT_SOCKADDR_STORAGE 1
| #define HAVE_GETPWUID_R_5 1
| #define HAVE_GETPWUID_R 1
| #define HAVE_GETPWNAM_R_5 1
| #define HAVE_GETPWNAM_R 1
| #define HAVE_GETGRGID_R_5 1
| #define HAVE_GETGRGID_R 1
| #define HAVE_GETGRNAM_R_5 1
| #define HAVE_GETGRNAM_R 1
| #define HAVE_DECL_GETHOSTBYNAME_R 1
| #define HAVE_GETHOSTBYNAME_R_6 1
| #define HAVE_GETHOSTBYNAME_R 1
| #define HAVE_DECL_GETHOSTBYADDR_R 1
| #define HAVE_GETHOSTBYADDR_R_8 1
| #define HAVE_GETHOSTBYADDR_R 1
| #define HAVE_TERMIOS_H 1
| #define HAVE_SYS_IOCTL_H 1
| #define HAVE_SYS_TIME_H 1
| #define TIME_WITH_SYS_TIME 1
| #define HAVE_GMTIME_R 1
| #define HAVE_LOCALTIME_R 1
| #define HAVE_MKTIME 1
| #define HAVE_TM_GMTOFF 1
| #define HAVE_TIMEZONE_VAR 1
| #define HAVE_STRUCT_STAT_ST_BLOCKS 1
| #define HAVE_STRUCT_STAT_ST_BLKSIZE 1
| #define HAVE_BLKCNT_T 1
| #define HAVE_INTPTR_T 1
| #define HAVE_UINTPTR_T 1
| #define NO_UNION_WAIT 1
| #define HAVE_SIGNED_CHAR 1
| #define HAVE_LANGINFO 1
| /* end confdefs.h.  */
| /* Define chflags to an innocuous variant, in case <limits.h> declares chflags.
|    For example, HP-UX 11i <limits.h> declares gettimeofday.  */
| #define chflags innocuous_chflags
| 
| /* System header to define __stub macros and hopefully few prototypes,
|     which can conflict with char chflags (); below.
|     Prefer <limits.h> to <assert.h> if __STDC__ is defined, since
|     <limits.h> exists even on freestanding compilers.  */
| 
| #ifdef __STDC__
| # include <limits.h>
| #else
| # include <assert.h>
| #endif
| 
| #undef chflags
| 
| /* Override any gcc2 internal prototype to avoid an error.  */
| #ifdef __cplusplus
| extern "C"
| {
| #endif
| /* We use char because int might match the return type of a gcc2
|    builtin and then its argument prototype would still apply.  */
| char chflags ();
| /* The GNU C library defines this for functions which it implements
|     to always fail with ENOSYS.  Some functions are actually named
|     something starting with __ and the normal name is an alias.  */
| #if defined (__stub_chflags) || defined (__stub___chflags)
| choke me
| #else
| char (*f) () = chflags;
| #endif
| #ifdef __cplusplus
| }
| #endif
| 
| int
| main ()
| {
| return f != chflags;
|   ;
|   return 0;
| }
configure:16841: result: no
configure:16753: checking for mkstemps
configure:16810: gcc -o conftest  -pipe   -Wl,--export-dynamic  conftest.c -lz  -lpthread >&5
configure:16816: $? = 0
configure:16820: test -z 
			 || test ! -s conftest.err
configure:16823: $? = 0
configure:16826: test -s conftest
configure:16829: $? = 0
configure:16841: result: yes
configure:16856: checking isnan
configure:16880: gcc -o conftest  -pipe   -Wl,--export-dynamic  conftest.c -lz  -lpthread >&5
configure:16886: $? = 0
configure:16890: test -z 
			 || test ! -s conftest.err
configure:16893: $? = 0
configure:16896: test -s conftest
configure:16899: $? = 0
configure:16911: result: yes
configure:17864: checking for fts
configure:17894: gcc -o conftest  -pipe   -Wl,--export-dynamic  conftest.c -lz  -lpthread >&5
configure:17900: $? = 0
configure:17904: test -z 
			 || test ! -s conftest.err
configure:17907: $? = 0
configure:17910: test -s conftest
configure:17913: $? = 0
configure:17925: result: yes
configure:17947: checking for sys/ioctl.h
configure:17952: result: yes
configure:18106: checking sys/filio.h usability
configure:18118: gcc -c  -pipe  conftest.c >&5
conftest.c:118:10: fatal error: sys/filio.h: No such file or directory
  118 | #include <sys/filio.h>
      |          ^~~~~~~~~~~~~
compilation terminated.
configure:18124: $? = 1
configure: failed program was:
| /* confdefs.h.  */
| 
| #define PACKAGE_NAME "tcl"
| #define PACKAGE_TARNAME "tcl"
| #define PACKAGE_VERSION "8.6"
| #define PACKAGE_STRING "tcl 8.6"
| #define PACKAGE_BUGREPORT ""
| #define STDC_HEADERS 1
| #define HAVE_SYS_TYPES_H 1
| #define HAVE_SYS_STAT_H 1
| #define HAVE_STDLIB_H 1
| #define HAVE_STRING_H 1
| #define HAVE_MEMORY_H 1
| #define HAVE_STRINGS_H 1
| #define HAVE_INTTYPES_H 1
| #define HAVE_STDINT_H 1
| #define HAVE_UNISTD_H 1
| #define HAVE_SYS_PARAM_H 1
| #define USE_THREAD_ALLOC 1
| #define _REENTRANT 1
| #define _THREAD_SAFE 1
| #define HAVE_PTHREAD_ATTR_SETSTACKSIZE 1
| #define HAVE_PTHREAD_ATFORK 1
| #define TCL_THREADS 1
| #define TCL_CFGVAL_ENCODING "iso8859-1"
| #define STATIC_BUILD 1
| #define HAVE_ZLIB 1
| #define MODULE_SCOPE extern __attribute__((__visibility__("hidden")))
| #define HAVE_HIDDEN 1
| #define HAVE_CAST_TO_UNION 1
| #define TCL_SHLIB_EXT ".so"
| #define TCL_TOMMATH 1
| #define MP_PREC 4
| #define _LARGEFILE64_SOURCE 1
| #define TCL_WIDE_INT_IS_LONG 1
| #define HAVE_GETCWD 1
| #define HAVE_MKSTEMP 1
| #define HAVE_OPENDIR 1
| #define HAVE_STRTOL 1
| #define HAVE_WAITPID 1
| #define HAVE_GETNAMEINFO 1
| #define HAVE_GETADDRINFO 1
| #define HAVE_FREEADDRINFO 1
| #define HAVE_GAI_STRERROR 1
| #define HAVE_STRUCT_ADDRINFO 1
| #define HAVE_STRUCT_IN6_ADDR 1
| #define HAVE_STRUCT_SOCKADDR_IN6 1
| #define HAVE_STRUCT_SOCKADDR_STORAGE 1
| #define HAVE_GETPWUID_R_5 1
| #define HAVE_GETPWUID_R 1
| #define HAVE_GETPWNAM_R_5 1
| #define HAVE_GETPWNAM_R 1
| #define HAVE_GETGRGID_R_5 1
| #define HAVE_GETGRGID_R 1
| #define HAVE_GETGRNAM_R_5 1
| #define HAVE_GETGRNAM_R 1
| #define HAVE_DECL_GETHOSTBYNAME_R 1
| #define HAVE_GETHOSTBYNAME_R_6 1
| #define HAVE_GETHOSTBYNAME_R 1
| #define HAVE_DECL_GETHOSTBYADDR_R 1
| #define HAVE_GETHOSTBYADDR_R_8 1
| #define HAVE_GETHOSTBYADDR_R 1
| #define HAVE_TERMIOS_H 1
| #define HAVE_SYS_IOCTL_H 1
| #define HAVE_SYS_TIME_H 1
| #define TIME_WITH_SYS_TIME 1
| #define HAVE_GMTIME_R 1
| #define HAVE_LOCALTIME_R 1
| #define HAVE_MKTIME 1
| #define HAVE_TM_GMTOFF 1
| #define HAVE_TIMEZONE_VAR 1
| #define HAVE_STRUCT_STAT_ST_BLOCKS 1
| #define HAVE_STRUCT_STAT_ST_BLKSIZE 1
| #define HAVE_BLKCNT_T 1
| #define HAVE_INTPTR_T 1
| #define HAVE_UINTPTR_T 1
| #define NO_UNION_WAIT 1
| #define HAVE_SIGNED_CHAR 1
| #define HAVE_LANGINFO 1
| #define HAVE_MKSTEMPS 1
| #define HAVE_FTS 1
| #define HAVE_SYS_IOCTL_H 1
| /* end confdefs.h.  */
| #include <stdio.h>
| #if HAVE_SYS_TYPES_H
| # include <sys/types.h>
| #endif
| #if HAVE_SYS_STAT_H
| # include <sys/stat.h>
| #endif
| #if STDC_HEADERS
| # include <stdlib.h>
| # include <stddef.h>
| #else
| # if HAVE_STDLIB_H
| #  include <stdlib.h>
| # endif
| #endif
| #if HAVE_STRING_H
| # if !STDC_HEADERS && HAVE_MEMORY_H
| #  include <memory.h>
| # endif
| # include <string.h>
| #endif
| #if HAVE_STRINGS_H
| # include <strings.h>
| #endif
| #if HAVE_INTTYPES_H
| # include <inttypes.h>
| #else
| # if HAVE_STDINT_H
| #  include <stdint.h>
| # endif
| #endif
| #if HAVE_UNISTD_H
| # include <unistd.h>
| #endif
| #include <sys/filio.h>
configure:18147: result: no
configure:18151: checking sys/filio.h presence
configure:18161: gcc -E  conftest.c
conftest.c:84:10: fatal error: sys/filio.h: No such file or directory
   84 | #include <sys/filio.h>
      |          ^~~~~~~~~~~~~
compilation terminated.
configure:18167: $? = 1
configure: failed program was:
| /* confdefs.h.  */
| 
| #define PACKAGE_NAME "tcl"
| #define PACKAGE_TARNAME "tcl"
| #define PACKAGE_VERSION "8.6"
| #define PACKAGE_STRING "tcl 8.6"
| #define PACKAGE_BUGREPORT ""
| #define STDC_HEADERS 1
| #define HAVE_SYS_TYPES_H 1
| #define HAVE_SYS_STAT_H 1
| #define HAVE_STDLIB_H 1
| #define HAVE_STRING_H 1
| #define HAVE_MEMORY_H 1
| #define HAVE_STRINGS_H 1
| #define HAVE_INTTYPES_H 1
| #define HAVE_STDINT_H 1
| #define HAVE_UNISTD_H 1
| #define HAVE_SYS_PARAM_H 1
| #define USE_THREAD_ALLOC 1
| #define _REENTRANT 1
| #define _THREAD_SAFE 1
| #define HAVE_PTHREAD_ATTR_SETSTACKSIZE 1
| #define HAVE_PTHREAD_ATFORK 1
| #define TCL_THREADS 1
| #define TCL_CFGVAL_ENCODING "iso8859-1"
| #define STATIC_BUILD 1
| #define HAVE_ZLIB 1
| #define MODULE_SCOPE extern __attribute__((__visibility__("hidden")))
| #define HAVE_HIDDEN 1
| #define HAVE_CAST_TO_UNION 1
| #define TCL_SHLIB_EXT ".so"
| #define TCL_TOMMATH 1
| #define MP_PREC 4
| #define _LARGEFILE64_SOURCE 1
| #define TCL_WIDE_INT_IS_LONG 1
| #define HAVE_GETCWD 1
| #define HAVE_MKSTEMP 1
| #define HAVE_OPENDIR 1
| #define HAVE_STRTOL 1
| #define HAVE_WAITPID 1
| #define HAVE_GETNAMEINFO 1
| #define HAVE_GETADDRINFO 1
| #define HAVE_FREEADDRINFO 1
| #define HAVE_GAI_STRERROR 1
| #define HAVE_STRUCT_ADDRINFO 1
| #define HAVE_STRUCT_IN6_ADDR 1
| #define HAVE_STRUCT_SOCKADDR_IN6 1
| #define HAVE_STRUCT_SOCKADDR_STORAGE 1
| #define HAVE_GETPWUID_R_5 1
| #define HAVE_GETPWUID_R 1
| #define HAVE_GETPWNAM_R_5 1
| #define HAVE_GETPWNAM_R 1
| #define HAVE_GETGRGID_R_5 1
| #define HAVE_GETGRGID_R 1
| #define HAVE_GETGRNAM_R_5 1
| #define HAVE_GETGRNAM_R 1
| #define HAVE_DECL_GETHOSTBYNAME_R 1
| #define HAVE_GETHOSTBYNAME_R_6 1
| #define HAVE_GETHOSTBYNAME_R 1
| #define HAVE_DECL_GETHOSTBYADDR_R 1
| #define HAVE_GETHOSTBYADDR_R_8 1
| #define HAVE_GETHOSTBYADDR_R 1
| #define HAVE_TERMIOS_H 1
| #define HAVE_SYS_IOCTL_H 1
| #define HAVE_SYS_TIME_H 1
| #define TIME_WITH_SYS_TIME 1
| #define HAVE_GMTIME_R 1
| #define HAVE_LOCALTIME_R 1
| #define HAVE_MKTIME 1
| #define HAVE_TM_GMTOFF 1
| #define HAVE_TIMEZONE_VAR 1
| #define HAVE_STRUCT_STAT_ST_BLOCKS 1
| #define HAVE_STRUCT_STAT_ST_BLKSIZE 1
| #define HAVE_BLKCNT_T 1
| #define HAVE_INTPTR_T 1
| #define HAVE_UINTPTR_T 1
| #define NO_UNION_WAIT 1
| #define HAVE_SIGNED_CHAR 1
| #define HAVE_LANGINFO 1
| #define HAVE_MKSTEMPS 1
| #define HAVE_FTS 1
| #define HAVE_SYS_IOCTL_H 1
| /* end confdefs.h.  */
| #include <sys/filio.h>
configure:18187: result: no
configure:18222: checking for sys/filio.h
configure:18229: result: no
configure:18243: checking system version
configure:18274: result: Linux-5.8.0-25-generic
configure:18278: checking FIONBIO vs. O_NONBLOCK for nonblocking I/O
configure:18300: result: O_NONBLOCK
configure:18308: checking whether to use dll unloading
configure:18324: result: yes
configure:18333: checking for timezone data
configure:18374: result: /usr/share/zoneinfo
configure:18593: checking whether to enable DTrace support
configure:18618: result: no
configure:18625: checking whether the cpuid instruction is usable
configure:18655: gcc -o conftest  -pipe   -Wl,--export-dynamic  conftest.c -lz  -lpthread >&5
configure:18661: $? = 0
configure:18665: test -z 
			 || test ! -s conftest.err
configure:18668: $? = 0
configure:18671: test -s conftest
configure:18674: $? = 0
configure:18686: result: yes
configure:19054: creating ./config.status

## ---------------------- ##
## Running config.status. ##
## ---------------------- ##

This file was extended by tcl config.status 8.6, which was
generated by GNU Autoconf 2.59.  Invocation command line was

  CONFIG_FILES    = 
  CONFIG_HEADERS  = 
  CONFIG_LINKS    = 
  CONFIG_COMMANDS = 
  $ ./config.status 

on Maximum-V2

config.status:718: creating Makefile
config.status:718: creating dltest/Makefile
config.status:718: creating tclConfig.sh
config.status:718: creating tcl.pc

## ---------------- ##
## Cache variables. ##
## ---------------- ##

ac_cv_c_bigendian=no
ac_cv_c_char_unsigned=no
ac_cv_c_compiler_gnu=yes
ac_cv_c_inline=inline
ac_cv_env_CC_set=
ac_cv_env_CC_value=
ac_cv_env_CFLAGS_set=
ac_cv_env_CFLAGS_value=
ac_cv_env_CPPFLAGS_set=
ac_cv_env_CPPFLAGS_value=
ac_cv_env_CPP_set=
ac_cv_env_CPP_value=
ac_cv_env_LDFLAGS_set=
ac_cv_env_LDFLAGS_value=
ac_cv_env_build_alias_set=
ac_cv_env_build_alias_value=
ac_cv_env_host_alias_set=
ac_cv_env_host_alias_value=
ac_cv_env_target_alias_set=
ac_cv_env_target_alias_value=
ac_cv_exeext=
ac_cv_func_chflags=no
ac_cv_func_connect=yes
ac_cv_func_freeaddrinfo=yes
ac_cv_func_fstatfs=yes
ac_cv_func_gai_strerror=yes
ac_cv_func_getaddrinfo=yes
ac_cv_func_getcwd=yes
ac_cv_func_getgrgid_r=yes
ac_cv_func_getgrnam_r=yes
ac_cv_func_gethostbyaddr_r=yes
ac_cv_func_gethostbyname=yes
ac_cv_func_gethostbyname_r=yes
ac_cv_func_getnameinfo=yes
ac_cv_func_getpwnam_r=yes
ac_cv_func_getpwuid_r=yes
ac_cv_func_gettimeofday=yes
ac_cv_func_getwd=yes
ac_cv_func_gmtime_r=yes
ac_cv_func_localtime_r=yes
ac_cv_func_memcmp_working=yes
ac_cv_func_memmove=yes
ac_cv_func_mkstemp=yes
ac_cv_func_mkstemps=yes
ac_cv_func_mktime=yes
ac_cv_func_opendir=yes
ac_cv_func_pthread_atfork=yes
ac_cv_func_pthread_attr_setstacksize=yes
ac_cv_func_realpath=yes
ac_cv_func_sin=no
ac_cv_func_strerror=yes
ac_cv_func_strncasecmp=yes
ac_cv_func_strstr=yes
ac_cv_func_strtol=yes
ac_cv_func_strtoul=yes
ac_cv_func_uname=yes
ac_cv_func_wait3=yes
ac_cv_func_waitpid=yes
ac_cv_have_decl_gethostbyaddr_r=yes
ac_cv_have_decl_gethostbyname_r=yes
ac_cv_header_dlfcn_h=yes
ac_cv_header_float_h=yes
ac_cv_header_inttypes_h=yes
ac_cv_header_langinfo_h=yes
ac_cv_header_memory_h=yes
ac_cv_header_net_errno_h=no
ac_cv_header_stdc=yes
ac_cv_header_stdint_h=yes
ac_cv_header_stdlib_h=yes
ac_cv_header_string_h=yes
ac_cv_header_strings_h=yes
ac_cv_header_sys_filio_h=no
ac_cv_header_sys_ioctl_h=yes
ac_cv_header_sys_modem_h=no
ac_cv_header_sys_param_h=yes
ac_cv_header_sys_stat_h=yes
ac_cv_header_sys_time_h=yes
ac_cv_header_sys_types_h=yes
ac_cv_header_sys_wait_h=yes
ac_cv_header_termios_h=yes
ac_cv_header_time=yes
ac_cv_header_unistd_h=yes
ac_cv_header_values_h=yes
ac_cv_header_zlib_h=yes
ac_cv_lib_dl_dlopen=yes
ac_cv_lib_inet_main=no
ac_cv_lib_pthread_pthread_mutex_init=yes
ac_cv_member_struct_stat_st_blksize=yes
ac_cv_member_struct_stat_st_blocks=yes
ac_cv_objext=o
ac_cv_path_tclsh=/usr/bin/tclsh8.6
ac_cv_prog_CPP='gcc -E'
ac_cv_prog_ac_ct_AR=ar
ac_cv_prog_ac_ct_CC=gcc
ac_cv_prog_ac_ct_RANLIB=ranlib
ac_cv_prog_cc_g=yes
ac_cv_prog_cc_stdc=
ac_cv_prog_egrep='grep -E'
ac_cv_search_deflateSetHeader=-lz
ac_cv_type_blkcnt_t=yes
ac_cv_type_gz_header=yes
ac_cv_type_intptr_t=yes
ac_cv_type_mode_t=yes
ac_cv_type_pid_t=yes
ac_cv_type_size_t=yes
ac_cv_type_struct_addrinfo=yes
ac_cv_type_struct_in6_addr=yes
ac_cv_type_struct_sockaddr_in6=yes
ac_cv_type_struct_sockaddr_storage=yes
ac_cv_type_uid_t=yes
ac_cv_type_uintptr_t=yes
tcl_cv_api_fts=yes
tcl_cv_api_getgrgid_r_5=yes
tcl_cv_api_getgrnam_r_5=yes
tcl_cv_api_gethostbyaddr_r=yes
tcl_cv_api_gethostbyaddr_r_7=no
tcl_cv_api_gethostbyaddr_r_8=yes
tcl_cv_api_gethostbyname_r=yes
tcl_cv_api_gethostbyname_r_6=yes
tcl_cv_api_getpwnam_r_5=yes
tcl_cv_api_getpwuid_r_5=yes
tcl_cv_cast_to_union=yes
tcl_cv_cc_pipe=yes
tcl_cv_cc_visibility_hidden=yes
tcl_cv_char_signed=yes
tcl_cv_cpuid=yes
tcl_cv_dir_zoneinfo=/usr/share/zoneinfo
tcl_cv_dirent_h=yes
tcl_cv_flag__isoc99_source=no
tcl_cv_flag__largefile64_source=yes
tcl_cv_flag__largefile_source64=no
tcl_cv_grep_gettimeofday=present
tcl_cv_isnan=yes
tcl_cv_langinfo_h=yes
tcl_cv_member_tm_gmtoff=yes
tcl_cv_member_tm_tzadj=no
tcl_cv_putenv_copy=no
tcl_cv_strstr_unbroken=ok
tcl_cv_strtoul_unbroken=ok
tcl_cv_sys_version=Linux-5.8.0-25-generic
tcl_cv_timezone_long=yes
tcl_cv_type_64bit=none
tcl_cv_type_fd_set=yes
tcl_cv_type_socklen_t=yes
tcl_cv_union_wait=no

## ----------------- ##
## Output variables. ##
## ----------------- ##

AR='ar'
BUILD_DLTEST='$(DLTEST_TARGETS)'
CC='gcc'
CC_SEARCH_FLAGS='-Wl,-rpath,${LIB_RUNTIME_DIR}'
CFG_TCL_SHARED_LIB_SUFFIX='${VERSION}.so'
CFG_TCL_UNSHARED_LIB_SUFFIX='${VERSION}.a'
CFLAGS=' -pipe '
CFLAGS_DEBUG='-g'
CFLAGS_DEFAULT='$(CFLAGS_DEBUG)'
CFLAGS_OPTIMIZE='-O2'
CFLAGS_WARNING='-Wall'
CPP='gcc -E'
CPPFLAGS=''
DEFS='-DPACKAGE_NAME=\"tcl\" -DPACKAGE_TARNAME=\"tcl\" -DPACKAGE_VERSION=\"8.6\" -DPACKAGE_STRING=\"tcl\ 8.6\" -DPACKAGE_BUGREPORT=\"\" -DSTDC_HEADERS=1 -DHAVE_SYS_TYPES_H=1 -DHAVE_SYS_STAT_H=1 -DHAVE_STDLIB_H=1 -DHAVE_STRING_H=1 -DHAVE_MEMORY_H=1 -DHAVE_STRINGS_H=1 -DHAVE_INTTYPES_H=1 -DHAVE_STDINT_H=1 -DHAVE_UNISTD_H=1 -DHAVE_SYS_PARAM_H=1 -DUSE_THREAD_ALLOC=1 -D_REENTRANT=1 -D_THREAD_SAFE=1 -DHAVE_PTHREAD_ATTR_SETSTACKSIZE=1 -DHAVE_PTHREAD_ATFORK=1 -DTCL_THREADS=1 -DTCL_CFGVAL_ENCODING=\"iso8859-1\" -DSTATIC_BUILD=1 -DHAVE_ZLIB=1 -DMODULE_SCOPE=extern\ __attribute__\(\(__visibility__\(\"hidden\"\)\)\) -DHAVE_HIDDEN=1 -DHAVE_CAST_TO_UNION=1 -DTCL_SHLIB_EXT=\".so\" -DTCL_TOMMATH=1 -DMP_PREC=4 -D_LARGEFILE64_SOURCE=1 -DTCL_WIDE_INT_IS_LONG=1 -DHAVE_GETCWD=1 -DHAVE_MKSTEMP=1 -DHAVE_OPENDIR=1 -DHAVE_STRTOL=1 -DHAVE_WAITPID=1 -DHAVE_GETNAMEINFO=1 -DHAVE_GETADDRINFO=1 -DHAVE_FREEADDRINFO=1 -DHAVE_GAI_STRERROR=1 -DHAVE_STRUCT_ADDRINFO=1 -DHAVE_STRUCT_IN6_ADDR=1 -DHAVE_STRUCT_SOCKADDR_IN6=1 -DHAVE_STRUCT_SOCKADDR_STORAGE=1 -DHAVE_GETPWUID_R_5=1 -DHAVE_GETPWUID_R=1 -DHAVE_GETPWNAM_R_5=1 -DHAVE_GETPWNAM_R=1 -DHAVE_GETGRGID_R_5=1 -DHAVE_GETGRGID_R=1 -DHAVE_GETGRNAM_R_5=1 -DHAVE_GETGRNAM_R=1 -DHAVE_DECL_GETHOSTBYNAME_R=1 -DHAVE_GETHOSTBYNAME_R_6=1 -DHAVE_GETHOSTBYNAME_R=1 -DHAVE_DECL_GETHOSTBYADDR_R=1 -DHAVE_GETHOSTBYADDR_R_8=1 -DHAVE_GETHOSTBYADDR_R=1 -DHAVE_TERMIOS_H=1 -DHAVE_SYS_IOCTL_H=1 -DHAVE_SYS_TIME_H=1 -DTIME_WITH_SYS_TIME=1 -DHAVE_GMTIME_R=1 -DHAVE_LOCALTIME_R=1 -DHAVE_MKTIME=1 -DHAVE_TM_GMTOFF=1 -DHAVE_TIMEZONE_VAR=1 -DHAVE_STRUCT_STAT_ST_BLOCKS=1 -DHAVE_STRUCT_STAT_ST_BLKSIZE=1 -DHAVE_BLKCNT_T=1 -DHAVE_INTPTR_T=1 -DHAVE_UINTPTR_T=1 -DNO_UNION_WAIT=1 -DHAVE_SIGNED_CHAR=1 -DHAVE_LANGINFO=1 -DHAVE_MKSTEMPS=1 -DHAVE_FTS=1 -DHAVE_SYS_IOCTL_H=1 -DTCL_UNLOAD_DLLS=1 -DHAVE_CPUID=1 '
DLL_INSTALL_DIR='$(LIB_INSTALL_DIR)'
DLTEST_LD='${SHLIB_LD}'
DLTEST_SUFFIX=''
DL_LIBS='-ldl'
DL_OBJS='tclLoadDl.o'
DTRACE=''
DTRACE_HDR=''
DTRACE_OBJ=''
DTRACE_SRC=''
ECHO_C=''
ECHO_N='-n'
ECHO_T=''
EGREP='grep -E'
EXEEXT=''
EXTRA_APP_CC_SWITCHES=''
EXTRA_BUILD_HTML='@:'
EXTRA_CC_SWITCHES=''
EXTRA_INSTALL=''
EXTRA_INSTALL_BINARIES='@:'
EXTRA_TCLSH_LIBS=''
HTML_DIR='$(DISTDIR)/html'
INSTALL_LIB='$(INSTALL_LIBRARY) $(LIB_FILE) "$(LIB_INSTALL_DIR)/$(LIB_FILE)"'
INSTALL_STUB_LIB='$(INSTALL_LIBRARY) $(STUB_LIB_FILE) "$(LIB_INSTALL_DIR)/$(STUB_LIB_FILE)"'
INSTALL_TZDATA=''
LDAIX_SRC=''
LDFLAGS=' -Wl,--export-dynamic '
LDFLAGS_DEBUG=''
LDFLAGS_DEFAULT='$(LDFLAGS_DEBUG)'
LDFLAGS_OPTIMIZE=''
LD_LIBRARY_PATH_VAR='LD_LIBRARY_PATH'
LD_SEARCH_FLAGS='-Wl,-rpath,${LIB_RUNTIME_DIR}'
LIBOBJS=''
LIBS='-lz  -lpthread'
MAKEFILE_SHELL='/bin/sh'
MAKE_LIB='${STLIB_LD} $@ ${OBJS} ; ${RANLIB} $@'
MAKE_STUB_LIB='${STLIB_LD} $@ ${STUB_LIB_OBJS} ; ${RANLIB} $@'
MAN_FLAGS=''
OBJEXT='o'
PACKAGE_BUGREPORT=''
PACKAGE_DIR='/home/max/Programming/SAOImageDS9/lib'
PACKAGE_NAME='tcl'
PACKAGE_STRING='tcl 8.6'
PACKAGE_TARNAME='tcl'
PACKAGE_VERSION='8.6'
PATH_SEPARATOR=':'
PKG_CFG_ARGS=''--prefix' '/home/max/Programming/SAOImageDS9' '--exec-prefix' '/home/max/Programming/SAOImageDS9' '--libdir' '/home/max/Programming/SAOImageDS9/lib' '--disable-shared' '--enable-symbols' '--config-cache' '--cache-file=/home/max/Programming/SAOImageDS9/config.cache'  --cache-file=/home/max/Programming/SAOImageDS9/config.cache'
PLAT_OBJS=''
PLAT_SRCS=''
PRIVATE_INCLUDE_DIR='$(includedir)'
RANLIB='ranlib'
SHELL='/bin/bash'
SHLIB_CFLAGS='-fPIC'
SHLIB_LD='${CC} ${CFLAGS} ${LDFLAGS} -shared'
SHLIB_LD_LIBS='${LIBS}'
SHLIB_SUFFIX='.so'
STLIB_LD='${AR} cr'
TCLSH_PROG='/usr/bin/tclsh8.6'
TCL_BUILD_LIB_SPEC='-L/home/max/Programming/SAOImageDS9/tcl8.6/unix -ltcl8.6'
TCL_BUILD_STUB_LIB_PATH='/home/max/Programming/SAOImageDS9/tcl8.6/unix/libtclstub8.6.a'
TCL_BUILD_STUB_LIB_SPEC='-L/home/max/Programming/SAOImageDS9/tcl8.6/unix -ltclstub8.6'
TCL_HAS_LONGLONG=''
TCL_INCLUDE_SPEC='-I/home/max/Programming/SAOImageDS9/include'
TCL_LIBRARY='$(prefix)/lib/tcl$(VERSION)'
TCL_LIBS='-ldl -lz  -lpthread -lm'
TCL_LIB_FILE='libtcl8.6.a'
TCL_LIB_FLAG='-ltcl8.6'
TCL_LIB_SPEC='-L/home/max/Programming/SAOImageDS9/lib -ltcl8.6'
TCL_LIB_VERSIONS_OK='ok'
TCL_MAJOR_VERSION='8'
TCL_MINOR_VERSION='6'
TCL_MODULE_PATH=''
TCL_PACKAGE_PATH='/home/max/Programming/SAOImageDS9/lib '
TCL_PATCH_LEVEL='.10'
TCL_SHARED_BUILD='0'
TCL_SHARED_LIB_SUFFIX='${VERSION}${SHLIB_SUFFIX}'
TCL_SHLIB_LD_EXTRAS=''
TCL_SRC_DIR='/home/max/Programming/SAOImageDS9/tcl8.6'
TCL_STUB_LIB_FILE='libtclstub8.6.a'
TCL_STUB_LIB_FLAG='-ltclstub8.6'
TCL_STUB_LIB_PATH='/home/max/Programming/SAOImageDS9/lib/libtclstub8.6.a'
TCL_STUB_LIB_SPEC='-L/home/max/Programming/SAOImageDS9/lib -ltclstub8.6'
TCL_THREADS='1'
TCL_UNSHARED_LIB_SUFFIX='${VERSION}.a'
TCL_VERSION='8.6'
TCL_YEAR=''
TK_SHLIB_LD_EXTRAS=''
ZLIB_INCLUDE=''
ZLIB_OBJS=''
ZLIB_SRCS=''
ac_ct_AR='ar'
ac_ct_CC='gcc'
ac_ct_RANLIB='ranlib'
bindir='${exec_prefix}/bin'
build_alias=''
datadir='${prefix}/share'
exec_prefix='/home/max/Programming/SAOImageDS9'
host_alias=''
includedir='${prefix}/include'
infodir='${prefix}/info'
libdir='/home/max/Programming/SAOImageDS9/lib'
libexecdir='${exec_prefix}/libexec'
localstatedir='${prefix}/var'
mandir='${prefix}/man'
oldincludedir='/usr/include'
prefix='/home/max/Programming/SAOImageDS9'
program_transform_name='s,x,x,'
sbindir='${exec_prefix}/sbin'
sharedstatedir='${prefix}/com'
sysconfdir='${prefix}/etc'
target_alias=''

## ----------- ##
## confdefs.h. ##
## ----------- ##

#define HAVE_BLKCNT_T 1
#define HAVE_CAST_TO_UNION 1
#define HAVE_CPUID 1
#define HAVE_DECL_GETHOSTBYADDR_R 1
#define HAVE_DECL_GETHOSTBYNAME_R 1
#define HAVE_FREEADDRINFO 1
#define HAVE_FTS 1
#define HAVE_GAI_STRERROR 1
#define HAVE_GETADDRINFO 1
#define HAVE_GETCWD 1
#define HAVE_GETGRGID_R 1
#define HAVE_GETGRGID_R_5 1
#define HAVE_GETGRNAM_R 1
#define HAVE_GETGRNAM_R_5 1
#define HAVE_GETHOSTBYADDR_R 1
#define HAVE_GETHOSTBYADDR_R_8 1
#define HAVE_GETHOSTBYNAME_R 1
#define HAVE_GETHOSTBYNAME_R_6 1
#define HAVE_GETNAMEINFO 1
#define HAVE_GETPWNAM_R 1
#define HAVE_GETPWNAM_R_5 1
#define HAVE_GETPWUID_R 1
#define HAVE_GETPWUID_R_5 1
#define HAVE_GMTIME_R 1
#define HAVE_HIDDEN 1
#define HAVE_INTPTR_T 1
#define HAVE_INTTYPES_H 1
#define HAVE_LANGINFO 1
#define HAVE_LOCALTIME_R 1
#define HAVE_MEMORY_H 1
#define HAVE_MKSTEMP 1
#define HAVE_MKSTEMPS 1
#define HAVE_MKTIME 1
#define HAVE_OPENDIR 1
#define HAVE_PTHREAD_ATFORK 1
#define HAVE_PTHREAD_ATTR_SETSTACKSIZE 1
#define HAVE_SIGNED_CHAR 1
#define HAVE_STDINT_H 1
#define HAVE_STDLIB_H 1
#define HAVE_STRINGS_H 1
#define HAVE_STRING_H 1
#define HAVE_STRTOL 1
#define HAVE_STRUCT_ADDRINFO 1
#define HAVE_STRUCT_IN6_ADDR 1
#define HAVE_STRUCT_SOCKADDR_IN6 1
#define HAVE_STRUCT_SOCKADDR_STORAGE 1
#define HAVE_STRUCT_STAT_ST_BLKSIZE 1
#define HAVE_STRUCT_STAT_ST_BLOCKS 1
#define HAVE_SYS_IOCTL_H 1
#define HAVE_SYS_IOCTL_H 1
#define HAVE_SYS_PARAM_H 1
#define HAVE_SYS_STAT_H 1
#define HAVE_SYS_TIME_H 1
#define HAVE_SYS_TYPES_H 1
#define HAVE_TERMIOS_H 1
#define HAVE_TIMEZONE_VAR 1
#define HAVE_TM_GMTOFF 1
#define HAVE_UINTPTR_T 1
#define HAVE_UNISTD_H 1
#define HAVE_WAITPID 1
#define HAVE_ZLIB 1
#define MODULE_SCOPE extern __attribute__((__visibility__("hidden")))
#define MP_PREC 4
#define NO_UNION_WAIT 1
#define PACKAGE_BUGREPORT ""
#define PACKAGE_NAME "tcl"
#define PACKAGE_STRING "tcl 8.6"
#define PACKAGE_TARNAME "tcl"
#define PACKAGE_VERSION "8.6"
#define STATIC_BUILD 1
#define STDC_HEADERS 1
#define TCL_CFGVAL_ENCODING "iso8859-1"
#define TCL_SHLIB_EXT ".so"
#define TCL_THREADS 1
#define TCL_TOMMATH 1
#define TCL_UNLOAD_DLLS 1
#define TCL_WIDE_INT_IS_LONG 1
#define TIME_WITH_SYS_TIME 1
#define USE_THREAD_ALLOC 1
#define _LARGEFILE64_SOURCE 1
#define _REENTRANT 1
#define _THREAD_SAFE 1

configure: exit 0
