This file contains any messages produced by compilers while
running configure, to aid debugging if configure makes a mistake.

It was created by saods9 configure 8.2, which was
generated by GNU Autoconf 2.69.  Invocation command line was

  $ unix/configure 

## --------- ##
## Platform. ##
## --------- ##

hostname = Maximum-V2
uname -m = x86_64
uname -r = 5.8.0-29-generic
uname -s = Linux
uname -v = #31-Ubuntu SMP Fri Nov 6 12:37:59 UTC 2020

/usr/bin/uname -p = x86_64
/bin/uname -X     = unknown

/bin/arch              = x86_64
/usr/bin/arch -k       = unknown
/usr/convex/getsysinfo = unknown
/usr/bin/hostinfo      = unknown
/bin/machine           = unknown
/usr/bin/oslevel       = unknown
/bin/universe          = unknown

PATH: /home/max/.vscode-server/bin/e5a624b788d92b8d34d1392e4c4d9789406efe8f/bin
PATH: /home/max/.local/bin
PATH: /home/max/.vscode-server/bin/e5a624b788d92b8d34d1392e4c4d9789406efe8f/bin
PATH: /usr/local/sbin
PATH: /usr/local/bin
PATH: /usr/sbin
PATH: /usr/bin
PATH: /sbin
PATH: /bin
PATH: /usr/games
PATH: /usr/local/games
PATH: /snap/bin


## ----------- ##
## Core tests. ##
## ----------- ##

configure:2110: checking TEA configuration
configure:2116: result: ok (TEA 3.13)
configure:2197: configuring saods9 8.2
configure:2227: checking system version
configure:2250: result: Linux-5.8.0-29-generic
configure:2357: checking for gcc
configure:2373: found /usr/bin/gcc
configure:2384: result: gcc
configure:2613: checking for C compiler version
configure:2622: gcc --version >&5
gcc (Ubuntu 10.2.0-13ubuntu1) 10.2.0
Copyright (C) 2020 Free Software Foundation, Inc.
This is free software; see the source for copying conditions.  There is NO
warranty; not even for MERCHANTABILITY or FITNESS FOR A PARTICULAR PURPOSE.

configure:2633: $? = 0
configure:2622: gcc -v >&5
Using built-in specs.
COLLECT_GCC=gcc
COLLECT_LTO_WRAPPER=/usr/lib/gcc/x86_64-linux-gnu/10/lto-wrapper
OFFLOAD_TARGET_NAMES=nvptx-none:amdgcn-amdhsa:hsa
OFFLOAD_TARGET_DEFAULT=1
Target: x86_64-linux-gnu
Configured with: ../src/configure -v --with-pkgversion='Ubuntu 10.2.0-13ubuntu1' --with-bugurl=file:///usr/share/doc/gcc-10/README.Bugs --enable-languages=c,ada,c++,go,brig,d,fortran,objc,obj-c++,m2 --prefix=/usr --with-gcc-major-version-only --program-suffix=-10 --program-prefix=x86_64-linux-gnu- --enable-shared --enable-linker-build-id --libexecdir=/usr/lib --without-included-gettext --enable-threads=posix --libdir=/usr/lib --enable-nls --enable-clocale=gnu --enable-libstdcxx-debug --enable-libstdcxx-time=yes --with-default-libstdcxx-abi=new --enable-gnu-unique-object --disable-vtable-verify --enable-plugin --enable-default-pie --with-system-zlib --enable-libphobos-checking=release --with-target-system-zlib=auto --enable-objc-gc=auto --enable-multiarch --disable-werror --with-arch-32=i686 --with-abi=m64 --with-multilib-list=m32,m64,mx32 --enable-multilib --with-tune=generic --enable-offload-targets=nvptx-none=/build/gcc-10-JvwpWM/gcc-10-10.2.0/debian/tmp-nvptx/usr,amdgcn-amdhsa=/build/gcc-10-JvwpWM/gcc-10-10.2.0/debian/tmp-gcn/usr,hsa --without-cuda-driver --enable-checking=release --build=x86_64-linux-gnu --host=x86_64-linux-gnu --target=x86_64-linux-gnu
Thread model: posix
Supported LTO compression algorithms: zlib zstd
gcc version 10.2.0 (Ubuntu 10.2.0-13ubuntu1) 
... rest of stderr output deleted ...
configure:2633: $? = 0
configure:2622: gcc -V >&5
gcc: error: unrecognized command-line option '-V'
gcc: fatal error: no input files
compilation terminated.
configure:2633: $? = 1
configure:2622: gcc -qversion >&5
gcc: error: unrecognized command-line option '-qversion'; did you mean '--version'?
gcc: fatal error: no input files
compilation terminated.
configure:2633: $? = 1
configure:2653: checking whether the C compiler works
configure:2675: gcc    conftest.c  >&5
configure:2679: $? = 0
configure:2727: result: yes
configure:2730: checking for C compiler default output file name
configure:2732: result: a.out
configure:2738: checking for suffix of executables
configure:2745: gcc -o conftest    conftest.c  >&5
configure:2749: $? = 0
configure:2771: result: 
configure:2793: checking whether we are cross compiling
configure:2801: gcc -o conftest    conftest.c  >&5
configure:2805: $? = 0
configure:2812: ./conftest
configure:2816: $? = 0
configure:2804: result: no
configure:2809: checking for suffix of object files
configure:2831: gcc -c   conftest.c >&5
configure:2835: $? = 0
configure:2856: result: o
configure:2860: checking whether we are using the GNU C compiler
configure:2879: gcc -c   conftest.c >&5
configure:2879: $? = 0
configure:2888: result: yes
configure:2897: checking whether gcc accepts -g
configure:2917: gcc -c -g  conftest.c >&5
configure:2917: $? = 0
configure:2958: result: yes
configure:2975: checking for gcc option to accept ISO C89
configure:3038: gcc  -c   conftest.c >&5
configure:3038: $? = 0
configure:3051: result: none needed
configure:3076: checking how to run the C preprocessor
configure:3107: gcc -E  conftest.c
configure:3107: $? = 0
configure:3121: gcc -E  conftest.c
conftest.c:9:10: fatal error: ac_nonexistent.h: No such file or directory
    9 | #include <ac_nonexistent.h>
      |          ^~~~~~~~~~~~~~~~~~
compilation terminated.
configure:3121: $? = 1
configure: failed program was:
| /* confdefs.h */
| #define PACKAGE_NAME "saods9"
| #define PACKAGE_TARNAME "saods9"
| #define PACKAGE_VERSION "8.2"
| #define PACKAGE_STRING "saods9 8.2"
| #define PACKAGE_BUGREPORT ""
| #define PACKAGE_URL ""
| /* end confdefs.h.  */
| #include <ac_nonexistent.h>
configure:3146: result: gcc -E
configure:3166: gcc -E  conftest.c
configure:3166: $? = 0
configure:3180: gcc -E  conftest.c
conftest.c:9:10: fatal error: ac_nonexistent.h: No such file or directory
    9 | #include <ac_nonexistent.h>
      |          ^~~~~~~~~~~~~~~~~~
compilation terminated.
configure:3180: $? = 1
configure: failed program was:
| /* confdefs.h */
| #define PACKAGE_NAME "saods9"
| #define PACKAGE_TARNAME "saods9"
| #define PACKAGE_VERSION "8.2"
| #define PACKAGE_STRING "saods9 8.2"
| #define PACKAGE_BUGREPORT ""
| #define PACKAGE_URL ""
| /* end confdefs.h.  */
| #include <ac_nonexistent.h>
configure:3213: checking whether make sets $(MAKE)
configure:3235: result: yes
configure:3292: checking for ranlib
configure:3308: found /usr/bin/ranlib
configure:3319: result: ranlib
configure:3351: checking for grep that handles long lines and -e
configure:3409: result: /usr/bin/grep
configure:3414: checking for egrep
configure:3476: result: /usr/bin/grep -E
configure:3481: checking for ANSI C header files
configure:3501: gcc -c   conftest.c >&5
configure:3501: $? = 0
configure:3574: gcc -o conftest    conftest.c  >&5
configure:3574: $? = 0
configure:3574: ./conftest
configure:3574: $? = 0
configure:3585: result: yes
configure:3598: checking for sys/types.h
configure:3598: gcc -c   conftest.c >&5
configure:3598: $? = 0
configure:3598: result: yes
configure:3598: checking for sys/stat.h
configure:3598: gcc -c   conftest.c >&5
configure:3598: $? = 0
configure:3598: result: yes
configure:3598: checking for stdlib.h
configure:3598: gcc -c   conftest.c >&5
configure:3598: $? = 0
configure:3598: result: yes
configure:3598: checking for string.h
configure:3598: gcc -c   conftest.c >&5
configure:3598: $? = 0
configure:3598: result: yes
configure:3598: checking for memory.h
configure:3598: gcc -c   conftest.c >&5
configure:3598: $? = 0
configure:3598: result: yes
configure:3598: checking for strings.h
configure:3598: gcc -c   conftest.c >&5
configure:3598: $? = 0
configure:3598: result: yes
configure:3598: checking for inttypes.h
configure:3598: gcc -c   conftest.c >&5
configure:3598: $? = 0
configure:3598: result: yes
configure:3598: checking for stdint.h
configure:3598: gcc -c   conftest.c >&5
configure:3598: $? = 0
configure:3598: result: yes
configure:3598: checking for unistd.h
configure:3598: gcc -c   conftest.c >&5
configure:3598: $? = 0
configure:3598: result: yes
configure:3620: checking if the compiler understands -pipe
configure:3638: gcc -c  -pipe  conftest.c >&5
configure:3638: $? = 0
configure:3646: result: yes
configure:3657: checking whether byte ordering is bigendian
configure:3672: gcc -c  -pipe  conftest.c >&5
conftest.c:20:9: error: unknown type name 'not'
   20 |         not a universal capable compiler
      |         ^~~
conftest.c:20:15: error: expected '=', ',', ';', 'asm' or '__attribute__' before 'universal'
   20 |         not a universal capable compiler
      |               ^~~~~~~~~
conftest.c:20:15: error: unknown type name 'universal'
configure:3672: $? = 1
configure: failed program was:
| /* confdefs.h */
| #define PACKAGE_NAME "saods9"
| #define PACKAGE_TARNAME "saods9"
| #define PACKAGE_VERSION "8.2"
| #define PACKAGE_STRING "saods9 8.2"
| #define PACKAGE_BUGREPORT ""
| #define PACKAGE_URL ""
| #define STDC_HEADERS 1
| #define HAVE_SYS_TYPES_H 1
| #define HAVE_SYS_STAT_H 1
| #define HAVE_STDLIB_H 1
| #define HAVE_STRING_H 1
| #define HAVE_MEMORY_H 1
| #define HAVE_STRINGS_H 1
| #define HAVE_INTTYPES_H 1
| #define HAVE_STDINT_H 1
| #define HAVE_UNISTD_H 1
| /* end confdefs.h.  */
| #ifndef __APPLE_CC__
| 	       not a universal capable compiler
| 	     #endif
| 	     typedef int dummy;
| 
configure:3717: gcc -c  -pipe  conftest.c >&5
configure:3717: $? = 0
configure:3735: gcc -c  -pipe  conftest.c >&5
conftest.c: In function 'main':
conftest.c:26:4: error: unknown type name 'not'; did you mean 'ino_t'?
   26 |    not big endian
      |    ^~~
      |    ino_t
conftest.c:26:12: error: expected '=', ',', ';', 'asm' or '__attribute__' before 'endian'
   26 |    not big endian
      |            ^~~~~~
configure:3735: $? = 1
configure: failed program was:
| /* confdefs.h */
| #define PACKAGE_NAME "saods9"
| #define PACKAGE_TARNAME "saods9"
| #define PACKAGE_VERSION "8.2"
| #define PACKAGE_STRING "saods9 8.2"
| #define PACKAGE_BUGREPORT ""
| #define PACKAGE_URL ""
| #define STDC_HEADERS 1
| #define HAVE_SYS_TYPES_H 1
| #define HAVE_SYS_STAT_H 1
| #define HAVE_STDLIB_H 1
| #define HAVE_STRING_H 1
| #define HAVE_MEMORY_H 1
| #define HAVE_STRINGS_H 1
| #define HAVE_INTTYPES_H 1
| #define HAVE_STDINT_H 1
| #define HAVE_UNISTD_H 1
| /* end confdefs.h.  */
| #include <sys/types.h>
| 		#include <sys/param.h>
| 
| int
| main ()
| {
| #if BYTE_ORDER != BIG_ENDIAN
| 		 not big endian
| 		#endif
| 
|   ;
|   return 0;
| }
configure:3863: result: no
configure:3940: checking for g++
configure:3956: found /usr/bin/g++
configure:3967: result: g++
configure:3994: checking for C++ compiler version
configure:4003: g++ --version >&5
g++ (Ubuntu 10.2.0-13ubuntu1) 10.2.0
Copyright (C) 2020 Free Software Foundation, Inc.
This is free software; see the source for copying conditions.  There is NO
warranty; not even for MERCHANTABILITY or FITNESS FOR A PARTICULAR PURPOSE.

configure:4014: $? = 0
configure:4003: g++ -v >&5
Using built-in specs.
COLLECT_GCC=g++
COLLECT_LTO_WRAPPER=/usr/lib/gcc/x86_64-linux-gnu/10/lto-wrapper
OFFLOAD_TARGET_NAMES=nvptx-none:amdgcn-amdhsa:hsa
OFFLOAD_TARGET_DEFAULT=1
Target: x86_64-linux-gnu
Configured with: ../src/configure -v --with-pkgversion='Ubuntu 10.2.0-13ubuntu1' --with-bugurl=file:///usr/share/doc/gcc-10/README.Bugs --enable-languages=c,ada,c++,go,brig,d,fortran,objc,obj-c++,m2 --prefix=/usr --with-gcc-major-version-only --program-suffix=-10 --program-prefix=x86_64-linux-gnu- --enable-shared --enable-linker-build-id --libexecdir=/usr/lib --without-included-gettext --enable-threads=posix --libdir=/usr/lib --enable-nls --enable-clocale=gnu --enable-libstdcxx-debug --enable-libstdcxx-time=yes --with-default-libstdcxx-abi=new --enable-gnu-unique-object --disable-vtable-verify --enable-plugin --enable-default-pie --with-system-zlib --enable-libphobos-checking=release --with-target-system-zlib=auto --enable-objc-gc=auto --enable-multiarch --disable-werror --with-arch-32=i686 --with-abi=m64 --with-multilib-list=m32,m64,mx32 --enable-multilib --with-tune=generic --enable-offload-targets=nvptx-none=/build/gcc-10-JvwpWM/gcc-10-10.2.0/debian/tmp-nvptx/usr,amdgcn-amdhsa=/build/gcc-10-JvwpWM/gcc-10-10.2.0/debian/tmp-gcn/usr,hsa --without-cuda-driver --enable-checking=release --build=x86_64-linux-gnu --host=x86_64-linux-gnu --target=x86_64-linux-gnu
Thread model: posix
Supported LTO compression algorithms: zlib zstd
gcc version 10.2.0 (Ubuntu 10.2.0-13ubuntu1) 
... rest of stderr output deleted ...
configure:4014: $? = 0
configure:4003: g++ -V >&5
g++: error: unrecognized command-line option '-V'
g++: fatal error: no input files
compilation terminated.
configure:4014: $? = 1
configure:4003: g++ -qversion >&5
g++: error: unrecognized command-line option '-qversion'; did you mean '--version'?
g++: fatal error: no input files
compilation terminated.
configure:4014: $? = 1
configure:4018: checking whether we are using the GNU C++ compiler
configure:4037: g++ -c   conftest.cpp >&5
configure:4037: $? = 0
configure:4046: result: yes
configure:4055: checking whether g++ accepts -g
configure:4075: g++ -c -g  conftest.cpp >&5
configure:4075: $? = 0
configure:4116: result: yes
configure:4146: checking how to build libraries
configure:4180: result: shared
configure:4264: checking for ranlib
configure:4291: result: ranlib
configure:4318: checking if 64bit support is requested
configure:4327: result: no
configure:4332: checking if 64bit Sparc VIS support is requested
configure:4341: result: no
configure:4351: checking if compiler supports visibility "hidden"
configure:4371: gcc -o conftest  -pipe -Werror   conftest.c  >&5
configure:4371: $? = 0
configure:4380: result: yes
configure:4395: checking if rpath support is requested
configure:4404: result: yes
configure:4429: checking system version
configure:4452: result: Linux-5.8.0-29-generic
configure:4532: checking for ar
configure:4548: found /usr/bin/ar
configure:4559: result: ar
configure:6321: checking for cast to union support
configure:6340: gcc -c  -pipe  conftest.c >&5
configure:6340: $? = 0
configure:6348: result: yes
configure:6371: checking for required early compiler flags
configure:6389: gcc -c  -pipe  conftest.c >&5
configure:6389: $? = 0
configure:6436: gcc -c  -pipe  conftest.c >&5
conftest.c: In function 'main':
conftest.c:28:15: error: storage size of 'buf' isn't known
   28 | struct stat64 buf; int i = stat64("/", &buf);
      |               ^~~
conftest.c:28:28: warning: implicit declaration of function 'stat64'; did you mean 'stat'? [-Wimplicit-function-declaration]
   28 | struct stat64 buf; int i = stat64("/", &buf);
      |                            ^~~~~~
      |                            stat
configure:6436: $? = 1
configure: failed program was:
| /* confdefs.h */
| #define PACKAGE_NAME "saods9"
| #define PACKAGE_TARNAME "saods9"
| #define PACKAGE_VERSION "8.2"
| #define PACKAGE_STRING "saods9 8.2"
| #define PACKAGE_BUGREPORT ""
| #define PACKAGE_URL ""
| #define STDC_HEADERS 1
| #define HAVE_SYS_TYPES_H 1
| #define HAVE_SYS_STAT_H 1
| #define HAVE_STDLIB_H 1
| #define HAVE_STRING_H 1
| #define HAVE_MEMORY_H 1
| #define HAVE_STRINGS_H 1
| #define HAVE_INTTYPES_H 1
| #define HAVE_STDINT_H 1
| #define HAVE_UNISTD_H 1
| #define USE_TCL_STUBS 1
| #define USE_TCLOO_STUBS 1
| #define MODULE_SCOPE extern __attribute__((__visibility__("hidden")))
| #define HAVE_HIDDEN 1
| #define HAVE_CAST_TO_UNION 1
| /* end confdefs.h.  */
| #include <sys/stat.h>
| int
| main ()
| {
| struct stat64 buf; int i = stat64("/", &buf);
|   ;
|   return 0;
| }
configure:6451: gcc -c  -pipe  conftest.c >&5
configure:6451: $? = 0
configure:6483: gcc -c  -pipe  conftest.c >&5
conftest.c: In function 'main':
conftest.c:29:19: error: 'open64' undeclared (first use in this function)
   29 | char *p = (char *)open64;
      |                   ^~~~~~
conftest.c:29:19: note: each undeclared identifier is reported only once for each function it appears in
configure:6483: $? = 1
configure: failed program was:
| /* confdefs.h */
| #define PACKAGE_NAME "saods9"
| #define PACKAGE_TARNAME "saods9"
| #define PACKAGE_VERSION "8.2"
| #define PACKAGE_STRING "saods9 8.2"
| #define PACKAGE_BUGREPORT ""
| #define PACKAGE_URL ""
| #define STDC_HEADERS 1
| #define HAVE_SYS_TYPES_H 1
| #define HAVE_SYS_STAT_H 1
| #define HAVE_STDLIB_H 1
| #define HAVE_STRING_H 1
| #define HAVE_MEMORY_H 1
| #define HAVE_STRINGS_H 1
| #define HAVE_INTTYPES_H 1
| #define HAVE_STDINT_H 1
| #define HAVE_UNISTD_H 1
| #define USE_TCL_STUBS 1
| #define USE_TCLOO_STUBS 1
| #define MODULE_SCOPE extern __attribute__((__visibility__("hidden")))
| #define HAVE_HIDDEN 1
| #define HAVE_CAST_TO_UNION 1
| #define _LARGEFILE64_SOURCE 1
| /* end confdefs.h.  */
| #include <sys/stat.h>
| int
| main ()
| {
| char *p = (char *)open64;
|   ;
|   return 0;
| }
configure:6498: gcc -c  -pipe  conftest.c >&5
conftest.c: In function 'main':
conftest.c:30:19: error: 'open64' undeclared (first use in this function)
   30 | char *p = (char *)open64;
      |                   ^~~~~~
conftest.c:30:19: note: each undeclared identifier is reported only once for each function it appears in
configure:6498: $? = 1
configure: failed program was:
| /* confdefs.h */
| #define PACKAGE_NAME "saods9"
| #define PACKAGE_TARNAME "saods9"
| #define PACKAGE_VERSION "8.2"
| #define PACKAGE_STRING "saods9 8.2"
| #define PACKAGE_BUGREPORT ""
| #define PACKAGE_URL ""
| #define STDC_HEADERS 1
| #define HAVE_SYS_TYPES_H 1
| #define HAVE_SYS_STAT_H 1
| #define HAVE_STDLIB_H 1
| #define HAVE_STRING_H 1
| #define HAVE_MEMORY_H 1
| #define HAVE_STRINGS_H 1
| #define HAVE_INTTYPES_H 1
| #define HAVE_STDINT_H 1
| #define HAVE_UNISTD_H 1
| #define USE_TCL_STUBS 1
| #define USE_TCLOO_STUBS 1
| #define MODULE_SCOPE extern __attribute__((__visibility__("hidden")))
| #define HAVE_HIDDEN 1
| #define HAVE_CAST_TO_UNION 1
| #define _LARGEFILE64_SOURCE 1
| /* end confdefs.h.  */
| #define _LARGEFILE_SOURCE64 1
| #include <sys/stat.h>
| int
| main ()
| {
| char *p = (char *)open64;
|   ;
|   return 0;
| }
configure:6519: result:  _LARGEFILE64_SOURCE
configure:6524: checking for 64-bit integer type
configure:6543: gcc -c  -pipe  conftest.c >&5
conftest.c: In function 'main':
conftest.c:29:1: error: unknown type name '__int64'
   29 | __int64 value = (__int64) 0;
      | ^~~~~~~
conftest.c:29:18: error: '__int64' undeclared (first use in this function)
   29 | __int64 value = (__int64) 0;
      |                  ^~~~~~~
conftest.c:29:18: note: each undeclared identifier is reported only once for each function it appears in
conftest.c:29:27: error: expected ',' or ';' before numeric constant
   29 | __int64 value = (__int64) 0;
      |                           ^
configure:6543: $? = 1
configure: failed program was:
| /* confdefs.h */
| #define PACKAGE_NAME "saods9"
| #define PACKAGE_TARNAME "saods9"
| #define PACKAGE_VERSION "8.2"
| #define PACKAGE_STRING "saods9 8.2"
| #define PACKAGE_BUGREPORT ""
| #define PACKAGE_URL ""
| #define STDC_HEADERS 1
| #define HAVE_SYS_TYPES_H 1
| #define HAVE_SYS_STAT_H 1
| #define HAVE_STDLIB_H 1
| #define HAVE_STRING_H 1
| #define HAVE_MEMORY_H 1
| #define HAVE_STRINGS_H 1
| #define HAVE_INTTYPES_H 1
| #define HAVE_STDINT_H 1
| #define HAVE_UNISTD_H 1
| #define USE_TCL_STUBS 1
| #define USE_TCLOO_STUBS 1
| #define MODULE_SCOPE extern __attribute__((__visibility__("hidden")))
| #define HAVE_HIDDEN 1
| #define HAVE_CAST_TO_UNION 1
| #define _LARGEFILE64_SOURCE 1
| /* end confdefs.h.  */
| 
| int
| main ()
| {
| __int64 value = (__int64) 0;
|   ;
|   return 0;
| }
configure:6565: gcc -c  -pipe  conftest.c >&5
conftest.c: In function 'main':
conftest.c:30:21: error: duplicate case value
   30 |             case 1: case (sizeof(long long)==sizeof(long)): ;
      |                     ^~~~
conftest.c:30:13: note: previously used here
   30 |             case 1: case (sizeof(long long)==sizeof(long)): ;
      |             ^~~~
configure:6565: $? = 1
configure: failed program was:
| /* confdefs.h */
| #define PACKAGE_NAME "saods9"
| #define PACKAGE_TARNAME "saods9"
| #define PACKAGE_VERSION "8.2"
| #define PACKAGE_STRING "saods9 8.2"
| #define PACKAGE_BUGREPORT ""
| #define PACKAGE_URL ""
| #define STDC_HEADERS 1
| #define HAVE_SYS_TYPES_H 1
| #define HAVE_SYS_STAT_H 1
| #define HAVE_STDLIB_H 1
| #define HAVE_STRING_H 1
| #define HAVE_MEMORY_H 1
| #define HAVE_STRINGS_H 1
| #define HAVE_INTTYPES_H 1
| #define HAVE_STDINT_H 1
| #define HAVE_UNISTD_H 1
| #define USE_TCL_STUBS 1
| #define USE_TCLOO_STUBS 1
| #define MODULE_SCOPE extern __attribute__((__visibility__("hidden")))
| #define HAVE_HIDDEN 1
| #define HAVE_CAST_TO_UNION 1
| #define _LARGEFILE64_SOURCE 1
| /* end confdefs.h.  */
| 
| int
| main ()
| {
| switch (0) {
|             case 1: case (sizeof(long long)==sizeof(long)): ;
|         }
|   ;
|   return 0;
| }
configure:6575: result: using long
configure:6719: checking for build with symbols
configure:6732: result: no
configure:6788: checking system version
configure:6811: result: Linux-5.8.0-29-generic
configure:7002: creating ./config.status

## ---------------------- ##
## Running config.status. ##
## ---------------------- ##

This file was extended by saods9 config.status 8.2, which was
generated by GNU Autoconf 2.69.  Invocation command line was

  CONFIG_FILES    = 
  CONFIG_HEADERS  = 
  CONFIG_LINKS    = 
  CONFIG_COMMANDS = 
  $ ./config.status 

on Maximum-V2

config.status:762: creating Makefile

## ---------------- ##
## Cache variables. ##
## ---------------- ##

ac_cv_c_bigendian=no
ac_cv_c_compiler_gnu=yes
ac_cv_cxx_compiler_gnu=yes
ac_cv_env_CCC_set=
ac_cv_env_CCC_value=
ac_cv_env_CC_set=
ac_cv_env_CC_value=
ac_cv_env_CFLAGS_set=
ac_cv_env_CFLAGS_value=
ac_cv_env_CPPFLAGS_set=
ac_cv_env_CPPFLAGS_value=
ac_cv_env_CPP_set=
ac_cv_env_CPP_value=
ac_cv_env_CXXFLAGS_set=
ac_cv_env_CXXFLAGS_value=
ac_cv_env_CXX_set=
ac_cv_env_CXX_value=
ac_cv_env_LDFLAGS_set=
ac_cv_env_LDFLAGS_value=
ac_cv_env_LIBS_set=
ac_cv_env_LIBS_value=
ac_cv_env_build_alias_set=
ac_cv_env_build_alias_value=
ac_cv_env_host_alias_set=
ac_cv_env_host_alias_value=
ac_cv_env_target_alias_set=
ac_cv_env_target_alias_value=
ac_cv_header_inttypes_h=yes
ac_cv_header_memory_h=yes
ac_cv_header_stdc=yes
ac_cv_header_stdint_h=yes
ac_cv_header_stdlib_h=yes
ac_cv_header_string_h=yes
ac_cv_header_strings_h=yes
ac_cv_header_sys_stat_h=yes
ac_cv_header_sys_types_h=yes
ac_cv_header_unistd_h=yes
ac_cv_objext=o
ac_cv_path_EGREP='/usr/bin/grep -E'
ac_cv_path_GREP=/usr/bin/grep
ac_cv_prog_CPP='gcc -E'
ac_cv_prog_ac_ct_AR=ar
ac_cv_prog_ac_ct_CC=gcc
ac_cv_prog_ac_ct_CXX=g++
ac_cv_prog_ac_ct_RANLIB=ranlib
ac_cv_prog_cc_c89=
ac_cv_prog_cc_g=yes
ac_cv_prog_cxx_g=yes
ac_cv_prog_make_make_set=yes
tcl_cv_cast_to_union=yes
tcl_cv_cc_pipe=yes
tcl_cv_cc_visibility_hidden=yes
tcl_cv_flag__isoc99_source=no
tcl_cv_flag__largefile64_source=yes
tcl_cv_flag__largefile_source64=no
tcl_cv_sys_version=Linux-5.8.0-29-generic
tcl_cv_type_64bit=none

## ----------------- ##
## Output variables. ##
## ----------------- ##

AR='ar'
ARCH='unknown'
CC='gcc'
CELIB_DIR=''
CFLAGS=' -pipe '
CFLAGS_DEBUG='-g'
CFLAGS_DEFAULT='-O2 -fomit-frame-pointer -DNDEBUG'
CFLAGS_OPTIMIZE='-O2 -fomit-frame-pointer'
CFLAGS_WARNING='-Wall'
CORES='4'
CPP='gcc -E'
CPPFLAGS=''
CXX='g++'
CXXFLAGS='-g -O2'
CYGPATH='echo'
DEFS='-DPACKAGE_NAME=\"saods9\" -DPACKAGE_TARNAME=\"saods9\" -DPACKAGE_VERSION=\"8.2\" -DPACKAGE_STRING=\"saods9\ 8.2\" -DPACKAGE_BUGREPORT=\"\" -DPACKAGE_URL=\"\" -DSTDC_HEADERS=1 -DHAVE_SYS_TYPES_H=1 -DHAVE_SYS_STAT_H=1 -DHAVE_STDLIB_H=1 -DHAVE_STRING_H=1 -DHAVE_MEMORY_H=1 -DHAVE_STRINGS_H=1 -DHAVE_INTTYPES_H=1 -DHAVE_STDINT_H=1 -DHAVE_UNISTD_H=1 -DUSE_TCL_STUBS=1 -DUSE_TCLOO_STUBS=1 -DMODULE_SCOPE=extern\ __attribute__\(\(__visibility__\(\"hidden\"\)\)\) -DHAVE_HIDDEN=1 -DHAVE_CAST_TO_UNION=1 -D_LARGEFILE64_SOURCE=1 -DTCL_WIDE_INT_IS_LONG=1'
ECHO_C=''
ECHO_N='-n'
ECHO_T=''
EGREP='/usr/bin/grep -E'
EXEEXT=''
GREP='/usr/bin/grep'
INSTALL='$(SHELL) $(srcdir)/tclconfig/install-sh -c'
INSTALL_DATA='${INSTALL} -m 644'
INSTALL_DATA_DIR='${INSTALL} -d -m 755'
INSTALL_LIBRARY='${INSTALL} -m 644'
INSTALL_PROGRAM='${INSTALL} -m 755'
INSTALL_SCRIPT='${INSTALL} -m 755'
LDFLAGS=' -Wl,--export-dynamic '
LDFLAGS_DEFAULT=' -Wl,--export-dynamic '
LD_LIBRARY_PATH_VAR='LD_LIBRARY_PATH'
LIBOBJS=''
LIBS=''
LTLIBOBJS=''
OBJEXT='o'
OS='unix'
PACKAGE_BUGREPORT=''
PACKAGE_NAME='saods9'
PACKAGE_STRING='saods9 8.2'
PACKAGE_TARNAME='saods9'
PACKAGE_URL=''
PACKAGE_VERSION='8.2'
PATH_SEPARATOR=':'
PKG_CFLAGS=''
PKG_HEADERS=''
PKG_INCLUDES=''
PKG_LIBS=''
PKG_LIB_FILE=''
PKG_STUB_LIB_FILE=''
PKG_STUB_OBJECTS=''
PKG_STUB_SOURCES=''
PKG_TCL_SOURCES=''
RANLIB='ranlib'
RC=''
SET_MAKE=''
SHARED_BUILD='1'
SHELL='/bin/bash'
SHLIB_CFLAGS='-fPIC'
SHLIB_LD='${CC} ${CFLAGS} ${LDFLAGS_DEFAULT} -shared'
SHLIB_LD_LIBS='${LIBS}'
SSLCONFIG='./config'
STLIB_LD='${AR} cr'
STUBS_BUILD='1'
TCL_DBGX=''
TKFLAGS=''
ac_ct_CC='gcc'
ac_ct_CXX='g++'
bindir='${exec_prefix}/bin'
build_alias=''
datadir='${datarootdir}'
datarootdir='${prefix}/share'
docdir='${datarootdir}/doc/${PACKAGE_TARNAME}'
dvidir='${docdir}'
exec_prefix='/home/max/Programming/SAOImageDS9'
host_alias=''
htmldir='${docdir}'
includedir='${prefix}/include'
infodir='${datarootdir}/info'
libdir='${exec_prefix}/lib'
libexecdir='${exec_prefix}/libexec'
localedir='${datarootdir}/locale'
localstatedir='${prefix}/var'
mandir='${datarootdir}/man'
oldincludedir='/usr/include'
pdfdir='${docdir}'
prefix='/home/max/Programming/SAOImageDS9'
program_transform_name='s,x,x,'
psdir='${docdir}'
sbindir='${exec_prefix}/sbin'
sharedstatedir='${prefix}/com'
sysconfdir='${prefix}/etc'
target_alias=''

## ----------- ##
## confdefs.h. ##
## ----------- ##

/* confdefs.h */
#define PACKAGE_NAME "saods9"
#define PACKAGE_TARNAME "saods9"
#define PACKAGE_VERSION "8.2"
#define PACKAGE_STRING "saods9 8.2"
#define PACKAGE_BUGREPORT ""
#define PACKAGE_URL ""
#define STDC_HEADERS 1
#define HAVE_SYS_TYPES_H 1
#define HAVE_SYS_STAT_H 1
#define HAVE_STDLIB_H 1
#define HAVE_STRING_H 1
#define HAVE_MEMORY_H 1
#define HAVE_STRINGS_H 1
#define HAVE_INTTYPES_H 1
#define HAVE_STDINT_H 1
#define HAVE_UNISTD_H 1
#define USE_TCL_STUBS 1
#define USE_TCLOO_STUBS 1
#define MODULE_SCOPE extern __attribute__((__visibility__("hidden")))
#define HAVE_HIDDEN 1
#define HAVE_CAST_TO_UNION 1
#define _LARGEFILE64_SOURCE 1
#define TCL_WIDE_INT_IS_LONG 1

configure: exit 0
