This file contains any messages produced by compilers while
running configure, to aid debugging if configure makes a mistake.

It was created by pngtcl configure 1.6.35, which was
generated by GNU Autoconf 2.59.  Invocation command line was

  $ ./configure --with-tk=/home/max/Programming/SAOImageDS9/tk8.6/unix --with-tcl=/home/max/Programming/SAOImageDS9/tcl8.6/unix --prefix /home/max/Programming/SAOImageDS9 --exec-prefix /home/max/Programming/SAOImageDS9 --libdir /home/max/Programming/SAOImageDS9/lib --disable-shared --disable-stubs --enable-symbols --cache-file=../config.cache --srcdir=. --with-zlibtcl=/home/max/Programming/SAOImageDS9/tkimg/zlib --disable-option-checking

## --------- ##
## Platform. ##
## --------- ##

hostname = Maximum-V2
uname -m = x86_64
uname -r = 5.8.0-25-generic
uname -s = Linux
uname -v = #26-Ubuntu SMP Thu Oct 15 10:30:38 UTC 2020

/usr/bin/uname -p = x86_64
/bin/uname -X     = unknown

/bin/arch              = x86_64
/usr/bin/arch -k       = unknown
/usr/convex/getsysinfo = unknown
hostinfo               = unknown
/bin/machine           = unknown
/usr/bin/oslevel       = unknown
/bin/universe          = unknown

PATH: /home/max/.local/bin
PATH: /home/max/.local/bin
PATH: /usr/local/sbin
PATH: /usr/local/bin
PATH: /usr/sbin
PATH: /usr/bin
PATH: /sbin
PATH: /bin
PATH: /usr/games
PATH: /usr/local/games
PATH: /snap/bin


## ----------- ##
## Core tests. ##
## ----------- ##

configure:1223: loading cache ../config.cache
configure:1325: checking for correct TEA configuration
configure:1344: result: ok (TEA 3.9)
configure:1425: configuring pngtcl 1.6.35
configure:1495: checking for Tcl configuration
configure:1624: result: found /home/max/Programming/SAOImageDS9/tcl8.6/unix/tclConfig.sh
configure:1675: checking for gcc
configure:1701: result: gcc
configure:1945: checking for C compiler version
configure:1948: gcc --version </dev/null >&5
gcc (Ubuntu 10.2.0-13ubuntu1) 10.2.0
Copyright (C) 2020 Free Software Foundation, Inc.
This is free software; see the source for copying conditions.  There is NO
warranty; not even for MERCHANTABILITY or FITNESS FOR A PARTICULAR PURPOSE.

configure:1951: $? = 0
configure:1953: gcc -v </dev/null >&5
Using built-in specs.
COLLECT_GCC=gcc
COLLECT_LTO_WRAPPER=/usr/lib/gcc/x86_64-linux-gnu/10/lto-wrapper
OFFLOAD_TARGET_NAMES=nvptx-none:amdgcn-amdhsa:hsa
OFFLOAD_TARGET_DEFAULT=1
Target: x86_64-linux-gnu
Configured with: ../src/configure -v --with-pkgversion='Ubuntu 10.2.0-13ubuntu1' --with-bugurl=file:///usr/share/doc/gcc-10/README.Bugs --enable-languages=c,ada,c++,go,brig,d,fortran,objc,obj-c++,m2 --prefix=/usr --with-gcc-major-version-only --program-suffix=-10 --program-prefix=x86_64-linux-gnu- --enable-shared --enable-linker-build-id --libexecdir=/usr/lib --without-included-gettext --enable-threads=posix --libdir=/usr/lib --enable-nls --enable-clocale=gnu --enable-libstdcxx-debug --enable-libstdcxx-time=yes --with-default-libstdcxx-abi=new --enable-gnu-unique-object --disable-vtable-verify --enable-plugin --enable-default-pie --with-system-zlib --enable-libphobos-checking=release --with-target-system-zlib=auto --enable-objc-gc=auto --enable-multiarch --disable-werror --with-arch-32=i686 --with-abi=m64 --with-multilib-list=m32,m64,mx32 --enable-multilib --with-tune=generic --enable-offload-targets=nvptx-none=/build/gcc-10-JvwpWM/gcc-10-10.2.0/debian/tmp-nvptx/usr,amdgcn-amdhsa=/build/gcc-10-JvwpWM/gcc-10-10.2.0/debian/tmp-gcn/usr,hsa --without-cuda-driver --enable-checking=release --build=x86_64-linux-gnu --host=x86_64-linux-gnu --target=x86_64-linux-gnu
Thread model: posix
Supported LTO compression algorithms: zlib zstd
gcc version 10.2.0 (Ubuntu 10.2.0-13ubuntu1) 
configure:1956: $? = 0
configure:1958: gcc -V </dev/null >&5
gcc: error: unrecognized command-line option '-V'
gcc: fatal error: no input files
compilation terminated.
configure:1961: $? = 1
configure:1984: checking for C compiler default output file name
configure:1987: gcc    conftest.c  >&5
configure:1990: $? = 0
configure:2036: result: a.out
configure:2041: checking whether the C compiler works
configure:2047: ./a.out
configure:2050: $? = 0
configure:2067: result: yes
configure:2074: checking whether we are cross compiling
configure:2076: result: no
configure:2079: checking for suffix of executables
configure:2081: gcc -o conftest    conftest.c  >&5
configure:2084: $? = 0
configure:2109: result: 
configure:2115: checking for suffix of object files
configure:2161: result: o
configure:2165: checking whether we are using the GNU C compiler
configure:2221: result: yes
configure:2227: checking whether gcc accepts -g
configure:2278: result: yes
configure:2295: checking for gcc option to accept ANSI C
configure:2402: result: none needed
configure:2420: gcc -c   conftest.c >&5
conftest.c:2:3: error: unknown type name 'choke'
    2 |   choke me
      |   ^~~~~
conftest.c:2:3: error: expected '=', ',', ';', 'asm' or '__attribute__' at end of input
configure:2426: $? = 1
configure: failed program was:
| #ifndef __cplusplus
|   choke me
| #endif
configure:2561: checking for existence of /home/max/Programming/SAOImageDS9/tcl8.6/unix/tclConfig.sh
configure:2565: result: loading
configure:2629: checking platform
configure:2652: gcc -c   conftest.c >&5
configure:2658: $? = 0
configure:2662: test -z 
			 || test ! -s conftest.err
configure:2665: $? = 0
configure:2668: test -s conftest.o
configure:2671: $? = 0
configure:2683: result: unix
configure:2724: checking for Tk configuration
configure:2851: result: found /home/max/Programming/SAOImageDS9/tk8.6/unix/tkConfig.sh
configure:2857: checking for existence of /home/max/Programming/SAOImageDS9/tk8.6/unix/tkConfig.sh
configure:2861: result: loading
configure:3037: checking for gcc
configure:3063: result: gcc
configure:3307: checking for C compiler version
configure:3310: gcc --version </dev/null >&5
gcc (Ubuntu 10.2.0-13ubuntu1) 10.2.0
Copyright (C) 2020 Free Software Foundation, Inc.
This is free software; see the source for copying conditions.  There is NO
warranty; not even for MERCHANTABILITY or FITNESS FOR A PARTICULAR PURPOSE.

configure:3313: $? = 0
configure:3315: gcc -v </dev/null >&5
Using built-in specs.
COLLECT_GCC=gcc
COLLECT_LTO_WRAPPER=/usr/lib/gcc/x86_64-linux-gnu/10/lto-wrapper
OFFLOAD_TARGET_NAMES=nvptx-none:amdgcn-amdhsa:hsa
OFFLOAD_TARGET_DEFAULT=1
Target: x86_64-linux-gnu
Configured with: ../src/configure -v --with-pkgversion='Ubuntu 10.2.0-13ubuntu1' --with-bugurl=file:///usr/share/doc/gcc-10/README.Bugs --enable-languages=c,ada,c++,go,brig,d,fortran,objc,obj-c++,m2 --prefix=/usr --with-gcc-major-version-only --program-suffix=-10 --program-prefix=x86_64-linux-gnu- --enable-shared --enable-linker-build-id --libexecdir=/usr/lib --without-included-gettext --enable-threads=posix --libdir=/usr/lib --enable-nls --enable-clocale=gnu --enable-libstdcxx-debug --enable-libstdcxx-time=yes --with-default-libstdcxx-abi=new --enable-gnu-unique-object --disable-vtable-verify --enable-plugin --enable-default-pie --with-system-zlib --enable-libphobos-checking=release --with-target-system-zlib=auto --enable-objc-gc=auto --enable-multiarch --disable-werror --with-arch-32=i686 --with-abi=m64 --with-multilib-list=m32,m64,mx32 --enable-multilib --with-tune=generic --enable-offload-targets=nvptx-none=/build/gcc-10-JvwpWM/gcc-10-10.2.0/debian/tmp-nvptx/usr,amdgcn-amdhsa=/build/gcc-10-JvwpWM/gcc-10-10.2.0/debian/tmp-gcn/usr,hsa --without-cuda-driver --enable-checking=release --build=x86_64-linux-gnu --host=x86_64-linux-gnu --target=x86_64-linux-gnu
Thread model: posix
Supported LTO compression algorithms: zlib zstd
gcc version 10.2.0 (Ubuntu 10.2.0-13ubuntu1) 
configure:3318: $? = 0
configure:3320: gcc -V </dev/null >&5
gcc: error: unrecognized command-line option '-V'
gcc: fatal error: no input files
compilation terminated.
configure:3323: $? = 1
configure:3326: checking whether we are using the GNU C compiler
configure:3382: result: yes
configure:3388: checking whether gcc accepts -g
configure:3439: result: yes
configure:3456: checking for gcc option to accept ANSI C
configure:3563: result: none needed
configure:3581: gcc -c   conftest.c >&5
conftest.c:2:3: error: unknown type name 'choke'
    2 |   choke me
      |   ^~~~~
conftest.c:2:3: error: expected '=', ',', ';', 'asm' or '__attribute__' at end of input
configure:3587: $? = 1
configure: failed program was:
| #ifndef __cplusplus
|   choke me
| #endif
configure:3725: checking how to run the C preprocessor
configure:3843: result: gcc -E
configure:3867: gcc -E  conftest.c
configure:3873: $? = 0
configure:3905: gcc -E  conftest.c
conftest.c:10:10: fatal error: ac_nonexistent.h: No such file or directory
   10 | #include <ac_nonexistent.h>
      |          ^~~~~~~~~~~~~~~~~~
compilation terminated.
configure:3911: $? = 1
configure: failed program was:
| /* confdefs.h.  */
| 
| #define PACKAGE_NAME "pngtcl"
| #define PACKAGE_TARNAME "pngtcl"
| #define PACKAGE_VERSION "1.6.35"
| #define PACKAGE_STRING "pngtcl 1.6.35"
| #define PACKAGE_BUGREPORT ""
| #define BUILD_pngtcl
| /* end confdefs.h.  */
| #include <ac_nonexistent.h>
configure:3973: checking whether make sets $(MAKE)
configure:3993: result: yes
configure:4048: checking for ranlib
configure:4074: result: ranlib
configure:4095: checking for egrep
configure:4105: result: grep -E
configure:4110: checking for ANSI C header files
configure:4266: result: yes
configure:4290: checking for sys/types.h
configure:4336: result: yes
configure:4290: checking for sys/stat.h
configure:4336: result: yes
configure:4290: checking for stdlib.h
configure:4336: result: yes
configure:4290: checking for string.h
configure:4336: result: yes
configure:4290: checking for memory.h
configure:4336: result: yes
configure:4290: checking for strings.h
configure:4336: result: yes
configure:4290: checking for inttypes.h
configure:4336: result: yes
configure:4290: checking for stdint.h
configure:4336: result: yes
configure:4290: checking for unistd.h
configure:4336: result: yes
configure:4358: checking if the compiler understands -pipe
configure:4412: result: yes
configure:4423: checking whether byte ordering is bigendian
configure:4634: result: no
configure:4662: checking for sin
configure:4750: result: no
configure:4758: checking for main in -lieee
configure:4814: result: no
configure:4826: checking for main in -linet
configure:4882: result: no
configure:4889: checking for net/errno.h
configure:4894: result: no
configure:5055: checking for connect
configure:5143: result: yes
configure:5418: checking for gethostbyname
configure:5506: result: yes
configure:5590: checking dirent.h
configure:5662: result: yes
configure:5675: checking for errno.h
configure:5680: result: yes
configure:5823: checking for float.h
configure:5828: result: yes
configure:5971: checking for values.h
configure:5976: result: yes
configure:6119: checking for limits.h
configure:6124: result: yes
configure:6271: checking for stdlib.h
configure:6276: result: yes
configure:6473: checking for string.h
configure:6478: result: yes
configure:6663: checking for sys/wait.h
configure:6668: result: yes
configure:6811: checking for dlfcn.h
configure:6816: result: yes
configure:6965: checking for sys/param.h
configure:6970: result: yes
configure:7134: checking for zlibtcl configuration
configure:7223: result: found /home/max/Programming/SAOImageDS9/tkimg/zlib/zlibtclConfig.sh
configure:7229: checking for existence of /home/max/Programming/SAOImageDS9/tkimg/zlib/zlibtclConfig.sh
configure:7233: result: loading
configure:7251: WARNING: Found Makefile - using build library specs for zlibtcl
configure:7322: checking For zlibtcl_STUB library for LIBS
configure:7355: result: using zlibtcl_STUB_LIB_SPEC -L/home/max/Programming/SAOImageDS9/tkimg/zlib -lzlibtclstub1.2.11
configure:7629: checking for Tcl public headers
configure:7704: result: /home/max/Programming/SAOImageDS9/tcl8.6/generic
configure:7717: checking for Tk public headers
configure:7795: result: /home/max/Programming/SAOImageDS9/tk8.6/generic
configure:7891: checking for pthread_mutex_init in -lpthread
configure:7953: result: yes
configure:8274: checking for building with threads
configure:8282: result: yes (default)
configure:8323: checking how to build libraries
configure:8345: result: static
configure:8404: checking for ranlib
configure:8431: result: ranlib
configure:8448: checking if 64bit support is requested
configure:8457: result: no
configure:8462: checking if 64bit Sparc VIS support is requested
configure:8471: result: no
configure:8482: checking if compiler supports visibility "hidden"
configure:8539: result: yes
configure:8559: checking if rpath support is requested
configure:8568: result: yes
configure:8594: checking system version
configure:8617: result: Linux-5.8.0-25-generic
configure:8696: checking for ar
configure:8722: result: ar
configure:10966: checking for cast to union support
configure:11021: result: yes
configure:11046: checking for required early compiler flags
configure:11368: result:  _LARGEFILE64_SOURCE
configure:11373: checking for 64-bit integer type
configure:11483: result: using long
configure:11808: checking for build with symbols
configure:11827: result: yes (standard debugging)
configure:12032: checking for tclsh
configure:12059: result: /home/max/Programming/SAOImageDS9/tcl8.6/unix/tclsh
configure:12230: creating ./config.status

## ---------------------- ##
## Running config.status. ##
## ---------------------- ##

This file was extended by pngtcl config.status 1.6.35, which was
generated by GNU Autoconf 2.59.  Invocation command line was

  CONFIG_FILES    = 
  CONFIG_HEADERS  = 
  CONFIG_LINKS    = 
  CONFIG_COMMANDS = 
  $ ./config.status 

on Maximum-V2

config.status:716: creating Makefile
config.status:716: creating pngtclConfig.sh

## ---------------- ##
## Cache variables. ##
## ---------------- ##

ac_cv_c_bigendian=no
ac_cv_c_compiler_gnu=yes
ac_cv_c_tclconfig=/home/max/Programming/SAOImageDS9/tcl8.6/unix
ac_cv_c_tclh=/home/max/Programming/SAOImageDS9/tcl8.6/generic
ac_cv_c_tkconfig=/home/max/Programming/SAOImageDS9/tk8.6/unix
ac_cv_c_tkh=/home/max/Programming/SAOImageDS9/tk8.6/generic
ac_cv_c_zlibtclconfig=/home/max/Programming/SAOImageDS9/tkimg/zlib
ac_cv_env_CC_set=
ac_cv_env_CC_value=
ac_cv_env_CFLAGS_set=
ac_cv_env_CFLAGS_value=
ac_cv_env_CPPFLAGS_set=
ac_cv_env_CPPFLAGS_value=
ac_cv_env_CPP_set=
ac_cv_env_CPP_value=
ac_cv_env_LDFLAGS_set=
ac_cv_env_LDFLAGS_value=
ac_cv_env_build_alias_set=
ac_cv_env_build_alias_value=
ac_cv_env_host_alias_set=
ac_cv_env_host_alias_value=
ac_cv_env_target_alias_set=
ac_cv_env_target_alias_value=
ac_cv_exeext=
ac_cv_func_connect=yes
ac_cv_func_gethostbyname=yes
ac_cv_func_sin=no
ac_cv_header_dlfcn_h=yes
ac_cv_header_errno_h=yes
ac_cv_header_float_h=yes
ac_cv_header_inttypes_h=yes
ac_cv_header_limits_h=yes
ac_cv_header_memory_h=yes
ac_cv_header_net_errno_h=no
ac_cv_header_stdc=yes
ac_cv_header_stdint_h=yes
ac_cv_header_stdlib_h=yes
ac_cv_header_string_h=yes
ac_cv_header_strings_h=yes
ac_cv_header_sys_param_h=yes
ac_cv_header_sys_stat_h=yes
ac_cv_header_sys_types_h=yes
ac_cv_header_sys_wait_h=yes
ac_cv_header_unistd_h=yes
ac_cv_header_values_h=yes
ac_cv_lib_ieee_main=no
ac_cv_lib_inet_main=no
ac_cv_lib_pthread_pthread_mutex_init=yes
ac_cv_objext=o
ac_cv_prog_CPP='gcc -E'
ac_cv_prog_ac_ct_AR=ar
ac_cv_prog_ac_ct_CC=gcc
ac_cv_prog_ac_ct_RANLIB=ranlib
ac_cv_prog_cc_g=yes
ac_cv_prog_cc_stdc=
ac_cv_prog_egrep='grep -E'
ac_cv_prog_make_make_set=yes
tcl_cv_cast_to_union=yes
tcl_cv_cc_pipe=yes
tcl_cv_cc_visibility_hidden=yes
tcl_cv_dirent_h=yes
tcl_cv_flag__isoc99_source=no
tcl_cv_flag__largefile64_source=yes
tcl_cv_flag__largefile_source64=no
tcl_cv_sys_version=Linux-5.8.0-25-generic
tcl_cv_type_64bit=none

## ----------------- ##
## Output variables. ##
## ----------------- ##

AR='ar'
CC='gcc'
CELIB_DIR=''
CFLAGS=' -pipe ${CFLAGS_DEFAULT} ${CFLAGS_WARNING} '
CFLAGS_DEBUG='-g'
CFLAGS_DEFAULT='-g'
CFLAGS_OPTIMIZE='-O2 -fomit-frame-pointer'
CFLAGS_WARNING='-Wall -Wwrite-strings'
CLEANFILES=''
CPP='gcc -E'
CPPFLAGS=''
CYGPATH='echo'
DEFS='-DPACKAGE_NAME=\"pngtcl\" -DPACKAGE_TARNAME=\"pngtcl\" -DPACKAGE_VERSION=\"1.6.35\" -DPACKAGE_STRING=\"pngtcl\ 1.6.35\" -DPACKAGE_BUGREPORT=\"\" -DBUILD_pngtcl= -DSTDC_HEADERS=1 -DHAVE_SYS_TYPES_H=1 -DHAVE_SYS_STAT_H=1 -DHAVE_STDLIB_H=1 -DHAVE_STRING_H=1 -DHAVE_MEMORY_H=1 -DHAVE_STRINGS_H=1 -DHAVE_INTTYPES_H=1 -DHAVE_STDINT_H=1 -DHAVE_UNISTD_H=1 -DHAVE_LIMITS_H=1 -DHAVE_SYS_PARAM_H=1 -DUSE_THREAD_ALLOC=1 -D_REENTRANT=1 -D_THREAD_SAFE=1 -DTCL_THREADS=1 -DSTATIC_BUILD=1 -DMODULE_SCOPE=extern\ __attribute__\(\(__visibility__\(\"hidden\"\)\)\) -DHAVE_HIDDEN=1 -DHAVE_CAST_TO_UNION=1 -D_LARGEFILE64_SOURCE=1 -DTCL_WIDE_INT_IS_LONG=1 -DUSE_TCL_STUBS=1 '
ECHO_C=''
ECHO_N='-n'
ECHO_T=''
EGREP='grep -E'
EXEEXT=''
INSTALL='$(SHELL) $(srcdir)/tclconfig/install-sh -c'
INSTALL_DATA='${INSTALL} -m 644'
INSTALL_DATA_DIR='${INSTALL} -d -m 755'
INSTALL_LIBRARY='${INSTALL_DATA}'
INSTALL_PROGRAM='${INSTALL}'
INSTALL_SCRIPT='${INSTALL}'
LDFLAGS=' -Wl,--export-dynamic '
LDFLAGS_DEFAULT=' -Wl,--export-dynamic '
LD_LIBRARY_PATH_VAR='LD_LIBRARY_PATH'
LIBOBJS=''
LIBS=''
LTLIBOBJS=''
MAJOR_VERSION=''
MAKE_LIB='${STLIB_LD} $@ $(PKG_OBJECTS) '
MAKE_SHARED_LIB='${SHLIB_LD} -o $@ $(PKG_OBJECTS) ${SHLIB_LD_LIBS}'
MAKE_STATIC_LIB='${STLIB_LD} $@ $(PKG_OBJECTS)'
MAKE_STUB_LIB='${STLIB_LD} $@ $(PKG_STUB_OBJECTS)'
MATH_LIBS='-lm'
MINOR_VERSION=''
OBJEXT='o'
PACKAGE_BUGREPORT=''
PACKAGE_NAME='pngtcl'
PACKAGE_STRING='pngtcl 1.6.35'
PACKAGE_TARNAME='pngtcl'
PACKAGE_VERSION='1.6.35'
PATCHLEVEL=''
PATH_SEPARATOR=':'
PKG_CFLAGS=' -DZLIBTCL_VERSION=\"1.2.11\"'
PKG_HEADERS=' pngtcl.h pngtclDecls.h'
PKG_INCLUDES=' -I"/home/max/Programming/SAOImageDS9/tkimg/zlib/." -I"/home/max/Programming/SAOImageDS9/tkimg/zlib" -I"."'
PKG_LIBS=' -L/home/max/Programming/SAOImageDS9/tkimg/zlib -lzlibtclstub1.2.11 -lm -L/home/max/Programming/SAOImageDS9/tkimg/zlib -lzlibtclstub1.2.11'
PKG_LIB_FILE='libpngtcl1.6.35.a'
PKG_OBJECTS=' pngtcl.o pngtclStubInit.o png.o pngerror.o pngmem.o pngpread.o pngread.o pngrio.o pngrtran.o pngrutil.o pngset.o pngtrans.o pngwio.o pngwrite.o pngwtran.o pngwutil.o pngget.o pngtclStubLib.o'
PKG_SOURCES=' pngtcl.c pngtclStubInit.c ../compat/libpng/png.c ../compat/libpng/pngerror.c ../compat/libpng/pngmem.c ../compat/libpng/pngpread.c ../compat/libpng/pngread.c ../compat/libpng/pngrio.c ../compat/libpng/pngrtran.c ../compat/libpng/pngrutil.c ../compat/libpng/pngset.c ../compat/libpng/pngtrans.c ../compat/libpng/pngwio.c ../compat/libpng/pngwrite.c ../compat/libpng/pngwtran.c ../compat/libpng/pngwutil.c ../compat/libpng/pngget.c pngtclStubLib.c'
PKG_STUB_LIB_FILE='libpngtclstub1.6.35.a'
PKG_STUB_OBJECTS=' pngtclStubLib.o'
PKG_STUB_SOURCES=' pngtclStubLib.c'
PKG_TCL_SOURCES=''
RANLIB='ranlib'
RANLIB_STUB='ranlib'
RC=''
SET_MAKE=''
SHARED_BUILD='0'
SHELL='/bin/bash'
SHLIB_CFLAGS='-fPIC'
SHLIB_LD='${CC} -shared ${CFLAGS} ${LDFLAGS_DEFAULT}'
SHLIB_LD_LIBS='${LIBS}'
STLIB_LD='${AR} cr'
TCLSH_PROG='/home/max/Programming/SAOImageDS9/tcl8.6/unix/tclsh'
TCL_BIN_DIR='/home/max/Programming/SAOImageDS9/tcl8.6/unix'
TCL_DBGX=''
TCL_DEFS='-DPACKAGE_NAME=\"tcl\" -DPACKAGE_TARNAME=\"tcl\" -DPACKAGE_VERSION=\"8.6\" -DPACKAGE_STRING=\"tcl\ 8.6\" -DPACKAGE_BUGREPORT=\"\" -DSTDC_HEADERS=1 -DHAVE_SYS_TYPES_H=1 -DHAVE_SYS_STAT_H=1 -DHAVE_STDLIB_H=1 -DHAVE_STRING_H=1 -DHAVE_MEMORY_H=1 -DHAVE_STRINGS_H=1 -DHAVE_INTTYPES_H=1 -DHAVE_STDINT_H=1 -DHAVE_UNISTD_H=1 -DHAVE_SYS_PARAM_H=1 -DUSE_THREAD_ALLOC=1 -D_REENTRANT=1 -D_THREAD_SAFE=1 -DHAVE_PTHREAD_ATTR_SETSTACKSIZE=1 -DHAVE_PTHREAD_ATFORK=1 -DTCL_THREADS=1 -DTCL_CFGVAL_ENCODING=\"iso8859-1\" -DSTATIC_BUILD=1 -DHAVE_ZLIB=1 -DMODULE_SCOPE=extern\ __attribute__\(\(__visibility__\(\"hidden\"\)\)\) -DHAVE_HIDDEN=1 -DHAVE_CAST_TO_UNION=1 -DTCL_SHLIB_EXT=\".so\" -DTCL_TOMMATH=1 -DMP_PREC=4 -D_LARGEFILE64_SOURCE=1 -DTCL_WIDE_INT_IS_LONG=1 -DHAVE_GETCWD=1 -DHAVE_MKSTEMP=1 -DHAVE_OPENDIR=1 -DHAVE_STRTOL=1 -DHAVE_WAITPID=1 -DHAVE_GETNAMEINFO=1 -DHAVE_GETADDRINFO=1 -DHAVE_FREEADDRINFO=1 -DHAVE_GAI_STRERROR=1 -DHAVE_STRUCT_ADDRINFO=1 -DHAVE_STRUCT_IN6_ADDR=1 -DHAVE_STRUCT_SOCKADDR_IN6=1 -DHAVE_STRUCT_SOCKADDR_STORAGE=1 -DHAVE_GETPWUID_R_5=1 -DHAVE_GETPWUID_R=1 -DHAVE_GETPWNAM_R_5=1 -DHAVE_GETPWNAM_R=1 -DHAVE_GETGRGID_R_5=1 -DHAVE_GETGRGID_R=1 -DHAVE_GETGRNAM_R_5=1 -DHAVE_GETGRNAM_R=1 -DHAVE_DECL_GETHOSTBYNAME_R=1 -DHAVE_GETHOSTBYNAME_R_6=1 -DHAVE_GETHOSTBYNAME_R=1 -DHAVE_DECL_GETHOSTBYADDR_R=1 -DHAVE_GETHOSTBYADDR_R_8=1 -DHAVE_GETHOSTBYADDR_R=1 -DHAVE_TERMIOS_H=1 -DHAVE_SYS_IOCTL_H=1 -DHAVE_SYS_TIME_H=1 -DTIME_WITH_SYS_TIME=1 -DHAVE_GMTIME_R=1 -DHAVE_LOCALTIME_R=1 -DHAVE_MKTIME=1 -DHAVE_TM_GMTOFF=1 -DHAVE_TIMEZONE_VAR=1 -DHAVE_STRUCT_STAT_ST_BLOCKS=1 -DHAVE_STRUCT_STAT_ST_BLKSIZE=1 -DHAVE_BLKCNT_T=1 -DHAVE_INTPTR_T=1 -DHAVE_UINTPTR_T=1 -DNO_UNION_WAIT=1 -DHAVE_SIGNED_CHAR=1 -DHAVE_LANGINFO=1 -DHAVE_MKSTEMPS=1 -DHAVE_FTS=1 -DHAVE_SYS_IOCTL_H=1 -DTCL_UNLOAD_DLLS=1 -DHAVE_CPUID=1 '
TCL_EXTRA_CFLAGS=' -pipe '
TCL_INCLUDES='-I"/home/max/Programming/SAOImageDS9/tcl8.6/generic"'
TCL_LD_FLAGS=' -Wl,--export-dynamic '
TCL_LIBS='${DL_LIBS} ${LIBS} ${MATH_LIBS}'
TCL_LIB_FILE='libtcl8.6.a'
TCL_LIB_FLAG='-ltcl8.6'
TCL_LIB_SPEC='-L/home/max/Programming/SAOImageDS9/tcl8.6/unix -ltcl8.6'
TCL_PATCH_LEVEL='.10'
TCL_SHLIB_LD_LIBS='${LIBS}'
TCL_SRC_DIR='/home/max/Programming/SAOImageDS9/tcl8.6'
TCL_STUB_LIB_FILE='libtclstub8.6.a'
TCL_STUB_LIB_FLAG='-ltclstub8.6'
TCL_STUB_LIB_SPEC='-L/home/max/Programming/SAOImageDS9/tcl8.6/unix -ltclstub8.6'
TCL_THREADS='1'
TCL_VERSION='8.6'
TK_BIN_DIR='/home/max/Programming/SAOImageDS9/tk8.6/unix'
TK_INCLUDES='-I"/home/max/Programming/SAOImageDS9/tk8.6/generic"'
TK_LIBS='-lX11   -lpthread -ldl -lz  -lpthread -lm'
TK_LIB_FILE='libtk8.6.a'
TK_LIB_FLAG='-ltk8.6'
TK_LIB_SPEC='-L/home/max/Programming/SAOImageDS9/tk8.6/unix -ltk8.6'
TK_SRC_DIR='/home/max/Programming/SAOImageDS9/tk8.6'
TK_STUB_LIB_FILE='libtkstub8.6.a'
TK_STUB_LIB_FLAG='-ltkstub8.6'
TK_STUB_LIB_SPEC='-L/home/max/Programming/SAOImageDS9/tk8.6/unix -ltkstub8.6'
TK_VERSION='8.6'
TK_XINCLUDES=''
VC_MANIFEST_EMBED_DLL=''
VC_MANIFEST_EMBED_EXE=''
ac_ct_AR='ar'
ac_ct_CC='gcc'
ac_ct_RANLIB='ranlib'
ac_ct_RC=''
bindir='${exec_prefix}/bin'
build_alias=''
datadir='${prefix}/share'
exec_prefix='/home/max/Programming/SAOImageDS9'
host_alias=''
includedir='${prefix}/include'
infodir='${prefix}/info'
libdir='/home/max/Programming/SAOImageDS9/lib'
libexecdir='${exec_prefix}/libexec'
localstatedir='${prefix}/var'
mandir='${prefix}/man'
oldincludedir='/usr/include'
pngtcl_BUILD_LIB_SPEC='-L/home/max/Programming/SAOImageDS9/tkimg/libpng -lpngtcl1.6.35'
pngtcl_BUILD_STUB_LIB_PATH='/home/max/Programming/SAOImageDS9/tkimg/libpng/libpngtclstub1.6.35.a'
pngtcl_BUILD_STUB_LIB_SPEC='-L/home/max/Programming/SAOImageDS9/tkimg/libpng -lpngtclstub1.6.35'
pngtcl_LIB_SPEC='-L/home/max/Programming/SAOImageDS9/lib/pngtcl1.6.35 -lpngtcl1.6.35'
pngtcl_STUB_LIB_PATH='/home/max/Programming/SAOImageDS9/lib/pngtcl1.6.35/libpngtclstub1.6.35.a'
pngtcl_STUB_LIB_SPEC='-L/home/max/Programming/SAOImageDS9/lib/pngtcl1.6.35 -lpngtclstub1.6.35'
prefix='/home/max/Programming/SAOImageDS9'
program_transform_name='s,x,x,'
sbindir='${exec_prefix}/sbin'
sharedstatedir='${prefix}/com'
sysconfdir='${prefix}/etc'
target_alias=''
zlibtcl_BIN_DIR='/home/max/Programming/SAOImageDS9/tkimg/zlib'
zlibtcl_BUILD_PATH='/home/max/Programming/SAOImageDS9/tkimg/zlib'
zlibtcl_LIB_FILE='libzlibtcl1.2.11.a'
zlibtcl_LIB_SPEC='-L/home/max/Programming/SAOImageDS9/tkimg/zlib -lzlibtcl1.2.11'
zlibtcl_SRC_DIR='.'
zlibtcl_SRC_PATH='/home/max/Programming/SAOImageDS9/tkimg/zlib/.'
zlibtcl_STUB_LIB_FILE='libzlibtclstub1.2.11.a'
zlibtcl_STUB_LIB_PATH='/home/max/Programming/SAOImageDS9/tkimg/zlib/libzlibtclstub1.2.11.a'
zlibtcl_STUB_LIB_SPEC='-L/home/max/Programming/SAOImageDS9/tkimg/zlib -lzlibtclstub1.2.11'
zlibtcl_VERSION='1.2.11'

## ----------- ##
## confdefs.h. ##
## ----------- ##

#define BUILD_pngtcl
#define HAVE_CAST_TO_UNION 1
#define HAVE_HIDDEN 1
#define HAVE_INTTYPES_H 1
#define HAVE_LIMITS_H 1
#define HAVE_MEMORY_H 1
#define HAVE_STDINT_H 1
#define HAVE_STDLIB_H 1
#define HAVE_STRINGS_H 1
#define HAVE_STRING_H 1
#define HAVE_SYS_PARAM_H 1
#define HAVE_SYS_STAT_H 1
#define HAVE_SYS_TYPES_H 1
#define HAVE_UNISTD_H 1
#define MODULE_SCOPE extern __attribute__((__visibility__("hidden")))
#define PACKAGE_BUGREPORT ""
#define PACKAGE_NAME "pngtcl"
#define PACKAGE_STRING "pngtcl 1.6.35"
#define PACKAGE_TARNAME "pngtcl"
#define PACKAGE_VERSION "1.6.35"
#define STATIC_BUILD 1
#define STDC_HEADERS 1
#define TCL_THREADS 1
#define TCL_WIDE_INT_IS_LONG 1
#define USE_TCL_STUBS 1
#define USE_THREAD_ALLOC 1
#define _LARGEFILE64_SOURCE 1
#define _REENTRANT 1
#define _THREAD_SAFE 1

configure: exit 0
