This file contains any messages produced by compilers while
running configure, to aid debugging if configure makes a mistake.

It was created by zlibtcl configure 1.2.11, which was
generated by GNU Autoconf 2.59.  Invocation command line was

  $ ./configure --with-tk=/home/max/Programming/SAOImageDS9/tk8.6/unix --with-tcl=/home/max/Programming/SAOImageDS9/tcl8.6/unix --prefix /home/max/Programming/SAOImageDS9 --exec-prefix /home/max/Programming/SAOImageDS9 --libdir /home/max/Programming/SAOImageDS9/lib --disable-shared --disable-stubs --enable-symbols --cache-file=../config.cache --srcdir=. --disable-option-checking

## --------- ##
## Platform. ##
## --------- ##

hostname = Maximum-V2
uname -m = x86_64
uname -r = 5.8.0-25-generic
uname -s = Linux
uname -v = #26-Ubuntu SMP Thu Oct 15 10:30:38 UTC 2020

/usr/bin/uname -p = x86_64
/bin/uname -X     = unknown

/bin/arch              = x86_64
/usr/bin/arch -k       = unknown
/usr/convex/getsysinfo = unknown
hostinfo               = unknown
/bin/machine           = unknown
/usr/bin/oslevel       = unknown
/bin/universe          = unknown

PATH: /home/max/.local/bin
PATH: /home/max/.local/bin
PATH: /usr/local/sbin
PATH: /usr/local/bin
PATH: /usr/sbin
PATH: /usr/bin
PATH: /sbin
PATH: /bin
PATH: /usr/games
PATH: /usr/local/games
PATH: /snap/bin


## ----------- ##
## Core tests. ##
## ----------- ##

configure:1230: creating cache ../config.cache
configure:1324: checking for correct TEA configuration
configure:1343: result: ok (TEA 3.9)
configure:1424: configuring zlibtcl 1.2.11
configure:1494: checking for Tcl configuration
configure:1623: result: found /home/max/Programming/SAOImageDS9/tcl8.6/unix/tclConfig.sh
configure:1674: checking for gcc
configure:1690: found /usr/bin/gcc
configure:1700: result: gcc
configure:1944: checking for C compiler version
configure:1947: gcc --version </dev/null >&5
gcc (Ubuntu 10.2.0-13ubuntu1) 10.2.0
Copyright (C) 2020 Free Software Foundation, Inc.
This is free software; see the source for copying conditions.  There is NO
warranty; not even for MERCHANTABILITY or FITNESS FOR A PARTICULAR PURPOSE.

configure:1950: $? = 0
configure:1952: gcc -v </dev/null >&5
Using built-in specs.
COLLECT_GCC=gcc
COLLECT_LTO_WRAPPER=/usr/lib/gcc/x86_64-linux-gnu/10/lto-wrapper
OFFLOAD_TARGET_NAMES=nvptx-none:amdgcn-amdhsa:hsa
OFFLOAD_TARGET_DEFAULT=1
Target: x86_64-linux-gnu
Configured with: ../src/configure -v --with-pkgversion='Ubuntu 10.2.0-13ubuntu1' --with-bugurl=file:///usr/share/doc/gcc-10/README.Bugs --enable-languages=c,ada,c++,go,brig,d,fortran,objc,obj-c++,m2 --prefix=/usr --with-gcc-major-version-only --program-suffix=-10 --program-prefix=x86_64-linux-gnu- --enable-shared --enable-linker-build-id --libexecdir=/usr/lib --without-included-gettext --enable-threads=posix --libdir=/usr/lib --enable-nls --enable-clocale=gnu --enable-libstdcxx-debug --enable-libstdcxx-time=yes --with-default-libstdcxx-abi=new --enable-gnu-unique-object --disable-vtable-verify --enable-plugin --enable-default-pie --with-system-zlib --enable-libphobos-checking=release --with-target-system-zlib=auto --enable-objc-gc=auto --enable-multiarch --disable-werror --with-arch-32=i686 --with-abi=m64 --with-multilib-list=m32,m64,mx32 --enable-multilib --with-tune=generic --enable-offload-targets=nvptx-none=/build/gcc-10-JvwpWM/gcc-10-10.2.0/debian/tmp-nvptx/usr,amdgcn-amdhsa=/build/gcc-10-JvwpWM/gcc-10-10.2.0/debian/tmp-gcn/usr,hsa --without-cuda-driver --enable-checking=release --build=x86_64-linux-gnu --host=x86_64-linux-gnu --target=x86_64-linux-gnu
Thread model: posix
Supported LTO compression algorithms: zlib zstd
gcc version 10.2.0 (Ubuntu 10.2.0-13ubuntu1) 
configure:1955: $? = 0
configure:1957: gcc -V </dev/null >&5
gcc: error: unrecognized command-line option '-V'
gcc: fatal error: no input files
compilation terminated.
configure:1960: $? = 1
configure:1983: checking for C compiler default output file name
configure:1986: gcc    conftest.c  >&5
configure:1989: $? = 0
configure:2035: result: a.out
configure:2040: checking whether the C compiler works
configure:2046: ./a.out
configure:2049: $? = 0
configure:2066: result: yes
configure:2073: checking whether we are cross compiling
configure:2075: result: no
configure:2078: checking for suffix of executables
configure:2080: gcc -o conftest    conftest.c  >&5
configure:2083: $? = 0
configure:2108: result: 
configure:2114: checking for suffix of object files
configure:2135: gcc -c   conftest.c >&5
configure:2138: $? = 0
configure:2160: result: o
configure:2164: checking whether we are using the GNU C compiler
configure:2188: gcc -c   conftest.c >&5
configure:2194: $? = 0
configure:2198: test -z 
			 || test ! -s conftest.err
configure:2201: $? = 0
configure:2204: test -s conftest.o
configure:2207: $? = 0
configure:2220: result: yes
configure:2226: checking whether gcc accepts -g
configure:2247: gcc -c -g  conftest.c >&5
configure:2253: $? = 0
configure:2257: test -z 
			 || test ! -s conftest.err
configure:2260: $? = 0
configure:2263: test -s conftest.o
configure:2266: $? = 0
configure:2277: result: yes
configure:2294: checking for gcc option to accept ANSI C
configure:2364: gcc  -c   conftest.c >&5
configure:2370: $? = 0
configure:2374: test -z 
			 || test ! -s conftest.err
configure:2377: $? = 0
configure:2380: test -s conftest.o
configure:2383: $? = 0
configure:2401: result: none needed
configure:2419: gcc -c   conftest.c >&5
conftest.c:2:3: error: unknown type name 'choke'
    2 |   choke me
      |   ^~~~~
conftest.c:2:3: error: expected '=', ',', ';', 'asm' or '__attribute__' at end of input
configure:2425: $? = 1
configure: failed program was:
| #ifndef __cplusplus
|   choke me
| #endif
configure:2560: checking for existence of /home/max/Programming/SAOImageDS9/tcl8.6/unix/tclConfig.sh
configure:2564: result: loading
configure:2628: checking platform
configure:2651: gcc -c   conftest.c >&5
configure:2657: $? = 0
configure:2661: test -z 
			 || test ! -s conftest.err
configure:2664: $? = 0
configure:2667: test -s conftest.o
configure:2670: $? = 0
configure:2682: result: unix
configure:2723: checking for Tk configuration
configure:2850: result: found /home/max/Programming/SAOImageDS9/tk8.6/unix/tkConfig.sh
configure:2856: checking for existence of /home/max/Programming/SAOImageDS9/tk8.6/unix/tkConfig.sh
configure:2860: result: loading
configure:3036: checking for gcc
configure:3062: result: gcc
configure:3306: checking for C compiler version
configure:3309: gcc --version </dev/null >&5
gcc (Ubuntu 10.2.0-13ubuntu1) 10.2.0
Copyright (C) 2020 Free Software Foundation, Inc.
This is free software; see the source for copying conditions.  There is NO
warranty; not even for MERCHANTABILITY or FITNESS FOR A PARTICULAR PURPOSE.

configure:3312: $? = 0
configure:3314: gcc -v </dev/null >&5
Using built-in specs.
COLLECT_GCC=gcc
COLLECT_LTO_WRAPPER=/usr/lib/gcc/x86_64-linux-gnu/10/lto-wrapper
OFFLOAD_TARGET_NAMES=nvptx-none:amdgcn-amdhsa:hsa
OFFLOAD_TARGET_DEFAULT=1
Target: x86_64-linux-gnu
Configured with: ../src/configure -v --with-pkgversion='Ubuntu 10.2.0-13ubuntu1' --with-bugurl=file:///usr/share/doc/gcc-10/README.Bugs --enable-languages=c,ada,c++,go,brig,d,fortran,objc,obj-c++,m2 --prefix=/usr --with-gcc-major-version-only --program-suffix=-10 --program-prefix=x86_64-linux-gnu- --enable-shared --enable-linker-build-id --libexecdir=/usr/lib --without-included-gettext --enable-threads=posix --libdir=/usr/lib --enable-nls --enable-clocale=gnu --enable-libstdcxx-debug --enable-libstdcxx-time=yes --with-default-libstdcxx-abi=new --enable-gnu-unique-object --disable-vtable-verify --enable-plugin --enable-default-pie --with-system-zlib --enable-libphobos-checking=release --with-target-system-zlib=auto --enable-objc-gc=auto --enable-multiarch --disable-werror --with-arch-32=i686 --with-abi=m64 --with-multilib-list=m32,m64,mx32 --enable-multilib --with-tune=generic --enable-offload-targets=nvptx-none=/build/gcc-10-JvwpWM/gcc-10-10.2.0/debian/tmp-nvptx/usr,amdgcn-amdhsa=/build/gcc-10-JvwpWM/gcc-10-10.2.0/debian/tmp-gcn/usr,hsa --without-cuda-driver --enable-checking=release --build=x86_64-linux-gnu --host=x86_64-linux-gnu --target=x86_64-linux-gnu
Thread model: posix
Supported LTO compression algorithms: zlib zstd
gcc version 10.2.0 (Ubuntu 10.2.0-13ubuntu1) 
configure:3317: $? = 0
configure:3319: gcc -V </dev/null >&5
gcc: error: unrecognized command-line option '-V'
gcc: fatal error: no input files
compilation terminated.
configure:3322: $? = 1
configure:3325: checking whether we are using the GNU C compiler
configure:3381: result: yes
configure:3387: checking whether gcc accepts -g
configure:3438: result: yes
configure:3455: checking for gcc option to accept ANSI C
configure:3562: result: none needed
configure:3580: gcc -c   conftest.c >&5
conftest.c:2:3: error: unknown type name 'choke'
    2 |   choke me
      |   ^~~~~
conftest.c:2:3: error: expected '=', ',', ';', 'asm' or '__attribute__' at end of input
configure:3586: $? = 1
configure: failed program was:
| #ifndef __cplusplus
|   choke me
| #endif
configure:3724: checking how to run the C preprocessor
configure:3759: gcc -E  conftest.c
configure:3765: $? = 0
configure:3797: gcc -E  conftest.c
conftest.c:10:10: fatal error: ac_nonexistent.h: No such file or directory
   10 | #include <ac_nonexistent.h>
      |          ^~~~~~~~~~~~~~~~~~
compilation terminated.
configure:3803: $? = 1
configure: failed program was:
| /* confdefs.h.  */
| 
| #define PACKAGE_NAME "zlibtcl"
| #define PACKAGE_TARNAME "zlibtcl"
| #define PACKAGE_VERSION "1.2.11"
| #define PACKAGE_STRING "zlibtcl 1.2.11"
| #define PACKAGE_BUGREPORT ""
| #define BUILD_zlibtcl
| /* end confdefs.h.  */
| #include <ac_nonexistent.h>
configure:3842: result: gcc -E
configure:3866: gcc -E  conftest.c
configure:3872: $? = 0
configure:3904: gcc -E  conftest.c
conftest.c:10:10: fatal error: ac_nonexistent.h: No such file or directory
   10 | #include <ac_nonexistent.h>
      |          ^~~~~~~~~~~~~~~~~~
compilation terminated.
configure:3910: $? = 1
configure: failed program was:
| /* confdefs.h.  */
| 
| #define PACKAGE_NAME "zlibtcl"
| #define PACKAGE_TARNAME "zlibtcl"
| #define PACKAGE_VERSION "1.2.11"
| #define PACKAGE_STRING "zlibtcl 1.2.11"
| #define PACKAGE_BUGREPORT ""
| #define BUILD_zlibtcl
| /* end confdefs.h.  */
| #include <ac_nonexistent.h>
configure:3972: checking whether make sets $(MAKE)
configure:3992: result: yes
configure:4047: checking for ranlib
configure:4063: found /usr/bin/ranlib
configure:4073: result: ranlib
configure:4094: checking for egrep
configure:4104: result: grep -E
configure:4109: checking for ANSI C header files
configure:4134: gcc -c   conftest.c >&5
configure:4140: $? = 0
configure:4144: test -z 
			 || test ! -s conftest.err
configure:4147: $? = 0
configure:4150: test -s conftest.o
configure:4153: $? = 0
configure:4242: gcc -o conftest    conftest.c  >&5
conftest.c: In function 'main':
conftest.c:27:7: warning: implicit declaration of function 'exit' [-Wimplicit-function-declaration]
   27 |       exit(2);
      |       ^~~~
conftest.c:27:7: warning: incompatible implicit declaration of built-in function 'exit'
conftest.c:11:1: note: include '<stdlib.h>' or provide a declaration of 'exit'
   10 | #include <ctype.h>
  +++ |+#include <stdlib.h>
   11 | #if ((' ' & 0x0FF) == 0x020)
conftest.c:28:3: warning: incompatible implicit declaration of built-in function 'exit'
   28 |   exit (0);
      |   ^~~~
conftest.c:28:3: note: include '<stdlib.h>' or provide a declaration of 'exit'
configure:4245: $? = 0
configure:4247: ./conftest
configure:4250: $? = 0
configure:4265: result: yes
configure:4289: checking for sys/types.h
configure:4305: gcc -c   conftest.c >&5
configure:4311: $? = 0
configure:4315: test -z 
			 || test ! -s conftest.err
configure:4318: $? = 0
configure:4321: test -s conftest.o
configure:4324: $? = 0
configure:4335: result: yes
configure:4289: checking for sys/stat.h
configure:4305: gcc -c   conftest.c >&5
configure:4311: $? = 0
configure:4315: test -z 
			 || test ! -s conftest.err
configure:4318: $? = 0
configure:4321: test -s conftest.o
configure:4324: $? = 0
configure:4335: result: yes
configure:4289: checking for stdlib.h
configure:4305: gcc -c   conftest.c >&5
configure:4311: $? = 0
configure:4315: test -z 
			 || test ! -s conftest.err
configure:4318: $? = 0
configure:4321: test -s conftest.o
configure:4324: $? = 0
configure:4335: result: yes
configure:4289: checking for string.h
configure:4305: gcc -c   conftest.c >&5
configure:4311: $? = 0
configure:4315: test -z 
			 || test ! -s conftest.err
configure:4318: $? = 0
configure:4321: test -s conftest.o
configure:4324: $? = 0
configure:4335: result: yes
configure:4289: checking for memory.h
configure:4305: gcc -c   conftest.c >&5
configure:4311: $? = 0
configure:4315: test -z 
			 || test ! -s conftest.err
configure:4318: $? = 0
configure:4321: test -s conftest.o
configure:4324: $? = 0
configure:4335: result: yes
configure:4289: checking for strings.h
configure:4305: gcc -c   conftest.c >&5
configure:4311: $? = 0
configure:4315: test -z 
			 || test ! -s conftest.err
configure:4318: $? = 0
configure:4321: test -s conftest.o
configure:4324: $? = 0
configure:4335: result: yes
configure:4289: checking for inttypes.h
configure:4305: gcc -c   conftest.c >&5
configure:4311: $? = 0
configure:4315: test -z 
			 || test ! -s conftest.err
configure:4318: $? = 0
configure:4321: test -s conftest.o
configure:4324: $? = 0
configure:4335: result: yes
configure:4289: checking for stdint.h
configure:4305: gcc -c   conftest.c >&5
configure:4311: $? = 0
configure:4315: test -z 
			 || test ! -s conftest.err
configure:4318: $? = 0
configure:4321: test -s conftest.o
configure:4324: $? = 0
configure:4335: result: yes
configure:4289: checking for unistd.h
configure:4305: gcc -c   conftest.c >&5
configure:4311: $? = 0
configure:4315: test -z 
			 || test ! -s conftest.err
configure:4318: $? = 0
configure:4321: test -s conftest.o
configure:4324: $? = 0
configure:4335: result: yes
configure:4357: checking if the compiler understands -pipe
configure:4380: gcc -c  -pipe  conftest.c >&5
configure:4386: $? = 0
configure:4390: test -z 
			 || test ! -s conftest.err
configure:4393: $? = 0
configure:4396: test -s conftest.o
configure:4399: $? = 0
configure:4411: result: yes
configure:4422: checking whether byte ordering is bigendian
configure:4449: gcc -c  -pipe  conftest.c >&5
configure:4455: $? = 0
configure:4459: test -z 
			 || test ! -s conftest.err
configure:4462: $? = 0
configure:4465: test -s conftest.o
configure:4468: $? = 0
configure:4492: gcc -c  -pipe  conftest.c >&5
conftest.c: In function 'main':
conftest.c:27:2: error: unknown type name 'not'; did you mean 'ino_t'?
   27 |  not big endian
      |  ^~~
      |  ino_t
conftest.c:27:10: error: expected '=', ',', ';', 'asm' or '__attribute__' before 'endian'
   27 |  not big endian
      |          ^~~~~~
configure:4498: $? = 1
configure: failed program was:
| /* confdefs.h.  */
| 
| #define PACKAGE_NAME "zlibtcl"
| #define PACKAGE_TARNAME "zlibtcl"
| #define PACKAGE_VERSION "1.2.11"
| #define PACKAGE_STRING "zlibtcl 1.2.11"
| #define PACKAGE_BUGREPORT ""
| #define BUILD_zlibtcl
| #define STDC_HEADERS 1
| #define HAVE_SYS_TYPES_H 1
| #define HAVE_SYS_STAT_H 1
| #define HAVE_STDLIB_H 1
| #define HAVE_STRING_H 1
| #define HAVE_MEMORY_H 1
| #define HAVE_STRINGS_H 1
| #define HAVE_INTTYPES_H 1
| #define HAVE_STDINT_H 1
| #define HAVE_UNISTD_H 1
| /* end confdefs.h.  */
| #include <sys/types.h>
| #include <sys/param.h>
| 
| int
| main ()
| {
| #if BYTE_ORDER != BIG_ENDIAN
|  not big endian
| #endif
| 
|   ;
|   return 0;
| }
configure:4633: result: no
configure:4661: checking for sin
configure:4718: gcc -o conftest  -pipe   conftest.c  >&5
conftest.c:44:6: warning: conflicting types for built-in function 'sin'; expected 'double(double)' [-Wbuiltin-declaration-mismatch]
   44 | char sin ();
      |      ^~~
conftest.c:31:1: note: 'sin' is declared in header '<math.h>'
   30 | # include <limits.h>
   31 | #else
/usr/bin/ld: /tmp/ccvNoWXX.o: in function `main':
conftest.c:(.text+0x12): undefined reference to `sin'
/usr/bin/ld: /tmp/ccvNoWXX.o:(.data.rel+0x0): undefined reference to `sin'
collect2: error: ld returned 1 exit status
configure:4724: $? = 1
configure: failed program was:
| /* confdefs.h.  */
| 
| #define PACKAGE_NAME "zlibtcl"
| #define PACKAGE_TARNAME "zlibtcl"
| #define PACKAGE_VERSION "1.2.11"
| #define PACKAGE_STRING "zlibtcl 1.2.11"
| #define PACKAGE_BUGREPORT ""
| #define BUILD_zlibtcl
| #define STDC_HEADERS 1
| #define HAVE_SYS_TYPES_H 1
| #define HAVE_SYS_STAT_H 1
| #define HAVE_STDLIB_H 1
| #define HAVE_STRING_H 1
| #define HAVE_MEMORY_H 1
| #define HAVE_STRINGS_H 1
| #define HAVE_INTTYPES_H 1
| #define HAVE_STDINT_H 1
| #define HAVE_UNISTD_H 1
| /* end confdefs.h.  */
| /* Define sin to an innocuous variant, in case <limits.h> declares sin.
|    For example, HP-UX 11i <limits.h> declares gettimeofday.  */
| #define sin innocuous_sin
| 
| /* System header to define __stub macros and hopefully few prototypes,
|     which can conflict with char sin (); below.
|     Prefer <limits.h> to <assert.h> if __STDC__ is defined, since
|     <limits.h> exists even on freestanding compilers.  */
| 
| #ifdef __STDC__
| # include <limits.h>
| #else
| # include <assert.h>
| #endif
| 
| #undef sin
| 
| /* Override any gcc2 internal prototype to avoid an error.  */
| #ifdef __cplusplus
| extern "C"
| {
| #endif
| /* We use char because int might match the return type of a gcc2
|    builtin and then its argument prototype would still apply.  */
| char sin ();
| /* The GNU C library defines this for functions which it implements
|     to always fail with ENOSYS.  Some functions are actually named
|     something starting with __ and the normal name is an alias.  */
| #if defined (__stub_sin) || defined (__stub___sin)
| choke me
| #else
| char (*f) () = sin;
| #endif
| #ifdef __cplusplus
| }
| #endif
| 
| int
| main ()
| {
| return f != sin;
|   ;
|   return 0;
| }
configure:4749: result: no
configure:4757: checking for main in -lieee
configure:4781: gcc -o conftest  -pipe   conftest.c -lieee   >&5
/usr/bin/ld: cannot find -lieee
collect2: error: ld returned 1 exit status
configure:4787: $? = 1
configure: failed program was:
| /* confdefs.h.  */
| 
| #define PACKAGE_NAME "zlibtcl"
| #define PACKAGE_TARNAME "zlibtcl"
| #define PACKAGE_VERSION "1.2.11"
| #define PACKAGE_STRING "zlibtcl 1.2.11"
| #define PACKAGE_BUGREPORT ""
| #define BUILD_zlibtcl
| #define STDC_HEADERS 1
| #define HAVE_SYS_TYPES_H 1
| #define HAVE_SYS_STAT_H 1
| #define HAVE_STDLIB_H 1
| #define HAVE_STRING_H 1
| #define HAVE_MEMORY_H 1
| #define HAVE_STRINGS_H 1
| #define HAVE_INTTYPES_H 1
| #define HAVE_STDINT_H 1
| #define HAVE_UNISTD_H 1
| /* end confdefs.h.  */
| 
| 
| int
| main ()
| {
| main ();
|   ;
|   return 0;
| }
configure:4813: result: no
configure:4825: checking for main in -linet
configure:4849: gcc -o conftest  -pipe   conftest.c -linet   >&5
/usr/bin/ld: cannot find -linet
collect2: error: ld returned 1 exit status
configure:4855: $? = 1
configure: failed program was:
| /* confdefs.h.  */
| 
| #define PACKAGE_NAME "zlibtcl"
| #define PACKAGE_TARNAME "zlibtcl"
| #define PACKAGE_VERSION "1.2.11"
| #define PACKAGE_STRING "zlibtcl 1.2.11"
| #define PACKAGE_BUGREPORT ""
| #define BUILD_zlibtcl
| #define STDC_HEADERS 1
| #define HAVE_SYS_TYPES_H 1
| #define HAVE_SYS_STAT_H 1
| #define HAVE_STDLIB_H 1
| #define HAVE_STRING_H 1
| #define HAVE_MEMORY_H 1
| #define HAVE_STRINGS_H 1
| #define HAVE_INTTYPES_H 1
| #define HAVE_STDINT_H 1
| #define HAVE_UNISTD_H 1
| /* end confdefs.h.  */
| 
| 
| int
| main ()
| {
| main ();
|   ;
|   return 0;
| }
configure:4881: result: no
configure:4897: checking net/errno.h usability
configure:4909: gcc -c  -pipe  conftest.c >&5
conftest.c:54:10: fatal error: net/errno.h: No such file or directory
   54 | #include <net/errno.h>
      |          ^~~~~~~~~~~~~
compilation terminated.
configure:4915: $? = 1
configure: failed program was:
| /* confdefs.h.  */
| 
| #define PACKAGE_NAME "zlibtcl"
| #define PACKAGE_TARNAME "zlibtcl"
| #define PACKAGE_VERSION "1.2.11"
| #define PACKAGE_STRING "zlibtcl 1.2.11"
| #define PACKAGE_BUGREPORT ""
| #define BUILD_zlibtcl
| #define STDC_HEADERS 1
| #define HAVE_SYS_TYPES_H 1
| #define HAVE_SYS_STAT_H 1
| #define HAVE_STDLIB_H 1
| #define HAVE_STRING_H 1
| #define HAVE_MEMORY_H 1
| #define HAVE_STRINGS_H 1
| #define HAVE_INTTYPES_H 1
| #define HAVE_STDINT_H 1
| #define HAVE_UNISTD_H 1
| /* end confdefs.h.  */
| #include <stdio.h>
| #if HAVE_SYS_TYPES_H
| # include <sys/types.h>
| #endif
| #if HAVE_SYS_STAT_H
| # include <sys/stat.h>
| #endif
| #if STDC_HEADERS
| # include <stdlib.h>
| # include <stddef.h>
| #else
| # if HAVE_STDLIB_H
| #  include <stdlib.h>
| # endif
| #endif
| #if HAVE_STRING_H
| # if !STDC_HEADERS && HAVE_MEMORY_H
| #  include <memory.h>
| # endif
| # include <string.h>
| #endif
| #if HAVE_STRINGS_H
| # include <strings.h>
| #endif
| #if HAVE_INTTYPES_H
| # include <inttypes.h>
| #else
| # if HAVE_STDINT_H
| #  include <stdint.h>
| # endif
| #endif
| #if HAVE_UNISTD_H
| # include <unistd.h>
| #endif
| #include <net/errno.h>
configure:4938: result: no
configure:4942: checking net/errno.h presence
configure:4952: gcc -E  conftest.c
conftest.c:20:10: fatal error: net/errno.h: No such file or directory
   20 | #include <net/errno.h>
      |          ^~~~~~~~~~~~~
compilation terminated.
configure:4958: $? = 1
configure: failed program was:
| /* confdefs.h.  */
| 
| #define PACKAGE_NAME "zlibtcl"
| #define PACKAGE_TARNAME "zlibtcl"
| #define PACKAGE_VERSION "1.2.11"
| #define PACKAGE_STRING "zlibtcl 1.2.11"
| #define PACKAGE_BUGREPORT ""
| #define BUILD_zlibtcl
| #define STDC_HEADERS 1
| #define HAVE_SYS_TYPES_H 1
| #define HAVE_SYS_STAT_H 1
| #define HAVE_STDLIB_H 1
| #define HAVE_STRING_H 1
| #define HAVE_MEMORY_H 1
| #define HAVE_STRINGS_H 1
| #define HAVE_INTTYPES_H 1
| #define HAVE_STDINT_H 1
| #define HAVE_UNISTD_H 1
| /* end confdefs.h.  */
| #include <net/errno.h>
configure:4978: result: no
configure:5013: checking for net/errno.h
configure:5020: result: no
configure:5054: checking for connect
configure:5111: gcc -o conftest  -pipe   conftest.c  >&5
configure:5117: $? = 0
configure:5121: test -z 
			 || test ! -s conftest.err
configure:5124: $? = 0
configure:5127: test -s conftest
configure:5130: $? = 0
configure:5142: result: yes
configure:5417: checking for gethostbyname
configure:5474: gcc -o conftest  -pipe   conftest.c  >&5
configure:5480: $? = 0
configure:5484: test -z 
			 || test ! -s conftest.err
configure:5487: $? = 0
configure:5490: test -s conftest
configure:5493: $? = 0
configure:5505: result: yes
configure:5589: checking dirent.h
configure:5630: gcc -o conftest  -pipe   conftest.c  >&5
configure:5636: $? = 0
configure:5640: test -z 
			 || test ! -s conftest.err
configure:5643: $? = 0
configure:5646: test -s conftest
configure:5649: $? = 0
configure:5661: result: yes
configure:5683: checking errno.h usability
configure:5695: gcc -c  -pipe  conftest.c >&5
configure:5701: $? = 0
configure:5705: test -z 
			 || test ! -s conftest.err
configure:5708: $? = 0
configure:5711: test -s conftest.o
configure:5714: $? = 0
configure:5724: result: yes
configure:5728: checking errno.h presence
configure:5738: gcc -E  conftest.c
configure:5744: $? = 0
configure:5764: result: yes
configure:5799: checking for errno.h
configure:5806: result: yes
configure:5831: checking float.h usability
configure:5843: gcc -c  -pipe  conftest.c >&5
configure:5849: $? = 0
configure:5853: test -z 
			 || test ! -s conftest.err
configure:5856: $? = 0
configure:5859: test -s conftest.o
configure:5862: $? = 0
configure:5872: result: yes
configure:5876: checking float.h presence
configure:5886: gcc -E  conftest.c
configure:5892: $? = 0
configure:5912: result: yes
configure:5947: checking for float.h
configure:5954: result: yes
configure:5979: checking values.h usability
configure:5991: gcc -c  -pipe  conftest.c >&5
configure:5997: $? = 0
configure:6001: test -z 
			 || test ! -s conftest.err
configure:6004: $? = 0
configure:6007: test -s conftest.o
configure:6010: $? = 0
configure:6020: result: yes
configure:6024: checking values.h presence
configure:6034: gcc -E  conftest.c
configure:6040: $? = 0
configure:6060: result: yes
configure:6095: checking for values.h
configure:6102: result: yes
configure:6127: checking limits.h usability
configure:6139: gcc -c  -pipe  conftest.c >&5
configure:6145: $? = 0
configure:6149: test -z 
			 || test ! -s conftest.err
configure:6152: $? = 0
configure:6155: test -s conftest.o
configure:6158: $? = 0
configure:6168: result: yes
configure:6172: checking limits.h presence
configure:6182: gcc -E  conftest.c
configure:6188: $? = 0
configure:6208: result: yes
configure:6243: checking for limits.h
configure:6250: result: yes
configure:6270: checking for stdlib.h
configure:6275: result: yes
configure:6472: checking for string.h
configure:6477: result: yes
configure:6671: checking sys/wait.h usability
configure:6683: gcc -c  -pipe  conftest.c >&5
configure:6689: $? = 0
configure:6693: test -z 
			 || test ! -s conftest.err
configure:6696: $? = 0
configure:6699: test -s conftest.o
configure:6702: $? = 0
configure:6712: result: yes
configure:6716: checking sys/wait.h presence
configure:6726: gcc -E  conftest.c
configure:6732: $? = 0
configure:6752: result: yes
configure:6787: checking for sys/wait.h
configure:6794: result: yes
configure:6819: checking dlfcn.h usability
configure:6831: gcc -c  -pipe  conftest.c >&5
configure:6837: $? = 0
configure:6841: test -z 
			 || test ! -s conftest.err
configure:6844: $? = 0
configure:6847: test -s conftest.o
configure:6850: $? = 0
configure:6860: result: yes
configure:6864: checking dlfcn.h presence
configure:6874: gcc -E  conftest.c
configure:6880: $? = 0
configure:6900: result: yes
configure:6935: checking for dlfcn.h
configure:6942: result: yes
configure:6973: checking sys/param.h usability
configure:6985: gcc -c  -pipe  conftest.c >&5
configure:6991: $? = 0
configure:6995: test -z 
			 || test ! -s conftest.err
configure:6998: $? = 0
configure:7001: test -s conftest.o
configure:7004: $? = 0
configure:7014: result: yes
configure:7018: checking sys/param.h presence
configure:7028: gcc -E  conftest.c
configure:7034: $? = 0
configure:7054: result: yes
configure:7089: checking for sys/param.h
configure:7096: result: yes
configure:7472: checking for Tcl public headers
configure:7547: result: /home/max/Programming/SAOImageDS9/tcl8.6/generic
configure:7560: checking for Tk public headers
configure:7638: result: /home/max/Programming/SAOImageDS9/tk8.6/generic
configure:7735: checking for pthread_mutex_init in -lpthread
configure:7765: gcc -o conftest  -pipe   conftest.c -lpthread   >&5
configure:7771: $? = 0
configure:7775: test -z 
			 || test ! -s conftest.err
configure:7778: $? = 0
configure:7781: test -s conftest
configure:7784: $? = 0
configure:7797: result: yes
configure:8118: checking for building with threads
configure:8126: result: yes (default)
configure:8167: checking how to build libraries
configure:8189: result: static
configure:8248: checking for ranlib
configure:8275: result: ranlib
configure:8292: checking if 64bit support is requested
configure:8301: result: no
configure:8306: checking if 64bit Sparc VIS support is requested
configure:8315: result: no
configure:8326: checking if compiler supports visibility "hidden"
configure:8351: gcc -o conftest  -pipe -Werror   conftest.c  >&5
configure:8357: $? = 0
configure:8361: test -z 
			 || test ! -s conftest.err
configure:8364: $? = 0
configure:8367: test -s conftest
configure:8370: $? = 0
configure:8383: result: yes
configure:8403: checking if rpath support is requested
configure:8412: result: yes
configure:8438: checking system version
configure:8461: result: Linux-5.8.0-25-generic
configure:8540: checking for ar
configure:8556: found /usr/bin/ar
configure:8566: result: ar
configure:10810: checking for cast to union support
configure:10834: gcc -c  -pipe  conftest.c >&5
configure:10840: $? = 0
configure:10844: test -z 
			 || test ! -s conftest.err
configure:10847: $? = 0
configure:10850: test -s conftest.o
configure:10853: $? = 0
configure:10865: result: yes
configure:10890: checking for required early compiler flags
configure:10913: gcc -c  -pipe  conftest.c >&5
configure:10919: $? = 0
configure:10923: test -z 
			 || test ! -s conftest.err
configure:10926: $? = 0
configure:10929: test -s conftest.o
configure:10932: $? = 0
configure:11018: gcc -c  -pipe  conftest.c >&5
conftest.c: In function 'main':
conftest.c:34:15: error: storage size of 'buf' isn't known
   34 | struct stat64 buf; int i = stat64("/", &buf);
      |               ^~~
conftest.c:34:28: warning: implicit declaration of function 'stat64'; did you mean 'stat'? [-Wimplicit-function-declaration]
   34 | struct stat64 buf; int i = stat64("/", &buf);
      |                            ^~~~~~
      |                            stat
configure:11024: $? = 1
configure: failed program was:
| /* confdefs.h.  */
| 
| #define PACKAGE_NAME "zlibtcl"
| #define PACKAGE_TARNAME "zlibtcl"
| #define PACKAGE_VERSION "1.2.11"
| #define PACKAGE_STRING "zlibtcl 1.2.11"
| #define PACKAGE_BUGREPORT ""
| #define BUILD_zlibtcl
| #define STDC_HEADERS 1
| #define HAVE_SYS_TYPES_H 1
| #define HAVE_SYS_STAT_H 1
| #define HAVE_STDLIB_H 1
| #define HAVE_STRING_H 1
| #define HAVE_MEMORY_H 1
| #define HAVE_STRINGS_H 1
| #define HAVE_INTTYPES_H 1
| #define HAVE_STDINT_H 1
| #define HAVE_UNISTD_H 1
| #define HAVE_LIMITS_H 1
| #define HAVE_SYS_PARAM_H 1
| #define USE_THREAD_ALLOC 1
| #define _REENTRANT 1
| #define _THREAD_SAFE 1
| #define TCL_THREADS 1
| #define STATIC_BUILD 1
| #define MODULE_SCOPE extern __attribute__((__visibility__("hidden")))
| #define HAVE_HIDDEN 1
| #define HAVE_CAST_TO_UNION 1
| /* end confdefs.h.  */
| #include <sys/stat.h>
| int
| main ()
| {
| struct stat64 buf; int i = stat64("/", &buf);
|   ;
|   return 0;
| }
configure:11061: gcc -c  -pipe  conftest.c >&5
configure:11067: $? = 0
configure:11071: test -z 
			 || test ! -s conftest.err
configure:11074: $? = 0
configure:11077: test -s conftest.o
configure:11080: $? = 0
configure:11123: gcc -c  -pipe  conftest.c >&5
conftest.c: In function 'main':
conftest.c:35:19: error: 'open64' undeclared (first use in this function)
   35 | char *p = (char *)open64;
      |                   ^~~~~~
conftest.c:35:19: note: each undeclared identifier is reported only once for each function it appears in
configure:11129: $? = 1
configure: failed program was:
| /* confdefs.h.  */
| 
| #define PACKAGE_NAME "zlibtcl"
| #define PACKAGE_TARNAME "zlibtcl"
| #define PACKAGE_VERSION "1.2.11"
| #define PACKAGE_STRING "zlibtcl 1.2.11"
| #define PACKAGE_BUGREPORT ""
| #define BUILD_zlibtcl
| #define STDC_HEADERS 1
| #define HAVE_SYS_TYPES_H 1
| #define HAVE_SYS_STAT_H 1
| #define HAVE_STDLIB_H 1
| #define HAVE_STRING_H 1
| #define HAVE_MEMORY_H 1
| #define HAVE_STRINGS_H 1
| #define HAVE_INTTYPES_H 1
| #define HAVE_STDINT_H 1
| #define HAVE_UNISTD_H 1
| #define HAVE_LIMITS_H 1
| #define HAVE_SYS_PARAM_H 1
| #define USE_THREAD_ALLOC 1
| #define _REENTRANT 1
| #define _THREAD_SAFE 1
| #define TCL_THREADS 1
| #define STATIC_BUILD 1
| #define MODULE_SCOPE extern __attribute__((__visibility__("hidden")))
| #define HAVE_HIDDEN 1
| #define HAVE_CAST_TO_UNION 1
| #define _LARGEFILE64_SOURCE 1
| /* end confdefs.h.  */
| #include <sys/stat.h>
| int
| main ()
| {
| char *p = (char *)open64;
|   ;
|   return 0;
| }
configure:11166: gcc -c  -pipe  conftest.c >&5
conftest.c: In function 'main':
conftest.c:36:19: error: 'open64' undeclared (first use in this function)
   36 | char *p = (char *)open64;
      |                   ^~~~~~
conftest.c:36:19: note: each undeclared identifier is reported only once for each function it appears in
configure:11172: $? = 1
configure: failed program was:
| /* confdefs.h.  */
| 
| #define PACKAGE_NAME "zlibtcl"
| #define PACKAGE_TARNAME "zlibtcl"
| #define PACKAGE_VERSION "1.2.11"
| #define PACKAGE_STRING "zlibtcl 1.2.11"
| #define PACKAGE_BUGREPORT ""
| #define BUILD_zlibtcl
| #define STDC_HEADERS 1
| #define HAVE_SYS_TYPES_H 1
| #define HAVE_SYS_STAT_H 1
| #define HAVE_STDLIB_H 1
| #define HAVE_STRING_H 1
| #define HAVE_MEMORY_H 1
| #define HAVE_STRINGS_H 1
| #define HAVE_INTTYPES_H 1
| #define HAVE_STDINT_H 1
| #define HAVE_UNISTD_H 1
| #define HAVE_LIMITS_H 1
| #define HAVE_SYS_PARAM_H 1
| #define USE_THREAD_ALLOC 1
| #define _REENTRANT 1
| #define _THREAD_SAFE 1
| #define TCL_THREADS 1
| #define STATIC_BUILD 1
| #define MODULE_SCOPE extern __attribute__((__visibility__("hidden")))
| #define HAVE_HIDDEN 1
| #define HAVE_CAST_TO_UNION 1
| #define _LARGEFILE64_SOURCE 1
| /* end confdefs.h.  */
| #define _LARGEFILE_SOURCE64 1
| #include <sys/stat.h>
| int
| main ()
| {
| char *p = (char *)open64;
|   ;
|   return 0;
| }
configure:11212: result:  _LARGEFILE64_SOURCE
configure:11217: checking for 64-bit integer type
configure:11241: gcc -c  -pipe  conftest.c >&5
conftest.c: In function 'main':
conftest.c:35:1: error: unknown type name '__int64'
   35 | __int64 value = (__int64) 0;
      | ^~~~~~~
conftest.c:35:18: error: '__int64' undeclared (first use in this function)
   35 | __int64 value = (__int64) 0;
      |                  ^~~~~~~
conftest.c:35:18: note: each undeclared identifier is reported only once for each function it appears in
conftest.c:35:27: error: expected ',' or ';' before numeric constant
   35 | __int64 value = (__int64) 0;
      |                           ^
configure:11247: $? = 1
configure: failed program was:
| /* confdefs.h.  */
| 
| #define PACKAGE_NAME "zlibtcl"
| #define PACKAGE_TARNAME "zlibtcl"
| #define PACKAGE_VERSION "1.2.11"
| #define PACKAGE_STRING "zlibtcl 1.2.11"
| #define PACKAGE_BUGREPORT ""
| #define BUILD_zlibtcl
| #define STDC_HEADERS 1
| #define HAVE_SYS_TYPES_H 1
| #define HAVE_SYS_STAT_H 1
| #define HAVE_STDLIB_H 1
| #define HAVE_STRING_H 1
| #define HAVE_MEMORY_H 1
| #define HAVE_STRINGS_H 1
| #define HAVE_INTTYPES_H 1
| #define HAVE_STDINT_H 1
| #define HAVE_UNISTD_H 1
| #define HAVE_LIMITS_H 1
| #define HAVE_SYS_PARAM_H 1
| #define USE_THREAD_ALLOC 1
| #define _REENTRANT 1
| #define _THREAD_SAFE 1
| #define TCL_THREADS 1
| #define STATIC_BUILD 1
| #define MODULE_SCOPE extern __attribute__((__visibility__("hidden")))
| #define HAVE_HIDDEN 1
| #define HAVE_CAST_TO_UNION 1
| #define _LARGEFILE64_SOURCE 1
| /* end confdefs.h.  */
| 
| int
| main ()
| {
| __int64 value = (__int64) 0;
|   ;
|   return 0;
| }
configure:11291: gcc -c  -pipe  conftest.c >&5
conftest.c: In function 'main':
conftest.c:36:21: error: duplicate case value
   36 |             case 1: case (sizeof(long long)==sizeof(long)): ;
      |                     ^~~~
conftest.c:36:13: note: previously used here
   36 |             case 1: case (sizeof(long long)==sizeof(long)): ;
      |             ^~~~
configure:11297: $? = 1
configure: failed program was:
| /* confdefs.h.  */
| 
| #define PACKAGE_NAME "zlibtcl"
| #define PACKAGE_TARNAME "zlibtcl"
| #define PACKAGE_VERSION "1.2.11"
| #define PACKAGE_STRING "zlibtcl 1.2.11"
| #define PACKAGE_BUGREPORT ""
| #define BUILD_zlibtcl
| #define STDC_HEADERS 1
| #define HAVE_SYS_TYPES_H 1
| #define HAVE_SYS_STAT_H 1
| #define HAVE_STDLIB_H 1
| #define HAVE_STRING_H 1
| #define HAVE_MEMORY_H 1
| #define HAVE_STRINGS_H 1
| #define HAVE_INTTYPES_H 1
| #define HAVE_STDINT_H 1
| #define HAVE_UNISTD_H 1
| #define HAVE_LIMITS_H 1
| #define HAVE_SYS_PARAM_H 1
| #define USE_THREAD_ALLOC 1
| #define _REENTRANT 1
| #define _THREAD_SAFE 1
| #define TCL_THREADS 1
| #define STATIC_BUILD 1
| #define MODULE_SCOPE extern __attribute__((__visibility__("hidden")))
| #define HAVE_HIDDEN 1
| #define HAVE_CAST_TO_UNION 1
| #define _LARGEFILE64_SOURCE 1
| /* end confdefs.h.  */
| 
| int
| main ()
| {
| switch (0) {
|             case 1: case (sizeof(long long)==sizeof(long)): ;
|         }
|   ;
|   return 0;
| }
configure:11327: result: using long
configure:11652: checking for build with symbols
configure:11671: result: yes (standard debugging)
configure:11852: checking for tclsh
configure:11879: result: /home/max/Programming/SAOImageDS9/tcl8.6/unix/tclsh
configure:12050: creating ./config.status

## ---------------------- ##
## Running config.status. ##
## ---------------------- ##

This file was extended by zlibtcl config.status 1.2.11, which was
generated by GNU Autoconf 2.59.  Invocation command line was

  CONFIG_FILES    = 
  CONFIG_HEADERS  = 
  CONFIG_LINKS    = 
  CONFIG_COMMANDS = 
  $ ./config.status 

on Maximum-V2

config.status:706: creating Makefile
config.status:706: creating zlibtclConfig.sh

## ---------------- ##
## Cache variables. ##
## ---------------- ##

ac_cv_c_bigendian=no
ac_cv_c_compiler_gnu=yes
ac_cv_c_tclconfig=/home/max/Programming/SAOImageDS9/tcl8.6/unix
ac_cv_c_tclh=/home/max/Programming/SAOImageDS9/tcl8.6/generic
ac_cv_c_tkconfig=/home/max/Programming/SAOImageDS9/tk8.6/unix
ac_cv_c_tkh=/home/max/Programming/SAOImageDS9/tk8.6/generic
ac_cv_env_CC_set=
ac_cv_env_CC_value=
ac_cv_env_CFLAGS_set=
ac_cv_env_CFLAGS_value=
ac_cv_env_CPPFLAGS_set=
ac_cv_env_CPPFLAGS_value=
ac_cv_env_CPP_set=
ac_cv_env_CPP_value=
ac_cv_env_LDFLAGS_set=
ac_cv_env_LDFLAGS_value=
ac_cv_env_build_alias_set=
ac_cv_env_build_alias_value=
ac_cv_env_host_alias_set=
ac_cv_env_host_alias_value=
ac_cv_env_target_alias_set=
ac_cv_env_target_alias_value=
ac_cv_exeext=
ac_cv_func_connect=yes
ac_cv_func_gethostbyname=yes
ac_cv_func_sin=no
ac_cv_header_dlfcn_h=yes
ac_cv_header_errno_h=yes
ac_cv_header_float_h=yes
ac_cv_header_inttypes_h=yes
ac_cv_header_limits_h=yes
ac_cv_header_memory_h=yes
ac_cv_header_net_errno_h=no
ac_cv_header_stdc=yes
ac_cv_header_stdint_h=yes
ac_cv_header_stdlib_h=yes
ac_cv_header_string_h=yes
ac_cv_header_strings_h=yes
ac_cv_header_sys_param_h=yes
ac_cv_header_sys_stat_h=yes
ac_cv_header_sys_types_h=yes
ac_cv_header_sys_wait_h=yes
ac_cv_header_unistd_h=yes
ac_cv_header_values_h=yes
ac_cv_lib_ieee_main=no
ac_cv_lib_inet_main=no
ac_cv_lib_pthread_pthread_mutex_init=yes
ac_cv_objext=o
ac_cv_prog_CPP='gcc -E'
ac_cv_prog_ac_ct_AR=ar
ac_cv_prog_ac_ct_CC=gcc
ac_cv_prog_ac_ct_RANLIB=ranlib
ac_cv_prog_cc_g=yes
ac_cv_prog_cc_stdc=
ac_cv_prog_egrep='grep -E'
ac_cv_prog_make_make_set=yes
tcl_cv_cast_to_union=yes
tcl_cv_cc_pipe=yes
tcl_cv_cc_visibility_hidden=yes
tcl_cv_dirent_h=yes
tcl_cv_flag__isoc99_source=no
tcl_cv_flag__largefile64_source=yes
tcl_cv_flag__largefile_source64=no
tcl_cv_sys_version=Linux-5.8.0-25-generic
tcl_cv_type_64bit=none

## ----------------- ##
## Output variables. ##
## ----------------- ##

AR='ar'
CC='gcc'
CELIB_DIR=''
CFLAGS=' -pipe ${CFLAGS_DEFAULT} ${CFLAGS_WARNING} '
CFLAGS_DEBUG='-g'
CFLAGS_DEFAULT='-g'
CFLAGS_OPTIMIZE='-O2 -fomit-frame-pointer'
CFLAGS_WARNING='-Wall -Wwrite-strings'
CLEANFILES=''
CPP='gcc -E'
CPPFLAGS=''
CYGPATH='echo'
DEFS='-DPACKAGE_NAME=\"zlibtcl\" -DPACKAGE_TARNAME=\"zlibtcl\" -DPACKAGE_VERSION=\"1.2.11\" -DPACKAGE_STRING=\"zlibtcl\ 1.2.11\" -DPACKAGE_BUGREPORT=\"\" -DBUILD_zlibtcl= -DSTDC_HEADERS=1 -DHAVE_SYS_TYPES_H=1 -DHAVE_SYS_STAT_H=1 -DHAVE_STDLIB_H=1 -DHAVE_STRING_H=1 -DHAVE_MEMORY_H=1 -DHAVE_STRINGS_H=1 -DHAVE_INTTYPES_H=1 -DHAVE_STDINT_H=1 -DHAVE_UNISTD_H=1 -DHAVE_LIMITS_H=1 -DHAVE_SYS_PARAM_H=1 -DUSE_THREAD_ALLOC=1 -D_REENTRANT=1 -D_THREAD_SAFE=1 -DTCL_THREADS=1 -DSTATIC_BUILD=1 -DMODULE_SCOPE=extern\ __attribute__\(\(__visibility__\(\"hidden\"\)\)\) -DHAVE_HIDDEN=1 -DHAVE_CAST_TO_UNION=1 -D_LARGEFILE64_SOURCE=1 -DTCL_WIDE_INT_IS_LONG=1 -DUSE_TCL_STUBS=1 '
ECHO_C=''
ECHO_N='-n'
ECHO_T=''
EGREP='grep -E'
EXEEXT=''
INSTALL='$(SHELL) $(srcdir)/tclconfig/install-sh -c'
INSTALL_DATA='${INSTALL} -m 644'
INSTALL_DATA_DIR='${INSTALL} -d -m 755'
INSTALL_LIBRARY='${INSTALL_DATA}'
INSTALL_PROGRAM='${INSTALL}'
INSTALL_SCRIPT='${INSTALL}'
LDFLAGS=' -Wl,--export-dynamic '
LDFLAGS_DEFAULT=' -Wl,--export-dynamic '
LD_LIBRARY_PATH_VAR='LD_LIBRARY_PATH'
LIBOBJS=''
LIBS=''
LTLIBOBJS=''
MAJOR_VERSION=''
MAKE_LIB='${STLIB_LD} $@ $(PKG_OBJECTS) '
MAKE_SHARED_LIB='${SHLIB_LD} -o $@ $(PKG_OBJECTS) ${SHLIB_LD_LIBS}'
MAKE_STATIC_LIB='${STLIB_LD} $@ $(PKG_OBJECTS)'
MAKE_STUB_LIB='${STLIB_LD} $@ $(PKG_STUB_OBJECTS)'
MATH_LIBS='-lm'
MINOR_VERSION=''
OBJEXT='o'
PACKAGE_BUGREPORT=''
PACKAGE_NAME='zlibtcl'
PACKAGE_STRING='zlibtcl 1.2.11'
PACKAGE_TARNAME='zlibtcl'
PACKAGE_VERSION='1.2.11'
PATCHLEVEL=''
PATH_SEPARATOR=':'
PKG_CFLAGS=' '
PKG_HEADERS=' zlibtcl.h zlibtclDecls.h'
PKG_INCLUDES=' -I"."'
PKG_LIBS=''
PKG_LIB_FILE='libzlibtcl1.2.11.a'
PKG_OBJECTS=' zlibtcl.o zlibtclStubInit.o adler32.o compress.o crc32.o deflate.o gzclose.o gzlib.o gzread.o gzwrite.o infback.o inffast.o inflate.o inftrees.o trees.o uncompr.o zutil.o zlibtclStubLib.o'
PKG_SOURCES=' zlibtcl.c zlibtclStubInit.c ../compat/zlib/adler32.c ../compat/zlib/compress.c ../compat/zlib/crc32.c ../compat/zlib/deflate.c ../compat/zlib/gzclose.c ../compat/zlib/gzlib.c ../compat/zlib/gzread.c ../compat/zlib/gzwrite.c ../compat/zlib/infback.c ../compat/zlib/inffast.c ../compat/zlib/inflate.c ../compat/zlib/inftrees.c ../compat/zlib/trees.c ../compat/zlib/uncompr.c ../compat/zlib/zutil.c zlibtclStubLib.c'
PKG_STUB_LIB_FILE='libzlibtclstub1.2.11.a'
PKG_STUB_OBJECTS=' zlibtclStubLib.o'
PKG_STUB_SOURCES=' zlibtclStubLib.c'
PKG_TCL_SOURCES=''
RANLIB='ranlib'
RANLIB_STUB='ranlib'
RC=''
SET_MAKE=''
SHARED_BUILD='0'
SHELL='/bin/bash'
SHLIB_CFLAGS='-fPIC'
SHLIB_LD='${CC} -shared ${CFLAGS} ${LDFLAGS_DEFAULT}'
SHLIB_LD_LIBS='${LIBS} ${TCL_LIBS}'
STLIB_LD='${AR} cr'
TCLSH_PROG='/home/max/Programming/SAOImageDS9/tcl8.6/unix/tclsh'
TCL_BIN_DIR='/home/max/Programming/SAOImageDS9/tcl8.6/unix'
TCL_DBGX=''
TCL_DEFS='-DPACKAGE_NAME=\"tcl\" -DPACKAGE_TARNAME=\"tcl\" -DPACKAGE_VERSION=\"8.6\" -DPACKAGE_STRING=\"tcl\ 8.6\" -DPACKAGE_BUGREPORT=\"\" -DSTDC_HEADERS=1 -DHAVE_SYS_TYPES_H=1 -DHAVE_SYS_STAT_H=1 -DHAVE_STDLIB_H=1 -DHAVE_STRING_H=1 -DHAVE_MEMORY_H=1 -DHAVE_STRINGS_H=1 -DHAVE_INTTYPES_H=1 -DHAVE_STDINT_H=1 -DHAVE_UNISTD_H=1 -DHAVE_SYS_PARAM_H=1 -DUSE_THREAD_ALLOC=1 -D_REENTRANT=1 -D_THREAD_SAFE=1 -DHAVE_PTHREAD_ATTR_SETSTACKSIZE=1 -DHAVE_PTHREAD_ATFORK=1 -DTCL_THREADS=1 -DTCL_CFGVAL_ENCODING=\"iso8859-1\" -DSTATIC_BUILD=1 -DHAVE_ZLIB=1 -DMODULE_SCOPE=extern\ __attribute__\(\(__visibility__\(\"hidden\"\)\)\) -DHAVE_HIDDEN=1 -DHAVE_CAST_TO_UNION=1 -DTCL_SHLIB_EXT=\".so\" -DTCL_TOMMATH=1 -DMP_PREC=4 -D_LARGEFILE64_SOURCE=1 -DTCL_WIDE_INT_IS_LONG=1 -DHAVE_GETCWD=1 -DHAVE_MKSTEMP=1 -DHAVE_OPENDIR=1 -DHAVE_STRTOL=1 -DHAVE_WAITPID=1 -DHAVE_GETNAMEINFO=1 -DHAVE_GETADDRINFO=1 -DHAVE_FREEADDRINFO=1 -DHAVE_GAI_STRERROR=1 -DHAVE_STRUCT_ADDRINFO=1 -DHAVE_STRUCT_IN6_ADDR=1 -DHAVE_STRUCT_SOCKADDR_IN6=1 -DHAVE_STRUCT_SOCKADDR_STORAGE=1 -DHAVE_GETPWUID_R_5=1 -DHAVE_GETPWUID_R=1 -DHAVE_GETPWNAM_R_5=1 -DHAVE_GETPWNAM_R=1 -DHAVE_GETGRGID_R_5=1 -DHAVE_GETGRGID_R=1 -DHAVE_GETGRNAM_R_5=1 -DHAVE_GETGRNAM_R=1 -DHAVE_DECL_GETHOSTBYNAME_R=1 -DHAVE_GETHOSTBYNAME_R_6=1 -DHAVE_GETHOSTBYNAME_R=1 -DHAVE_DECL_GETHOSTBYADDR_R=1 -DHAVE_GETHOSTBYADDR_R_8=1 -DHAVE_GETHOSTBYADDR_R=1 -DHAVE_TERMIOS_H=1 -DHAVE_SYS_IOCTL_H=1 -DHAVE_SYS_TIME_H=1 -DTIME_WITH_SYS_TIME=1 -DHAVE_GMTIME_R=1 -DHAVE_LOCALTIME_R=1 -DHAVE_MKTIME=1 -DHAVE_TM_GMTOFF=1 -DHAVE_TIMEZONE_VAR=1 -DHAVE_STRUCT_STAT_ST_BLOCKS=1 -DHAVE_STRUCT_STAT_ST_BLKSIZE=1 -DHAVE_BLKCNT_T=1 -DHAVE_INTPTR_T=1 -DHAVE_UINTPTR_T=1 -DNO_UNION_WAIT=1 -DHAVE_SIGNED_CHAR=1 -DHAVE_LANGINFO=1 -DHAVE_MKSTEMPS=1 -DHAVE_FTS=1 -DHAVE_SYS_IOCTL_H=1 -DTCL_UNLOAD_DLLS=1 -DHAVE_CPUID=1 '
TCL_EXTRA_CFLAGS=' -pipe '
TCL_INCLUDES='-I"/home/max/Programming/SAOImageDS9/tcl8.6/generic"'
TCL_LD_FLAGS=' -Wl,--export-dynamic '
TCL_LIBS='${DL_LIBS} ${LIBS} ${MATH_LIBS}'
TCL_LIB_FILE='libtcl8.6.a'
TCL_LIB_FLAG='-ltcl8.6'
TCL_LIB_SPEC='-L/home/max/Programming/SAOImageDS9/tcl8.6/unix -ltcl8.6'
TCL_PATCH_LEVEL='.10'
TCL_SHLIB_LD_LIBS='${LIBS}'
TCL_SRC_DIR='/home/max/Programming/SAOImageDS9/tcl8.6'
TCL_STUB_LIB_FILE='libtclstub8.6.a'
TCL_STUB_LIB_FLAG='-ltclstub8.6'
TCL_STUB_LIB_SPEC='-L/home/max/Programming/SAOImageDS9/tcl8.6/unix -ltclstub8.6'
TCL_THREADS='1'
TCL_VERSION='8.6'
TK_BIN_DIR='/home/max/Programming/SAOImageDS9/tk8.6/unix'
TK_INCLUDES='-I"/home/max/Programming/SAOImageDS9/tk8.6/generic"'
TK_LIBS='-lX11   -lpthread -ldl -lz  -lpthread -lm'
TK_LIB_FILE='libtk8.6.a'
TK_LIB_FLAG='-ltk8.6'
TK_LIB_SPEC='-L/home/max/Programming/SAOImageDS9/tk8.6/unix -ltk8.6'
TK_SRC_DIR='/home/max/Programming/SAOImageDS9/tk8.6'
TK_STUB_LIB_FILE='libtkstub8.6.a'
TK_STUB_LIB_FLAG='-ltkstub8.6'
TK_STUB_LIB_SPEC='-L/home/max/Programming/SAOImageDS9/tk8.6/unix -ltkstub8.6'
TK_VERSION='8.6'
TK_XINCLUDES=''
VC_MANIFEST_EMBED_DLL=''
VC_MANIFEST_EMBED_EXE=''
ac_ct_AR='ar'
ac_ct_CC='gcc'
ac_ct_RANLIB='ranlib'
ac_ct_RC=''
bindir='${exec_prefix}/bin'
build_alias=''
datadir='${prefix}/share'
exec_prefix='/home/max/Programming/SAOImageDS9'
host_alias=''
includedir='${prefix}/include'
infodir='${prefix}/info'
libdir='/home/max/Programming/SAOImageDS9/lib'
libexecdir='${exec_prefix}/libexec'
localstatedir='${prefix}/var'
mandir='${prefix}/man'
oldincludedir='/usr/include'
prefix='/home/max/Programming/SAOImageDS9'
program_transform_name='s,x,x,'
sbindir='${exec_prefix}/sbin'
sharedstatedir='${prefix}/com'
sysconfdir='${prefix}/etc'
target_alias=''
zlibtcl_BUILD_LIB_SPEC='-L/home/max/Programming/SAOImageDS9/tkimg/zlib -lzlibtcl1.2.11'
zlibtcl_BUILD_STUB_LIB_PATH='/home/max/Programming/SAOImageDS9/tkimg/zlib/libzlibtclstub1.2.11.a'
zlibtcl_BUILD_STUB_LIB_SPEC='-L/home/max/Programming/SAOImageDS9/tkimg/zlib -lzlibtclstub1.2.11'
zlibtcl_LIB_SPEC='-L/home/max/Programming/SAOImageDS9/lib/zlibtcl1.2.11 -lzlibtcl1.2.11'
zlibtcl_STUB_LIB_PATH='/home/max/Programming/SAOImageDS9/lib/zlibtcl1.2.11/libzlibtclstub1.2.11.a'
zlibtcl_STUB_LIB_SPEC='-L/home/max/Programming/SAOImageDS9/lib/zlibtcl1.2.11 -lzlibtclstub1.2.11'

## ----------- ##
## confdefs.h. ##
## ----------- ##

#define BUILD_zlibtcl
#define HAVE_CAST_TO_UNION 1
#define HAVE_HIDDEN 1
#define HAVE_INTTYPES_H 1
#define HAVE_LIMITS_H 1
#define HAVE_MEMORY_H 1
#define HAVE_STDINT_H 1
#define HAVE_STDLIB_H 1
#define HAVE_STRINGS_H 1
#define HAVE_STRING_H 1
#define HAVE_SYS_PARAM_H 1
#define HAVE_SYS_STAT_H 1
#define HAVE_SYS_TYPES_H 1
#define HAVE_UNISTD_H 1
#define MODULE_SCOPE extern __attribute__((__visibility__("hidden")))
#define PACKAGE_BUGREPORT ""
#define PACKAGE_NAME "zlibtcl"
#define PACKAGE_STRING "zlibtcl 1.2.11"
#define PACKAGE_TARNAME "zlibtcl"
#define PACKAGE_VERSION "1.2.11"
#define STATIC_BUILD 1
#define STDC_HEADERS 1
#define TCL_THREADS 1
#define TCL_WIDE_INT_IS_LONG 1
#define USE_TCL_STUBS 1
#define USE_THREAD_ALLOC 1
#define _LARGEFILE64_SOURCE 1
#define _REENTRANT 1
#define _THREAD_SAFE 1

configure: exit 0
