This file contains any messages produced by compilers while
running configure, to aid debugging if configure makes a mistake.

It was created by tkimgpng configure 1.4.9, which was
generated by GNU Autoconf 2.69.  Invocation command line was

  $ ./configure --with-tk=/home/max/Programming/SAOImageDS9/tk8.6/unix --with-tcl=/home/max/Programming/SAOImageDS9/tcl8.6/unix --prefix /home/max/Programming/SAOImageDS9 --exec-prefix /home/max/Programming/SAOImageDS9 --libdir /home/max/Programming/SAOImageDS9/lib --disable-shared --disable-stubs --enable-symbols --cache-file=../config.cache --srcdir=. --with-tkimg=/home/max/Programming/SAOImageDS9/tkimg/base --with-pngtcl=/home/max/Programming/SAOImageDS9/tkimg/libpng --with-zlibtcl=/home/max/Programming/SAOImageDS9/tkimg/zlib --disable-option-checking

## --------- ##
## Platform. ##
## --------- ##

hostname = Maximum-V2
uname -m = x86_64
uname -r = 5.8.0-25-generic
uname -s = Linux
uname -v = #26-Ubuntu SMP Thu Oct 15 10:30:38 UTC 2020

/usr/bin/uname -p = x86_64
/bin/uname -X     = unknown

/bin/arch              = x86_64
/usr/bin/arch -k       = unknown
/usr/convex/getsysinfo = unknown
/usr/bin/hostinfo      = unknown
/bin/machine           = unknown
/usr/bin/oslevel       = unknown
/bin/universe          = unknown

PATH: /home/max/.local/bin
PATH: /home/max/.local/bin
PATH: /usr/local/sbin
PATH: /usr/local/bin
PATH: /usr/sbin
PATH: /usr/bin
PATH: /sbin
PATH: /bin
PATH: /usr/games
PATH: /usr/local/games
PATH: /snap/bin


## ----------- ##
## Core tests. ##
## ----------- ##

configure:2158: loading cache ../config.cache
configure:2245: checking for correct TEA configuration
configure:2258: result: ok (TEA 3.9)
configure:2340: configuring tkimgpng 1.4.9
configure:2420: checking for Tcl configuration
configure:2545: result: found /home/max/Programming/SAOImageDS9/tcl8.6/unix/tclConfig.sh
configure:2598: checking for gcc
configure:2625: result: gcc
configure:2854: checking for C compiler version
configure:2863: gcc --version >&5
gcc (Ubuntu 10.2.0-13ubuntu1) 10.2.0
Copyright (C) 2020 Free Software Foundation, Inc.
This is free software; see the source for copying conditions.  There is NO
warranty; not even for MERCHANTABILITY or FITNESS FOR A PARTICULAR PURPOSE.

configure:2874: $? = 0
configure:2863: gcc -v >&5
Using built-in specs.
COLLECT_GCC=gcc
COLLECT_LTO_WRAPPER=/usr/lib/gcc/x86_64-linux-gnu/10/lto-wrapper
OFFLOAD_TARGET_NAMES=nvptx-none:amdgcn-amdhsa:hsa
OFFLOAD_TARGET_DEFAULT=1
Target: x86_64-linux-gnu
Configured with: ../src/configure -v --with-pkgversion='Ubuntu 10.2.0-13ubuntu1' --with-bugurl=file:///usr/share/doc/gcc-10/README.Bugs --enable-languages=c,ada,c++,go,brig,d,fortran,objc,obj-c++,m2 --prefix=/usr --with-gcc-major-version-only --program-suffix=-10 --program-prefix=x86_64-linux-gnu- --enable-shared --enable-linker-build-id --libexecdir=/usr/lib --without-included-gettext --enable-threads=posix --libdir=/usr/lib --enable-nls --enable-clocale=gnu --enable-libstdcxx-debug --enable-libstdcxx-time=yes --with-default-libstdcxx-abi=new --enable-gnu-unique-object --disable-vtable-verify --enable-plugin --enable-default-pie --with-system-zlib --enable-libphobos-checking=release --with-target-system-zlib=auto --enable-objc-gc=auto --enable-multiarch --disable-werror --with-arch-32=i686 --with-abi=m64 --with-multilib-list=m32,m64,mx32 --enable-multilib --with-tune=generic --enable-offload-targets=nvptx-none=/build/gcc-10-JvwpWM/gcc-10-10.2.0/debian/tmp-nvptx/usr,amdgcn-amdhsa=/build/gcc-10-JvwpWM/gcc-10-10.2.0/debian/tmp-gcn/usr,hsa --without-cuda-driver --enable-checking=release --build=x86_64-linux-gnu --host=x86_64-linux-gnu --target=x86_64-linux-gnu
Thread model: posix
Supported LTO compression algorithms: zlib zstd
gcc version 10.2.0 (Ubuntu 10.2.0-13ubuntu1) 
... rest of stderr output deleted ...
configure:2874: $? = 0
configure:2863: gcc -V >&5
gcc: error: unrecognized command-line option '-V'
gcc: fatal error: no input files
compilation terminated.
configure:2874: $? = 1
configure:2863: gcc -qversion >&5
gcc: error: unrecognized command-line option '-qversion'; did you mean '--version'?
gcc: fatal error: no input files
compilation terminated.
configure:2874: $? = 1
configure:2894: checking whether the C compiler works
configure:2916: gcc    conftest.c  >&5
configure:2920: $? = 0
configure:2968: result: yes
configure:2971: checking for C compiler default output file name
configure:2973: result: a.out
configure:2979: checking for suffix of executables
configure:2986: gcc -o conftest    conftest.c  >&5
configure:2990: $? = 0
configure:3012: result: 
configure:3034: checking whether we are cross compiling
configure:3042: gcc -o conftest    conftest.c  >&5
configure:3046: $? = 0
configure:3053: ./conftest
configure:3057: $? = 0
configure:3045: result: no
configure:3050: checking for suffix of object files
configure:3097: result: o
configure:3101: checking whether we are using the GNU C compiler
configure:3129: result: yes
configure:3138: checking whether gcc accepts -g
configure:3199: result: yes
configure:3216: checking for gcc option to accept ISO C89
configure:3292: result: none needed
configure:3314: checking for existence of /home/max/Programming/SAOImageDS9/tcl8.6/unix/tclConfig.sh
configure:3318: result: loading
configure:3382: checking platform
configure:3400: gcc -c   conftest.c >&5
configure:3400: $? = 0
configure:3450: result: unix
configure:3491: checking for Tk configuration
configure:3614: result: found /home/max/Programming/SAOImageDS9/tk8.6/unix/tkConfig.sh
configure:3620: checking for existence of /home/max/Programming/SAOImageDS9/tk8.6/unix/tkConfig.sh
configure:3624: result: loading
configure:3800: checking for gcc
configure:3827: result: gcc
configure:4056: checking for C compiler version
configure:4065: gcc --version >&5
gcc (Ubuntu 10.2.0-13ubuntu1) 10.2.0
Copyright (C) 2020 Free Software Foundation, Inc.
This is free software; see the source for copying conditions.  There is NO
warranty; not even for MERCHANTABILITY or FITNESS FOR A PARTICULAR PURPOSE.

configure:4076: $? = 0
configure:4065: gcc -v >&5
Using built-in specs.
COLLECT_GCC=gcc
COLLECT_LTO_WRAPPER=/usr/lib/gcc/x86_64-linux-gnu/10/lto-wrapper
OFFLOAD_TARGET_NAMES=nvptx-none:amdgcn-amdhsa:hsa
OFFLOAD_TARGET_DEFAULT=1
Target: x86_64-linux-gnu
Configured with: ../src/configure -v --with-pkgversion='Ubuntu 10.2.0-13ubuntu1' --with-bugurl=file:///usr/share/doc/gcc-10/README.Bugs --enable-languages=c,ada,c++,go,brig,d,fortran,objc,obj-c++,m2 --prefix=/usr --with-gcc-major-version-only --program-suffix=-10 --program-prefix=x86_64-linux-gnu- --enable-shared --enable-linker-build-id --libexecdir=/usr/lib --without-included-gettext --enable-threads=posix --libdir=/usr/lib --enable-nls --enable-clocale=gnu --enable-libstdcxx-debug --enable-libstdcxx-time=yes --with-default-libstdcxx-abi=new --enable-gnu-unique-object --disable-vtable-verify --enable-plugin --enable-default-pie --with-system-zlib --enable-libphobos-checking=release --with-target-system-zlib=auto --enable-objc-gc=auto --enable-multiarch --disable-werror --with-arch-32=i686 --with-abi=m64 --with-multilib-list=m32,m64,mx32 --enable-multilib --with-tune=generic --enable-offload-targets=nvptx-none=/build/gcc-10-JvwpWM/gcc-10-10.2.0/debian/tmp-nvptx/usr,amdgcn-amdhsa=/build/gcc-10-JvwpWM/gcc-10-10.2.0/debian/tmp-gcn/usr,hsa --without-cuda-driver --enable-checking=release --build=x86_64-linux-gnu --host=x86_64-linux-gnu --target=x86_64-linux-gnu
Thread model: posix
Supported LTO compression algorithms: zlib zstd
gcc version 10.2.0 (Ubuntu 10.2.0-13ubuntu1) 
... rest of stderr output deleted ...
configure:4076: $? = 0
configure:4065: gcc -V >&5
gcc: error: unrecognized command-line option '-V'
gcc: fatal error: no input files
compilation terminated.
configure:4076: $? = 1
configure:4065: gcc -qversion >&5
gcc: error: unrecognized command-line option '-qversion'; did you mean '--version'?
gcc: fatal error: no input files
compilation terminated.
configure:4076: $? = 1
configure:4080: checking whether we are using the GNU C compiler
configure:4108: result: yes
configure:4117: checking whether gcc accepts -g
configure:4178: result: yes
configure:4195: checking for gcc option to accept ISO C89
configure:4271: result: none needed
configure:4296: checking how to run the C preprocessor
configure:4366: result: gcc -E
configure:4386: gcc -E  conftest.c
configure:4386: $? = 0
configure:4400: gcc -E  conftest.c
conftest.c:10:10: fatal error: ac_nonexistent.h: No such file or directory
   10 | #include <ac_nonexistent.h>
      |          ^~~~~~~~~~~~~~~~~~
compilation terminated.
configure:4400: $? = 1
configure: failed program was:
| /* confdefs.h */
| #define PACKAGE_NAME "tkimgpng"
| #define PACKAGE_TARNAME "tkimgpng"
| #define PACKAGE_VERSION "1.4.9"
| #define PACKAGE_STRING "tkimgpng 1.4.9"
| #define PACKAGE_BUGREPORT ""
| #define PACKAGE_URL ""
| #define BUILD_tkimgpng /**/
| /* end confdefs.h.  */
| #include <ac_nonexistent.h>
configure:4447: checking whether make sets $(MAKE)
configure:4469: result: yes
configure:4526: checking for ranlib
configure:4553: result: ranlib
configure:4584: checking for grep that handles long lines and -e
configure:4642: result: /usr/bin/grep
configure:4647: checking for egrep
configure:4709: result: /usr/bin/grep -E
configure:4714: checking for ANSI C header files
configure:4818: result: yes
configure:4831: checking for sys/types.h
configure:4831: result: yes
configure:4831: checking for sys/stat.h
configure:4831: result: yes
configure:4831: checking for stdlib.h
configure:4831: result: yes
configure:4831: checking for string.h
configure:4831: result: yes
configure:4831: checking for memory.h
configure:4831: result: yes
configure:4831: checking for strings.h
configure:4831: result: yes
configure:4831: checking for inttypes.h
configure:4831: result: yes
configure:4831: checking for stdint.h
configure:4831: result: yes
configure:4831: checking for unistd.h
configure:4831: result: yes
configure:4853: checking if the compiler understands -pipe
configure:4879: result: yes
configure:4890: checking whether byte ordering is bigendian
configure:5096: result: no
configure:5123: checking for sin
configure:5123: result: no
configure:5130: checking for main in -lieee
configure:5158: result: no
configure:5170: checking for main in -linet
configure:5198: result: no
configure:5204: checking for net/errno.h
configure:5204: result: no
configure:5233: checking for connect
configure:5233: result: yes
configure:5301: checking for gethostbyname
configure:5301: result: yes
configure:5356: checking dirent.h
configure:5400: result: yes
configure:5410: checking for errno.h
configure:5410: result: yes
configure:5420: checking for float.h
configure:5420: result: yes
configure:5430: checking for values.h
configure:5430: result: yes
configure:5440: checking for limits.h
configure:5440: result: yes
configure:5452: checking for stdlib.h
configure:5452: result: yes
configure:5504: checking for string.h
configure:5504: result: yes
configure:5548: checking for sys/wait.h
configure:5548: result: yes
configure:5558: checking for dlfcn.h
configure:5558: result: yes
configure:5572: checking for sys/param.h
configure:5572: result: yes
configure:5606: checking for tkimg configuration
configure:5693: result: found /home/max/Programming/SAOImageDS9/tkimg/base/tkimgConfig.sh
configure:5699: checking for existence of /home/max/Programming/SAOImageDS9/tkimg/base/tkimgConfig.sh
configure:5703: result: loading
configure:5721: WARNING: Found Makefile - using build library specs for tkimg
configure:5792: checking For tkimg_STUB library for LIBS
configure:5825: result: using tkimg_STUB_LIB_SPEC -L/home/max/Programming/SAOImageDS9/tkimg/base -ltkimgstub1.4.9
configure:5854: checking for pngtcl configuration
configure:5941: result: found /home/max/Programming/SAOImageDS9/tkimg/libpng/pngtclConfig.sh
configure:5947: checking for existence of /home/max/Programming/SAOImageDS9/tkimg/libpng/pngtclConfig.sh
configure:5951: result: loading
configure:5969: WARNING: Found Makefile - using build library specs for pngtcl
configure:6040: checking For pngtcl_STUB library for LIBS
configure:6073: result: using pngtcl_STUB_LIB_SPEC -L/home/max/Programming/SAOImageDS9/tkimg/libpng -lpngtclstub1.6.35
configure:6103: checking for zlibtcl configuration
configure:6190: result: found /home/max/Programming/SAOImageDS9/tkimg/zlib/zlibtclConfig.sh
configure:6196: checking for existence of /home/max/Programming/SAOImageDS9/tkimg/zlib/zlibtclConfig.sh
configure:6200: result: loading
configure:6218: WARNING: Found Makefile - using build library specs for zlibtcl
configure:6289: checking For zlibtcl_STUB library for LIBS
configure:6322: result: using zlibtcl_STUB_LIB_SPEC -L/home/max/Programming/SAOImageDS9/tkimg/zlib -lzlibtclstub1.2.11
configure:6583: checking for Tcl public headers
configure:6654: result: /home/max/Programming/SAOImageDS9/tcl8.6/generic
configure:6667: checking for Tk public headers
configure:6741: result: /home/max/Programming/SAOImageDS9/tk8.6/generic
configure:6829: checking for pthread_mutex_init in -lpthread
configure:6863: result: yes
configure:7072: checking for building with threads
configure:7078: result: yes (default)
configure:7119: checking how to build libraries
configure:7141: result: static
configure:7200: checking for ranlib
configure:7227: result: ranlib
configure:7254: checking if 64bit support is requested
configure:7263: result: no
configure:7268: checking if 64bit Sparc VIS support is requested
configure:7277: result: no
configure:7287: checking if compiler supports visibility "hidden"
configure:7316: result: yes
configure:7331: checking if rpath support is requested
configure:7340: result: yes
configure:7365: checking system version
configure:7388: result: Linux-5.8.0-25-generic
configure:7468: checking for ar
configure:7495: result: ar
configure:9273: checking for cast to union support
configure:9300: result: yes
configure:9323: checking for required early compiler flags
configure:9471: result:  _LARGEFILE64_SOURCE
configure:9476: checking for 64-bit integer type
configure:9527: result: using long
configure:9671: checking for build with symbols
configure:9690: result: yes (standard debugging)
configure:9727: checking for X
configure:9916: result: libraries , headers 
configure:9927: gcc -E  conftest.c
configure:9927: $? = 0
configure:10236: checking for tclsh
configure:10263: result: /home/max/Programming/SAOImageDS9/tcl8.6/unix/tclsh
configure:10268: checking for wish
configure:10295: result: /home/max/Programming/SAOImageDS9/tk8.6/unix/wish
configure:10398: updating cache ../config.cache
configure:10485: creating ./config.status

## ---------------------- ##
## Running config.status. ##
## ---------------------- ##

This file was extended by tkimgpng config.status 1.4.9, which was
generated by GNU Autoconf 2.69.  Invocation command line was

  CONFIG_FILES    = 
  CONFIG_HEADERS  = 
  CONFIG_LINKS    = 
  CONFIG_COMMANDS = 
  $ ./config.status 

on Maximum-V2

config.status:854: creating Makefile
config.status:854: creating tkimgpngConfig.sh

## ---------------- ##
## Cache variables. ##
## ---------------- ##

ac_cv_c_bigendian=no
ac_cv_c_compiler_gnu=yes
ac_cv_c_jpegtclconfig=/home/max/Programming/SAOImageDS9/tkimg/libjpeg
ac_cv_c_pngtclconfig=/home/max/Programming/SAOImageDS9/tkimg/libpng
ac_cv_c_tclconfig=/home/max/Programming/SAOImageDS9/tcl8.6/unix
ac_cv_c_tclh=/home/max/Programming/SAOImageDS9/tcl8.6/generic
ac_cv_c_tkconfig=/home/max/Programming/SAOImageDS9/tk8.6/unix
ac_cv_c_tkh=/home/max/Programming/SAOImageDS9/tk8.6/generic
ac_cv_c_tkimgconfig=/home/max/Programming/SAOImageDS9/tkimg/base
ac_cv_c_zlibtclconfig=/home/max/Programming/SAOImageDS9/tkimg/zlib
ac_cv_env_CC_set=
ac_cv_env_CC_value=
ac_cv_env_CFLAGS_set=
ac_cv_env_CFLAGS_value=
ac_cv_env_CPPFLAGS_set=
ac_cv_env_CPPFLAGS_value=
ac_cv_env_CPP_set=
ac_cv_env_CPP_value=
ac_cv_env_LDFLAGS_set=
ac_cv_env_LDFLAGS_value=
ac_cv_env_LIBS_set=
ac_cv_env_LIBS_value=
ac_cv_env_XMKMF_set=
ac_cv_env_XMKMF_value=
ac_cv_env_build_alias_set=
ac_cv_env_build_alias_value=
ac_cv_env_host_alias_set=
ac_cv_env_host_alias_value=
ac_cv_env_target_alias_set=
ac_cv_env_target_alias_value=
ac_cv_exeext=
ac_cv_func_connect=yes
ac_cv_func_gethostbyname=yes
ac_cv_func_sin=no
ac_cv_have_x='have_x=yes	ac_x_includes='\'''\''	ac_x_libraries='\'''\'''
ac_cv_header_dlfcn_h=yes
ac_cv_header_errno_h=yes
ac_cv_header_float_h=yes
ac_cv_header_inttypes_h=yes
ac_cv_header_limits_h=yes
ac_cv_header_memory_h=yes
ac_cv_header_net_errno_h=no
ac_cv_header_stdc=yes
ac_cv_header_stdint_h=yes
ac_cv_header_stdlib_h=yes
ac_cv_header_string_h=yes
ac_cv_header_strings_h=yes
ac_cv_header_sys_param_h=yes
ac_cv_header_sys_stat_h=yes
ac_cv_header_sys_types_h=yes
ac_cv_header_sys_wait_h=yes
ac_cv_header_unistd_h=yes
ac_cv_header_values_h=yes
ac_cv_lib_ieee_main=no
ac_cv_lib_inet_main=no
ac_cv_lib_pthread_pthread_mutex_init=yes
ac_cv_objext=o
ac_cv_path_EGREP='/usr/bin/grep -E'
ac_cv_path_GREP=/usr/bin/grep
ac_cv_prog_CPP='gcc -E'
ac_cv_prog_ac_ct_AR=ar
ac_cv_prog_ac_ct_CC=gcc
ac_cv_prog_ac_ct_RANLIB=ranlib
ac_cv_prog_cc_c89=
ac_cv_prog_cc_g=yes
ac_cv_prog_cc_stdc=
ac_cv_prog_egrep='grep -E'
ac_cv_prog_make_make_set=yes
tcl_cv_cast_to_union=yes
tcl_cv_cc_pipe=yes
tcl_cv_cc_visibility_hidden=yes
tcl_cv_dirent_h=yes
tcl_cv_flag__isoc99_source=no
tcl_cv_flag__largefile64_source=yes
tcl_cv_flag__largefile_source64=no
tcl_cv_sys_version=Linux-5.8.0-25-generic
tcl_cv_type_64bit=none

## ----------------- ##
## Output variables. ##
## ----------------- ##

AR='ar'
CC='gcc'
CELIB_DIR=''
CFLAGS=' -pipe ${CFLAGS_DEFAULT} ${CFLAGS_WARNING} '
CFLAGS_DEBUG='-g'
CFLAGS_DEFAULT='-g'
CFLAGS_OPTIMIZE='-O2 -fomit-frame-pointer'
CFLAGS_WARNING='-Wall -Wwrite-strings'
CLEANFILES='init.c'
CPP='gcc -E'
CPPFLAGS=''
CYGPATH='echo'
DEFS='-DPACKAGE_NAME=\"tkimgpng\" -DPACKAGE_TARNAME=\"tkimgpng\" -DPACKAGE_VERSION=\"1.4.9\" -DPACKAGE_STRING=\"tkimgpng\ 1.4.9\" -DPACKAGE_BUGREPORT=\"\" -DPACKAGE_URL=\"\" -DBUILD_tkimgpng=/\*\*/ -DSTDC_HEADERS=1 -DHAVE_SYS_TYPES_H=1 -DHAVE_SYS_STAT_H=1 -DHAVE_STDLIB_H=1 -DHAVE_STRING_H=1 -DHAVE_MEMORY_H=1 -DHAVE_STRINGS_H=1 -DHAVE_INTTYPES_H=1 -DHAVE_STDINT_H=1 -DHAVE_UNISTD_H=1 -DHAVE_LIMITS_H=1 -DHAVE_SYS_PARAM_H=1 -DUSE_THREAD_ALLOC=1 -D_REENTRANT=1 -D_THREAD_SAFE=1 -DTCL_THREADS=1 -DSTATIC_BUILD=1 -DMODULE_SCOPE=extern\ __attribute__\(\(__visibility__\(\"hidden\"\)\)\) -DHAVE_HIDDEN=1 -DHAVE_CAST_TO_UNION=1 -D_LARGEFILE64_SOURCE=1 -DTCL_WIDE_INT_IS_LONG=1 -DUSE_TCL_STUBS=1 -DUSE_TK_STUBS=1'
ECHO_C=''
ECHO_N='-n'
ECHO_T=''
EGREP='/usr/bin/grep -E'
EXEEXT=''
GREP='/usr/bin/grep'
INSTALL='$(SHELL) $(srcdir)/tclconfig/install-sh -c'
INSTALL_DATA='${INSTALL} -m 644'
INSTALL_DATA_DIR='${INSTALL} -d -m 755'
INSTALL_LIBRARY='${INSTALL_DATA}'
INSTALL_PROGRAM='${INSTALL}'
INSTALL_SCRIPT='${INSTALL}'
LDFLAGS=' -Wl,--export-dynamic '
LDFLAGS_DEFAULT=' -Wl,--export-dynamic '
LD_LIBRARY_PATH_VAR='LD_LIBRARY_PATH'
LIBOBJS=''
LIBS=''
LTLIBOBJS=''
MAJOR_VERSION=''
MAKE_LIB='${STLIB_LD} $@ $(PKG_OBJECTS) '
MAKE_SHARED_LIB='${SHLIB_LD} -o $@ $(PKG_OBJECTS) ${SHLIB_LD_LIBS}'
MAKE_STATIC_LIB='${STLIB_LD} $@ $(PKG_OBJECTS)'
MAKE_STUB_LIB='${STLIB_LD} $@ $(PKG_STUB_OBJECTS)'
MATH_LIBS='-lm'
MINOR_VERSION=''
OBJEXT='o'
PACKAGE_BUGREPORT=''
PACKAGE_NAME='tkimgpng'
PACKAGE_STRING='tkimgpng 1.4.9'
PACKAGE_TARNAME='tkimgpng'
PACKAGE_TCLNAME='img::png'
PACKAGE_URL=''
PACKAGE_VERSION='1.4.9'
PATCHLEVEL=''
PATH_SEPARATOR=':'
PHIMGTYPE='png'
PKG_CFLAGS=' -DTKIMG_VERSION=\"${tkimg_VERSION}\" -DPNGTCL_VERSION=\"${pngtcl_VERSION}\" -DZLIBTCL_VERSION=\"${zlibtcl_VERSION}\"'
PKG_HEADERS=''
PKG_INCLUDES=' -I"/home/max/Programming/SAOImageDS9/tkimg/base/." -I"/home/max/Programming/SAOImageDS9/tkimg/libpng/." -I"/home/max/Programming/SAOImageDS9/tkimg/libpng" -I"/home/max/Programming/SAOImageDS9/tkimg/zlib/." -I"/home/max/Programming/SAOImageDS9/tkimg/zlib" -I.'
PKG_LIBS=' -L/home/max/Programming/SAOImageDS9/tkimg/base -ltkimgstub1.4.9 -L/home/max/Programming/SAOImageDS9/tkimg/libpng -lpngtclstub1.6.35 -L/home/max/Programming/SAOImageDS9/tkimg/zlib -lzlibtclstub1.2.11 -lX11 -L/home/max/Programming/SAOImageDS9/tkimg/base -ltkimgstub1.4.9 -L/home/max/Programming/SAOImageDS9/tkimg/libpng -lpngtclstub1.6.35'
PKG_LIB_FILE='libtkimgpng1.4.9.a'
PKG_OBJECTS=' png.o'
PKG_SOURCES=' png.c'
PKG_STUB_LIB_FILE='libtkimgpngstub1.4.9.a'
PKG_STUB_OBJECTS=''
PKG_STUB_SOURCES=''
PKG_TCL_SOURCES=''
RANLIB='ranlib'
RANLIB_STUB='ranlib'
RC=''
SET_MAKE=''
SHARED_BUILD='0'
SHELL='/bin/bash'
SHLIB_CFLAGS='-fPIC'
SHLIB_LD='${CC} -shared ${CFLAGS} ${LDFLAGS_DEFAULT}'
SHLIB_LD_LIBS='${LIBS}'
STLIB_LD='${AR} cr'
TCLSH_PROG='/home/max/Programming/SAOImageDS9/tcl8.6/unix/tclsh'
TCL_BIN_DIR='/home/max/Programming/SAOImageDS9/tcl8.6/unix'
TCL_DBGX=''
TCL_DEFS='-DPACKAGE_NAME=\"tcl\" -DPACKAGE_TARNAME=\"tcl\" -DPACKAGE_VERSION=\"8.6\" -DPACKAGE_STRING=\"tcl\ 8.6\" -DPACKAGE_BUGREPORT=\"\" -DSTDC_HEADERS=1 -DHAVE_SYS_TYPES_H=1 -DHAVE_SYS_STAT_H=1 -DHAVE_STDLIB_H=1 -DHAVE_STRING_H=1 -DHAVE_MEMORY_H=1 -DHAVE_STRINGS_H=1 -DHAVE_INTTYPES_H=1 -DHAVE_STDINT_H=1 -DHAVE_UNISTD_H=1 -DHAVE_SYS_PARAM_H=1 -DUSE_THREAD_ALLOC=1 -D_REENTRANT=1 -D_THREAD_SAFE=1 -DHAVE_PTHREAD_ATTR_SETSTACKSIZE=1 -DHAVE_PTHREAD_ATFORK=1 -DTCL_THREADS=1 -DTCL_CFGVAL_ENCODING=\"iso8859-1\" -DSTATIC_BUILD=1 -DHAVE_ZLIB=1 -DMODULE_SCOPE=extern\ __attribute__\(\(__visibility__\(\"hidden\"\)\)\) -DHAVE_HIDDEN=1 -DHAVE_CAST_TO_UNION=1 -DTCL_SHLIB_EXT=\".so\" -DTCL_TOMMATH=1 -DMP_PREC=4 -D_LARGEFILE64_SOURCE=1 -DTCL_WIDE_INT_IS_LONG=1 -DHAVE_GETCWD=1 -DHAVE_MKSTEMP=1 -DHAVE_OPENDIR=1 -DHAVE_STRTOL=1 -DHAVE_WAITPID=1 -DHAVE_GETNAMEINFO=1 -DHAVE_GETADDRINFO=1 -DHAVE_FREEADDRINFO=1 -DHAVE_GAI_STRERROR=1 -DHAVE_STRUCT_ADDRINFO=1 -DHAVE_STRUCT_IN6_ADDR=1 -DHAVE_STRUCT_SOCKADDR_IN6=1 -DHAVE_STRUCT_SOCKADDR_STORAGE=1 -DHAVE_GETPWUID_R_5=1 -DHAVE_GETPWUID_R=1 -DHAVE_GETPWNAM_R_5=1 -DHAVE_GETPWNAM_R=1 -DHAVE_GETGRGID_R_5=1 -DHAVE_GETGRGID_R=1 -DHAVE_GETGRNAM_R_5=1 -DHAVE_GETGRNAM_R=1 -DHAVE_DECL_GETHOSTBYNAME_R=1 -DHAVE_GETHOSTBYNAME_R_6=1 -DHAVE_GETHOSTBYNAME_R=1 -DHAVE_DECL_GETHOSTBYADDR_R=1 -DHAVE_GETHOSTBYADDR_R_8=1 -DHAVE_GETHOSTBYADDR_R=1 -DHAVE_TERMIOS_H=1 -DHAVE_SYS_IOCTL_H=1 -DHAVE_SYS_TIME_H=1 -DTIME_WITH_SYS_TIME=1 -DHAVE_GMTIME_R=1 -DHAVE_LOCALTIME_R=1 -DHAVE_MKTIME=1 -DHAVE_TM_GMTOFF=1 -DHAVE_TIMEZONE_VAR=1 -DHAVE_STRUCT_STAT_ST_BLOCKS=1 -DHAVE_STRUCT_STAT_ST_BLKSIZE=1 -DHAVE_BLKCNT_T=1 -DHAVE_INTPTR_T=1 -DHAVE_UINTPTR_T=1 -DNO_UNION_WAIT=1 -DHAVE_SIGNED_CHAR=1 -DHAVE_LANGINFO=1 -DHAVE_MKSTEMPS=1 -DHAVE_FTS=1 -DHAVE_SYS_IOCTL_H=1 -DTCL_UNLOAD_DLLS=1 -DHAVE_CPUID=1 '
TCL_EXTRA_CFLAGS=' -pipe '
TCL_INCLUDES='-I"/home/max/Programming/SAOImageDS9/tcl8.6/generic"'
TCL_LD_FLAGS=' -Wl,--export-dynamic '
TCL_LIBS='${DL_LIBS} ${LIBS} ${MATH_LIBS}'
TCL_LIB_FILE='libtcl8.6.a'
TCL_LIB_FLAG='-ltcl8.6'
TCL_LIB_SPEC='-L/home/max/Programming/SAOImageDS9/tcl8.6/unix -ltcl8.6'
TCL_PATCH_LEVEL='.10'
TCL_SHLIB_LD_LIBS='${LIBS}'
TCL_SRC_DIR='/home/max/Programming/SAOImageDS9/tcl8.6'
TCL_STUB_LIB_FILE='libtclstub8.6.a'
TCL_STUB_LIB_FLAG='-ltclstub8.6'
TCL_STUB_LIB_SPEC='-L/home/max/Programming/SAOImageDS9/tcl8.6/unix -ltclstub8.6'
TCL_THREADS='1'
TCL_VERSION='8.6'
TK_BIN_DIR='/home/max/Programming/SAOImageDS9/tk8.6/unix'
TK_INCLUDES='-I"/home/max/Programming/SAOImageDS9/tk8.6/generic"'
TK_LIBS='-lX11   -lpthread -ldl -lz  -lpthread -lm'
TK_LIB_FILE='libtk8.6.a'
TK_LIB_FLAG='-ltk8.6'
TK_LIB_SPEC='-L/home/max/Programming/SAOImageDS9/tk8.6/unix -ltk8.6'
TK_SRC_DIR='/home/max/Programming/SAOImageDS9/tk8.6'
TK_STUB_LIB_FILE='libtkstub8.6.a'
TK_STUB_LIB_FLAG='-ltkstub8.6'
TK_STUB_LIB_SPEC='-L/home/max/Programming/SAOImageDS9/tk8.6/unix -ltkstub8.6'
TK_VERSION='8.6'
TK_XINCLUDES=''
VC_MANIFEST_EMBED_DLL=''
VC_MANIFEST_EMBED_EXE=''
WISH_PROG='/home/max/Programming/SAOImageDS9/tk8.6/unix/wish'
XMKMF=''
ac_ct_CC='gcc'
bindir='${exec_prefix}/bin'
build_alias=''
datadir='${datarootdir}'
datarootdir='${prefix}/share'
docdir='${datarootdir}/doc/${PACKAGE_TARNAME}'
dvidir='${docdir}'
exec_prefix='/home/max/Programming/SAOImageDS9'
host_alias=''
htmldir='${docdir}'
includedir='${prefix}/include'
infodir='${datarootdir}/info'
libdir='/home/max/Programming/SAOImageDS9/lib'
libexecdir='${exec_prefix}/libexec'
localedir='${datarootdir}/locale'
localstatedir='${prefix}/var'
mandir='${datarootdir}/man'
oldincludedir='/usr/include'
pdfdir='${docdir}'
pngtcl_BIN_DIR='/home/max/Programming/SAOImageDS9/tkimg/libpng'
pngtcl_BUILD_PATH='/home/max/Programming/SAOImageDS9/tkimg/libpng'
pngtcl_LIB_FILE='libpngtcl1.6.35.a'
pngtcl_LIB_SPEC='-L/home/max/Programming/SAOImageDS9/tkimg/libpng -lpngtcl1.6.35'
pngtcl_SRC_DIR='.'
pngtcl_SRC_PATH='/home/max/Programming/SAOImageDS9/tkimg/libpng/.'
pngtcl_STUB_LIB_FILE='libpngtclstub1.6.35.a'
pngtcl_STUB_LIB_PATH='/home/max/Programming/SAOImageDS9/tkimg/libpng/libpngtclstub1.6.35.a'
pngtcl_STUB_LIB_SPEC='-L/home/max/Programming/SAOImageDS9/tkimg/libpng -lpngtclstub1.6.35'
pngtcl_VERSION='1.6.35'
prefix='/home/max/Programming/SAOImageDS9'
program_transform_name='s,x,x,'
psdir='${docdir}'
sbindir='${exec_prefix}/sbin'
sharedstatedir='${prefix}/com'
sysconfdir='${prefix}/etc'
target_alias=''
tkimg_BIN_DIR='/home/max/Programming/SAOImageDS9/tkimg/base'
tkimg_BUILD_PATH='/home/max/Programming/SAOImageDS9/tkimg/base'
tkimg_LIB_FILE='libtkimg1.4.9.a'
tkimg_LIB_SPEC='-L/home/max/Programming/SAOImageDS9/tkimg/base -ltkimg1.4.9'
tkimg_SRC_DIR='.'
tkimg_SRC_PATH='/home/max/Programming/SAOImageDS9/tkimg/base/.'
tkimg_STUB_LIB_FILE='libtkimgstub1.4.9.a'
tkimg_STUB_LIB_PATH='/home/max/Programming/SAOImageDS9/tkimg/base/libtkimgstub1.4.9.a'
tkimg_STUB_LIB_SPEC='-L/home/max/Programming/SAOImageDS9/tkimg/base -ltkimgstub1.4.9'
tkimg_VERSION='1.4.9'
tkimgpng_BUILD_LIB_SPEC='-L/home/max/Programming/SAOImageDS9/tkimg/png -ltkimgpng1.4.9'
tkimgpng_BUILD_STUB_LIB_PATH='/home/max/Programming/SAOImageDS9/tkimg/png/libtkimgpngstub1.4.9.a'
tkimgpng_BUILD_STUB_LIB_SPEC='-L/home/max/Programming/SAOImageDS9/tkimg/png -ltkimgpngstub1.4.9'
tkimgpng_LIB_SPEC='-L/home/max/Programming/SAOImageDS9/lib/tkimgpng1.4.9 -ltkimgpng1.4.9'
tkimgpng_STUB_LIB_PATH='/home/max/Programming/SAOImageDS9/lib/tkimgpng1.4.9/libtkimgpngstub1.4.9.a'
tkimgpng_STUB_LIB_SPEC='-L/home/max/Programming/SAOImageDS9/lib/tkimgpng1.4.9 -ltkimgpngstub1.4.9'
zlibtcl_BIN_DIR='/home/max/Programming/SAOImageDS9/tkimg/zlib'
zlibtcl_BUILD_PATH='/home/max/Programming/SAOImageDS9/tkimg/zlib'
zlibtcl_LIB_FILE='libzlibtcl1.2.11.a'
zlibtcl_LIB_SPEC='-L/home/max/Programming/SAOImageDS9/tkimg/zlib -lzlibtcl1.2.11'
zlibtcl_SRC_DIR='.'
zlibtcl_SRC_PATH='/home/max/Programming/SAOImageDS9/tkimg/zlib/.'
zlibtcl_STUB_LIB_FILE='libzlibtclstub1.2.11.a'
zlibtcl_STUB_LIB_PATH='/home/max/Programming/SAOImageDS9/tkimg/zlib/libzlibtclstub1.2.11.a'
zlibtcl_STUB_LIB_SPEC='-L/home/max/Programming/SAOImageDS9/tkimg/zlib -lzlibtclstub1.2.11'
zlibtcl_VERSION='1.2.11'

## ----------- ##
## confdefs.h. ##
## ----------- ##

/* confdefs.h */
#define PACKAGE_NAME "tkimgpng"
#define PACKAGE_TARNAME "tkimgpng"
#define PACKAGE_VERSION "1.4.9"
#define PACKAGE_STRING "tkimgpng 1.4.9"
#define PACKAGE_BUGREPORT ""
#define PACKAGE_URL ""
#define BUILD_tkimgpng /**/
#define STDC_HEADERS 1
#define HAVE_SYS_TYPES_H 1
#define HAVE_SYS_STAT_H 1
#define HAVE_STDLIB_H 1
#define HAVE_STRING_H 1
#define HAVE_MEMORY_H 1
#define HAVE_STRINGS_H 1
#define HAVE_INTTYPES_H 1
#define HAVE_STDINT_H 1
#define HAVE_UNISTD_H 1
#define HAVE_LIMITS_H 1
#define HAVE_SYS_PARAM_H 1
#define USE_THREAD_ALLOC 1
#define _REENTRANT 1
#define _THREAD_SAFE 1
#define TCL_THREADS 1
#define STATIC_BUILD 1
#define MODULE_SCOPE extern __attribute__((__visibility__("hidden")))
#define HAVE_HIDDEN 1
#define HAVE_CAST_TO_UNION 1
#define _LARGEFILE64_SOURCE 1
#define TCL_WIDE_INT_IS_LONG 1
#define USE_TCL_STUBS 1
#define USE_TK_STUBS 1

configure: exit 0
