This file contains any messages produced by compilers while
running configure, to aid debugging if configure makes a mistake.

It was created by ast configure 8.7.1, which was
generated by Starlink Autoconf 2.69.  Invocation command line was

  $ ./configure --without-pthreads --enable-shared=no star_cv_cnf_trail_type=long star_cv_cnf_f2c_compatible=no --prefix /home/max/Programming/SAOImageDS9 --exec-prefix /home/max/Programming/SAOImageDS9 --libdir /home/max/Programming/SAOImageDS9/lib --no-create --no-recursion

## --------- ##
## Platform. ##
## --------- ##

hostname = Maximum-V2
uname -m = x86_64
uname -r = 5.8.0-25-generic
uname -s = Linux
uname -v = #26-Ubuntu SMP Thu Oct 15 10:30:38 UTC 2020

/usr/bin/uname -p = x86_64
/bin/uname -X     = unknown

/bin/arch              = x86_64
/usr/bin/arch -k       = unknown
/usr/convex/getsysinfo = unknown
/usr/bin/hostinfo      = unknown
/bin/machine           = unknown
/usr/bin/oslevel       = unknown
/bin/universe          = unknown

PATH: /home/max/.local/bin
PATH: /home/max/.local/bin
PATH: /usr/local/sbin
PATH: /usr/local/bin
PATH: /usr/sbin
PATH: /usr/bin
PATH: /sbin
PATH: /bin
PATH: /usr/games
PATH: /usr/local/games
PATH: /snap/bin


## ----------- ##
## Core tests. ##
## ----------- ##

configure:2691: checking for a BSD-compatible install
configure:2759: result: /usr/bin/install -c
configure:2770: checking whether build environment is sane
configure:2825: result: yes
configure:2974: checking for a thread-safe mkdir -p
configure:3013: result: /usr/bin/mkdir -p
configure:3020: checking for gawk
configure:3036: found /usr/bin/gawk
configure:3047: result: gawk
configure:3058: checking whether make sets $(MAKE)
configure:3080: result: yes
configure:3109: checking whether make supports nested variables
configure:3126: result: yes
configure:3323: Starlink tree located at /stardev/git/starlink/star
configure:3478: checking for git
configure:3496: found /usr/bin/git
configure:3508: result: /usr/bin/git
configure:3541: checking for pax
configure:3574: result: no
configure:3583: checking for gnutar
configure:3616: result: no
configure:3583: checking for tar
configure:3601: found /usr/bin/tar
configure:3613: result: /usr/bin/tar
configure:3746: checking for gcc
configure:3762: found /usr/bin/gcc
configure:3773: result: gcc
configure:4002: checking for C compiler version
configure:4011: gcc --version >&5
gcc (Ubuntu 10.2.0-13ubuntu1) 10.2.0
Copyright (C) 2020 Free Software Foundation, Inc.
This is free software; see the source for copying conditions.  There is NO
warranty; not even for MERCHANTABILITY or FITNESS FOR A PARTICULAR PURPOSE.

configure:4022: $? = 0
configure:4011: gcc -v >&5
Using built-in specs.
COLLECT_GCC=gcc
COLLECT_LTO_WRAPPER=/usr/lib/gcc/x86_64-linux-gnu/10/lto-wrapper
OFFLOAD_TARGET_NAMES=nvptx-none:amdgcn-amdhsa:hsa
OFFLOAD_TARGET_DEFAULT=1
Target: x86_64-linux-gnu
Configured with: ../src/configure -v --with-pkgversion='Ubuntu 10.2.0-13ubuntu1' --with-bugurl=file:///usr/share/doc/gcc-10/README.Bugs --enable-languages=c,ada,c++,go,brig,d,fortran,objc,obj-c++,m2 --prefix=/usr --with-gcc-major-version-only --program-suffix=-10 --program-prefix=x86_64-linux-gnu- --enable-shared --enable-linker-build-id --libexecdir=/usr/lib --without-included-gettext --enable-threads=posix --libdir=/usr/lib --enable-nls --enable-clocale=gnu --enable-libstdcxx-debug --enable-libstdcxx-time=yes --with-default-libstdcxx-abi=new --enable-gnu-unique-object --disable-vtable-verify --enable-plugin --enable-default-pie --with-system-zlib --enable-libphobos-checking=release --with-target-system-zlib=auto --enable-objc-gc=auto --enable-multiarch --disable-werror --with-arch-32=i686 --with-abi=m64 --with-multilib-list=m32,m64,mx32 --enable-multilib --with-tune=generic --enable-offload-targets=nvptx-none=/build/gcc-10-JvwpWM/gcc-10-10.2.0/debian/tmp-nvptx/usr,amdgcn-amdhsa=/build/gcc-10-JvwpWM/gcc-10-10.2.0/debian/tmp-gcn/usr,hsa --without-cuda-driver --enable-checking=release --build=x86_64-linux-gnu --host=x86_64-linux-gnu --target=x86_64-linux-gnu
Thread model: posix
Supported LTO compression algorithms: zlib zstd
gcc version 10.2.0 (Ubuntu 10.2.0-13ubuntu1) 
... rest of stderr output deleted ...
configure:4022: $? = 0
configure:4011: gcc -V >&5
gcc: error: unrecognized command-line option '-V'
gcc: fatal error: no input files
compilation terminated.
configure:4022: $? = 1
configure:4011: gcc -qversion >&5
gcc: error: unrecognized command-line option '-qversion'; did you mean '--version'?
gcc: fatal error: no input files
compilation terminated.
configure:4022: $? = 1
configure:4042: checking whether the C compiler works
configure:4064: gcc    conftest.c  >&5
configure:4068: $? = 0
configure:4116: result: yes
configure:4119: checking for C compiler default output file name
configure:4121: result: a.out
configure:4127: checking for suffix of executables
configure:4134: gcc -o conftest    conftest.c  >&5
configure:4138: $? = 0
configure:4160: result: 
configure:4182: checking whether we are cross compiling
configure:4190: gcc -o conftest    conftest.c  >&5
configure:4194: $? = 0
configure:4201: ./conftest
configure:4205: $? = 0
configure:4193: result: no
configure:4198: checking for suffix of object files
configure:4220: gcc -c   conftest.c >&5
configure:4224: $? = 0
configure:4245: result: o
configure:4249: checking whether we are using the GNU C compiler
configure:4268: gcc -c   conftest.c >&5
configure:4268: $? = 0
configure:4277: result: yes
configure:4286: checking whether gcc accepts -g
configure:4306: gcc -c -g  conftest.c >&5
configure:4306: $? = 0
configure:4347: result: yes
configure:4364: checking for gcc option to accept ISO C89
configure:4427: gcc  -c -g -O2  conftest.c >&5
configure:4427: $? = 0
configure:4440: result: none needed
configure:4465: checking whether gcc understands -c and -o together
configure:4487: gcc -c conftest.c -o conftest2.o
configure:4490: $? = 0
configure:4487: gcc -c conftest.c -o conftest2.o
configure:4490: $? = 0
configure:4502: result: yes
configure:4530: checking for style of include used by make
configure:4558: result: GNU
configure:4584: checking dependency style of gcc
configure:4695: result: gcc3
configure:4715: checking how to run the C preprocessor
configure:4746: gcc -E  conftest.c
configure:4746: $? = 0
configure:4760: gcc -E  conftest.c
conftest.c:11:10: fatal error: ac_nonexistent.h: No such file or directory
   11 | #include <ac_nonexistent.h>
      |          ^~~~~~~~~~~~~~~~~~
compilation terminated.
configure:4760: $? = 1
configure: failed program was:
| /* confdefs.h */
| #define PACKAGE_NAME "ast"
| #define PACKAGE_TARNAME "ast"
| #define PACKAGE_VERSION "8.7.1"
| #define PACKAGE_STRING "ast 8.7.1"
| #define PACKAGE_BUGREPORT "starlink@jiscmail.ac.uk"
| #define PACKAGE_URL ""
| #define PACKAGE "ast"
| #define VERSION "8.7.1"
| /* end confdefs.h.  */
| #include <ac_nonexistent.h>
configure:4785: result: gcc -E
configure:4805: gcc -E  conftest.c
configure:4805: $? = 0
configure:4819: gcc -E  conftest.c
conftest.c:11:10: fatal error: ac_nonexistent.h: No such file or directory
   11 | #include <ac_nonexistent.h>
      |          ^~~~~~~~~~~~~~~~~~
compilation terminated.
configure:4819: $? = 1
configure: failed program was:
| /* confdefs.h */
| #define PACKAGE_NAME "ast"
| #define PACKAGE_TARNAME "ast"
| #define PACKAGE_VERSION "8.7.1"
| #define PACKAGE_STRING "ast 8.7.1"
| #define PACKAGE_BUGREPORT "starlink@jiscmail.ac.uk"
| #define PACKAGE_URL ""
| #define PACKAGE "ast"
| #define VERSION "8.7.1"
| /* end confdefs.h.  */
| #include <ac_nonexistent.h>
configure:4876: checking build system type
configure:4890: result: x86_64-pc-linux-gnu
configure:4910: checking host system type
configure:4923: result: x86_64-pc-linux-gnu
configure:4964: checking how to print strings
configure:4991: result: printf
configure:5012: checking for a sed that does not truncate output
configure:5076: result: /usr/bin/sed
configure:5094: checking for grep that handles long lines and -e
configure:5152: result: /usr/bin/grep
configure:5157: checking for egrep
configure:5219: result: /usr/bin/grep -E
configure:5224: checking for fgrep
configure:5286: result: /usr/bin/grep -F
configure:5321: checking for ld used by gcc
configure:5388: result: /usr/bin/ld
configure:5395: checking if the linker (/usr/bin/ld) is GNU ld
configure:5410: result: yes
configure:5422: checking for BSD- or MS-compatible name lister (nm)
configure:5471: result: /usr/bin/nm -B
configure:5601: checking the name lister (/usr/bin/nm -B) interface
configure:5608: gcc -c -g -O2  conftest.c >&5
configure:5611: /usr/bin/nm -B "conftest.o"
configure:5614: output
0000000000000000 B some_variable
configure:5615: result: BSD nm
configure:5618: checking whether ln -s works
configure:5622: result: yes
configure:5630: checking the maximum length of command line arguments
configure:5760: result: 1572864
configure:5777: checking whether the shell understands some XSI constructs
configure:5786: result: yes
configure:5790: checking whether the shell understands "+="
configure:5794: result: yes
configure:5829: checking how to convert x86_64-pc-linux-gnu file names to x86_64-pc-linux-gnu format
configure:5869: result: func_convert_file_noop
configure:5876: checking how to convert x86_64-pc-linux-gnu file names to toolchain format
configure:5896: result: func_convert_file_noop
configure:5903: checking for /usr/bin/ld option to reload object files
configure:5910: result: -r
configure:5984: checking for objdump
configure:6000: found /usr/bin/objdump
configure:6011: result: objdump
configure:6043: checking how to recognize dependent libraries
configure:6245: result: pass_all
configure:6330: checking for dlltool
configure:6360: result: no
configure:6390: checking how to associate runtime and link libraries
configure:6417: result: printf %s\n
configure:6478: checking for ar
configure:6494: found /usr/bin/ar
configure:6505: result: ar
configure:6542: checking for archiver @FILE support
configure:6559: gcc -c -g -O2  conftest.c >&5
configure:6559: $? = 0
configure:6562: ar cru libconftest.a @conftest.lst >&5
ar: `u' modifier ignored since `D' is the default (see `U')
configure:6565: $? = 0
configure:6570: ar cru libconftest.a @conftest.lst >&5
ar: `u' modifier ignored since `D' is the default (see `U')
ar: conftest.o: No such file or directory
configure:6573: $? = 1
configure:6572: result: @
configure:6630: checking for strip
configure:6646: found /usr/bin/strip
configure:6657: result: strip
configure:6729: checking for ranlib
configure:6745: found /usr/bin/ranlib
configure:6756: result: ranlib
configure:6858: checking command to parse /usr/bin/nm -B output from gcc object
configure:6978: gcc -c -g -O2  conftest.c >&5
configure:6981: $? = 0
configure:6985: /usr/bin/nm -B conftest.o \| sed -n -e 's/^.*[ ]\([ABCDGIRSTW][ABCDGIRSTW]*\)[ ][ ]*\([_A-Za-z][_A-Za-z0-9]*\)$/\1 \2 \2/p' | sed '/ __gnu_lto/d' \> conftest.nm
configure:6988: $? = 0
configure:7054: gcc -o conftest -g -O2   conftest.c conftstm.o >&5
configure:7057: $? = 0
configure:7095: result: ok
configure:7132: checking for sysroot
configure:7162: result: no
configure:7239: gcc -c -g -O2  conftest.c >&5
configure:7242: $? = 0
configure:7418: checking for mt
configure:7434: found /usr/bin/mt
configure:7445: result: mt
configure:7468: checking if mt is a manifest tool
configure:7474: mt '-?'
configure:7482: result: no
configure:8120: checking for ANSI C header files
configure:8140: gcc -c -g -O2  conftest.c >&5
configure:8140: $? = 0
configure:8213: gcc -o conftest -g -O2   conftest.c  >&5
configure:8213: $? = 0
configure:8213: ./conftest
configure:8213: $? = 0
configure:8224: result: yes
configure:8237: checking for sys/types.h
configure:8237: gcc -c -g -O2  conftest.c >&5
configure:8237: $? = 0
configure:8237: result: yes
configure:8237: checking for sys/stat.h
configure:8237: gcc -c -g -O2  conftest.c >&5
configure:8237: $? = 0
configure:8237: result: yes
configure:8237: checking for stdlib.h
configure:8237: gcc -c -g -O2  conftest.c >&5
configure:8237: $? = 0
configure:8237: result: yes
configure:8237: checking for string.h
configure:8237: gcc -c -g -O2  conftest.c >&5
configure:8237: $? = 0
configure:8237: result: yes
configure:8237: checking for memory.h
configure:8237: gcc -c -g -O2  conftest.c >&5
configure:8237: $? = 0
configure:8237: result: yes
configure:8237: checking for strings.h
configure:8237: gcc -c -g -O2  conftest.c >&5
configure:8237: $? = 0
configure:8237: result: yes
configure:8237: checking for inttypes.h
configure:8237: gcc -c -g -O2  conftest.c >&5
configure:8237: $? = 0
configure:8237: result: yes
configure:8237: checking for stdint.h
configure:8237: gcc -c -g -O2  conftest.c >&5
configure:8237: $? = 0
configure:8237: result: yes
configure:8237: checking for unistd.h
configure:8237: gcc -c -g -O2  conftest.c >&5
configure:8237: $? = 0
configure:8237: result: yes
configure:8251: checking for dlfcn.h
configure:8251: gcc -c -g -O2  conftest.c >&5
configure:8251: $? = 0
configure:8251: result: yes
configure:8457: checking for objdir
configure:8472: result: .libs
configure:8739: checking if gcc supports -fno-rtti -fno-exceptions
configure:8757: gcc -c -g -O2  -fno-rtti -fno-exceptions conftest.c >&5
cc1: warning: command-line option '-fno-rtti' is valid for C++/D/ObjC++ but not for C
configure:8761: $? = 0
configure:8774: result: no
configure:9101: checking for gcc option to produce PIC
configure:9108: result: -fPIC -DPIC
configure:9116: checking if gcc PIC flag -fPIC -DPIC works
configure:9134: gcc -c -g -O2  -fPIC -DPIC -DPIC conftest.c >&5
configure:9138: $? = 0
configure:9151: result: yes
configure:9180: checking if gcc static flag -static works
configure:9208: result: yes
configure:9223: checking if gcc supports -c -o file.o
configure:9244: gcc -c -g -O2  -o out/conftest2.o conftest.c >&5
configure:9248: $? = 0
configure:9270: result: yes
configure:9278: checking if gcc supports -c -o file.o
configure:9325: result: yes
configure:9358: checking whether the gcc linker (/usr/bin/ld -m elf_x86_64) supports shared libraries
configure:10511: result: yes
configure:10751: checking dynamic linker characteristics
configure:11262: gcc -o conftest -g -O2   -Wl,-rpath -Wl,/foo conftest.c  >&5
configure:11262: $? = 0
configure:11484: result: GNU/Linux ld.so
configure:11591: checking how to hardcode library paths into programs
configure:11616: result: immediate
configure:12156: checking whether stripping libraries is possible
configure:12161: result: yes
configure:12196: checking if libtool supports shared libraries
configure:12198: result: yes
configure:12201: checking whether to build shared libraries
configure:12222: result: no
configure:12225: checking whether to build static libraries
configure:12229: result: yes
configure:9276: checking whether ln -s works
configure:9280: result: yes
configure:9375: checking stdarg.h usability
configure:9375: gcc -c -g -O2  conftest.c >&5
configure:9375: $? = 0
configure:9375: result: yes
configure:9375: checking stdarg.h presence
configure:9375: gcc -E  conftest.c
configure:9375: $? = 0
configure:9375: result: yes
configure:9375: checking for stdarg.h
configure:9375: result: yes
configure:9389: checking execinfo.h usability
configure:9389: gcc -c -g -O2  conftest.c >&5
configure:9389: $? = 0
configure:9389: result: yes
configure:9389: checking execinfo.h presence
configure:9389: gcc -E  conftest.c
configure:9389: $? = 0
configure:9389: result: yes
configure:9389: checking for execinfo.h
configure:9389: result: yes
configure:9401: checking for backtrace
configure:9401: gcc -o conftest -g -O2   conftest.c  >&5
configure:9401: $? = 0
configure:9401: result: yes
configure:9415: checking for strerror_r
configure:9415: gcc -o conftest -g -O2   conftest.c  >&5
configure:9415: $? = 0
configure:9415: result: yes
configure:9415: checking for strtok_r
configure:9415: gcc -o conftest -g -O2   conftest.c  >&5
configure:9415: $? = 0
configure:9415: result: yes
configure:9428: checking for vsnprintf
configure:9428: gcc -o conftest -g -O2   conftest.c  >&5
conftest.c:51:6: warning: conflicting types for built-in function 'vsnprintf'; expected 'int(char *, long unsigned int,  const char *, __va_list_tag *)' [-Wbuiltin-declaration-mismatch]
   51 | char vsnprintf ();
      |      ^~~~~~~~~
conftest.c:39:1: note: 'vsnprintf' is declared in header '<stdio.h>'
   38 | # include <limits.h>
   39 | #else
configure:9428: $? = 0
configure:9428: result: yes
configure:9439: checking for long double
configure:9439: gcc -c -g -O2  conftest.c >&5
configure:9439: $? = 0
configure:9439: gcc -c -g -O2  conftest.c >&5
conftest.c: In function 'main':
conftest.c:65:26: error: expected expression before ')' token
   65 | if (sizeof ((long double)))
      |                          ^
configure:9439: $? = 1
configure: failed program was:
| /* confdefs.h */
| #define PACKAGE_NAME "ast"
| #define PACKAGE_TARNAME "ast"
| #define PACKAGE_VERSION "8.7.1"
| #define PACKAGE_STRING "ast 8.7.1"
| #define PACKAGE_BUGREPORT "starlink@jiscmail.ac.uk"
| #define PACKAGE_URL ""
| #define PACKAGE "ast"
| #define VERSION "8.7.1"
| #define STDC_HEADERS 1
| #define HAVE_SYS_TYPES_H 1
| #define HAVE_SYS_STAT_H 1
| #define HAVE_STDLIB_H 1
| #define HAVE_STRING_H 1
| #define HAVE_MEMORY_H 1
| #define HAVE_STRINGS_H 1
| #define HAVE_INTTYPES_H 1
| #define HAVE_STDINT_H 1
| #define HAVE_UNISTD_H 1
| #define HAVE_DLFCN_H 1
| #define LT_OBJDIR ".libs/"
| #define HAVE_STDARG_H 1
| #define HAVE_EXECINFO_H 1
| #define HAVE_BACKTRACE 1
| #define HAVE_STRERROR_R 1
| #define HAVE_STRTOK_R 1
| #define HAVE_VSNPRINTF 1
| /* end confdefs.h.  */
| #include <stdio.h>
| #ifdef HAVE_SYS_TYPES_H
| # include <sys/types.h>
| #endif
| #ifdef HAVE_SYS_STAT_H
| # include <sys/stat.h>
| #endif
| #ifdef STDC_HEADERS
| # include <stdlib.h>
| # include <stddef.h>
| #else
| # ifdef HAVE_STDLIB_H
| #  include <stdlib.h>
| # endif
| #endif
| #ifdef HAVE_STRING_H
| # if !defined STDC_HEADERS && defined HAVE_MEMORY_H
| #  include <memory.h>
| # endif
| # include <string.h>
| #endif
| #ifdef HAVE_STRINGS_H
| # include <strings.h>
| #endif
| #ifdef HAVE_INTTYPES_H
| # include <inttypes.h>
| #endif
| #ifdef HAVE_STDINT_H
| # include <stdint.h>
| #endif
| #ifdef HAVE_UNISTD_H
| # include <unistd.h>
| #endif
| int
| main ()
| {
| if (sizeof ((long double)))
| 	    return 0;
|   ;
|   return 0;
| }
configure:9439: result: yes
configure:9451: checking for int64_t
configure:9451: gcc -c -g -O2  conftest.c >&5
configure:9451: $? = 0
configure:9451: gcc -c -g -O2  conftest.c >&5
conftest.c: In function 'main':
conftest.c:66:22: error: expected expression before ')' token
   66 | if (sizeof ((int64_t)))
      |                      ^
configure:9451: $? = 1
configure: failed program was:
| /* confdefs.h */
| #define PACKAGE_NAME "ast"
| #define PACKAGE_TARNAME "ast"
| #define PACKAGE_VERSION "8.7.1"
| #define PACKAGE_STRING "ast 8.7.1"
| #define PACKAGE_BUGREPORT "starlink@jiscmail.ac.uk"
| #define PACKAGE_URL ""
| #define PACKAGE "ast"
| #define VERSION "8.7.1"
| #define STDC_HEADERS 1
| #define HAVE_SYS_TYPES_H 1
| #define HAVE_SYS_STAT_H 1
| #define HAVE_STDLIB_H 1
| #define HAVE_STRING_H 1
| #define HAVE_MEMORY_H 1
| #define HAVE_STRINGS_H 1
| #define HAVE_INTTYPES_H 1
| #define HAVE_STDINT_H 1
| #define HAVE_UNISTD_H 1
| #define HAVE_DLFCN_H 1
| #define LT_OBJDIR ".libs/"
| #define HAVE_STDARG_H 1
| #define HAVE_EXECINFO_H 1
| #define HAVE_BACKTRACE 1
| #define HAVE_STRERROR_R 1
| #define HAVE_STRTOK_R 1
| #define HAVE_VSNPRINTF 1
| #define HAVE_LONG_DOUBLE 1
| /* end confdefs.h.  */
| #include <stdio.h>
| #ifdef HAVE_SYS_TYPES_H
| # include <sys/types.h>
| #endif
| #ifdef HAVE_SYS_STAT_H
| # include <sys/stat.h>
| #endif
| #ifdef STDC_HEADERS
| # include <stdlib.h>
| # include <stddef.h>
| #else
| # ifdef HAVE_STDLIB_H
| #  include <stdlib.h>
| # endif
| #endif
| #ifdef HAVE_STRING_H
| # if !defined STDC_HEADERS && defined HAVE_MEMORY_H
| #  include <memory.h>
| # endif
| # include <string.h>
| #endif
| #ifdef HAVE_STRINGS_H
| # include <strings.h>
| #endif
| #ifdef HAVE_INTTYPES_H
| # include <inttypes.h>
| #endif
| #ifdef HAVE_STDINT_H
| # include <stdint.h>
| #endif
| #ifdef HAVE_UNISTD_H
| # include <unistd.h>
| #endif
| int
| main ()
| {
| if (sizeof ((int64_t)))
| 	    return 0;
|   ;
|   return 0;
| }
configure:9451: result: yes
configure:9460: checking for uint64_t
configure:9460: gcc -c -g -O2  conftest.c >&5
configure:9460: $? = 0
configure:9460: gcc -c -g -O2  conftest.c >&5
conftest.c: In function 'main':
conftest.c:67:23: error: expected expression before ')' token
   67 | if (sizeof ((uint64_t)))
      |                       ^
configure:9460: $? = 1
configure: failed program was:
| /* confdefs.h */
| #define PACKAGE_NAME "ast"
| #define PACKAGE_TARNAME "ast"
| #define PACKAGE_VERSION "8.7.1"
| #define PACKAGE_STRING "ast 8.7.1"
| #define PACKAGE_BUGREPORT "starlink@jiscmail.ac.uk"
| #define PACKAGE_URL ""
| #define PACKAGE "ast"
| #define VERSION "8.7.1"
| #define STDC_HEADERS 1
| #define HAVE_SYS_TYPES_H 1
| #define HAVE_SYS_STAT_H 1
| #define HAVE_STDLIB_H 1
| #define HAVE_STRING_H 1
| #define HAVE_MEMORY_H 1
| #define HAVE_STRINGS_H 1
| #define HAVE_INTTYPES_H 1
| #define HAVE_STDINT_H 1
| #define HAVE_UNISTD_H 1
| #define HAVE_DLFCN_H 1
| #define LT_OBJDIR ".libs/"
| #define HAVE_STDARG_H 1
| #define HAVE_EXECINFO_H 1
| #define HAVE_BACKTRACE 1
| #define HAVE_STRERROR_R 1
| #define HAVE_STRTOK_R 1
| #define HAVE_VSNPRINTF 1
| #define HAVE_LONG_DOUBLE 1
| #define HAVE_INT64_T 1
| /* end confdefs.h.  */
| #include <stdio.h>
| #ifdef HAVE_SYS_TYPES_H
| # include <sys/types.h>
| #endif
| #ifdef HAVE_SYS_STAT_H
| # include <sys/stat.h>
| #endif
| #ifdef STDC_HEADERS
| # include <stdlib.h>
| # include <stddef.h>
| #else
| # ifdef HAVE_STDLIB_H
| #  include <stdlib.h>
| # endif
| #endif
| #ifdef HAVE_STRING_H
| # if !defined STDC_HEADERS && defined HAVE_MEMORY_H
| #  include <memory.h>
| # endif
| # include <string.h>
| #endif
| #ifdef HAVE_STRINGS_H
| # include <strings.h>
| #endif
| #ifdef HAVE_INTTYPES_H
| # include <inttypes.h>
| #endif
| #ifdef HAVE_STDINT_H
| # include <stdint.h>
| #endif
| #ifdef HAVE_UNISTD_H
| # include <unistd.h>
| #endif
| int
| main ()
| {
| if (sizeof ((uint64_t)))
| 	    return 0;
|   ;
|   return 0;
| }
configure:9460: result: yes
configure:9476: checking size of long
configure:9481: gcc -o conftest -g -O2   conftest.c  >&5
configure:9481: $? = 0
configure:9481: ./conftest
configure:9481: $? = 0
configure:9495: result: 8
configure:9509: checking size of long long
configure:9514: gcc -o conftest -g -O2   conftest.c  >&5
configure:9514: $? = 0
configure:9514: ./conftest
configure:9514: $? = 0
configure:9528: result: 8
configure:9549: checking whether C compiler defines __func__
configure:9562: gcc -c -g -O2  conftest.c >&5
configure:9562: $? = 0
configure:9563: result: yes
configure:9684: checking for gfortran
configure:9714: result: no
configure:9684: checking for g95
configure:9714: result: no
configure:9684: checking for lf95
configure:9714: result: no
configure:9684: checking for xlf95
configure:9714: result: no
configure:9684: checking for f95
configure:9714: result: no
configure:9684: checking for fort
configure:9714: result: no
configure:9684: checking for ifc
configure:9714: result: no
configure:9684: checking for ifort
configure:9714: result: no
configure:9684: checking for efc
configure:9714: result: no
configure:9684: checking for pgfortran
configure:9714: result: no
configure:9684: checking for pgf95
configure:9714: result: no
configure:9684: checking for ftn
configure:9714: result: no
configure:9684: checking for nagfor
configure:9714: result: no
configure:9684: checking for xlf90
configure:9714: result: no
configure:9684: checking for f90
configure:9714: result: no
configure:9684: checking for pgf90
configure:9714: result: no
configure:9684: checking for pghpf
configure:9714: result: no
configure:9684: checking for epcf90
configure:9714: result: no
configure:9684: checking for g77
configure:9714: result: no
configure:9684: checking for f77
configure:9714: result: no
configure:9684: checking for xlf
configure:9714: result: no
configure:9684: checking for frt
configure:9714: result: no
configure:9684: checking for pgf77
configure:9714: result: no
configure:9684: checking for cf77
configure:9714: result: no
configure:9684: checking for fort77
configure:9714: result: no
configure:9684: checking for fl32
configure:9714: result: no
configure:9684: checking for af77
configure:9714: result: no
configure:9684: checking for f77
configure:9714: result: no
configure:9737: checking for Fortran compiler version
configure:9746:  --version >&5
./configure: line 9748: --version: command not found
configure:9757: $? = 127
configure:9746:  -v >&5
./configure: line 9748: -v: command not found
configure:9757: $? = 127
configure:9746:  -V >&5
./configure: line 9748: -V: command not found
configure:9757: $? = 127
configure:9746:  -qversion >&5
./configure: line 9748: -qversion: command not found
configure:9757: $? = 127
configure:9766: checking whether we are using the GNU Fortran compiler
configure:9779:  -c   conftest.F >&5
./configure: line 2177: -c: command not found
configure:9779: $? = 127
configure: failed program was:
|       program main
| #ifndef __GNUC__
|        choke me
| #endif
| 
|       end
configure:9788: result: no
configure:9794: checking whether  accepts -g
configure:9805:  -c -g  conftest.f >&5
./configure: line 2177: -c: command not found
configure:9805: $? = 127
configure: failed program was:
|       program main
| 
|       end
configure:9813: result: no
configure:12740: checking how to get verbose linking output from 
configure:12750:  -c   conftest.f >&5
./configure: line 2177: -c: command not found
configure:12750: $? = 127
configure: failed program was:
|       program main
| 
|       end
configure:12845: WARNING: compilation failed
configure:12851: result: 
configure:12853: checking for Fortran libraries of 
configure:12876: -o conftest conftest.f
./configure: line 12881: -o: command not found
configure:13072: result: 
configure:13091: checking for perl
configure:13110: found /usr/bin/perl
configure:13123: result: /usr/bin/perl
configure:13135: checking for isnan
configure:13135: gcc -o conftest -g -O2   conftest.c  >&5
conftest.c:58:6: warning: conflicting types for built-in function 'isnan'; expected 'int()' [-Wbuiltin-declaration-mismatch]
   58 | char isnan ();
      |      ^~~~~
conftest.c:46:1: note: 'isnan' is declared in header '<math.h>'
   45 | # include <limits.h>
   46 | #else
configure:13135: $? = 0
configure:13135: result: yes
configure:13144: checking whether isnan is declared
configure:13144: gcc -c -g -O2  conftest.c >&5
configure:13144: $? = 0
configure:13144: result: yes
configure:13159: checking for isfinite
configure:13159: gcc -o conftest -g -O2   conftest.c  >&5
/usr/bin/ld: /tmp/cchNZ7K7.o: in function `main':
/home/max/Programming/SAOImageDS9/ast/conftest.c:71: undefined reference to `isfinite'
collect2: error: ld returned 1 exit status
configure:13159: $? = 1
configure: failed program was:
| /* confdefs.h */
| #define PACKAGE_NAME "ast"
| #define PACKAGE_TARNAME "ast"
| #define PACKAGE_VERSION "8.7.1"
| #define PACKAGE_STRING "ast 8.7.1"
| #define PACKAGE_BUGREPORT "starlink@jiscmail.ac.uk"
| #define PACKAGE_URL ""
| #define PACKAGE "ast"
| #define VERSION "8.7.1"
| #define STDC_HEADERS 1
| #define HAVE_SYS_TYPES_H 1
| #define HAVE_SYS_STAT_H 1
| #define HAVE_STDLIB_H 1
| #define HAVE_STRING_H 1
| #define HAVE_MEMORY_H 1
| #define HAVE_STRINGS_H 1
| #define HAVE_INTTYPES_H 1
| #define HAVE_STDINT_H 1
| #define HAVE_UNISTD_H 1
| #define HAVE_DLFCN_H 1
| #define LT_OBJDIR ".libs/"
| #define HAVE_STDARG_H 1
| #define HAVE_EXECINFO_H 1
| #define HAVE_BACKTRACE 1
| #define HAVE_STRERROR_R 1
| #define HAVE_STRTOK_R 1
| #define HAVE_VSNPRINTF 1
| #define HAVE_LONG_DOUBLE 1
| #define HAVE_INT64_T 1
| #define HAVE_UINT64_T 1
| #define SIZEOF_LONG 8
| #define SIZEOF_LONG_LONG 8
| #define FUNCTION_NAME __func__
| #define HAVE_ISNAN 1
| #define HAVE_DECL_ISNAN 1
| /* end confdefs.h.  */
| /* Define isfinite to an innocuous variant, in case <limits.h> declares isfinite.
|    For example, HP-UX 11i <limits.h> declares gettimeofday.  */
| #define isfinite innocuous_isfinite
| 
| /* System header to define __stub macros and hopefully few prototypes,
|     which can conflict with char isfinite (); below.
|     Prefer <limits.h> to <assert.h> if __STDC__ is defined, since
|     <limits.h> exists even on freestanding compilers.  */
| 
| #ifdef __STDC__
| # include <limits.h>
| #else
| # include <assert.h>
| #endif
| 
| #undef isfinite
| 
| /* Override any GCC internal prototype to avoid an error.
|    Use char because int might match the return type of a GCC
|    builtin and then its argument prototype would still apply.  */
| #ifdef __cplusplus
| extern "C"
| #endif
| char isfinite ();
| /* The GNU C library defines this for functions which it implements
|     to always fail with ENOSYS.  Some functions are actually named
|     something starting with __ and the normal name is an alias.  */
| #if defined __stub_isfinite || defined __stub___isfinite
| choke me
| #endif
| 
| int
| main ()
| {
| return isfinite ();
|   ;
|   return 0;
| }
configure:13159: result: no
configure:13168: checking whether isfinite is declared
configure:13168: gcc -c -g -O2  conftest.c >&5
configure:13168: $? = 0
configure:13168: result: yes
configure:13193: checking if  is in strict f2c compatible mode
configure:13265: result: no
configure:13282: checking size of void*
configure:13287: gcc -o conftest -g -O2   conftest.c  >&5
configure:13287: $? = 0
configure:13287: ./conftest
configure:13287: $? = 0
configure:13301: result: 8
configure:13310: checking whether  has the %LOC extension
configure:13329:  -c   conftest.f >&5
./configure: line 2177: -c: command not found
configure:13329: $? = 127
configure: failed program was:
|       program main
| 
|       INTEGER I, ADDR
|       I = 1
|       ADDR = %LOC( I )
| 
|       end
configure:13342: result: no
configure:13349: checking type used for Fortran string lengths
configure:13435: result: long
configure:13477: in post-distribution state
configure:13505: checking for messgen
configure:13537: result: messgen
configure:13552: checking whether the sscanf function is ANSI-compatible
configure:13591: gcc -o conftest -g -O2   conftest.c  >&5
configure:13591: $? = 0
configure:13591: ./conftest
configure:13591: $? = 1
configure: program exited with status 1
configure: failed program was:
| /* confdefs.h */
| #define PACKAGE_NAME "ast"
| #define PACKAGE_TARNAME "ast"
| #define PACKAGE_VERSION "8.7.1"
| #define PACKAGE_STRING "ast 8.7.1"
| #define PACKAGE_BUGREPORT "starlink@jiscmail.ac.uk"
| #define PACKAGE_URL ""
| #define PACKAGE "ast"
| #define VERSION "8.7.1"
| #define STDC_HEADERS 1
| #define HAVE_SYS_TYPES_H 1
| #define HAVE_SYS_STAT_H 1
| #define HAVE_STDLIB_H 1
| #define HAVE_STRING_H 1
| #define HAVE_MEMORY_H 1
| #define HAVE_STRINGS_H 1
| #define HAVE_INTTYPES_H 1
| #define HAVE_STDINT_H 1
| #define HAVE_UNISTD_H 1
| #define HAVE_DLFCN_H 1
| #define LT_OBJDIR ".libs/"
| #define HAVE_STDARG_H 1
| #define HAVE_EXECINFO_H 1
| #define HAVE_BACKTRACE 1
| #define HAVE_STRERROR_R 1
| #define HAVE_STRTOK_R 1
| #define HAVE_VSNPRINTF 1
| #define HAVE_LONG_DOUBLE 1
| #define HAVE_INT64_T 1
| #define HAVE_UINT64_T 1
| #define SIZEOF_LONG 8
| #define SIZEOF_LONG_LONG 8
| #define FUNCTION_NAME __func__
| #define HAVE_ISNAN 1
| #define HAVE_DECL_ISNAN 1
| #define HAVE_DECL_ISFINITE 1
| #define SIZEOF_VOIDP 8
| #define TRAIL_TYPE long
| /* end confdefs.h.  */
| 
| 
| #include <stdio.h>
| #include <stdlib.h>
| 
| int main() {
|   char foo[] = " name 1111.1 ";
|   char mingw[] = "system= FK4_NO_E";
| 
|   char bar[8];
|   float ff;
|   int system;
|   int nc;
|   int r;
| 
|   nc = 0;
|   r = sscanf(foo, " %s %f %n", bar, &ff, &nc);
| 
|   if ( nc == 13 ) {
|      nc = 0;
|      r = sscanf( mingw, "system= %n%*s %n", &system, &nc );
|      if ( nc != 0 ) nc = 13;
|   }
|   exit( ( nc != 13 ) ? 0 : 1 );
| }
| 
| 
configure:13599: result: yes
configure:13675: checking for star2html
configure:13707: result: star2html
configure:13721: checking for prolat
configure:13753: result: prolat
configure:13925: checking that generated files are newer than configure
configure:13931: result: done
configure:13970: creating ./config.status

## ---------------- ##
## Cache variables. ##
## ---------------- ##

ac_cv_build=x86_64-pc-linux-gnu
ac_cv_c_compiler_gnu=yes
ac_cv_env_CC_set=
ac_cv_env_CC_value=
ac_cv_env_CFLAGS_set=
ac_cv_env_CFLAGS_value=
ac_cv_env_CPPFLAGS_set=
ac_cv_env_CPPFLAGS_value=
ac_cv_env_CPP_set=
ac_cv_env_CPP_value=
ac_cv_env_FCFLAGS_set=
ac_cv_env_FCFLAGS_value=
ac_cv_env_FC_set=
ac_cv_env_FC_value=
ac_cv_env_LDFLAGS_set=
ac_cv_env_LDFLAGS_value=
ac_cv_env_LIBS_set=
ac_cv_env_LIBS_value=
ac_cv_env_MESSGEN_set=
ac_cv_env_MESSGEN_value=
ac_cv_env_PROLAT_set=
ac_cv_env_PROLAT_value=
ac_cv_env_STAR2HTML_set=
ac_cv_env_STAR2HTML_value=
ac_cv_env_STARLINK_set=
ac_cv_env_STARLINK_value=
ac_cv_env_build_alias_set=
ac_cv_env_build_alias_value=
ac_cv_env_host_alias_set=
ac_cv_env_host_alias_value=
ac_cv_env_target_alias_set=
ac_cv_env_target_alias_value=
ac_cv_fc_compiler_gnu=no
ac_cv_fc_have_percentloc=no
ac_cv_fc_libs=
ac_cv_func_backtrace=yes
ac_cv_func_isfinite=no
ac_cv_func_isnan=yes
ac_cv_func_strerror_r=yes
ac_cv_func_strtok_r=yes
ac_cv_func_vsnprintf=yes
ac_cv_have_decl_isfinite=yes
ac_cv_have_decl_isnan=yes
ac_cv_header_dlfcn_h=yes
ac_cv_header_execinfo_h=yes
ac_cv_header_inttypes_h=yes
ac_cv_header_memory_h=yes
ac_cv_header_stdarg_h=yes
ac_cv_header_stdc=yes
ac_cv_header_stdint_h=yes
ac_cv_header_stdlib_h=yes
ac_cv_header_string_h=yes
ac_cv_header_strings_h=yes
ac_cv_header_sys_stat_h=yes
ac_cv_header_sys_types_h=yes
ac_cv_header_unistd_h=yes
ac_cv_host=x86_64-pc-linux-gnu
ac_cv_objext=o
ac_cv_path_EGREP='/usr/bin/grep -E'
ac_cv_path_FGREP='/usr/bin/grep -F'
ac_cv_path_GIT=/usr/bin/git
ac_cv_path_GREP=/usr/bin/grep
ac_cv_path_MESSGEN=messgen
ac_cv_path_PERL=/usr/bin/perl
ac_cv_path_PROLAT=prolat
ac_cv_path_SED=/usr/bin/sed
ac_cv_path_STAR2HTML=star2html
ac_cv_path_TAR=/usr/bin/tar
ac_cv_path_install='/usr/bin/install -c'
ac_cv_path_mkdir=/usr/bin/mkdir
ac_cv_prog_AWK=gawk
ac_cv_prog_CPP='gcc -E'
ac_cv_prog_ac_ct_AR=ar
ac_cv_prog_ac_ct_CC=gcc
ac_cv_prog_ac_ct_MANIFEST_TOOL=mt
ac_cv_prog_ac_ct_OBJDUMP=objdump
ac_cv_prog_ac_ct_RANLIB=ranlib
ac_cv_prog_ac_ct_STRIP=strip
ac_cv_prog_cc_c89=
ac_cv_prog_cc_g=yes
ac_cv_prog_fc_g=no
ac_cv_prog_make_make_set=yes
ac_cv_sizeof_long=8
ac_cv_sizeof_long_long=8
ac_cv_sizeof_voidp=8
ac_cv_type_int64_t=yes
ac_cv_type_long_double=yes
ac_cv_type_uint64_t=yes
am_cv_CC_dependencies_compiler_type=gcc3
am_cv_make_support_nested_variables=yes
am_cv_prog_cc_c_o=yes
lt_cv_ar_at_file=@
lt_cv_deplibs_check_method=pass_all
lt_cv_file_magic_cmd='$MAGIC_CMD'
lt_cv_file_magic_test_file=
lt_cv_ld_reload_flag=-r
lt_cv_nm_interface='BSD nm'
lt_cv_objdir=.libs
lt_cv_path_LD=/usr/bin/ld
lt_cv_path_NM='/usr/bin/nm -B'
lt_cv_path_mainfest_tool=no
lt_cv_prog_compiler_c_o=yes
lt_cv_prog_compiler_pic='-fPIC -DPIC'
lt_cv_prog_compiler_pic_works=yes
lt_cv_prog_compiler_rtti_exceptions=no
lt_cv_prog_compiler_static_works=yes
lt_cv_prog_gnu_ld=yes
lt_cv_sharedlib_from_linklib_cmd='printf %s\n'
lt_cv_shlibpath_overrides_runpath=yes
lt_cv_sys_global_symbol_pipe='sed -n -e '\''s/^.*[	 ]\([ABCDGIRSTW][ABCDGIRSTW]*\)[	 ][	 ]*\([_A-Za-z][_A-Za-z0-9]*\)$/\1 \2 \2/p'\'' | sed '\''/ __gnu_lto/d'\'''
lt_cv_sys_global_symbol_to_c_name_address='sed -n -e '\''s/^: \([^ ]*\)[ ]*$/  {\"\1\", (void *) 0},/p'\'' -e '\''s/^[ABCDGIRSTW]* \([^ ]*\) \([^ ]*\)$/  {"\2", (void *) \&\2},/p'\'''
lt_cv_sys_global_symbol_to_c_name_address_lib_prefix='sed -n -e '\''s/^: \([^ ]*\)[ ]*$/  {\"\1\", (void *) 0},/p'\'' -e '\''s/^[ABCDGIRSTW]* \([^ ]*\) \(lib[^ ]*\)$/  {"\2", (void *) \&\2},/p'\'' -e '\''s/^[ABCDGIRSTW]* \([^ ]*\) \([^ ]*\)$/  {"lib\2", (void *) \&\2},/p'\'''
lt_cv_sys_global_symbol_to_cdecl='sed -n -e '\''s/^T .* \(.*\)$/extern int \1();/p'\'' -e '\''s/^[ABCDGIRSTW]* .* \(.*\)$/extern char \1;/p'\'''
lt_cv_sys_max_cmd_len=1572864
lt_cv_to_host_file_cmd=func_convert_file_noop
lt_cv_to_tool_file_cmd=func_convert_file_noop
star_cv_cnf_f2c_compatible=no
star_cv_cnf_trail_type=long

## ----------------- ##
## Output variables. ##
## ----------------- ##

ACLOCAL='${SHELL} /home/max/Programming/SAOImageDS9/ast/build-aux/missing aclocal-1.15'
AMDEPBACKSLASH='\'
AMDEP_FALSE='#'
AMDEP_TRUE=''
AMTAR='$${TAR-tar}'
AM_BACKSLASH='\'
AM_DEFAULT_V='$(AM_DEFAULT_VERBOSITY)'
AM_DEFAULT_VERBOSITY='1'
AM_V='$(V)'
AR='ar'
AUTOCONF='${SHELL} /home/max/Programming/SAOImageDS9/ast/build-aux/missing autoconf'
AUTOHEADER='${SHELL} /home/max/Programming/SAOImageDS9/ast/build-aux/missing autoheader'
AUTOMAKE='${SHELL} /home/max/Programming/SAOImageDS9/ast/build-aux/missing automake-1.15'
AWK='gawk'
CC='gcc'
CCDEPMODE='depmode=gcc3'
CFLAGS='-g -O2'
CPP='gcc -E'
CPPFLAGS=''
CYGPATH_W='echo'
DEFS='-DHAVE_CONFIG_H'
DEPDIR='.deps'
DLLTOOL='false'
DSYMUTIL=''
DUMPBIN=''
ECHO_C=''
ECHO_N='-n'
ECHO_T=''
EGREP='/usr/bin/grep -E'
EXEEXT=''
EXTERNAL_PAL='0'
EXTERNAL_PAL_FALSE=''
EXTERNAL_PAL_TRUE='#'
FC=''
FCFLAGS=''
FCLIBS=''
FGREP='/usr/bin/grep -F'
FORTRAN='1'
GIT='/usr/bin/git'
GREP='/usr/bin/grep'
INSTALL_DATA='${INSTALL} -m 644'
INSTALL_PROGRAM='${INSTALL}'
INSTALL_SCRIPT='${INSTALL}'
INSTALL_STRIP_PROGRAM='$(install_sh) -c -s'
LATEX2DVI='$$LATEX "\\batchmode\\input $$1" && $$LATEX "\\batchmode\\input $$1"'
LD='/usr/bin/ld -m elf_x86_64'
LDFLAGS=''
LIBOBJS=''
LIBPAL=''
LIBS=''
LIBTOOL='$(SHELL) $(top_builddir)/libtool'
LIPO=''
LN_S='ln -s'
LTLIBOBJS=''
MAKEINFO='${SHELL} /home/max/Programming/SAOImageDS9/ast/build-aux/missing makeinfo'
MANIFEST_TOOL=':'
MESSGEN='messgen'
MKDIR_P='/usr/bin/mkdir -p'
NM='/usr/bin/nm -B'
NMEDIT=''
NOFORTRAN_FALSE=''
NOFORTRAN_TRUE='#'
NOPIC_FALSE=''
NOPIC_TRUE='#'
NOTHREADS_FALSE='#'
NOTHREADS_TRUE=''
OBJDUMP='objdump'
OBJEXT='o'
OTOOL64=''
OTOOL=''
PACKAGE='ast'
PACKAGE_BUGREPORT='starlink@jiscmail.ac.uk'
PACKAGE_NAME='ast'
PACKAGE_STRING='ast 8.7.1'
PACKAGE_TARNAME='ast'
PACKAGE_URL=''
PACKAGE_VERSION='8.7.1'
PACKAGE_VERSION_INTEGER='8007001'
PACKAGE_VERSION_MAJOR='8'
PACKAGE_VERSION_MINOR='7'
PACKAGE_VERSION_RELEASE='1'
PATH_SEPARATOR=':'
PAX=''
PERL='/usr/bin/perl'
PREDIST='#'
PROLAT='prolat'
RANLIB='ranlib'
REAL_FUNCTION_TYPE='float'
SED='/usr/bin/sed'
SET_MAKE=''
SHELL='/bin/bash'
STAR2HTML='star2html'
STARLINK='/stardev/git/starlink/star'
STAR_CPPFLAGS='-I/stardev/git/starlink/star/include'
STAR_DEPENDENCIES_ATTRIBUTES=''
STAR_DEPENDENCIES_CHILDREN='<sourceset>sst</sourceset><sourceset>htx</sourceset><sourceset>messgen</sourceset>'
STAR_DOCUMENTATION=' sun210 sun211'
STAR_FCFLAGS='-I/stardev/git/starlink/star/include'
STAR_FFLAGS='-I/stardev/git/starlink/star/include'
STAR_LATEX_DOCUMENTATION='sun210.pdf sun210.tex sun211.pdf sun211.tex sun210.htx_tar sun211.htx_tar'
STAR_LDFLAGS='-L/stardev/git/starlink/star/lib'
STAR_MANIFEST_DIR='$(prefix)/manifests'
STAR_SOURCE_ROOT_DIR=''
STRIP='strip'
TAR='/usr/bin/tar'
THREADS='0'
TRAIL_TYPE='long'
VERSION='8.7.1'
ac_ct_AR='ar'
ac_ct_CC='gcc'
ac_ct_DUMPBIN=''
ac_ct_FC=''
am__EXEEXT_FALSE=''
am__EXEEXT_TRUE='#'
am__fastdepCC_FALSE='#'
am__fastdepCC_TRUE=''
am__include='include'
am__isrc=''
am__leading_dot='.'
am__nodep='_no'
am__quote=''
am__tar='$${TAR-tar} chof - "$$tardir"'
am__untar='$${TAR-tar} xf -'
bindir='${exec_prefix}/bin'
build='x86_64-pc-linux-gnu'
build_alias=''
build_cpu='x86_64'
build_os='linux-gnu'
build_vendor='pc'
datadir='${datarootdir}'
datarootdir='${prefix}/share'
docdir='${datarootdir}/doc/${PACKAGE_TARNAME}'
dvidir='${docdir}'
exec_prefix='/home/max/Programming/SAOImageDS9'
host='x86_64-pc-linux-gnu'
host_alias=''
host_cpu='x86_64'
host_os='linux-gnu'
host_vendor='pc'
htmldir='${docdir}'
includedir='${prefix}/include'
infodir='${datarootdir}/info'
install_sh='${SHELL} /home/max/Programming/SAOImageDS9/ast/build-aux/install-sh'
libdir='/home/max/Programming/SAOImageDS9/lib'
libexecdir='${exec_prefix}/libexec'
localedir='${datarootdir}/locale'
localstatedir='${prefix}/var'
mandir='${datarootdir}/man'
mkdir_p='$(MKDIR_P)'
oldincludedir='/usr/include'
pdfdir='${docdir}'
prefix='/home/max/Programming/SAOImageDS9'
program_transform_name='s,x,x,'
psdir='${docdir}'
sbindir='${exec_prefix}/sbin'
sharedstatedir='${prefix}/com'
stardocsdir='${prefix}/docs'
staretcdir='${prefix}/etc'
starexamplesdir='${prefix}/examples'
starfacsdir='${prefix}/help'
starhelpdir='${prefix}/help'
starnewsdir='${prefix}/news'
sysconfdir='${prefix}/etc'
target_alias=''

## ----------- ##
## confdefs.h. ##
## ----------- ##

/* confdefs.h */
#define PACKAGE_NAME "ast"
#define PACKAGE_TARNAME "ast"
#define PACKAGE_VERSION "8.7.1"
#define PACKAGE_STRING "ast 8.7.1"
#define PACKAGE_BUGREPORT "starlink@jiscmail.ac.uk"
#define PACKAGE_URL ""
#define PACKAGE "ast"
#define VERSION "8.7.1"
#define STDC_HEADERS 1
#define HAVE_SYS_TYPES_H 1
#define HAVE_SYS_STAT_H 1
#define HAVE_STDLIB_H 1
#define HAVE_STRING_H 1
#define HAVE_MEMORY_H 1
#define HAVE_STRINGS_H 1
#define HAVE_INTTYPES_H 1
#define HAVE_STDINT_H 1
#define HAVE_UNISTD_H 1
#define HAVE_DLFCN_H 1
#define LT_OBJDIR ".libs/"
#define HAVE_STDARG_H 1
#define HAVE_EXECINFO_H 1
#define HAVE_BACKTRACE 1
#define HAVE_STRERROR_R 1
#define HAVE_STRTOK_R 1
#define HAVE_VSNPRINTF 1
#define HAVE_LONG_DOUBLE 1
#define HAVE_INT64_T 1
#define HAVE_UINT64_T 1
#define SIZEOF_LONG 8
#define SIZEOF_LONG_LONG 8
#define FUNCTION_NAME __func__
#define HAVE_ISNAN 1
#define HAVE_DECL_ISNAN 1
#define HAVE_DECL_ISFINITE 1
#define SIZEOF_VOIDP 8
#define TRAIL_TYPE long

configure: exit 0

## ---------------------- ##
## Running config.status. ##
## ---------------------- ##

This file was extended by ast config.status 8.7.1, which was
generated by Starlink Autoconf 2.69.  Invocation command line was

  CONFIG_FILES    = 
  CONFIG_HEADERS  = 
  CONFIG_LINKS    = 
  CONFIG_COMMANDS = 
  $ ./config.status 

on Maximum-V2

config.status:1203: creating Makefile
config.status:1203: creating component.xml
config.status:1203: creating ast_link
config.status:1203: creating ast_link_adam
config.status:1203: creating object.h
config.status:1203: creating f77.h
config.status:1203: creating ast_cpp
config.status:1203: creating config.h
config.status:1384: config.h is unchanged
config.status:1432: executing depfiles commands
config.status:1432: executing libtool commands

## ---------------------- ##
## Running config.status. ##
## ---------------------- ##

This file was extended by ast config.status 8.7.1, which was
generated by Starlink Autoconf 2.69.  Invocation command line was

  CONFIG_FILES    = 
  CONFIG_HEADERS  = 
  CONFIG_LINKS    = 
  CONFIG_COMMANDS = 
  $ ./config.status config.h

on Maximum-V2

config.status:1203: creating config.h
config.status:1384: config.h is unchanged
