This file contains any messages produced by compilers while
running configure, to aid debugging if configure makes a mistake.

It was created by tclxml configure 3.2, which was
generated by GNU Autoconf 2.69.  Invocation command line was

  $ ./configure --with-tcl=/home/max/Programming/SAOImageDS9/tcl8.6/unix --prefix /home/max/Programming/SAOImageDS9 --exec-prefix /home/max/Programming/SAOImageDS9 --libdir /home/max/Programming/SAOImageDS9/lib --disable-shared --disable-stubs --enable-symbols --config-cache --cache-file=/home/max/Programming/SAOImageDS9/config.cache

## --------- ##
## Platform. ##
## --------- ##

hostname = Maximum-V2
uname -m = x86_64
uname -r = 5.8.0-25-generic
uname -s = Linux
uname -v = #26-Ubuntu SMP Thu Oct 15 10:30:38 UTC 2020

/usr/bin/uname -p = x86_64
/bin/uname -X     = unknown

/bin/arch              = x86_64
/usr/bin/arch -k       = unknown
/usr/convex/getsysinfo = unknown
/usr/bin/hostinfo      = unknown
/bin/machine           = unknown
/usr/bin/oslevel       = unknown
/bin/universe          = unknown

PATH: /home/max/.local/bin
PATH: /home/max/.local/bin
PATH: /usr/local/sbin
PATH: /usr/local/bin
PATH: /usr/sbin
PATH: /usr/bin
PATH: /sbin
PATH: /bin
PATH: /usr/games
PATH: /usr/local/games
PATH: /snap/bin


## ----------- ##
## Core tests. ##
## ----------- ##

configure:2020: loading cache /home/max/Programming/SAOImageDS9/config.cache
configure:2111: checking TEA configuration
configure:2117: result: ok (TEA 3.13)
configure:2198: configuring tclxml 3.2
configure:2228: checking system version
configure:2251: result: Linux-5.8.0-25-generic
configure:2320: checking for Tcl configuration
configure:2453: result: found /home/max/Programming/SAOImageDS9/tcl8.6/unix/tclConfig.sh
configure:2506: checking for gcc
configure:2533: result: gcc
configure:2762: checking for C compiler version
configure:2771: gcc --version >&5
gcc (Ubuntu 10.2.0-13ubuntu1) 10.2.0
Copyright (C) 2020 Free Software Foundation, Inc.
This is free software; see the source for copying conditions.  There is NO
warranty; not even for MERCHANTABILITY or FITNESS FOR A PARTICULAR PURPOSE.

configure:2782: $? = 0
configure:2771: gcc -v >&5
Using built-in specs.
COLLECT_GCC=gcc
COLLECT_LTO_WRAPPER=/usr/lib/gcc/x86_64-linux-gnu/10/lto-wrapper
OFFLOAD_TARGET_NAMES=nvptx-none:amdgcn-amdhsa:hsa
OFFLOAD_TARGET_DEFAULT=1
Target: x86_64-linux-gnu
Configured with: ../src/configure -v --with-pkgversion='Ubuntu 10.2.0-13ubuntu1' --with-bugurl=file:///usr/share/doc/gcc-10/README.Bugs --enable-languages=c,ada,c++,go,brig,d,fortran,objc,obj-c++,m2 --prefix=/usr --with-gcc-major-version-only --program-suffix=-10 --program-prefix=x86_64-linux-gnu- --enable-shared --enable-linker-build-id --libexecdir=/usr/lib --without-included-gettext --enable-threads=posix --libdir=/usr/lib --enable-nls --enable-clocale=gnu --enable-libstdcxx-debug --enable-libstdcxx-time=yes --with-default-libstdcxx-abi=new --enable-gnu-unique-object --disable-vtable-verify --enable-plugin --enable-default-pie --with-system-zlib --enable-libphobos-checking=release --with-target-system-zlib=auto --enable-objc-gc=auto --enable-multiarch --disable-werror --with-arch-32=i686 --with-abi=m64 --with-multilib-list=m32,m64,mx32 --enable-multilib --with-tune=generic --enable-offload-targets=nvptx-none=/build/gcc-10-JvwpWM/gcc-10-10.2.0/debian/tmp-nvptx/usr,amdgcn-amdhsa=/build/gcc-10-JvwpWM/gcc-10-10.2.0/debian/tmp-gcn/usr,hsa --without-cuda-driver --enable-checking=release --build=x86_64-linux-gnu --host=x86_64-linux-gnu --target=x86_64-linux-gnu
Thread model: posix
Supported LTO compression algorithms: zlib zstd
gcc version 10.2.0 (Ubuntu 10.2.0-13ubuntu1) 
... rest of stderr output deleted ...
configure:2782: $? = 0
configure:2771: gcc -V >&5
gcc: error: unrecognized command-line option '-V'
gcc: fatal error: no input files
compilation terminated.
configure:2782: $? = 1
configure:2771: gcc -qversion >&5
gcc: error: unrecognized command-line option '-qversion'; did you mean '--version'?
gcc: fatal error: no input files
compilation terminated.
configure:2782: $? = 1
configure:2802: checking whether the C compiler works
configure:2824: gcc    conftest.c  >&5
configure:2828: $? = 0
configure:2876: result: yes
configure:2879: checking for C compiler default output file name
configure:2881: result: a.out
configure:2887: checking for suffix of executables
configure:2894: gcc -o conftest    conftest.c  >&5
configure:2898: $? = 0
configure:2920: result: 
configure:2942: checking whether we are cross compiling
configure:2950: gcc -o conftest    conftest.c  >&5
configure:2954: $? = 0
configure:2961: ./conftest
configure:2965: $? = 0
configure:2953: result: no
configure:2958: checking for suffix of object files
configure:3005: result: o
configure:3009: checking whether we are using the GNU C compiler
configure:3037: result: yes
configure:3046: checking whether gcc accepts -g
configure:3107: result: yes
configure:3124: checking for gcc option to accept ISO C89
configure:3200: result: none needed
configure:3222: checking for existence of /home/max/Programming/SAOImageDS9/tcl8.6/unix/tclConfig.sh
configure:3226: result: loading
configure:3290: checking platform
configure:3308: gcc -c   conftest.c >&5
configure:3308: $? = 0
configure:3358: result: unix
configure:3481: checking for gcc
configure:3508: result: gcc
configure:3737: checking for C compiler version
configure:3746: gcc --version >&5
gcc (Ubuntu 10.2.0-13ubuntu1) 10.2.0
Copyright (C) 2020 Free Software Foundation, Inc.
This is free software; see the source for copying conditions.  There is NO
warranty; not even for MERCHANTABILITY or FITNESS FOR A PARTICULAR PURPOSE.

configure:3757: $? = 0
configure:3746: gcc -v >&5
Using built-in specs.
COLLECT_GCC=gcc
COLLECT_LTO_WRAPPER=/usr/lib/gcc/x86_64-linux-gnu/10/lto-wrapper
OFFLOAD_TARGET_NAMES=nvptx-none:amdgcn-amdhsa:hsa
OFFLOAD_TARGET_DEFAULT=1
Target: x86_64-linux-gnu
Configured with: ../src/configure -v --with-pkgversion='Ubuntu 10.2.0-13ubuntu1' --with-bugurl=file:///usr/share/doc/gcc-10/README.Bugs --enable-languages=c,ada,c++,go,brig,d,fortran,objc,obj-c++,m2 --prefix=/usr --with-gcc-major-version-only --program-suffix=-10 --program-prefix=x86_64-linux-gnu- --enable-shared --enable-linker-build-id --libexecdir=/usr/lib --without-included-gettext --enable-threads=posix --libdir=/usr/lib --enable-nls --enable-clocale=gnu --enable-libstdcxx-debug --enable-libstdcxx-time=yes --with-default-libstdcxx-abi=new --enable-gnu-unique-object --disable-vtable-verify --enable-plugin --enable-default-pie --with-system-zlib --enable-libphobos-checking=release --with-target-system-zlib=auto --enable-objc-gc=auto --enable-multiarch --disable-werror --with-arch-32=i686 --with-abi=m64 --with-multilib-list=m32,m64,mx32 --enable-multilib --with-tune=generic --enable-offload-targets=nvptx-none=/build/gcc-10-JvwpWM/gcc-10-10.2.0/debian/tmp-nvptx/usr,amdgcn-amdhsa=/build/gcc-10-JvwpWM/gcc-10-10.2.0/debian/tmp-gcn/usr,hsa --without-cuda-driver --enable-checking=release --build=x86_64-linux-gnu --host=x86_64-linux-gnu --target=x86_64-linux-gnu
Thread model: posix
Supported LTO compression algorithms: zlib zstd
gcc version 10.2.0 (Ubuntu 10.2.0-13ubuntu1) 
... rest of stderr output deleted ...
configure:3757: $? = 0
configure:3746: gcc -V >&5
gcc: error: unrecognized command-line option '-V'
gcc: fatal error: no input files
compilation terminated.
configure:3757: $? = 1
configure:3746: gcc -qversion >&5
gcc: error: unrecognized command-line option '-qversion'; did you mean '--version'?
gcc: fatal error: no input files
compilation terminated.
configure:3757: $? = 1
configure:3761: checking whether we are using the GNU C compiler
configure:3789: result: yes
configure:3798: checking whether gcc accepts -g
configure:3859: result: yes
configure:3876: checking for gcc option to accept ISO C89
configure:3952: result: none needed
configure:3977: checking how to run the C preprocessor
configure:4047: result: gcc -E
configure:4067: gcc -E  conftest.c
configure:4067: $? = 0
configure:4081: gcc -E  conftest.c
conftest.c:10:10: fatal error: ac_nonexistent.h: No such file or directory
   10 | #include <ac_nonexistent.h>
      |          ^~~~~~~~~~~~~~~~~~
compilation terminated.
configure:4081: $? = 1
configure: failed program was:
| /* confdefs.h */
| #define PACKAGE_NAME "tclxml"
| #define PACKAGE_TARNAME "tclxml"
| #define PACKAGE_VERSION "3.2"
| #define PACKAGE_STRING "tclxml 3.2"
| #define PACKAGE_BUGREPORT ""
| #define PACKAGE_URL ""
| #define BUILD_tclxml /**/
| /* end confdefs.h.  */
| #include <ac_nonexistent.h>
configure:4114: checking whether make sets $(MAKE)
configure:4136: result: yes
configure:4193: checking for ranlib
configure:4220: result: ranlib
configure:4251: checking for grep that handles long lines and -e
configure:4309: result: /usr/bin/grep
configure:4314: checking for egrep
configure:4376: result: /usr/bin/grep -E
configure:4381: checking for ANSI C header files
configure:4485: result: yes
configure:4498: checking for sys/types.h
configure:4498: result: yes
configure:4498: checking for sys/stat.h
configure:4498: result: yes
configure:4498: checking for stdlib.h
configure:4498: result: yes
configure:4498: checking for string.h
configure:4498: result: yes
configure:4498: checking for memory.h
configure:4498: result: yes
configure:4498: checking for strings.h
configure:4498: result: yes
configure:4498: checking for inttypes.h
configure:4498: result: yes
configure:4498: checking for stdint.h
configure:4498: result: yes
configure:4498: checking for unistd.h
configure:4498: result: yes
configure:4520: checking if the compiler understands -pipe
configure:4546: result: yes
configure:4557: checking whether byte ordering is bigendian
configure:4763: result: no
configure:4932: checking for Tcl public headers
configure:5003: result: /home/max/Programming/SAOImageDS9/tcl8.6/generic
configure:5064: checking for pthread_mutex_init in -lpthread
configure:5098: result: yes
configure:5307: checking for building with threads
configure:5313: result: yes (default)
configure:5342: checking how to build libraries
configure:5381: result: static
configure:5460: checking for ranlib
configure:5487: result: ranlib
configure:5514: checking if 64bit support is requested
configure:5523: result: no
configure:5528: checking if 64bit Sparc VIS support is requested
configure:5537: result: no
configure:5547: checking if compiler supports visibility "hidden"
configure:5576: result: yes
configure:5591: checking if rpath support is requested
configure:5600: result: yes
configure:5625: checking system version
configure:5648: result: Linux-5.8.0-25-generic
configure:5728: checking for ar
configure:5755: result: ar
configure:7517: checking for cast to union support
configure:7544: result: yes
configure:7567: checking for required early compiler flags
configure:7715: result:  _LARGEFILE64_SOURCE
configure:7720: checking for 64-bit integer type
configure:7771: result: using long
configure:7915: checking for build with symbols
configure:7934: result: yes (standard debugging)
configure:8081: checking for tclsh
configure:8116: result: /home/max/Programming/SAOImageDS9/tcl8.6/unix/tclsh
configure:8126: checking for xml2-config script
configure:8155: result: /usr/bin/xml2-config
configure:8168: checking for xslt-config script
configure:8206: result: /usr/bin/xslt-config
configure:8220: checking for static linking of XML/XSLT libraries
configure:8230: result: use dynamic linking
configure:8441: creating ./config.status

## ---------------------- ##
## Running config.status. ##
## ---------------------- ##

This file was extended by tclxml config.status 3.2, which was
generated by GNU Autoconf 2.69.  Invocation command line was

  CONFIG_FILES    = 
  CONFIG_HEADERS  = 
  CONFIG_LINKS    = 
  CONFIG_COMMANDS = 
  $ ./config.status 

on Maximum-V2

config.status:814: creating Makefile
config.status:814: creating pkgIndex.tcl
config.status:814: creating tclxmlConfig.sh
config.status:814: creating include/tclxml/tclxml.h

## ---------------- ##
## Cache variables. ##
## ---------------- ##

ac_cv_c_bigendian=no
ac_cv_c_char_unsigned=no
ac_cv_c_compiler_gnu=yes
ac_cv_c_inline=inline
ac_cv_c_tclconfig=/home/max/Programming/SAOImageDS9/tcl8.6/unix
ac_cv_c_tclh=/home/max/Programming/SAOImageDS9/tcl8.6/generic
ac_cv_c_tdbcconfig=/home/max/Programming/SAOImageDS9/tcl8.6/unix/pkgs/tdbc1.1.1
ac_cv_c_tkconfig=/home/max/Programming/SAOImageDS9/tk8.6/unix
ac_cv_c_tkh=/home/max/Programming/SAOImageDS9/tk8.6/generic
ac_cv_cxx_compiler_gnu=yes
ac_cv_env_CCC_set=
ac_cv_env_CCC_value=
ac_cv_env_CC_set=
ac_cv_env_CC_value=
ac_cv_env_CFLAGS_set=
ac_cv_env_CFLAGS_value=
ac_cv_env_CPPFLAGS_set=
ac_cv_env_CPPFLAGS_value=
ac_cv_env_CPP_set=
ac_cv_env_CPP_value=
ac_cv_env_CXXFLAGS_set=
ac_cv_env_CXXFLAGS_value=
ac_cv_env_CXX_set=
ac_cv_env_CXX_value=
ac_cv_env_LDFLAGS_set=
ac_cv_env_LDFLAGS_value=
ac_cv_env_LIBS_set=
ac_cv_env_LIBS_value=
ac_cv_env_XMKMF_set=
ac_cv_env_XMKMF_value=
ac_cv_env_build_alias_set=
ac_cv_env_build_alias_value=
ac_cv_env_host_alias_set=
ac_cv_env_host_alias_value=
ac_cv_env_target_alias_set=
ac_cv_env_target_alias_value=
ac_cv_exeext=
ac_cv_func_XScreenSaverQueryInfo=no
ac_cv_func_chflags=no
ac_cv_func_connect=yes
ac_cv_func_fdatasync=yes
ac_cv_func_flock=yes
ac_cv_func_freeaddrinfo=yes
ac_cv_func_fstatfs=yes
ac_cv_func_gai_strerror=yes
ac_cv_func_getaddrinfo=yes
ac_cv_func_getcwd=yes
ac_cv_func_getgrgid_r=yes
ac_cv_func_getgrnam_r=yes
ac_cv_func_gethostbyaddr_r=yes
ac_cv_func_gethostbyname=yes
ac_cv_func_gethostbyname_r=yes
ac_cv_func_getnameinfo=yes
ac_cv_func_getpwnam_r=yes
ac_cv_func_getpwuid_r=yes
ac_cv_func_gettimeofday=yes
ac_cv_func_getwd=yes
ac_cv_func_gmtime_r=yes
ac_cv_func_localtime_r=yes
ac_cv_func_localtime_s=no
ac_cv_func_lstat=yes
ac_cv_func_malloc_usable_size=yes
ac_cv_func_memcmp_working=yes
ac_cv_func_memmove=yes
ac_cv_func_mkstemp=yes
ac_cv_func_mkstemps=yes
ac_cv_func_mktime=yes
ac_cv_func_opendir=yes
ac_cv_func_pread64=yes
ac_cv_func_pread=yes
ac_cv_func_pthread_atfork=yes
ac_cv_func_pthread_attr_setstacksize=yes
ac_cv_func_pwrite64=yes
ac_cv_func_pwrite=yes
ac_cv_func_rand_s=no
ac_cv_func_readlink=yes
ac_cv_func_realpath=yes
ac_cv_func_sin=no
ac_cv_func_strchrnul=yes
ac_cv_func_strerror=yes
ac_cv_func_strerror_r=yes
ac_cv_func_strerror_r_char_p=no
ac_cv_func_strncasecmp=yes
ac_cv_func_strstr=yes
ac_cv_func_strtol=yes
ac_cv_func_strtoul=yes
ac_cv_func_uname=yes
ac_cv_func_usleep=yes
ac_cv_func_utime=yes
ac_cv_func_wait3=yes
ac_cv_func_waitpid=yes
ac_cv_have_decl_gethostbyaddr_r=yes
ac_cv_have_decl_gethostbyname_r=yes
ac_cv_have_decl_strerror_r=yes
ac_cv_have_x='have_x=yes	ac_x_includes='\'''\''	ac_x_libraries='\'''\'''
ac_cv_header_X11_XKBlib_h=yes
ac_cv_header_X11_extensions_scrnsaver_h=no
ac_cv_header_dlfcn_h=yes
ac_cv_header_float_h=yes
ac_cv_header_inttypes_h=yes
ac_cv_header_langinfo_h=yes
ac_cv_header_malloc_h=yes
ac_cv_header_memory_h=yes
ac_cv_header_net_errno_h=no
ac_cv_header_stdbool_h=yes
ac_cv_header_stdc=yes
ac_cv_header_stdint_h=yes
ac_cv_header_stdlib_h=yes
ac_cv_header_string_h=yes
ac_cv_header_strings_h=yes
ac_cv_header_sys_filio_h=no
ac_cv_header_sys_ioctl_h=yes
ac_cv_header_sys_modem_h=no
ac_cv_header_sys_param_h=yes
ac_cv_header_sys_stat_h=yes
ac_cv_header_sys_time_h=yes
ac_cv_header_sys_types_h=yes
ac_cv_header_sys_un_h=yes
ac_cv_header_sys_wait_h=yes
ac_cv_header_termios_h=yes
ac_cv_header_time=yes
ac_cv_header_unistd_h=yes
ac_cv_header_values_h=yes
ac_cv_header_zlib_h=yes
ac_cv_lib_X11_XkbKeycodeToKeysym=yes
ac_cv_lib_Xbsd_main=no
ac_cv_lib_Xext_XScreenSaverQueryInfo=no
ac_cv_lib_Xss_XScreenSaverQueryInfo=no
ac_cv_lib_dl_dlopen=yes
ac_cv_lib_inet_main=no
ac_cv_lib_pthread_pthread_mutex_init=yes
ac_cv_lib_winsock_main=no
ac_cv_lib_ws2_32_main=no
ac_cv_member_struct_stat_st_blksize=yes
ac_cv_member_struct_stat_st_blocks=yes
ac_cv_objext=o
ac_cv_path_EGREP='/usr/bin/grep -E'
ac_cv_path_GREP=/usr/bin/grep
ac_cv_path_tclsh=/usr/bin/tclsh8.6
ac_cv_prog_CPP='gcc -E'
ac_cv_prog_ac_ct_AR=ar
ac_cv_prog_ac_ct_CC=gcc
ac_cv_prog_ac_ct_CXX=g++
ac_cv_prog_ac_ct_RANLIB=ranlib
ac_cv_prog_cc_c89=
ac_cv_prog_cc_g=yes
ac_cv_prog_cc_stdc=
ac_cv_prog_cxx_g=yes
ac_cv_prog_egrep='grep -E'
ac_cv_prog_make_make_set=yes
ac_cv_search_deflateSetHeader=-lz
ac_cv_sizeof_long=8
ac_cv_sizeof_long_long=8
ac_cv_type_blkcnt_t=yes
ac_cv_type_gz_header=yes
ac_cv_type_intptr_t=yes
ac_cv_type_long_long=yes
ac_cv_type_mode_t=yes
ac_cv_type_pid_t=yes
ac_cv_type_size_t=yes
ac_cv_type_struct_addrinfo=yes
ac_cv_type_struct_in6_addr=yes
ac_cv_type_struct_sockaddr_in6=yes
ac_cv_type_struct_sockaddr_storage=yes
ac_cv_type_uid_t=yes
ac_cv_type_uintptr_t=yes
tcl_cv_api_fts=yes
tcl_cv_api_getgrgid_r_5=yes
tcl_cv_api_getgrnam_r_5=yes
tcl_cv_api_gethostbyaddr_r=yes
tcl_cv_api_gethostbyaddr_r_7=no
tcl_cv_api_gethostbyaddr_r_8=yes
tcl_cv_api_gethostbyname_r=yes
tcl_cv_api_gethostbyname_r_6=yes
tcl_cv_api_getpwnam_r_5=yes
tcl_cv_api_getpwuid_r_5=yes
tcl_cv_cast_to_union=yes
tcl_cv_cc_pipe=yes
tcl_cv_cc_visibility_hidden=yes
tcl_cv_char_signed=yes
tcl_cv_cpuid=yes
tcl_cv_dir_zoneinfo=/usr/share/zoneinfo
tcl_cv_dirent_h=yes
tcl_cv_flag__isoc99_source=no
tcl_cv_flag__largefile64_source=yes
tcl_cv_flag__largefile_source64=no
tcl_cv_grep_gettimeofday=present
tcl_cv_isnan=yes
tcl_cv_langinfo_h=yes
tcl_cv_member_tm_gmtoff=yes
tcl_cv_member_tm_tzadj=no
tcl_cv_putenv_copy=no
tcl_cv_pwd_pw_gecos=yes
tcl_cv_strstr_unbroken=ok
tcl_cv_strtoul_unbroken=ok
tcl_cv_sys_version=Linux-5.8.0-25-generic
tcl_cv_timezone_long=yes
tcl_cv_type_64bit=none
tcl_cv_type_fd_set=yes
tcl_cv_type_socklen_t=yes
tcl_cv_union_wait=no

## ----------------- ##
## Output variables. ##
## ----------------- ##

AR='ar'
CC='gcc'
CELIB_DIR=''
CFLAGS=' -pipe ${CFLAGS_DEFAULT} ${CFLAGS_WARNING} '
CFLAGS_DEBUG='-g'
CFLAGS_DEFAULT='-g'
CFLAGS_OPTIMIZE='-O2 -fomit-frame-pointer'
CFLAGS_WARNING='-Wall'
CLEANFILES=''
CPP='gcc -E'
CPPFLAGS=''
CYGPATH='echo'
DEFS='-DPACKAGE_NAME=\"tclxml\" -DPACKAGE_TARNAME=\"tclxml\" -DPACKAGE_VERSION=\"3.2\" -DPACKAGE_STRING=\"tclxml\ 3.2\" -DPACKAGE_BUGREPORT=\"\" -DPACKAGE_URL=\"\" -DBUILD_tclxml=/\*\*/ -DSTDC_HEADERS=1 -DHAVE_SYS_TYPES_H=1 -DHAVE_SYS_STAT_H=1 -DHAVE_STDLIB_H=1 -DHAVE_STRING_H=1 -DHAVE_MEMORY_H=1 -DHAVE_STRINGS_H=1 -DHAVE_INTTYPES_H=1 -DHAVE_STDINT_H=1 -DHAVE_UNISTD_H=1 -DUSE_THREAD_ALLOC=1 -D_REENTRANT=1 -D_THREAD_SAFE=1 -DTCL_THREADS=1 -DSTATIC_BUILD=1 -DMODULE_SCOPE=extern\ __attribute__\(\(__visibility__\(\"hidden\"\)\)\) -DHAVE_HIDDEN=1 -DHAVE_CAST_TO_UNION=1 -D_LARGEFILE64_SOURCE=1 -DTCL_WIDE_INT_IS_LONG=1'
ECHO_C=''
ECHO_N='-n'
ECHO_T=''
EGREP='/usr/bin/grep -E'
EXEEXT=''
GREP='/usr/bin/grep'
INSTALL='$(SHELL) $(srcdir)/tclconfig/install-sh -c'
INSTALL_DATA='${INSTALL} -m 644'
INSTALL_DATA_DIR='${INSTALL} -d -m 755'
INSTALL_LIBRARY='${INSTALL} -m 644'
INSTALL_PROGRAM='${INSTALL} -m 755'
INSTALL_SCRIPT='${INSTALL} -m 755'
LDFLAGS=' -Wl,--export-dynamic '
LDFLAGS_DEFAULT=' -Wl,--export-dynamic '
LD_LIBRARY_PATH_VAR='LD_LIBRARY_PATH'
LIBOBJS=''
LIBS=''
LTLIBOBJS=''
MAJOR_VERSION=''
MAKE_LIB='${STLIB_LD} $@ $(PKG_OBJECTS) '
MAKE_SHARED_LIB='${SHLIB_LD} -o $@ $(PKG_OBJECTS) ${SHLIB_LD_LIBS}'
MAKE_STATIC_LIB='${STLIB_LD} $@ $(PKG_OBJECTS)'
MAKE_STUB_LIB='${STLIB_LD} $@ $(PKG_STUB_OBJECTS)'
MINOR_VERSION=''
OBJEXT='o'
PACKAGE_BUGREPORT=''
PACKAGE_NAME='tclxml'
PACKAGE_STRING='tclxml 3.2'
PACKAGE_TARNAME='tclxml'
PACKAGE_URL=''
PACKAGE_VERSION='3.2'
PATCHLEVEL=''
PATH_SEPARATOR=':'
PKG_CFLAGS=' '
PKG_HEADERS=' include/tclxml-libxml2/docObj.h include/tclxml-libxml2/tclxml-libxml2.h include/tcldom/tcldom.h include/tcldom-libxml2/tcldom-libxml2.h include/tclxslt/tclxslt.h'
PKG_INCLUDES=' -I./include'
PKG_LIBS=''
PKG_LIB_FILE='libtclxml3.2.a'
PKG_OBJECTS=' tclxml.o docObj.o tclxml-libxml2.o nodeObj.o tcldom-libxml2.o tclxslt-libxslt.o'
PKG_SOURCES=' tclxml.c docObj.c tclxml-libxml2.c nodeObj.c tcldom-libxml2.c tclxslt-libxslt.c'
PKG_STUB_LIB_FILE='libtclxmlstub3.2.a'
PKG_STUB_OBJECTS=' tclxmlStubInit.o tclxmlStubLib.o'
PKG_STUB_SOURCES=' tclxmlStubInit.c tclxmlStubLib.c'
PKG_TCL_SOURCES=' tclxml-tcl/xml__tcl.tcl tclxml-tcl/sgml-8.0.tcl tclxml-tcl/sgml-8.1.tcl tclxml-tcl/xml-8.0.tcl tclxml-tcl/xml-8.1.tcl tclxml-tcl/sgmlparser.tcl tclxml-tcl/tclparser-8.0.tcl tclxml-tcl/tclparser-8.1.tcl tclxml-tcl/xmldep.tcl tclxml-tcl/xpath.tcl tcldom-libxml2.tcl tcldom-tcl/xmlswitch.tcl tclxslt/process.tcl tclxslt/resources.tcl tclxslt/utilities.tcl tclxslt/xsltcache.tcl tclxslt-libxslt.tcl'
RANLIB='ranlib'
RANLIB_STUB='ranlib'
RC=''
SET_MAKE=''
SHARED_BUILD='0'
SHELL='/bin/bash'
SHLIB_CFLAGS='-fPIC'
SHLIB_LD='${CC} ${CFLAGS} ${LDFLAGS_DEFAULT} -shared'
SHLIB_LD_LIBS='${LIBS}'
STLIB_LD='${AR} cr'
STUBS_BUILD='0'
TCLSH_PROG='/home/max/Programming/SAOImageDS9/tcl8.6/unix/tclsh'
TCL_BIN_DIR='/home/max/Programming/SAOImageDS9/tcl8.6/unix'
TCL_DBGX=''
TCL_DEFS='-DPACKAGE_NAME=\"tcl\" -DPACKAGE_TARNAME=\"tcl\" -DPACKAGE_VERSION=\"8.6\" -DPACKAGE_STRING=\"tcl\ 8.6\" -DPACKAGE_BUGREPORT=\"\" -DSTDC_HEADERS=1 -DHAVE_SYS_TYPES_H=1 -DHAVE_SYS_STAT_H=1 -DHAVE_STDLIB_H=1 -DHAVE_STRING_H=1 -DHAVE_MEMORY_H=1 -DHAVE_STRINGS_H=1 -DHAVE_INTTYPES_H=1 -DHAVE_STDINT_H=1 -DHAVE_UNISTD_H=1 -DHAVE_SYS_PARAM_H=1 -DUSE_THREAD_ALLOC=1 -D_REENTRANT=1 -D_THREAD_SAFE=1 -DHAVE_PTHREAD_ATTR_SETSTACKSIZE=1 -DHAVE_PTHREAD_ATFORK=1 -DTCL_THREADS=1 -DTCL_CFGVAL_ENCODING=\"iso8859-1\" -DSTATIC_BUILD=1 -DHAVE_ZLIB=1 -DMODULE_SCOPE=extern\ __attribute__\(\(__visibility__\(\"hidden\"\)\)\) -DHAVE_HIDDEN=1 -DHAVE_CAST_TO_UNION=1 -DTCL_SHLIB_EXT=\".so\" -DTCL_TOMMATH=1 -DMP_PREC=4 -D_LARGEFILE64_SOURCE=1 -DTCL_WIDE_INT_IS_LONG=1 -DHAVE_GETCWD=1 -DHAVE_MKSTEMP=1 -DHAVE_OPENDIR=1 -DHAVE_STRTOL=1 -DHAVE_WAITPID=1 -DHAVE_GETNAMEINFO=1 -DHAVE_GETADDRINFO=1 -DHAVE_FREEADDRINFO=1 -DHAVE_GAI_STRERROR=1 -DHAVE_STRUCT_ADDRINFO=1 -DHAVE_STRUCT_IN6_ADDR=1 -DHAVE_STRUCT_SOCKADDR_IN6=1 -DHAVE_STRUCT_SOCKADDR_STORAGE=1 -DHAVE_GETPWUID_R_5=1 -DHAVE_GETPWUID_R=1 -DHAVE_GETPWNAM_R_5=1 -DHAVE_GETPWNAM_R=1 -DHAVE_GETGRGID_R_5=1 -DHAVE_GETGRGID_R=1 -DHAVE_GETGRNAM_R_5=1 -DHAVE_GETGRNAM_R=1 -DHAVE_DECL_GETHOSTBYNAME_R=1 -DHAVE_GETHOSTBYNAME_R_6=1 -DHAVE_GETHOSTBYNAME_R=1 -DHAVE_DECL_GETHOSTBYADDR_R=1 -DHAVE_GETHOSTBYADDR_R_8=1 -DHAVE_GETHOSTBYADDR_R=1 -DHAVE_TERMIOS_H=1 -DHAVE_SYS_IOCTL_H=1 -DHAVE_SYS_TIME_H=1 -DTIME_WITH_SYS_TIME=1 -DHAVE_GMTIME_R=1 -DHAVE_LOCALTIME_R=1 -DHAVE_MKTIME=1 -DHAVE_TM_GMTOFF=1 -DHAVE_TIMEZONE_VAR=1 -DHAVE_STRUCT_STAT_ST_BLOCKS=1 -DHAVE_STRUCT_STAT_ST_BLKSIZE=1 -DHAVE_BLKCNT_T=1 -DHAVE_INTPTR_T=1 -DHAVE_UINTPTR_T=1 -DNO_UNION_WAIT=1 -DHAVE_SIGNED_CHAR=1 -DHAVE_LANGINFO=1 -DHAVE_MKSTEMPS=1 -DHAVE_FTS=1 -DHAVE_SYS_IOCTL_H=1 -DTCL_UNLOAD_DLLS=1 -DHAVE_CPUID=1 '
TCL_EXTRA_CFLAGS=' -pipe '
TCL_INCLUDES='-I"/home/max/Programming/SAOImageDS9/tcl8.6/generic"'
TCL_LD_FLAGS=' -Wl,--export-dynamic '
TCL_LIBS='-ldl -lz  -lpthread -lm'
TCL_LIB_FILE='libtcl8.6.a'
TCL_LIB_FLAG='-ltcl8.6'
TCL_LIB_SPEC='-L/home/max/Programming/SAOImageDS9/tcl8.6/unix -ltcl8.6'
TCL_PATCH_LEVEL='.10'
TCL_SHLIB_LD_LIBS='${LIBS}'
TCL_SRC_DIR='/home/max/Programming/SAOImageDS9/tcl8.6'
TCL_STUB_LIB_FILE='libtclstub8.6.a'
TCL_STUB_LIB_FLAG='-ltclstub8.6'
TCL_STUB_LIB_SPEC='-L/home/max/Programming/SAOImageDS9/tcl8.6/unix -ltclstub8.6'
TCL_THREADS='1'
TCL_VERSION='8.6'
VC_MANIFEST_EMBED_DLL=''
VC_MANIFEST_EMBED_EXE=''
XML2_CFLAGS='-I/usr/include/libxml2'
XML2_LIBS='-lxml2'
XSLT_CFLAGS='-I/usr/include/libxml2'
XSLT_LIBS='-lxslt -lxml2 -lexslt'
ac_ct_CC='gcc'
bindir='${exec_prefix}/bin'
build_alias=''
datadir='${datarootdir}'
datarootdir='${prefix}/share'
docdir='${datarootdir}/doc/${PACKAGE_TARNAME}'
dvidir='${docdir}'
exec_prefix='/home/max/Programming/SAOImageDS9'
host_alias=''
htmldir='${docdir}'
includedir='${prefix}/include'
infodir='${datarootdir}/info'
libdir='/home/max/Programming/SAOImageDS9/lib'
libexecdir='${exec_prefix}/libexec'
localedir='${datarootdir}/locale'
localstatedir='${prefix}/var'
mandir='${datarootdir}/man'
oldincludedir='/usr/include'
pdfdir='${docdir}'
prefix='/home/max/Programming/SAOImageDS9'
program_transform_name='s,x,x,'
psdir='${docdir}'
sbindir='${exec_prefix}/sbin'
sharedstatedir='${prefix}/com'
sysconfdir='${prefix}/etc'
target_alias=''
tclxml_BUILD_LIB_SPEC='-L/home/max/Programming/SAOImageDS9/tclxml -ltclxml3.2'
tclxml_BUILD_STUB_LIB_PATH='/home/max/Programming/SAOImageDS9/tclxml/libtclxmlstub3.2.a'
tclxml_BUILD_STUB_LIB_SPEC='-L/home/max/Programming/SAOImageDS9/tclxml -ltclxmlstub3.2'
tclxml_LIB_SPEC='-L/home/max/Programming/SAOImageDS9/lib/tclxml3.2 -ltclxml3.2'
tclxml_STUB_LIB_PATH='/home/max/Programming/SAOImageDS9/lib/tclxml3.2/libtclxmlstub3.2.a'
tclxml_STUB_LIB_SPEC='-L/home/max/Programming/SAOImageDS9/lib/tclxml3.2 -ltclxmlstub3.2'

## ----------- ##
## confdefs.h. ##
## ----------- ##

/* confdefs.h */
#define PACKAGE_NAME "tclxml"
#define PACKAGE_TARNAME "tclxml"
#define PACKAGE_VERSION "3.2"
#define PACKAGE_STRING "tclxml 3.2"
#define PACKAGE_BUGREPORT ""
#define PACKAGE_URL ""
#define BUILD_tclxml /**/
#define STDC_HEADERS 1
#define HAVE_SYS_TYPES_H 1
#define HAVE_SYS_STAT_H 1
#define HAVE_STDLIB_H 1
#define HAVE_STRING_H 1
#define HAVE_MEMORY_H 1
#define HAVE_STRINGS_H 1
#define HAVE_INTTYPES_H 1
#define HAVE_STDINT_H 1
#define HAVE_UNISTD_H 1
#define USE_THREAD_ALLOC 1
#define _REENTRANT 1
#define _THREAD_SAFE 1
#define TCL_THREADS 1
#define STATIC_BUILD 1
#define MODULE_SCOPE extern __attribute__((__visibility__("hidden")))
#define HAVE_HIDDEN 1
#define HAVE_CAST_TO_UNION 1
#define _LARGEFILE64_SOURCE 1
#define TCL_WIDE_INT_IS_LONG 1

configure: exit 0
