This file contains any messages produced by compilers while
running configure, to aid debugging if configure makes a mistake.

It was created by ds9 configure 8.2, which was
generated by GNU Autoconf 2.69.  Invocation command line was

  $ ./configure --with-tk=/home/max/Programming/SAOImageDS9/tk8.6/unix --with-tcl=/home/max/Programming/SAOImageDS9/tcl8.6/unix --prefix /home/max/Programming/SAOImageDS9 --exec-prefix /home/max/Programming/SAOImageDS9 --libdir /home/max/Programming/SAOImageDS9/lib --disable-shared --disable-stubs --enable-symbols --config-cache --cache-file=/home/max/Programming/SAOImageDS9/config.cache

## --------- ##
## Platform. ##
## --------- ##

hostname = Maximum-V2
uname -m = x86_64
uname -r = 5.8.0-25-generic
uname -s = Linux
uname -v = #26-Ubuntu SMP Thu Oct 15 10:30:38 UTC 2020

/usr/bin/uname -p = x86_64
/bin/uname -X     = unknown

/bin/arch              = x86_64
/usr/bin/arch -k       = unknown
/usr/convex/getsysinfo = unknown
/usr/bin/hostinfo      = unknown
/bin/machine           = unknown
/usr/bin/oslevel       = unknown
/bin/universe          = unknown

PATH: /home/max/.local/bin
PATH: /home/max/.local/bin
PATH: /usr/local/sbin
PATH: /usr/local/bin
PATH: /usr/sbin
PATH: /usr/bin
PATH: /sbin
PATH: /bin
PATH: /usr/games
PATH: /usr/local/games
PATH: /snap/bin


## ----------- ##
## Core tests. ##
## ----------- ##

configure:2291: loading cache /home/max/Programming/SAOImageDS9/config.cache
configure:2382: checking TEA configuration
configure:2388: result: ok (TEA 3.13)
configure:2469: configuring ds9 8.2
configure:2499: checking system version
configure:2522: result: Linux-5.8.0-25-generic
configure:2591: checking for Tcl configuration
configure:2724: result: found /home/max/Programming/SAOImageDS9/tcl8.6/unix/tclConfig.sh
configure:2777: checking for gcc
configure:2804: result: gcc
configure:3033: checking for C compiler version
configure:3042: gcc --version >&5
gcc (Ubuntu 10.2.0-13ubuntu1) 10.2.0
Copyright (C) 2020 Free Software Foundation, Inc.
This is free software; see the source for copying conditions.  There is NO
warranty; not even for MERCHANTABILITY or FITNESS FOR A PARTICULAR PURPOSE.

configure:3053: $? = 0
configure:3042: gcc -v >&5
Using built-in specs.
COLLECT_GCC=gcc
COLLECT_LTO_WRAPPER=/usr/lib/gcc/x86_64-linux-gnu/10/lto-wrapper
OFFLOAD_TARGET_NAMES=nvptx-none:amdgcn-amdhsa:hsa
OFFLOAD_TARGET_DEFAULT=1
Target: x86_64-linux-gnu
Configured with: ../src/configure -v --with-pkgversion='Ubuntu 10.2.0-13ubuntu1' --with-bugurl=file:///usr/share/doc/gcc-10/README.Bugs --enable-languages=c,ada,c++,go,brig,d,fortran,objc,obj-c++,m2 --prefix=/usr --with-gcc-major-version-only --program-suffix=-10 --program-prefix=x86_64-linux-gnu- --enable-shared --enable-linker-build-id --libexecdir=/usr/lib --without-included-gettext --enable-threads=posix --libdir=/usr/lib --enable-nls --enable-clocale=gnu --enable-libstdcxx-debug --enable-libstdcxx-time=yes --with-default-libstdcxx-abi=new --enable-gnu-unique-object --disable-vtable-verify --enable-plugin --enable-default-pie --with-system-zlib --enable-libphobos-checking=release --with-target-system-zlib=auto --enable-objc-gc=auto --enable-multiarch --disable-werror --with-arch-32=i686 --with-abi=m64 --with-multilib-list=m32,m64,mx32 --enable-multilib --with-tune=generic --enable-offload-targets=nvptx-none=/build/gcc-10-JvwpWM/gcc-10-10.2.0/debian/tmp-nvptx/usr,amdgcn-amdhsa=/build/gcc-10-JvwpWM/gcc-10-10.2.0/debian/tmp-gcn/usr,hsa --without-cuda-driver --enable-checking=release --build=x86_64-linux-gnu --host=x86_64-linux-gnu --target=x86_64-linux-gnu
Thread model: posix
Supported LTO compression algorithms: zlib zstd
gcc version 10.2.0 (Ubuntu 10.2.0-13ubuntu1) 
... rest of stderr output deleted ...
configure:3053: $? = 0
configure:3042: gcc -V >&5
gcc: error: unrecognized command-line option '-V'
gcc: fatal error: no input files
compilation terminated.
configure:3053: $? = 1
configure:3042: gcc -qversion >&5
gcc: error: unrecognized command-line option '-qversion'; did you mean '--version'?
gcc: fatal error: no input files
compilation terminated.
configure:3053: $? = 1
configure:3073: checking whether the C compiler works
configure:3095: gcc    conftest.c  >&5
configure:3099: $? = 0
configure:3147: result: yes
configure:3150: checking for C compiler default output file name
configure:3152: result: a.out
configure:3158: checking for suffix of executables
configure:3165: gcc -o conftest    conftest.c  >&5
configure:3169: $? = 0
configure:3191: result: 
configure:3213: checking whether we are cross compiling
configure:3221: gcc -o conftest    conftest.c  >&5
configure:3225: $? = 0
configure:3232: ./conftest
configure:3236: $? = 0
configure:3224: result: no
configure:3229: checking for suffix of object files
configure:3276: result: o
configure:3280: checking whether we are using the GNU C compiler
configure:3308: result: yes
configure:3317: checking whether gcc accepts -g
configure:3378: result: yes
configure:3395: checking for gcc option to accept ISO C89
configure:3471: result: none needed
configure:3493: checking for existence of /home/max/Programming/SAOImageDS9/tcl8.6/unix/tclConfig.sh
configure:3497: result: loading
configure:3561: checking platform
configure:3579: gcc -c   conftest.c >&5
configure:3579: $? = 0
configure:3629: result: unix
configure:3674: checking for Tk configuration
configure:3807: result: found /home/max/Programming/SAOImageDS9/tk8.6/unix/tkConfig.sh
configure:3813: checking for existence of /home/max/Programming/SAOImageDS9/tk8.6/unix/tkConfig.sh
configure:3817: result: loading
configure:3922: checking for util configuration
configure:4010: result: found /home/max/Programming/SAOImageDS9/util/utilConfig.sh
configure:4016: checking for existence of /home/max/Programming/SAOImageDS9/util/utilConfig.sh
configure:4020: result: loading
configure:4038: WARNING: Found Makefile - using build library specs for util
configure:4066: checking For UTIL_STUB library for LIBS
configure:4103: result: file not found
configure:4171: checking for vector configuration
configure:4259: result: found /home/max/Programming/SAOImageDS9/vector/vectorConfig.sh
configure:4265: checking for existence of /home/max/Programming/SAOImageDS9/vector/vectorConfig.sh
configure:4269: result: loading
configure:4287: WARNING: Found Makefile - using build library specs for vector
configure:4315: checking For VECTOR_STUB library for LIBS
configure:4352: result: file not found
configure:4420: checking for fitsy configuration
configure:4508: result: found /home/max/Programming/SAOImageDS9/fitsy/fitsyConfig.sh
configure:4514: checking for existence of /home/max/Programming/SAOImageDS9/fitsy/fitsyConfig.sh
configure:4518: result: loading
configure:4536: WARNING: Found Makefile - using build library specs for fitsy
configure:4564: checking For FITSY_STUB library for LIBS
configure:4601: result: file not found
configure:4669: checking for tifftcl configuration
configure:4757: result: found /home/max/Programming/SAOImageDS9/lib/tifftclConfig.sh
configure:4763: checking for existence of /home/max/Programming/SAOImageDS9/lib/tifftclConfig.sh
configure:4767: result: loading
configure:4856: checking For tifftcl_STUB library for LIBS
configure:4889: result: using tifftcl_STUB_LIB_SPEC -L/home/max/Programming/SAOImageDS9/lib/tifftcl3.9.7 -ltifftclstub3.9.7
configure:4918: checking for jpegtcl configuration
configure:5006: result: found /home/max/Programming/SAOImageDS9/lib/jpegtclConfig.sh
configure:5012: checking for existence of /home/max/Programming/SAOImageDS9/lib/jpegtclConfig.sh
configure:5016: result: loading
configure:5105: checking For jpegtcl_STUB library for LIBS
configure:5138: result: using jpegtcl_STUB_LIB_SPEC -L/home/max/Programming/SAOImageDS9/lib/jpegtcl9.2 -ljpegtclstub9.2
configure:5167: checking for zlibtcl configuration
configure:5255: result: found /home/max/Programming/SAOImageDS9/lib/zlibtclConfig.sh
configure:5261: checking for existence of /home/max/Programming/SAOImageDS9/lib/zlibtclConfig.sh
configure:5265: result: loading
configure:5354: checking For zlibtcl_STUB library for LIBS
configure:5387: result: using zlibtcl_STUB_LIB_SPEC -L/home/max/Programming/SAOImageDS9/lib/zlibtcl1.2.11 -lzlibtclstub1.2.11
configure:5416: checking for tcliis configuration
configure:5504: result: found /home/max/Programming/SAOImageDS9/tcliis/tcliisConfig.sh
configure:5510: checking for existence of /home/max/Programming/SAOImageDS9/tcliis/tcliisConfig.sh
configure:5514: result: loading
configure:5532: WARNING: Found Makefile - using build library specs for tcliis
configure:5560: checking For TCLIIS_STUB library for LIBS
configure:5597: result: file not found
configure:5665: checking for tclfitsy configuration
configure:5753: result: found /home/max/Programming/SAOImageDS9/tclfitsy/tclfitsyConfig.sh
configure:5759: checking for existence of /home/max/Programming/SAOImageDS9/tclfitsy/tclfitsyConfig.sh
configure:5763: result: loading
configure:5781: WARNING: Found Makefile - using build library specs for tclfitsy
configure:5809: checking For TCLFITSY_STUB library for LIBS
configure:5846: result: file not found
configure:5914: checking for tclsignal configuration
configure:6002: result: found /home/max/Programming/SAOImageDS9/tclsignal/tclsignalConfig.sh
configure:6008: checking for existence of /home/max/Programming/SAOImageDS9/tclsignal/tclsignalConfig.sh
configure:6012: result: loading
configure:6030: WARNING: Found Makefile - using build library specs for tclsignal
configure:6058: checking For TCLSIGNAL_STUB library for LIBS
configure:6095: result: file not found
configure:6163: checking for tclxml configuration
configure:6251: result: found /home/max/Programming/SAOImageDS9/tclxml/tclxmlConfig.sh
configure:6257: checking for existence of /home/max/Programming/SAOImageDS9/tclxml/tclxmlConfig.sh
configure:6261: result: loading
configure:6279: WARNING: Found Makefile - using build library specs for tclxml
configure:6307: checking For TCLXML_STUB library for LIBS
configure:6344: result: file not found
configure:6412: checking for tclzipfs configuration
configure:6500: result: found /home/max/Programming/SAOImageDS9/tclzipfs/tclzipfsConfig.sh
configure:6506: checking for existence of /home/max/Programming/SAOImageDS9/tclzipfs/tclzipfsConfig.sh
configure:6510: result: loading
configure:6528: WARNING: Found Makefile - using build library specs for tclzipfs
configure:6556: checking For TCLZIPFS_STUB library for LIBS
configure:6593: result: file not found
configure:6661: checking for tls configuration
configure:6749: result: found /home/max/Programming/SAOImageDS9/tls/tlsConfig.sh
configure:6755: checking for existence of /home/max/Programming/SAOImageDS9/tls/tlsConfig.sh
configure:6759: result: loading
configure:6777: WARNING: Found Makefile - using build library specs for tls
configure:6805: checking For TLS_STUB library for LIBS
configure:6842: result: file not found
configure:6910: checking for tkblt configuration
configure:6998: result: found /home/max/Programming/SAOImageDS9/tkblt/tkbltConfig.sh
configure:7004: checking for existence of /home/max/Programming/SAOImageDS9/tkblt/tkbltConfig.sh
configure:7008: result: loading
configure:7026: WARNING: Found Makefile - using build library specs for tkblt
configure:7097: checking For tkblt_STUB library for LIBS
configure:7130: result: using tkblt_STUB_LIB_SPEC -L/home/max/Programming/SAOImageDS9/tkblt -ltkbltstub3.2
configure:7159: checking for tkhtml1 configuration
configure:7247: result: found /home/max/Programming/SAOImageDS9/tkhtml1/tkhtml1Config.sh
configure:7253: checking for existence of /home/max/Programming/SAOImageDS9/tkhtml1/tkhtml1Config.sh
configure:7257: result: loading
configure:7275: WARNING: Found Makefile - using build library specs for tkhtml1
configure:7303: checking For TKHTML1_STUB library for LIBS
configure:7340: result: file not found
configure:7408: checking for tkimg configuration
configure:7496: result: found /home/max/Programming/SAOImageDS9/lib/tkimgConfig.sh
configure:7502: checking for existence of /home/max/Programming/SAOImageDS9/lib/tkimgConfig.sh
configure:7506: result: loading
configure:7595: checking For tkimg_STUB library for LIBS
configure:7628: result: using tkimg_STUB_LIB_SPEC -L/home/max/Programming/SAOImageDS9/lib/tkimg1.4.9 -ltkimgstub1.4.9
configure:7657: checking for tkimgjpeg configuration
configure:7745: result: found /home/max/Programming/SAOImageDS9/lib/tkimgjpegConfig.sh
configure:7751: checking for existence of /home/max/Programming/SAOImageDS9/lib/tkimgjpegConfig.sh
configure:7755: result: loading
configure:7801: checking For TKIMGJPEG_STUB library for LIBS
configure:7838: result: file not found
configure:7906: checking for tkimgtiff configuration
configure:7994: result: found /home/max/Programming/SAOImageDS9/lib/tkimgtiffConfig.sh
configure:8000: checking for existence of /home/max/Programming/SAOImageDS9/lib/tkimgtiffConfig.sh
configure:8004: result: loading
configure:8050: checking For TKIMGTIFF_STUB library for LIBS
configure:8087: result: file not found
configure:8155: checking for tkimgwindow configuration
configure:8243: result: found /home/max/Programming/SAOImageDS9/lib/tkimgwindowConfig.sh
configure:8249: checking for existence of /home/max/Programming/SAOImageDS9/lib/tkimgwindowConfig.sh
configure:8253: result: loading
configure:8299: checking For TKIMGWINDOW_STUB library for LIBS
configure:8336: result: file not found
configure:8404: checking for tkmpeg configuration
configure:8492: result: found /home/max/Programming/SAOImageDS9/tkmpeg/tkmpegConfig.sh
configure:8498: checking for existence of /home/max/Programming/SAOImageDS9/tkmpeg/tkmpegConfig.sh
configure:8502: result: loading
configure:8520: WARNING: Found Makefile - using build library specs for tkmpeg
configure:8548: checking For TKMPEG_STUB library for LIBS
configure:8585: result: file not found
configure:8653: checking for tkagif configuration
configure:8741: result: found /home/max/Programming/SAOImageDS9/tkagif/tkagifConfig.sh
configure:8747: checking for existence of /home/max/Programming/SAOImageDS9/tkagif/tkagifConfig.sh
configure:8751: result: loading
configure:8769: WARNING: Found Makefile - using build library specs for tkagif
configure:8797: checking For TKAGIF_STUB library for LIBS
configure:8834: result: file not found
configure:8902: checking for tksao configuration
configure:8990: result: found /home/max/Programming/SAOImageDS9/tksao/tksaoConfig.sh
configure:8996: checking for existence of /home/max/Programming/SAOImageDS9/tksao/tksaoConfig.sh
configure:9000: result: loading
configure:9018: WARNING: Found Makefile - using build library specs for tksao
configure:9046: checking For TKSAO_STUB library for LIBS
configure:9083: result: file not found
configure:9151: checking for tktable configuration
configure:9239: result: found /home/max/Programming/SAOImageDS9/tktable/tktableConfig.sh
configure:9245: checking for existence of /home/max/Programming/SAOImageDS9/tktable/tktableConfig.sh
configure:9249: result: loading
configure:9267: WARNING: Found Makefile - using build library specs for tktable
configure:9295: checking For TKTABLE_STUB library for LIBS
configure:9332: result: file not found
configure:9475: checking for gcc
configure:9502: result: gcc
configure:9731: checking for C compiler version
configure:9740: gcc --version >&5
gcc (Ubuntu 10.2.0-13ubuntu1) 10.2.0
Copyright (C) 2020 Free Software Foundation, Inc.
This is free software; see the source for copying conditions.  There is NO
warranty; not even for MERCHANTABILITY or FITNESS FOR A PARTICULAR PURPOSE.

configure:9751: $? = 0
configure:9740: gcc -v >&5
Using built-in specs.
COLLECT_GCC=gcc
COLLECT_LTO_WRAPPER=/usr/lib/gcc/x86_64-linux-gnu/10/lto-wrapper
OFFLOAD_TARGET_NAMES=nvptx-none:amdgcn-amdhsa:hsa
OFFLOAD_TARGET_DEFAULT=1
Target: x86_64-linux-gnu
Configured with: ../src/configure -v --with-pkgversion='Ubuntu 10.2.0-13ubuntu1' --with-bugurl=file:///usr/share/doc/gcc-10/README.Bugs --enable-languages=c,ada,c++,go,brig,d,fortran,objc,obj-c++,m2 --prefix=/usr --with-gcc-major-version-only --program-suffix=-10 --program-prefix=x86_64-linux-gnu- --enable-shared --enable-linker-build-id --libexecdir=/usr/lib --without-included-gettext --enable-threads=posix --libdir=/usr/lib --enable-nls --enable-clocale=gnu --enable-libstdcxx-debug --enable-libstdcxx-time=yes --with-default-libstdcxx-abi=new --enable-gnu-unique-object --disable-vtable-verify --enable-plugin --enable-default-pie --with-system-zlib --enable-libphobos-checking=release --with-target-system-zlib=auto --enable-objc-gc=auto --enable-multiarch --disable-werror --with-arch-32=i686 --with-abi=m64 --with-multilib-list=m32,m64,mx32 --enable-multilib --with-tune=generic --enable-offload-targets=nvptx-none=/build/gcc-10-JvwpWM/gcc-10-10.2.0/debian/tmp-nvptx/usr,amdgcn-amdhsa=/build/gcc-10-JvwpWM/gcc-10-10.2.0/debian/tmp-gcn/usr,hsa --without-cuda-driver --enable-checking=release --build=x86_64-linux-gnu --host=x86_64-linux-gnu --target=x86_64-linux-gnu
Thread model: posix
Supported LTO compression algorithms: zlib zstd
gcc version 10.2.0 (Ubuntu 10.2.0-13ubuntu1) 
... rest of stderr output deleted ...
configure:9751: $? = 0
configure:9740: gcc -V >&5
gcc: error: unrecognized command-line option '-V'
gcc: fatal error: no input files
compilation terminated.
configure:9751: $? = 1
configure:9740: gcc -qversion >&5
gcc: error: unrecognized command-line option '-qversion'; did you mean '--version'?
gcc: fatal error: no input files
compilation terminated.
configure:9751: $? = 1
configure:9755: checking whether we are using the GNU C compiler
configure:9783: result: yes
configure:9792: checking whether gcc accepts -g
configure:9853: result: yes
configure:9870: checking for gcc option to accept ISO C89
configure:9946: result: none needed
configure:9971: checking how to run the C preprocessor
configure:10041: result: gcc -E
configure:10061: gcc -E  conftest.c
configure:10061: $? = 0
configure:10075: gcc -E  conftest.c
conftest.c:10:10: fatal error: ac_nonexistent.h: No such file or directory
   10 | #include <ac_nonexistent.h>
      |          ^~~~~~~~~~~~~~~~~~
compilation terminated.
configure:10075: $? = 1
configure: failed program was:
| /* confdefs.h */
| #define PACKAGE_NAME "ds9"
| #define PACKAGE_TARNAME "ds9"
| #define PACKAGE_VERSION "8.2"
| #define PACKAGE_STRING "ds9 8.2"
| #define PACKAGE_BUGREPORT ""
| #define PACKAGE_URL ""
| #define BUILD_ds9 /**/
| /* end confdefs.h.  */
| #include <ac_nonexistent.h>
configure:10108: checking whether make sets $(MAKE)
configure:10130: result: yes
configure:10187: checking for ranlib
configure:10214: result: ranlib
configure:10245: checking for grep that handles long lines and -e
configure:10303: result: /usr/bin/grep
configure:10308: checking for egrep
configure:10370: result: /usr/bin/grep -E
configure:10375: checking for ANSI C header files
configure:10479: result: yes
configure:10492: checking for sys/types.h
configure:10492: result: yes
configure:10492: checking for sys/stat.h
configure:10492: result: yes
configure:10492: checking for stdlib.h
configure:10492: result: yes
configure:10492: checking for string.h
configure:10492: result: yes
configure:10492: checking for memory.h
configure:10492: result: yes
configure:10492: checking for strings.h
configure:10492: result: yes
configure:10492: checking for inttypes.h
configure:10492: result: yes
configure:10492: checking for stdint.h
configure:10492: result: yes
configure:10492: checking for unistd.h
configure:10492: result: yes
configure:10514: checking if the compiler understands -pipe
configure:10540: result: yes
configure:10551: checking whether byte ordering is bigendian
configure:10757: result: no
configure:10834: checking for g++
configure:10861: result: g++
configure:10888: checking for C++ compiler version
configure:10897: g++ --version >&5
g++ (Ubuntu 10.2.0-13ubuntu1) 10.2.0
Copyright (C) 2020 Free Software Foundation, Inc.
This is free software; see the source for copying conditions.  There is NO
warranty; not even for MERCHANTABILITY or FITNESS FOR A PARTICULAR PURPOSE.

configure:10908: $? = 0
configure:10897: g++ -v >&5
Using built-in specs.
COLLECT_GCC=g++
COLLECT_LTO_WRAPPER=/usr/lib/gcc/x86_64-linux-gnu/10/lto-wrapper
OFFLOAD_TARGET_NAMES=nvptx-none:amdgcn-amdhsa:hsa
OFFLOAD_TARGET_DEFAULT=1
Target: x86_64-linux-gnu
Configured with: ../src/configure -v --with-pkgversion='Ubuntu 10.2.0-13ubuntu1' --with-bugurl=file:///usr/share/doc/gcc-10/README.Bugs --enable-languages=c,ada,c++,go,brig,d,fortran,objc,obj-c++,m2 --prefix=/usr --with-gcc-major-version-only --program-suffix=-10 --program-prefix=x86_64-linux-gnu- --enable-shared --enable-linker-build-id --libexecdir=/usr/lib --without-included-gettext --enable-threads=posix --libdir=/usr/lib --enable-nls --enable-clocale=gnu --enable-libstdcxx-debug --enable-libstdcxx-time=yes --with-default-libstdcxx-abi=new --enable-gnu-unique-object --disable-vtable-verify --enable-plugin --enable-default-pie --with-system-zlib --enable-libphobos-checking=release --with-target-system-zlib=auto --enable-objc-gc=auto --enable-multiarch --disable-werror --with-arch-32=i686 --with-abi=m64 --with-multilib-list=m32,m64,mx32 --enable-multilib --with-tune=generic --enable-offload-targets=nvptx-none=/build/gcc-10-JvwpWM/gcc-10-10.2.0/debian/tmp-nvptx/usr,amdgcn-amdhsa=/build/gcc-10-JvwpWM/gcc-10-10.2.0/debian/tmp-gcn/usr,hsa --without-cuda-driver --enable-checking=release --build=x86_64-linux-gnu --host=x86_64-linux-gnu --target=x86_64-linux-gnu
Thread model: posix
Supported LTO compression algorithms: zlib zstd
gcc version 10.2.0 (Ubuntu 10.2.0-13ubuntu1) 
... rest of stderr output deleted ...
configure:10908: $? = 0
configure:10897: g++ -V >&5
g++: error: unrecognized command-line option '-V'
g++: fatal error: no input files
compilation terminated.
configure:10908: $? = 1
configure:10897: g++ -qversion >&5
g++: error: unrecognized command-line option '-qversion'; did you mean '--version'?
g++: fatal error: no input files
compilation terminated.
configure:10908: $? = 1
configure:10912: checking whether we are using the GNU C++ compiler
configure:10940: result: yes
configure:10949: checking whether g++ accepts -g
configure:11010: result: yes
configure:11053: checking system version
configure:11076: result: Linux-5.8.0-25-generic
configure:11090: checking for xmlInitParser in -lxml2
configure:11115: gcc -o conftest  -pipe   conftest.c -lxml2   >&5
configure:11115: $? = 0
configure:11124: result: yes
configure:11171: checking for Tcl public headers
configure:11242: result: /home/max/Programming/SAOImageDS9/tcl8.6/generic
configure:11257: checking for Tk public headers
configure:11331: result: /home/max/Programming/SAOImageDS9/tk8.6/generic
configure:11360: checking for X
configure:11549: result: libraries , headers 
configure:11560: gcc -E  conftest.c
configure:11560: $? = 0
configure:11728: checking for pthread_mutex_init in -lpthread
configure:11762: result: yes
configure:11971: checking for building with threads
configure:11977: result: yes (default)
configure:12006: checking how to build libraries
configure:12045: result: static
configure:12124: checking for ranlib
configure:12151: result: ranlib
configure:12178: checking if 64bit support is requested
configure:12187: result: no
configure:12192: checking if 64bit Sparc VIS support is requested
configure:12201: result: no
configure:12211: checking if compiler supports visibility "hidden"
configure:12240: result: yes
configure:12255: checking if rpath support is requested
configure:12264: result: yes
configure:12289: checking system version
configure:12312: result: Linux-5.8.0-25-generic
configure:12392: checking for ar
configure:12419: result: ar
configure:14181: checking for cast to union support
configure:14208: result: yes
configure:14231: checking for required early compiler flags
configure:14379: result:  _LARGEFILE64_SOURCE
configure:14384: checking for 64-bit integer type
configure:14435: result: using long
configure:14579: checking for build with symbols
configure:14598: result: yes (standard debugging)
configure:14745: checking for tclsh
configure:14780: result: /home/max/Programming/SAOImageDS9/tcl8.6/unix/tclsh
configure:14865: updating cache /home/max/Programming/SAOImageDS9/config.cache
configure:14952: creating ./config.status

## ---------------------- ##
## Running config.status. ##
## ---------------------- ##

This file was extended by ds9 config.status 8.2, which was
generated by GNU Autoconf 2.69.  Invocation command line was

  CONFIG_FILES    = 
  CONFIG_HEADERS  = 
  CONFIG_LINKS    = 
  CONFIG_COMMANDS = 
  $ ./config.status 

on Maximum-V2

config.status:988: creating Makefile

## ---------------- ##
## Cache variables. ##
## ---------------- ##

ac_cv_c_bigendian=no
ac_cv_c_char_unsigned=no
ac_cv_c_compiler_gnu=yes
ac_cv_c_fitsyconfig=/home/max/Programming/SAOImageDS9/fitsy
ac_cv_c_inline=inline
ac_cv_c_jpegtclconfig=/home/max/Programming/SAOImageDS9/lib
ac_cv_c_tclconfig=/home/max/Programming/SAOImageDS9/tcl8.6/unix
ac_cv_c_tclfitsyconfig=/home/max/Programming/SAOImageDS9/tclfitsy
ac_cv_c_tclh=/home/max/Programming/SAOImageDS9/tcl8.6/generic
ac_cv_c_tcliisconfig=/home/max/Programming/SAOImageDS9/tcliis
ac_cv_c_tclsignalconfig=/home/max/Programming/SAOImageDS9/tclsignal
ac_cv_c_tclxmlconfig=/home/max/Programming/SAOImageDS9/tclxml
ac_cv_c_tclzipfsconfig=/home/max/Programming/SAOImageDS9/tclzipfs
ac_cv_c_tdbcconfig=/home/max/Programming/SAOImageDS9/tcl8.6/unix/pkgs/tdbc1.1.1
ac_cv_c_tifftclconfig=/home/max/Programming/SAOImageDS9/lib
ac_cv_c_tkagifconfig=/home/max/Programming/SAOImageDS9/tkagif
ac_cv_c_tkbltconfig=/home/max/Programming/SAOImageDS9/tkblt
ac_cv_c_tkconfig=/home/max/Programming/SAOImageDS9/tk8.6/unix
ac_cv_c_tkh=/home/max/Programming/SAOImageDS9/tk8.6/generic
ac_cv_c_tkhtml1config=/home/max/Programming/SAOImageDS9/tkhtml1
ac_cv_c_tkimgconfig=/home/max/Programming/SAOImageDS9/lib
ac_cv_c_tkimgjpegconfig=/home/max/Programming/SAOImageDS9/lib
ac_cv_c_tkimgtiffconfig=/home/max/Programming/SAOImageDS9/lib
ac_cv_c_tkimgwindowconfig=/home/max/Programming/SAOImageDS9/lib
ac_cv_c_tkmpegconfig=/home/max/Programming/SAOImageDS9/tkmpeg
ac_cv_c_tksaoconfig=/home/max/Programming/SAOImageDS9/tksao
ac_cv_c_tktableconfig=/home/max/Programming/SAOImageDS9/tktable
ac_cv_c_tlsconfig=/home/max/Programming/SAOImageDS9/tls
ac_cv_c_utilconfig=/home/max/Programming/SAOImageDS9/util
ac_cv_c_vectorconfig=/home/max/Programming/SAOImageDS9/vector
ac_cv_c_zlibtclconfig=/home/max/Programming/SAOImageDS9/lib
ac_cv_cxx_compiler_gnu=yes
ac_cv_env_CCC_set=
ac_cv_env_CCC_value=
ac_cv_env_CC_set=
ac_cv_env_CC_value=
ac_cv_env_CFLAGS_set=
ac_cv_env_CFLAGS_value=
ac_cv_env_CPPFLAGS_set=
ac_cv_env_CPPFLAGS_value=
ac_cv_env_CPP_set=
ac_cv_env_CPP_value=
ac_cv_env_CXXFLAGS_set=
ac_cv_env_CXXFLAGS_value=
ac_cv_env_CXX_set=
ac_cv_env_CXX_value=
ac_cv_env_LDFLAGS_set=
ac_cv_env_LDFLAGS_value=
ac_cv_env_LIBS_set=
ac_cv_env_LIBS_value=
ac_cv_env_XMKMF_set=
ac_cv_env_XMKMF_value=
ac_cv_env_build_alias_set=
ac_cv_env_build_alias_value=
ac_cv_env_host_alias_set=
ac_cv_env_host_alias_value=
ac_cv_env_target_alias_set=
ac_cv_env_target_alias_value=
ac_cv_exeext=
ac_cv_func_XScreenSaverQueryInfo=no
ac_cv_func_chflags=no
ac_cv_func_connect=yes
ac_cv_func_fdatasync=yes
ac_cv_func_flock=yes
ac_cv_func_freeaddrinfo=yes
ac_cv_func_fstatfs=yes
ac_cv_func_gai_strerror=yes
ac_cv_func_getaddrinfo=yes
ac_cv_func_getcwd=yes
ac_cv_func_getgrgid_r=yes
ac_cv_func_getgrnam_r=yes
ac_cv_func_gethostbyaddr_r=yes
ac_cv_func_gethostbyname=yes
ac_cv_func_gethostbyname_r=yes
ac_cv_func_getnameinfo=yes
ac_cv_func_getpwnam_r=yes
ac_cv_func_getpwuid_r=yes
ac_cv_func_gettimeofday=yes
ac_cv_func_getwd=yes
ac_cv_func_gmtime_r=yes
ac_cv_func_localtime_r=yes
ac_cv_func_localtime_s=no
ac_cv_func_lstat=yes
ac_cv_func_malloc_usable_size=yes
ac_cv_func_memcmp_working=yes
ac_cv_func_memmove=yes
ac_cv_func_mkstemp=yes
ac_cv_func_mkstemps=yes
ac_cv_func_mktime=yes
ac_cv_func_opendir=yes
ac_cv_func_pread64=yes
ac_cv_func_pread=yes
ac_cv_func_pthread_atfork=yes
ac_cv_func_pthread_attr_setstacksize=yes
ac_cv_func_pwrite64=yes
ac_cv_func_pwrite=yes
ac_cv_func_rand_s=no
ac_cv_func_readlink=yes
ac_cv_func_realpath=yes
ac_cv_func_sin=no
ac_cv_func_strchrnul=yes
ac_cv_func_strerror=yes
ac_cv_func_strerror_r=yes
ac_cv_func_strerror_r_char_p=no
ac_cv_func_strncasecmp=yes
ac_cv_func_strstr=yes
ac_cv_func_strtol=yes
ac_cv_func_strtoul=yes
ac_cv_func_uname=yes
ac_cv_func_usleep=yes
ac_cv_func_utime=yes
ac_cv_func_wait3=yes
ac_cv_func_waitpid=yes
ac_cv_have_decl_gethostbyaddr_r=yes
ac_cv_have_decl_gethostbyname_r=yes
ac_cv_have_decl_strerror_r=yes
ac_cv_have_x='have_x=yes	ac_x_includes='\'''\''	ac_x_libraries='\'''\'''
ac_cv_header_X11_XKBlib_h=yes
ac_cv_header_X11_extensions_scrnsaver_h=no
ac_cv_header_dlfcn_h=yes
ac_cv_header_float_h=yes
ac_cv_header_inttypes_h=yes
ac_cv_header_langinfo_h=yes
ac_cv_header_malloc_h=yes
ac_cv_header_memory_h=yes
ac_cv_header_net_errno_h=no
ac_cv_header_stdbool_h=yes
ac_cv_header_stdc=yes
ac_cv_header_stdint_h=yes
ac_cv_header_stdlib_h=yes
ac_cv_header_string_h=yes
ac_cv_header_strings_h=yes
ac_cv_header_sys_filio_h=no
ac_cv_header_sys_ioctl_h=yes
ac_cv_header_sys_modem_h=no
ac_cv_header_sys_param_h=yes
ac_cv_header_sys_shm_h=yes
ac_cv_header_sys_stat_h=yes
ac_cv_header_sys_time_h=yes
ac_cv_header_sys_types_h=yes
ac_cv_header_sys_un_h=yes
ac_cv_header_sys_wait_h=yes
ac_cv_header_termios_h=yes
ac_cv_header_time=yes
ac_cv_header_unistd_h=yes
ac_cv_header_values_h=yes
ac_cv_header_zlib_h=yes
ac_cv_lib_X11_XkbKeycodeToKeysym=yes
ac_cv_lib_Xbsd_main=no
ac_cv_lib_Xext_XScreenSaverQueryInfo=no
ac_cv_lib_Xss_XScreenSaverQueryInfo=no
ac_cv_lib_dl_dlopen=yes
ac_cv_lib_inet_main=no
ac_cv_lib_pthread_pthread_mutex_init=yes
ac_cv_lib_winsock_main=no
ac_cv_lib_ws2_32_main=no
ac_cv_lib_xml2_xmlInitParser=yes
ac_cv_member_struct_stat_st_blksize=yes
ac_cv_member_struct_stat_st_blocks=yes
ac_cv_objext=o
ac_cv_path_EGREP='/usr/bin/grep -E'
ac_cv_path_GREP=/usr/bin/grep
ac_cv_path_tclsh=/usr/bin/tclsh8.6
ac_cv_prog_CPP='gcc -E'
ac_cv_prog_ac_ct_AR=ar
ac_cv_prog_ac_ct_CC=gcc
ac_cv_prog_ac_ct_CXX=g++
ac_cv_prog_ac_ct_RANLIB=ranlib
ac_cv_prog_cc_c89=
ac_cv_prog_cc_g=yes
ac_cv_prog_cc_stdc=
ac_cv_prog_cxx_g=yes
ac_cv_prog_egrep='grep -E'
ac_cv_prog_make_make_set=yes
ac_cv_search_deflateSetHeader=-lz
ac_cv_sizeof_long=8
ac_cv_sizeof_long_long=8
ac_cv_type_blkcnt_t=yes
ac_cv_type_gz_header=yes
ac_cv_type_intptr_t=yes
ac_cv_type_long_long=yes
ac_cv_type_mode_t=yes
ac_cv_type_pid_t=yes
ac_cv_type_size_t=yes
ac_cv_type_struct_addrinfo=yes
ac_cv_type_struct_in6_addr=yes
ac_cv_type_struct_sockaddr_in6=yes
ac_cv_type_struct_sockaddr_storage=yes
ac_cv_type_uid_t=yes
ac_cv_type_uintptr_t=yes
tcl_cv_api_fts=yes
tcl_cv_api_getgrgid_r_5=yes
tcl_cv_api_getgrnam_r_5=yes
tcl_cv_api_gethostbyaddr_r=yes
tcl_cv_api_gethostbyaddr_r_7=no
tcl_cv_api_gethostbyaddr_r_8=yes
tcl_cv_api_gethostbyname_r=yes
tcl_cv_api_gethostbyname_r_6=yes
tcl_cv_api_getpwnam_r_5=yes
tcl_cv_api_getpwuid_r_5=yes
tcl_cv_cast_to_union=yes
tcl_cv_cc_pipe=yes
tcl_cv_cc_visibility_hidden=yes
tcl_cv_char_signed=yes
tcl_cv_cpuid=yes
tcl_cv_dir_zoneinfo=/usr/share/zoneinfo
tcl_cv_dirent_h=yes
tcl_cv_flag__isoc99_source=no
tcl_cv_flag__largefile64_source=yes
tcl_cv_flag__largefile_source64=no
tcl_cv_grep_gettimeofday=present
tcl_cv_isnan=yes
tcl_cv_langinfo_h=yes
tcl_cv_member_tm_gmtoff=yes
tcl_cv_member_tm_tzadj=no
tcl_cv_putenv_copy=no
tcl_cv_pwd_pw_gecos=yes
tcl_cv_strstr_unbroken=ok
tcl_cv_strtoul_unbroken=ok
tcl_cv_sys_version=Linux-5.8.0-25-generic
tcl_cv_timezone_long=yes
tcl_cv_type_64bit=none
tcl_cv_type_fd_set=yes
tcl_cv_type_socklen_t=yes
tcl_cv_union_wait=no

## ----------------- ##
## Output variables. ##
## ----------------- ##

AR='ar'
CC='gcc'
CELIB_DIR=''
CFLAGS=' -pipe ${CFLAGS_DEFAULT} ${CFLAGS_WARNING} '
CFLAGS_DEBUG='-g'
CFLAGS_DEFAULT='-g'
CFLAGS_OPTIMIZE='-O2 -fomit-frame-pointer'
CFLAGS_WARNING='-Wall'
CLEANFILES=''
CPP='gcc -E'
CPPFLAGS=''
CXX='g++'
CXXFLAGS='-g -O2'
CYGPATH='echo'
DEFS='-DPACKAGE_NAME=\"ds9\" -DPACKAGE_TARNAME=\"ds9\" -DPACKAGE_VERSION=\"8.2\" -DPACKAGE_STRING=\"ds9\ 8.2\" -DPACKAGE_BUGREPORT=\"\" -DPACKAGE_URL=\"\" -DBUILD_ds9=/\*\*/ -DSTDC_HEADERS=1 -DHAVE_SYS_TYPES_H=1 -DHAVE_SYS_STAT_H=1 -DHAVE_STDLIB_H=1 -DHAVE_STRING_H=1 -DHAVE_MEMORY_H=1 -DHAVE_STRINGS_H=1 -DHAVE_INTTYPES_H=1 -DHAVE_STDINT_H=1 -DHAVE_UNISTD_H=1 -DHAVE_LIBXML2=1 -DUSE_THREAD_ALLOC=1 -D_REENTRANT=1 -D_THREAD_SAFE=1 -DTCL_THREADS=1 -DSTATIC_BUILD=1 -DMODULE_SCOPE=extern\ __attribute__\(\(__visibility__\(\"hidden\"\)\)\) -DHAVE_HIDDEN=1 -DHAVE_CAST_TO_UNION=1 -D_LARGEFILE64_SOURCE=1 -DTCL_WIDE_INT_IS_LONG=1'
ECHO_C=''
ECHO_N='-n'
ECHO_T=''
EGREP='/usr/bin/grep -E'
EXEEXT=''
GREP='/usr/bin/grep'
INSTALL='$(SHELL) $(srcdir)/tclconfig/install-sh -c'
INSTALL_DATA='${INSTALL} -m 644'
INSTALL_DATA_DIR='${INSTALL} -d -m 755'
INSTALL_LIBRARY='${INSTALL} -m 644'
INSTALL_PROGRAM='${INSTALL} -m 755'
INSTALL_SCRIPT='${INSTALL} -m 755'
LDFLAGS=' -Wl,--export-dynamic '
LDFLAGS_DEFAULT=' -Wl,--export-dynamic '
LD_LIBRARY_PATH_VAR='LD_LIBRARY_PATH'
LIBOBJS=''
LIBS='-lxml2 '
LTLIBOBJS=''
MAKE_LIB='${STLIB_LD} $@ $(PKG_OBJECTS) '
MAKE_SHARED_LIB='${SHLIB_LD} -o $@ $(PKG_OBJECTS) ${SHLIB_LD_LIBS}'
MAKE_STATIC_LIB='${STLIB_LD} $@ $(PKG_OBJECTS)'
MAKE_STUB_LIB='${STLIB_LD} $@ $(PKG_STUB_OBJECTS)'
OBJEXT='o'
PACKAGE_BUGREPORT=''
PACKAGE_NAME='ds9'
PACKAGE_STRING='ds9 8.2'
PACKAGE_TARNAME='ds9'
PACKAGE_URL=''
PACKAGE_VERSION='8.2'
PATH_SEPARATOR=':'
PKG_CFLAGS=''
PKG_HEADERS=''
PKG_INCLUDES=''
PKG_LIBS=' -L/home/max/Programming/SAOImageDS9/lib/tifftcl3.9.7 -ltifftclstub3.9.7 -L/home/max/Programming/SAOImageDS9/lib/jpegtcl9.2 -ljpegtclstub9.2 -L/home/max/Programming/SAOImageDS9/lib/zlibtcl1.2.11 -lzlibtclstub1.2.11 -L/home/max/Programming/SAOImageDS9/tkblt -ltkbltstub3.2 -L/home/max/Programming/SAOImageDS9/lib/tkimg1.4.9 -ltkimgstub1.4.9 -lX11'
PKG_LIB_FILE='libds98.2.a'
PKG_STUB_LIB_FILE='libds9stub8.2.a'
PKG_STUB_OBJECTS=''
PKG_STUB_SOURCES=''
PKG_TCL_SOURCES=''
RANLIB='ranlib'
RANLIB_STUB='ranlib'
RC=''
SET_MAKE=''
SHARED_BUILD='0'
SHELL='/bin/bash'
SHLIB_CFLAGS='-fPIC'
SHLIB_LD='${CC} ${CFLAGS} ${LDFLAGS_DEFAULT} -shared'
SHLIB_LD_LIBS='${LIBS}'
STLIB_LD='${AR} cr'
STUBS_BUILD='0'
TCLSH_PROG='/home/max/Programming/SAOImageDS9/tcl8.6/unix/tclsh'
TCL_BIN_DIR='/home/max/Programming/SAOImageDS9/tcl8.6/unix'
TCL_DBGX=''
TCL_DEFS='-DPACKAGE_NAME=\"tcl\" -DPACKAGE_TARNAME=\"tcl\" -DPACKAGE_VERSION=\"8.6\" -DPACKAGE_STRING=\"tcl\ 8.6\" -DPACKAGE_BUGREPORT=\"\" -DSTDC_HEADERS=1 -DHAVE_SYS_TYPES_H=1 -DHAVE_SYS_STAT_H=1 -DHAVE_STDLIB_H=1 -DHAVE_STRING_H=1 -DHAVE_MEMORY_H=1 -DHAVE_STRINGS_H=1 -DHAVE_INTTYPES_H=1 -DHAVE_STDINT_H=1 -DHAVE_UNISTD_H=1 -DHAVE_SYS_PARAM_H=1 -DUSE_THREAD_ALLOC=1 -D_REENTRANT=1 -D_THREAD_SAFE=1 -DHAVE_PTHREAD_ATTR_SETSTACKSIZE=1 -DHAVE_PTHREAD_ATFORK=1 -DTCL_THREADS=1 -DTCL_CFGVAL_ENCODING=\"iso8859-1\" -DSTATIC_BUILD=1 -DHAVE_ZLIB=1 -DMODULE_SCOPE=extern\ __attribute__\(\(__visibility__\(\"hidden\"\)\)\) -DHAVE_HIDDEN=1 -DHAVE_CAST_TO_UNION=1 -DTCL_SHLIB_EXT=\".so\" -DTCL_TOMMATH=1 -DMP_PREC=4 -D_LARGEFILE64_SOURCE=1 -DTCL_WIDE_INT_IS_LONG=1 -DHAVE_GETCWD=1 -DHAVE_MKSTEMP=1 -DHAVE_OPENDIR=1 -DHAVE_STRTOL=1 -DHAVE_WAITPID=1 -DHAVE_GETNAMEINFO=1 -DHAVE_GETADDRINFO=1 -DHAVE_FREEADDRINFO=1 -DHAVE_GAI_STRERROR=1 -DHAVE_STRUCT_ADDRINFO=1 -DHAVE_STRUCT_IN6_ADDR=1 -DHAVE_STRUCT_SOCKADDR_IN6=1 -DHAVE_STRUCT_SOCKADDR_STORAGE=1 -DHAVE_GETPWUID_R_5=1 -DHAVE_GETPWUID_R=1 -DHAVE_GETPWNAM_R_5=1 -DHAVE_GETPWNAM_R=1 -DHAVE_GETGRGID_R_5=1 -DHAVE_GETGRGID_R=1 -DHAVE_GETGRNAM_R_5=1 -DHAVE_GETGRNAM_R=1 -DHAVE_DECL_GETHOSTBYNAME_R=1 -DHAVE_GETHOSTBYNAME_R_6=1 -DHAVE_GETHOSTBYNAME_R=1 -DHAVE_DECL_GETHOSTBYADDR_R=1 -DHAVE_GETHOSTBYADDR_R_8=1 -DHAVE_GETHOSTBYADDR_R=1 -DHAVE_TERMIOS_H=1 -DHAVE_SYS_IOCTL_H=1 -DHAVE_SYS_TIME_H=1 -DTIME_WITH_SYS_TIME=1 -DHAVE_GMTIME_R=1 -DHAVE_LOCALTIME_R=1 -DHAVE_MKTIME=1 -DHAVE_TM_GMTOFF=1 -DHAVE_TIMEZONE_VAR=1 -DHAVE_STRUCT_STAT_ST_BLOCKS=1 -DHAVE_STRUCT_STAT_ST_BLKSIZE=1 -DHAVE_BLKCNT_T=1 -DHAVE_INTPTR_T=1 -DHAVE_UINTPTR_T=1 -DNO_UNION_WAIT=1 -DHAVE_SIGNED_CHAR=1 -DHAVE_LANGINFO=1 -DHAVE_MKSTEMPS=1 -DHAVE_FTS=1 -DHAVE_SYS_IOCTL_H=1 -DTCL_UNLOAD_DLLS=1 -DHAVE_CPUID=1 '
TCL_EXTRA_CFLAGS=' -pipe '
TCL_INCLUDES='-I"/home/max/Programming/SAOImageDS9/tcl8.6/generic"'
TCL_LD_FLAGS=' -Wl,--export-dynamic '
TCL_LIBS='-ldl -lz  -lpthread -lm'
TCL_LIB_FILE='libtcl8.6.a'
TCL_LIB_FLAG='-ltcl8.6'
TCL_LIB_SPEC='-L/home/max/Programming/SAOImageDS9/tcl8.6/unix -ltcl8.6'
TCL_PATCH_LEVEL='.10'
TCL_SHLIB_LD_LIBS='${LIBS}'
TCL_SRC_DIR='/home/max/Programming/SAOImageDS9/tcl8.6'
TCL_STUB_LIB_FILE='libtclstub8.6.a'
TCL_STUB_LIB_FLAG='-ltclstub8.6'
TCL_STUB_LIB_SPEC='-L/home/max/Programming/SAOImageDS9/tcl8.6/unix -ltclstub8.6'
TCL_THREADS='1'
TCL_VERSION='8.6'
TK_BIN_DIR='/home/max/Programming/SAOImageDS9/tk8.6/unix'
TK_INCLUDES='-I"/home/max/Programming/SAOImageDS9/tk8.6/generic"'
TK_LIBS='-lX11   -lpthread -ldl -lz  -lpthread -lm'
TK_LIB_FILE='libtk8.6.a'
TK_LIB_FLAG='-ltk8.6'
TK_LIB_SPEC='-L/home/max/Programming/SAOImageDS9/tk8.6/unix -ltk8.6'
TK_SRC_DIR='/home/max/Programming/SAOImageDS9/tk8.6'
TK_STUB_LIB_FILE='libtkstub8.6.a'
TK_STUB_LIB_FLAG='-ltkstub8.6'
TK_STUB_LIB_SPEC='-L/home/max/Programming/SAOImageDS9/tk8.6/unix -ltkstub8.6'
TK_VERSION='8.6'
TK_XINCLUDES=''
VC_MANIFEST_EMBED_DLL=''
VC_MANIFEST_EMBED_EXE=''
XMKMF=''
ac_ct_CC='gcc'
ac_ct_CXX='g++'
bindir='${exec_prefix}/bin'
build_alias=''
datadir='${datarootdir}'
datarootdir='${prefix}/share'
docdir='${datarootdir}/doc/${PACKAGE_TARNAME}'
dvidir='${docdir}'
exec_prefix='/home/max/Programming/SAOImageDS9'
fitsy_BIN_DIR='/home/max/Programming/SAOImageDS9/fitsy'
fitsy_LIB_FILE='libfitsy1.0.a'
fitsy_LIB_SPEC='-L/home/max/Programming/SAOImageDS9/fitsy -lfitsy1.0'
fitsy_SRC_DIR=''
fitsy_STUB_LIB_FILE=''
fitsy_STUB_LIB_PATH=''
fitsy_STUB_LIB_SPEC=''
fitsy_VERSION='1.0'
host_alias=''
htmldir='${docdir}'
includedir='${prefix}/include'
infodir='${datarootdir}/info'
jpegtcl_BIN_DIR='/home/max/Programming/SAOImageDS9/lib'
jpegtcl_LIB_FILE='libjpegtcl9.2.a'
jpegtcl_LIB_SPEC='-L/home/max/Programming/SAOImageDS9/lib/jpegtcl9.2 -ljpegtcl9.2'
jpegtcl_SRC_DIR='.'
jpegtcl_STUB_LIB_FILE='libjpegtclstub9.2.a'
jpegtcl_STUB_LIB_PATH='/home/max/Programming/SAOImageDS9/lib/jpegtcl9.2/libjpegtclstub9.2.a'
jpegtcl_STUB_LIB_SPEC='-L/home/max/Programming/SAOImageDS9/lib/jpegtcl9.2 -ljpegtclstub9.2'
jpegtcl_VERSION='9.2'
libdir='/home/max/Programming/SAOImageDS9/lib'
libexecdir='${exec_prefix}/libexec'
localedir='${datarootdir}/locale'
localstatedir='${prefix}/var'
mandir='${datarootdir}/man'
oldincludedir='/usr/include'
pdfdir='${docdir}'
prefix='/home/max/Programming/SAOImageDS9'
program_transform_name='s,x,x,'
psdir='${docdir}'
sbindir='${exec_prefix}/sbin'
sharedstatedir='${prefix}/com'
sysconfdir='${prefix}/etc'
system='Linux-5.8.0-25-generic'
target_alias=''
tclfitsy_BIN_DIR='/home/max/Programming/SAOImageDS9/tclfitsy'
tclfitsy_LIB_FILE='libtclfitsy1.0.a'
tclfitsy_LIB_SPEC='-L/home/max/Programming/SAOImageDS9/tclfitsy -ltclfitsy1.0'
tclfitsy_SRC_DIR=''
tclfitsy_STUB_LIB_FILE=''
tclfitsy_STUB_LIB_PATH=''
tclfitsy_STUB_LIB_SPEC=''
tclfitsy_VERSION='1.0'
tcliis_BIN_DIR='/home/max/Programming/SAOImageDS9/tcliis'
tcliis_LIB_FILE='libtcliis1.0.a'
tcliis_LIB_SPEC='-L/home/max/Programming/SAOImageDS9/tcliis -ltcliis1.0'
tcliis_SRC_DIR=''
tcliis_STUB_LIB_FILE=''
tcliis_STUB_LIB_PATH=''
tcliis_STUB_LIB_SPEC=''
tcliis_VERSION='1.0'
tclsignal_BIN_DIR='/home/max/Programming/SAOImageDS9/tclsignal'
tclsignal_LIB_FILE='libtclsignal1.4.a'
tclsignal_LIB_SPEC='-L/home/max/Programming/SAOImageDS9/tclsignal -ltclsignal1.4'
tclsignal_SRC_DIR=''
tclsignal_STUB_LIB_FILE=''
tclsignal_STUB_LIB_PATH=''
tclsignal_STUB_LIB_SPEC=''
tclsignal_VERSION='1.4'
tclxml_BIN_DIR='/home/max/Programming/SAOImageDS9/tclxml'
tclxml_LIB_FILE='libtclxml3.2.a'
tclxml_LIB_SPEC='-L/home/max/Programming/SAOImageDS9/tclxml -ltclxml3.2'
tclxml_SRC_DIR=''
tclxml_STUB_LIB_FILE=''
tclxml_STUB_LIB_PATH=''
tclxml_STUB_LIB_SPEC=''
tclxml_VERSION='3.2'
tclzipfs_BIN_DIR='/home/max/Programming/SAOImageDS9/tclzipfs'
tclzipfs_LIB_FILE='libtclzipfs1.0.a'
tclzipfs_LIB_SPEC='-L/home/max/Programming/SAOImageDS9/tclzipfs -ltclzipfs1.0'
tclzipfs_SRC_DIR=''
tclzipfs_STUB_LIB_FILE=''
tclzipfs_STUB_LIB_PATH=''
tclzipfs_STUB_LIB_SPEC=''
tclzipfs_VERSION='1.0'
tifftcl_BIN_DIR='/home/max/Programming/SAOImageDS9/lib'
tifftcl_LIB_FILE='libtifftcl3.9.7.a'
tifftcl_LIB_SPEC='-L/home/max/Programming/SAOImageDS9/lib/tifftcl3.9.7 -ltifftcl3.9.7'
tifftcl_SRC_DIR='.'
tifftcl_STUB_LIB_FILE='libtifftclstub3.9.7.a'
tifftcl_STUB_LIB_PATH='/home/max/Programming/SAOImageDS9/lib/tifftcl3.9.7/libtifftclstub3.9.7.a'
tifftcl_STUB_LIB_SPEC='-L/home/max/Programming/SAOImageDS9/lib/tifftcl3.9.7 -ltifftclstub3.9.7'
tifftcl_VERSION='3.9.7'
tkagif_BIN_DIR='/home/max/Programming/SAOImageDS9/tkagif'
tkagif_LIB_FILE='libtkagif1.0.a'
tkagif_LIB_SPEC='-L/home/max/Programming/SAOImageDS9/tkagif -ltkagif1.0'
tkagif_SRC_DIR=''
tkagif_STUB_LIB_FILE=''
tkagif_STUB_LIB_PATH=''
tkagif_STUB_LIB_SPEC=''
tkagif_VERSION='1.0'
tkblt_BIN_DIR='/home/max/Programming/SAOImageDS9/tkblt'
tkblt_LIB_FILE='libtkblt3.2.a'
tkblt_LIB_SPEC='-L/home/max/Programming/SAOImageDS9/tkblt -ltkblt3.2'
tkblt_SRC_DIR=''
tkblt_STUB_LIB_FILE='libtkbltstub3.2.a'
tkblt_STUB_LIB_PATH='/home/max/Programming/SAOImageDS9/tkblt/libtkbltstub3.2.a'
tkblt_STUB_LIB_SPEC='-L/home/max/Programming/SAOImageDS9/tkblt -ltkbltstub3.2'
tkblt_VERSION='3.2'
tkhtml1_BIN_DIR='/home/max/Programming/SAOImageDS9/tkhtml1'
tkhtml1_LIB_FILE='libtkhtml11.0.a'
tkhtml1_LIB_SPEC='-L/home/max/Programming/SAOImageDS9/tkhtml1 -ltkhtml11.0'
tkhtml1_SRC_DIR=''
tkhtml1_STUB_LIB_FILE=''
tkhtml1_STUB_LIB_PATH=''
tkhtml1_STUB_LIB_SPEC=''
tkhtml1_VERSION='1.0'
tkimg_BIN_DIR='/home/max/Programming/SAOImageDS9/lib'
tkimg_LIB_FILE='libtkimg1.4.9.a'
tkimg_LIB_SPEC='-L/home/max/Programming/SAOImageDS9/lib/tkimg1.4.9 -ltkimg1.4.9'
tkimg_SRC_DIR='.'
tkimg_STUB_LIB_FILE='libtkimgstub1.4.9.a'
tkimg_STUB_LIB_PATH='/home/max/Programming/SAOImageDS9/lib/tkimg1.4.9/libtkimgstub1.4.9.a'
tkimg_STUB_LIB_SPEC='-L/home/max/Programming/SAOImageDS9/lib/tkimg1.4.9 -ltkimgstub1.4.9'
tkimg_VERSION='1.4.9'
tkimgjpeg_BIN_DIR='/home/max/Programming/SAOImageDS9/lib'
tkimgjpeg_LIB_FILE='libtkimgjpeg1.4.9.a'
tkimgjpeg_LIB_SPEC='-L/home/max/Programming/SAOImageDS9/lib/tkimgjpeg1.4.9 -ltkimgjpeg1.4.9'
tkimgjpeg_SRC_DIR=''
tkimgjpeg_STUB_LIB_FILE=''
tkimgjpeg_STUB_LIB_PATH=''
tkimgjpeg_STUB_LIB_SPEC=''
tkimgjpeg_VERSION='1.4.9'
tkimgtiff_BIN_DIR='/home/max/Programming/SAOImageDS9/lib'
tkimgtiff_LIB_FILE='libtkimgtiff1.4.9.a'
tkimgtiff_LIB_SPEC='-L/home/max/Programming/SAOImageDS9/lib/tkimgtiff1.4.9 -ltkimgtiff1.4.9'
tkimgtiff_SRC_DIR=''
tkimgtiff_STUB_LIB_FILE=''
tkimgtiff_STUB_LIB_PATH=''
tkimgtiff_STUB_LIB_SPEC=''
tkimgtiff_VERSION='1.4.9'
tkimgwindow_BIN_DIR='/home/max/Programming/SAOImageDS9/lib'
tkimgwindow_LIB_FILE='libtkimgwindow1.4.9.a'
tkimgwindow_LIB_SPEC='-L/home/max/Programming/SAOImageDS9/lib/tkimgwindow1.4.9 -ltkimgwindow1.4.9'
tkimgwindow_SRC_DIR=''
tkimgwindow_STUB_LIB_FILE=''
tkimgwindow_STUB_LIB_PATH=''
tkimgwindow_STUB_LIB_SPEC=''
tkimgwindow_VERSION='1.4.9'
tkmpeg_BIN_DIR='/home/max/Programming/SAOImageDS9/tkmpeg'
tkmpeg_LIB_FILE='libtkmpeg1.0.a'
tkmpeg_LIB_SPEC='-L/home/max/Programming/SAOImageDS9/tkmpeg -ltkmpeg1.0'
tkmpeg_SRC_DIR=''
tkmpeg_STUB_LIB_FILE=''
tkmpeg_STUB_LIB_PATH=''
tkmpeg_STUB_LIB_SPEC=''
tkmpeg_VERSION='1.0'
tksao_BIN_DIR='/home/max/Programming/SAOImageDS9/tksao'
tksao_LIB_FILE='libtksao1.0.a'
tksao_LIB_SPEC='-L/home/max/Programming/SAOImageDS9/tksao -ltksao1.0'
tksao_SRC_DIR=''
tksao_STUB_LIB_FILE=''
tksao_STUB_LIB_PATH=''
tksao_STUB_LIB_SPEC=''
tksao_VERSION='1.0'
tktable_BIN_DIR='/home/max/Programming/SAOImageDS9/tktable'
tktable_LIB_FILE='libtktable2.10.a'
tktable_LIB_SPEC='-L/home/max/Programming/SAOImageDS9/tktable -ltktable2.10'
tktable_SRC_DIR=''
tktable_STUB_LIB_FILE=''
tktable_STUB_LIB_PATH=''
tktable_STUB_LIB_SPEC=''
tktable_VERSION='2.10'
tls_BIN_DIR='/home/max/Programming/SAOImageDS9/tls'
tls_LIB_FILE='libtls1.6.7.a'
tls_LIB_SPEC='-L/home/max/Programming/SAOImageDS9/tls -ltls1.6.7'
tls_SRC_DIR=''
tls_STUB_LIB_FILE=''
tls_STUB_LIB_PATH=''
tls_STUB_LIB_SPEC=''
tls_VERSION='1.6.7'
util_BIN_DIR='/home/max/Programming/SAOImageDS9/util'
util_LIB_FILE='libutil1.0.a'
util_LIB_SPEC='-L/home/max/Programming/SAOImageDS9/util -lutil1.0'
util_SRC_DIR=''
util_STUB_LIB_FILE=''
util_STUB_LIB_PATH=''
util_STUB_LIB_SPEC=''
util_VERSION='1.0'
vector_BIN_DIR='/home/max/Programming/SAOImageDS9/vector'
vector_LIB_FILE='libvector1.0.a'
vector_LIB_SPEC='-L/home/max/Programming/SAOImageDS9/vector -lvector1.0'
vector_SRC_DIR=''
vector_STUB_LIB_FILE=''
vector_STUB_LIB_PATH=''
vector_STUB_LIB_SPEC=''
vector_VERSION='1.0'
zlibtcl_BIN_DIR='/home/max/Programming/SAOImageDS9/lib'
zlibtcl_LIB_FILE='libzlibtcl1.2.11.a'
zlibtcl_LIB_SPEC='-L/home/max/Programming/SAOImageDS9/lib/zlibtcl1.2.11 -lzlibtcl1.2.11'
zlibtcl_SRC_DIR='.'
zlibtcl_STUB_LIB_FILE='libzlibtclstub1.2.11.a'
zlibtcl_STUB_LIB_PATH='/home/max/Programming/SAOImageDS9/lib/zlibtcl1.2.11/libzlibtclstub1.2.11.a'
zlibtcl_STUB_LIB_SPEC='-L/home/max/Programming/SAOImageDS9/lib/zlibtcl1.2.11 -lzlibtclstub1.2.11'
zlibtcl_VERSION='1.2.11'

## ----------- ##
## confdefs.h. ##
## ----------- ##

/* confdefs.h */
#define PACKAGE_NAME "ds9"
#define PACKAGE_TARNAME "ds9"
#define PACKAGE_VERSION "8.2"
#define PACKAGE_STRING "ds9 8.2"
#define PACKAGE_BUGREPORT ""
#define PACKAGE_URL ""
#define BUILD_ds9 /**/
#define STDC_HEADERS 1
#define HAVE_SYS_TYPES_H 1
#define HAVE_SYS_STAT_H 1
#define HAVE_STDLIB_H 1
#define HAVE_STRING_H 1
#define HAVE_MEMORY_H 1
#define HAVE_STRINGS_H 1
#define HAVE_INTTYPES_H 1
#define HAVE_STDINT_H 1
#define HAVE_UNISTD_H 1
#define HAVE_LIBXML2 1
#define USE_THREAD_ALLOC 1
#define _REENTRANT 1
#define _THREAD_SAFE 1
#define TCL_THREADS 1
#define STATIC_BUILD 1
#define MODULE_SCOPE extern __attribute__((__visibility__("hidden")))
#define HAVE_HIDDEN 1
#define HAVE_CAST_TO_UNION 1
#define _LARGEFILE64_SOURCE 1
#define TCL_WIDE_INT_IS_LONG 1

configure: exit 0
