This file contains any messages produced by compilers while
running configure, to aid debugging if configure makes a mistake.

It was created by Img configure 1.4.9, which was
generated by GNU Autoconf 2.69.  Invocation command line was

  $ ./configure --with-tk=/home/max/Programming/SAOImageDS9/tk8.6/unix --with-tcl=/home/max/Programming/SAOImageDS9/tcl8.6/unix --prefix /home/max/Programming/SAOImageDS9 --exec-prefix /home/max/Programming/SAOImageDS9 --libdir /home/max/Programming/SAOImageDS9/lib --disable-shared --disable-stubs --enable-symbols

## --------- ##
## Platform. ##
## --------- ##

hostname = Maximum-V2
uname -m = x86_64
uname -r = 5.8.0-25-generic
uname -s = Linux
uname -v = #26-Ubuntu SMP Thu Oct 15 10:30:38 UTC 2020

/usr/bin/uname -p = x86_64
/bin/uname -X     = unknown

/bin/arch              = x86_64
/usr/bin/arch -k       = unknown
/usr/convex/getsysinfo = unknown
/usr/bin/hostinfo      = unknown
/bin/machine           = unknown
/usr/bin/oslevel       = unknown
/bin/universe          = unknown

PATH: /home/max/.local/bin
PATH: /home/max/.local/bin
PATH: /usr/local/sbin
PATH: /usr/local/bin
PATH: /usr/sbin
PATH: /usr/bin
PATH: /sbin
PATH: /bin
PATH: /usr/games
PATH: /usr/local/games
PATH: /snap/bin


## ----------- ##
## Core tests. ##
## ----------- ##

configure:2191: checking for correct TEA configuration
configure:2204: result: ok (TEA 3.9)
configure:2286: configuring Img 1.4.9
configure:2364: checking for Tcl configuration
configure:2489: result: found /home/max/Programming/SAOImageDS9/tcl8.6/unix/tclConfig.sh
configure:2542: checking for gcc
configure:2558: found /usr/bin/gcc
configure:2569: result: gcc
configure:2798: checking for C compiler version
configure:2807: gcc --version >&5
gcc (Ubuntu 10.2.0-13ubuntu1) 10.2.0
Copyright (C) 2020 Free Software Foundation, Inc.
This is free software; see the source for copying conditions.  There is NO
warranty; not even for MERCHANTABILITY or FITNESS FOR A PARTICULAR PURPOSE.

configure:2818: $? = 0
configure:2807: gcc -v >&5
Using built-in specs.
COLLECT_GCC=gcc
COLLECT_LTO_WRAPPER=/usr/lib/gcc/x86_64-linux-gnu/10/lto-wrapper
OFFLOAD_TARGET_NAMES=nvptx-none:amdgcn-amdhsa:hsa
OFFLOAD_TARGET_DEFAULT=1
Target: x86_64-linux-gnu
Configured with: ../src/configure -v --with-pkgversion='Ubuntu 10.2.0-13ubuntu1' --with-bugurl=file:///usr/share/doc/gcc-10/README.Bugs --enable-languages=c,ada,c++,go,brig,d,fortran,objc,obj-c++,m2 --prefix=/usr --with-gcc-major-version-only --program-suffix=-10 --program-prefix=x86_64-linux-gnu- --enable-shared --enable-linker-build-id --libexecdir=/usr/lib --without-included-gettext --enable-threads=posix --libdir=/usr/lib --enable-nls --enable-clocale=gnu --enable-libstdcxx-debug --enable-libstdcxx-time=yes --with-default-libstdcxx-abi=new --enable-gnu-unique-object --disable-vtable-verify --enable-plugin --enable-default-pie --with-system-zlib --enable-libphobos-checking=release --with-target-system-zlib=auto --enable-objc-gc=auto --enable-multiarch --disable-werror --with-arch-32=i686 --with-abi=m64 --with-multilib-list=m32,m64,mx32 --enable-multilib --with-tune=generic --enable-offload-targets=nvptx-none=/build/gcc-10-JvwpWM/gcc-10-10.2.0/debian/tmp-nvptx/usr,amdgcn-amdhsa=/build/gcc-10-JvwpWM/gcc-10-10.2.0/debian/tmp-gcn/usr,hsa --without-cuda-driver --enable-checking=release --build=x86_64-linux-gnu --host=x86_64-linux-gnu --target=x86_64-linux-gnu
Thread model: posix
Supported LTO compression algorithms: zlib zstd
gcc version 10.2.0 (Ubuntu 10.2.0-13ubuntu1) 
... rest of stderr output deleted ...
configure:2818: $? = 0
configure:2807: gcc -V >&5
gcc: error: unrecognized command-line option '-V'
gcc: fatal error: no input files
compilation terminated.
configure:2818: $? = 1
configure:2807: gcc -qversion >&5
gcc: error: unrecognized command-line option '-qversion'; did you mean '--version'?
gcc: fatal error: no input files
compilation terminated.
configure:2818: $? = 1
configure:2838: checking whether the C compiler works
configure:2860: gcc    conftest.c  >&5
configure:2864: $? = 0
configure:2912: result: yes
configure:2915: checking for C compiler default output file name
configure:2917: result: a.out
configure:2923: checking for suffix of executables
configure:2930: gcc -o conftest    conftest.c  >&5
configure:2934: $? = 0
configure:2956: result: 
configure:2978: checking whether we are cross compiling
configure:2986: gcc -o conftest    conftest.c  >&5
configure:2990: $? = 0
configure:2997: ./conftest
configure:3001: $? = 0
configure:2989: result: no
configure:2994: checking for suffix of object files
configure:3016: gcc -c   conftest.c >&5
configure:3020: $? = 0
configure:3041: result: o
configure:3045: checking whether we are using the GNU C compiler
configure:3064: gcc -c   conftest.c >&5
configure:3064: $? = 0
configure:3073: result: yes
configure:3082: checking whether gcc accepts -g
configure:3102: gcc -c -g  conftest.c >&5
configure:3102: $? = 0
configure:3143: result: yes
configure:3160: checking for gcc option to accept ISO C89
configure:3223: gcc  -c   conftest.c >&5
configure:3223: $? = 0
configure:3236: result: none needed
configure:3258: checking for existence of /home/max/Programming/SAOImageDS9/tcl8.6/unix/tclConfig.sh
configure:3262: result: loading
configure:3326: checking platform
configure:3344: gcc -c   conftest.c >&5
configure:3344: $? = 0
configure:3394: result: unix
configure:3435: checking for Tk configuration
configure:3558: result: found /home/max/Programming/SAOImageDS9/tk8.6/unix/tkConfig.sh
configure:3564: checking for existence of /home/max/Programming/SAOImageDS9/tk8.6/unix/tkConfig.sh
configure:3568: result: loading
configure:3744: checking for gcc
configure:3771: result: gcc
configure:4000: checking for C compiler version
configure:4009: gcc --version >&5
gcc (Ubuntu 10.2.0-13ubuntu1) 10.2.0
Copyright (C) 2020 Free Software Foundation, Inc.
This is free software; see the source for copying conditions.  There is NO
warranty; not even for MERCHANTABILITY or FITNESS FOR A PARTICULAR PURPOSE.

configure:4020: $? = 0
configure:4009: gcc -v >&5
Using built-in specs.
COLLECT_GCC=gcc
COLLECT_LTO_WRAPPER=/usr/lib/gcc/x86_64-linux-gnu/10/lto-wrapper
OFFLOAD_TARGET_NAMES=nvptx-none:amdgcn-amdhsa:hsa
OFFLOAD_TARGET_DEFAULT=1
Target: x86_64-linux-gnu
Configured with: ../src/configure -v --with-pkgversion='Ubuntu 10.2.0-13ubuntu1' --with-bugurl=file:///usr/share/doc/gcc-10/README.Bugs --enable-languages=c,ada,c++,go,brig,d,fortran,objc,obj-c++,m2 --prefix=/usr --with-gcc-major-version-only --program-suffix=-10 --program-prefix=x86_64-linux-gnu- --enable-shared --enable-linker-build-id --libexecdir=/usr/lib --without-included-gettext --enable-threads=posix --libdir=/usr/lib --enable-nls --enable-clocale=gnu --enable-libstdcxx-debug --enable-libstdcxx-time=yes --with-default-libstdcxx-abi=new --enable-gnu-unique-object --disable-vtable-verify --enable-plugin --enable-default-pie --with-system-zlib --enable-libphobos-checking=release --with-target-system-zlib=auto --enable-objc-gc=auto --enable-multiarch --disable-werror --with-arch-32=i686 --with-abi=m64 --with-multilib-list=m32,m64,mx32 --enable-multilib --with-tune=generic --enable-offload-targets=nvptx-none=/build/gcc-10-JvwpWM/gcc-10-10.2.0/debian/tmp-nvptx/usr,amdgcn-amdhsa=/build/gcc-10-JvwpWM/gcc-10-10.2.0/debian/tmp-gcn/usr,hsa --without-cuda-driver --enable-checking=release --build=x86_64-linux-gnu --host=x86_64-linux-gnu --target=x86_64-linux-gnu
Thread model: posix
Supported LTO compression algorithms: zlib zstd
gcc version 10.2.0 (Ubuntu 10.2.0-13ubuntu1) 
... rest of stderr output deleted ...
configure:4020: $? = 0
configure:4009: gcc -V >&5
gcc: error: unrecognized command-line option '-V'
gcc: fatal error: no input files
compilation terminated.
configure:4020: $? = 1
configure:4009: gcc -qversion >&5
gcc: error: unrecognized command-line option '-qversion'; did you mean '--version'?
gcc: fatal error: no input files
compilation terminated.
configure:4020: $? = 1
configure:4024: checking whether we are using the GNU C compiler
configure:4052: result: yes
configure:4061: checking whether gcc accepts -g
configure:4122: result: yes
configure:4139: checking for gcc option to accept ISO C89
configure:4215: result: none needed
configure:4240: checking how to run the C preprocessor
configure:4271: gcc -E  conftest.c
configure:4271: $? = 0
configure:4285: gcc -E  conftest.c
conftest.c:10:10: fatal error: ac_nonexistent.h: No such file or directory
   10 | #include <ac_nonexistent.h>
      |          ^~~~~~~~~~~~~~~~~~
compilation terminated.
configure:4285: $? = 1
configure: failed program was:
| /* confdefs.h */
| #define PACKAGE_NAME "Img"
| #define PACKAGE_TARNAME "img"
| #define PACKAGE_VERSION "1.4.9"
| #define PACKAGE_STRING "Img 1.4.9"
| #define PACKAGE_BUGREPORT ""
| #define PACKAGE_URL ""
| #define BUILD_Img /**/
| /* end confdefs.h.  */
| #include <ac_nonexistent.h>
configure:4310: result: gcc -E
configure:4330: gcc -E  conftest.c
configure:4330: $? = 0
configure:4344: gcc -E  conftest.c
conftest.c:10:10: fatal error: ac_nonexistent.h: No such file or directory
   10 | #include <ac_nonexistent.h>
      |          ^~~~~~~~~~~~~~~~~~
compilation terminated.
configure:4344: $? = 1
configure: failed program was:
| /* confdefs.h */
| #define PACKAGE_NAME "Img"
| #define PACKAGE_TARNAME "img"
| #define PACKAGE_VERSION "1.4.9"
| #define PACKAGE_STRING "Img 1.4.9"
| #define PACKAGE_BUGREPORT ""
| #define PACKAGE_URL ""
| #define BUILD_Img /**/
| /* end confdefs.h.  */
| #include <ac_nonexistent.h>
configure:4391: checking whether make sets $(MAKE)
configure:4413: result: yes
configure:4470: checking for ranlib
configure:4486: found /usr/bin/ranlib
configure:4497: result: ranlib
configure:4528: checking for grep that handles long lines and -e
configure:4586: result: /usr/bin/grep
configure:4591: checking for egrep
configure:4653: result: /usr/bin/grep -E
configure:4658: checking for ANSI C header files
configure:4678: gcc -c   conftest.c >&5
configure:4678: $? = 0
configure:4751: gcc -o conftest    conftest.c  >&5
configure:4751: $? = 0
configure:4751: ./conftest
configure:4751: $? = 0
configure:4762: result: yes
configure:4775: checking for sys/types.h
configure:4775: gcc -c   conftest.c >&5
configure:4775: $? = 0
configure:4775: result: yes
configure:4775: checking for sys/stat.h
configure:4775: gcc -c   conftest.c >&5
configure:4775: $? = 0
configure:4775: result: yes
configure:4775: checking for stdlib.h
configure:4775: gcc -c   conftest.c >&5
configure:4775: $? = 0
configure:4775: result: yes
configure:4775: checking for string.h
configure:4775: gcc -c   conftest.c >&5
configure:4775: $? = 0
configure:4775: result: yes
configure:4775: checking for memory.h
configure:4775: gcc -c   conftest.c >&5
configure:4775: $? = 0
configure:4775: result: yes
configure:4775: checking for strings.h
configure:4775: gcc -c   conftest.c >&5
configure:4775: $? = 0
configure:4775: result: yes
configure:4775: checking for inttypes.h
configure:4775: gcc -c   conftest.c >&5
configure:4775: $? = 0
configure:4775: result: yes
configure:4775: checking for stdint.h
configure:4775: gcc -c   conftest.c >&5
configure:4775: $? = 0
configure:4775: result: yes
configure:4775: checking for unistd.h
configure:4775: gcc -c   conftest.c >&5
configure:4775: $? = 0
configure:4775: result: yes
configure:4797: checking if the compiler understands -pipe
configure:4815: gcc -c  -pipe  conftest.c >&5
configure:4815: $? = 0
configure:4823: result: yes
configure:4834: checking whether byte ordering is bigendian
configure:4849: gcc -c  -pipe  conftest.c >&5
conftest.c:21:9: error: unknown type name 'not'
   21 |         not a universal capable compiler
      |         ^~~
conftest.c:21:15: error: expected '=', ',', ';', 'asm' or '__attribute__' before 'universal'
   21 |         not a universal capable compiler
      |               ^~~~~~~~~
conftest.c:21:15: error: unknown type name 'universal'
configure:4849: $? = 1
configure: failed program was:
| /* confdefs.h */
| #define PACKAGE_NAME "Img"
| #define PACKAGE_TARNAME "img"
| #define PACKAGE_VERSION "1.4.9"
| #define PACKAGE_STRING "Img 1.4.9"
| #define PACKAGE_BUGREPORT ""
| #define PACKAGE_URL ""
| #define BUILD_Img /**/
| #define STDC_HEADERS 1
| #define HAVE_SYS_TYPES_H 1
| #define HAVE_SYS_STAT_H 1
| #define HAVE_STDLIB_H 1
| #define HAVE_STRING_H 1
| #define HAVE_MEMORY_H 1
| #define HAVE_STRINGS_H 1
| #define HAVE_INTTYPES_H 1
| #define HAVE_STDINT_H 1
| #define HAVE_UNISTD_H 1
| /* end confdefs.h.  */
| #ifndef __APPLE_CC__
| 	       not a universal capable compiler
| 	     #endif
| 	     typedef int dummy;
| 
configure:4894: gcc -c  -pipe  conftest.c >&5
configure:4894: $? = 0
configure:4912: gcc -c  -pipe  conftest.c >&5
conftest.c: In function 'main':
conftest.c:27:4: error: unknown type name 'not'; did you mean 'ino_t'?
   27 |    not big endian
      |    ^~~
      |    ino_t
conftest.c:27:12: error: expected '=', ',', ';', 'asm' or '__attribute__' before 'endian'
   27 |    not big endian
      |            ^~~~~~
configure:4912: $? = 1
configure: failed program was:
| /* confdefs.h */
| #define PACKAGE_NAME "Img"
| #define PACKAGE_TARNAME "img"
| #define PACKAGE_VERSION "1.4.9"
| #define PACKAGE_STRING "Img 1.4.9"
| #define PACKAGE_BUGREPORT ""
| #define PACKAGE_URL ""
| #define BUILD_Img /**/
| #define STDC_HEADERS 1
| #define HAVE_SYS_TYPES_H 1
| #define HAVE_SYS_STAT_H 1
| #define HAVE_STDLIB_H 1
| #define HAVE_STRING_H 1
| #define HAVE_MEMORY_H 1
| #define HAVE_STRINGS_H 1
| #define HAVE_INTTYPES_H 1
| #define HAVE_STDINT_H 1
| #define HAVE_UNISTD_H 1
| /* end confdefs.h.  */
| #include <sys/types.h>
| 		#include <sys/param.h>
| 
| int
| main ()
| {
| #if BYTE_ORDER != BIG_ENDIAN
| 		 not big endian
| 		#endif
| 
|   ;
|   return 0;
| }
configure:5040: result: no
configure:5067: checking for sin
configure:5067: gcc -o conftest  -pipe   conftest.c  >&5
conftest.c:43:6: warning: conflicting types for built-in function 'sin'; expected 'double(double)' [-Wbuiltin-declaration-mismatch]
   43 | char sin ();
      |      ^~~
conftest.c:31:1: note: 'sin' is declared in header '<math.h>'
   30 | # include <limits.h>
   31 | #else
/usr/bin/ld: /tmp/ccH7YlLW.o: in function `main':
conftest.c:(.text+0xe): undefined reference to `sin'
collect2: error: ld returned 1 exit status
configure:5067: $? = 1
configure: failed program was:
| /* confdefs.h */
| #define PACKAGE_NAME "Img"
| #define PACKAGE_TARNAME "img"
| #define PACKAGE_VERSION "1.4.9"
| #define PACKAGE_STRING "Img 1.4.9"
| #define PACKAGE_BUGREPORT ""
| #define PACKAGE_URL ""
| #define BUILD_Img /**/
| #define STDC_HEADERS 1
| #define HAVE_SYS_TYPES_H 1
| #define HAVE_SYS_STAT_H 1
| #define HAVE_STDLIB_H 1
| #define HAVE_STRING_H 1
| #define HAVE_MEMORY_H 1
| #define HAVE_STRINGS_H 1
| #define HAVE_INTTYPES_H 1
| #define HAVE_STDINT_H 1
| #define HAVE_UNISTD_H 1
| /* end confdefs.h.  */
| /* Define sin to an innocuous variant, in case <limits.h> declares sin.
|    For example, HP-UX 11i <limits.h> declares gettimeofday.  */
| #define sin innocuous_sin
| 
| /* System header to define __stub macros and hopefully few prototypes,
|     which can conflict with char sin (); below.
|     Prefer <limits.h> to <assert.h> if __STDC__ is defined, since
|     <limits.h> exists even on freestanding compilers.  */
| 
| #ifdef __STDC__
| # include <limits.h>
| #else
| # include <assert.h>
| #endif
| 
| #undef sin
| 
| /* Override any GCC internal prototype to avoid an error.
|    Use char because int might match the return type of a GCC
|    builtin and then its argument prototype would still apply.  */
| #ifdef __cplusplus
| extern "C"
| #endif
| char sin ();
| /* The GNU C library defines this for functions which it implements
|     to always fail with ENOSYS.  Some functions are actually named
|     something starting with __ and the normal name is an alias.  */
| #if defined __stub_sin || defined __stub___sin
| choke me
| #endif
| 
| int
| main ()
| {
| return sin ();
|   ;
|   return 0;
| }
configure:5067: result: no
configure:5074: checking for main in -lieee
configure:5093: gcc -o conftest  -pipe   conftest.c -lieee   >&5
/usr/bin/ld: cannot find -lieee
collect2: error: ld returned 1 exit status
configure:5093: $? = 1
configure: failed program was:
| /* confdefs.h */
| #define PACKAGE_NAME "Img"
| #define PACKAGE_TARNAME "img"
| #define PACKAGE_VERSION "1.4.9"
| #define PACKAGE_STRING "Img 1.4.9"
| #define PACKAGE_BUGREPORT ""
| #define PACKAGE_URL ""
| #define BUILD_Img /**/
| #define STDC_HEADERS 1
| #define HAVE_SYS_TYPES_H 1
| #define HAVE_SYS_STAT_H 1
| #define HAVE_STDLIB_H 1
| #define HAVE_STRING_H 1
| #define HAVE_MEMORY_H 1
| #define HAVE_STRINGS_H 1
| #define HAVE_INTTYPES_H 1
| #define HAVE_STDINT_H 1
| #define HAVE_UNISTD_H 1
| /* end confdefs.h.  */
| 
| 
| int
| main ()
| {
| return main ();
|   ;
|   return 0;
| }
configure:5102: result: no
configure:5114: checking for main in -linet
configure:5133: gcc -o conftest  -pipe   conftest.c -linet   >&5
/usr/bin/ld: cannot find -linet
collect2: error: ld returned 1 exit status
configure:5133: $? = 1
configure: failed program was:
| /* confdefs.h */
| #define PACKAGE_NAME "Img"
| #define PACKAGE_TARNAME "img"
| #define PACKAGE_VERSION "1.4.9"
| #define PACKAGE_STRING "Img 1.4.9"
| #define PACKAGE_BUGREPORT ""
| #define PACKAGE_URL ""
| #define BUILD_Img /**/
| #define STDC_HEADERS 1
| #define HAVE_SYS_TYPES_H 1
| #define HAVE_SYS_STAT_H 1
| #define HAVE_STDLIB_H 1
| #define HAVE_STRING_H 1
| #define HAVE_MEMORY_H 1
| #define HAVE_STRINGS_H 1
| #define HAVE_INTTYPES_H 1
| #define HAVE_STDINT_H 1
| #define HAVE_UNISTD_H 1
| /* end confdefs.h.  */
| 
| 
| int
| main ()
| {
| return main ();
|   ;
|   return 0;
| }
configure:5142: result: no
configure:5148: checking net/errno.h usability
configure:5148: gcc -c  -pipe  conftest.c >&5
conftest.c:53:10: fatal error: net/errno.h: No such file or directory
   53 | #include <net/errno.h>
      |          ^~~~~~~~~~~~~
compilation terminated.
configure:5148: $? = 1
configure: failed program was:
| /* confdefs.h */
| #define PACKAGE_NAME "Img"
| #define PACKAGE_TARNAME "img"
| #define PACKAGE_VERSION "1.4.9"
| #define PACKAGE_STRING "Img 1.4.9"
| #define PACKAGE_BUGREPORT ""
| #define PACKAGE_URL ""
| #define BUILD_Img /**/
| #define STDC_HEADERS 1
| #define HAVE_SYS_TYPES_H 1
| #define HAVE_SYS_STAT_H 1
| #define HAVE_STDLIB_H 1
| #define HAVE_STRING_H 1
| #define HAVE_MEMORY_H 1
| #define HAVE_STRINGS_H 1
| #define HAVE_INTTYPES_H 1
| #define HAVE_STDINT_H 1
| #define HAVE_UNISTD_H 1
| /* end confdefs.h.  */
| #include <stdio.h>
| #ifdef HAVE_SYS_TYPES_H
| # include <sys/types.h>
| #endif
| #ifdef HAVE_SYS_STAT_H
| # include <sys/stat.h>
| #endif
| #ifdef STDC_HEADERS
| # include <stdlib.h>
| # include <stddef.h>
| #else
| # ifdef HAVE_STDLIB_H
| #  include <stdlib.h>
| # endif
| #endif
| #ifdef HAVE_STRING_H
| # if !defined STDC_HEADERS && defined HAVE_MEMORY_H
| #  include <memory.h>
| # endif
| # include <string.h>
| #endif
| #ifdef HAVE_STRINGS_H
| # include <strings.h>
| #endif
| #ifdef HAVE_INTTYPES_H
| # include <inttypes.h>
| #endif
| #ifdef HAVE_STDINT_H
| # include <stdint.h>
| #endif
| #ifdef HAVE_UNISTD_H
| # include <unistd.h>
| #endif
| #include <net/errno.h>
configure:5148: result: no
configure:5148: checking net/errno.h presence
configure:5148: gcc -E  conftest.c
conftest.c:20:10: fatal error: net/errno.h: No such file or directory
   20 | #include <net/errno.h>
      |          ^~~~~~~~~~~~~
compilation terminated.
configure:5148: $? = 1
configure: failed program was:
| /* confdefs.h */
| #define PACKAGE_NAME "Img"
| #define PACKAGE_TARNAME "img"
| #define PACKAGE_VERSION "1.4.9"
| #define PACKAGE_STRING "Img 1.4.9"
| #define PACKAGE_BUGREPORT ""
| #define PACKAGE_URL ""
| #define BUILD_Img /**/
| #define STDC_HEADERS 1
| #define HAVE_SYS_TYPES_H 1
| #define HAVE_SYS_STAT_H 1
| #define HAVE_STDLIB_H 1
| #define HAVE_STRING_H 1
| #define HAVE_MEMORY_H 1
| #define HAVE_STRINGS_H 1
| #define HAVE_INTTYPES_H 1
| #define HAVE_STDINT_H 1
| #define HAVE_UNISTD_H 1
| /* end confdefs.h.  */
| #include <net/errno.h>
configure:5148: result: no
configure:5148: checking for net/errno.h
configure:5148: result: no
configure:5177: checking for connect
configure:5177: gcc -o conftest  -pipe   conftest.c  >&5
configure:5177: $? = 0
configure:5177: result: yes
configure:5245: checking for gethostbyname
configure:5245: gcc -o conftest  -pipe   conftest.c  >&5
configure:5245: $? = 0
configure:5245: result: yes
configure:5300: checking dirent.h
configure:5336: gcc -o conftest  -pipe   conftest.c  >&5
configure:5336: $? = 0
configure:5344: result: yes
configure:5354: checking errno.h usability
configure:5354: gcc -c  -pipe  conftest.c >&5
configure:5354: $? = 0
configure:5354: result: yes
configure:5354: checking errno.h presence
configure:5354: gcc -E  conftest.c
configure:5354: $? = 0
configure:5354: result: yes
configure:5354: checking for errno.h
configure:5354: result: yes
configure:5364: checking float.h usability
configure:5364: gcc -c  -pipe  conftest.c >&5
configure:5364: $? = 0
configure:5364: result: yes
configure:5364: checking float.h presence
configure:5364: gcc -E  conftest.c
configure:5364: $? = 0
configure:5364: result: yes
configure:5364: checking for float.h
configure:5364: result: yes
configure:5374: checking values.h usability
configure:5374: gcc -c  -pipe  conftest.c >&5
configure:5374: $? = 0
configure:5374: result: yes
configure:5374: checking values.h presence
configure:5374: gcc -E  conftest.c
configure:5374: $? = 0
configure:5374: result: yes
configure:5374: checking for values.h
configure:5374: result: yes
configure:5384: checking limits.h usability
configure:5384: gcc -c  -pipe  conftest.c >&5
configure:5384: $? = 0
configure:5384: result: yes
configure:5384: checking limits.h presence
configure:5384: gcc -E  conftest.c
configure:5384: $? = 0
configure:5384: result: yes
configure:5384: checking for limits.h
configure:5384: result: yes
configure:5396: checking for stdlib.h
configure:5396: result: yes
configure:5448: checking for string.h
configure:5448: result: yes
configure:5492: checking sys/wait.h usability
configure:5492: gcc -c  -pipe  conftest.c >&5
configure:5492: $? = 0
configure:5492: result: yes
configure:5492: checking sys/wait.h presence
configure:5492: gcc -E  conftest.c
configure:5492: $? = 0
configure:5492: result: yes
configure:5492: checking for sys/wait.h
configure:5492: result: yes
configure:5502: checking dlfcn.h usability
configure:5502: gcc -c  -pipe  conftest.c >&5
configure:5502: $? = 0
configure:5502: result: yes
configure:5502: checking dlfcn.h presence
configure:5502: gcc -E  conftest.c
configure:5502: $? = 0
configure:5502: result: yes
configure:5502: checking for dlfcn.h
configure:5502: result: yes
configure:5516: checking sys/param.h usability
configure:5516: gcc -c  -pipe  conftest.c >&5
configure:5516: $? = 0
configure:5516: result: yes
configure:5516: checking sys/param.h presence
configure:5516: gcc -E  conftest.c
configure:5516: $? = 0
configure:5516: result: yes
configure:5516: checking for sys/param.h
configure:5516: result: yes
configure:5862: checking for Tcl public headers
configure:5933: result: /home/max/Programming/SAOImageDS9/tcl8.6/generic
configure:5946: checking for Tk public headers
configure:6020: result: /home/max/Programming/SAOImageDS9/tk8.6/generic
configure:6090: checking for pthread_mutex_init in -lpthread
configure:6115: gcc -o conftest  -pipe   conftest.c -lpthread   >&5
configure:6115: $? = 0
configure:6124: result: yes
configure:6333: checking for building with threads
configure:6339: result: yes (default)
configure:6380: checking how to build libraries
configure:6402: result: static
configure:6461: checking for ranlib
configure:6488: result: ranlib
configure:6515: checking if 64bit support is requested
configure:6524: result: no
configure:6529: checking if 64bit Sparc VIS support is requested
configure:6538: result: no
configure:6548: checking if compiler supports visibility "hidden"
configure:6568: gcc -o conftest  -pipe -Werror   conftest.c  >&5
configure:6568: $? = 0
configure:6577: result: yes
configure:6592: checking if rpath support is requested
configure:6601: result: yes
configure:6626: checking system version
configure:6649: result: Linux-5.8.0-25-generic
configure:6729: checking for ar
configure:6745: found /usr/bin/ar
configure:6756: result: ar
configure:8534: checking for cast to union support
configure:8553: gcc -c  -pipe  conftest.c >&5
configure:8553: $? = 0
configure:8561: result: yes
configure:8584: checking for required early compiler flags
configure:8602: gcc -c  -pipe  conftest.c >&5
configure:8602: $? = 0
configure:8649: gcc -c  -pipe  conftest.c >&5
conftest.c: In function 'main':
conftest.c:34:15: error: storage size of 'buf' isn't known
   34 | struct stat64 buf; int i = stat64("/", &buf);
      |               ^~~
conftest.c:34:28: warning: implicit declaration of function 'stat64'; did you mean 'stat'? [-Wimplicit-function-declaration]
   34 | struct stat64 buf; int i = stat64("/", &buf);
      |                            ^~~~~~
      |                            stat
configure:8649: $? = 1
configure: failed program was:
| /* confdefs.h */
| #define PACKAGE_NAME "Img"
| #define PACKAGE_TARNAME "img"
| #define PACKAGE_VERSION "1.4.9"
| #define PACKAGE_STRING "Img 1.4.9"
| #define PACKAGE_BUGREPORT ""
| #define PACKAGE_URL ""
| #define BUILD_Img /**/
| #define STDC_HEADERS 1
| #define HAVE_SYS_TYPES_H 1
| #define HAVE_SYS_STAT_H 1
| #define HAVE_STDLIB_H 1
| #define HAVE_STRING_H 1
| #define HAVE_MEMORY_H 1
| #define HAVE_STRINGS_H 1
| #define HAVE_INTTYPES_H 1
| #define HAVE_STDINT_H 1
| #define HAVE_UNISTD_H 1
| #define HAVE_LIMITS_H 1
| #define HAVE_SYS_PARAM_H 1
| #define USE_THREAD_ALLOC 1
| #define _REENTRANT 1
| #define _THREAD_SAFE 1
| #define TCL_THREADS 1
| #define STATIC_BUILD 1
| #define MODULE_SCOPE extern __attribute__((__visibility__("hidden")))
| #define HAVE_HIDDEN 1
| #define HAVE_CAST_TO_UNION 1
| /* end confdefs.h.  */
| #include <sys/stat.h>
| int
| main ()
| {
| struct stat64 buf; int i = stat64("/", &buf);
|   ;
|   return 0;
| }
configure:8664: gcc -c  -pipe  conftest.c >&5
configure:8664: $? = 0
configure:8696: gcc -c  -pipe  conftest.c >&5
conftest.c: In function 'main':
conftest.c:35:19: error: 'open64' undeclared (first use in this function)
   35 | char *p = (char *)open64;
      |                   ^~~~~~
conftest.c:35:19: note: each undeclared identifier is reported only once for each function it appears in
configure:8696: $? = 1
configure: failed program was:
| /* confdefs.h */
| #define PACKAGE_NAME "Img"
| #define PACKAGE_TARNAME "img"
| #define PACKAGE_VERSION "1.4.9"
| #define PACKAGE_STRING "Img 1.4.9"
| #define PACKAGE_BUGREPORT ""
| #define PACKAGE_URL ""
| #define BUILD_Img /**/
| #define STDC_HEADERS 1
| #define HAVE_SYS_TYPES_H 1
| #define HAVE_SYS_STAT_H 1
| #define HAVE_STDLIB_H 1
| #define HAVE_STRING_H 1
| #define HAVE_MEMORY_H 1
| #define HAVE_STRINGS_H 1
| #define HAVE_INTTYPES_H 1
| #define HAVE_STDINT_H 1
| #define HAVE_UNISTD_H 1
| #define HAVE_LIMITS_H 1
| #define HAVE_SYS_PARAM_H 1
| #define USE_THREAD_ALLOC 1
| #define _REENTRANT 1
| #define _THREAD_SAFE 1
| #define TCL_THREADS 1
| #define STATIC_BUILD 1
| #define MODULE_SCOPE extern __attribute__((__visibility__("hidden")))
| #define HAVE_HIDDEN 1
| #define HAVE_CAST_TO_UNION 1
| #define _LARGEFILE64_SOURCE 1
| /* end confdefs.h.  */
| #include <sys/stat.h>
| int
| main ()
| {
| char *p = (char *)open64;
|   ;
|   return 0;
| }
configure:8711: gcc -c  -pipe  conftest.c >&5
conftest.c: In function 'main':
conftest.c:36:19: error: 'open64' undeclared (first use in this function)
   36 | char *p = (char *)open64;
      |                   ^~~~~~
conftest.c:36:19: note: each undeclared identifier is reported only once for each function it appears in
configure:8711: $? = 1
configure: failed program was:
| /* confdefs.h */
| #define PACKAGE_NAME "Img"
| #define PACKAGE_TARNAME "img"
| #define PACKAGE_VERSION "1.4.9"
| #define PACKAGE_STRING "Img 1.4.9"
| #define PACKAGE_BUGREPORT ""
| #define PACKAGE_URL ""
| #define BUILD_Img /**/
| #define STDC_HEADERS 1
| #define HAVE_SYS_TYPES_H 1
| #define HAVE_SYS_STAT_H 1
| #define HAVE_STDLIB_H 1
| #define HAVE_STRING_H 1
| #define HAVE_MEMORY_H 1
| #define HAVE_STRINGS_H 1
| #define HAVE_INTTYPES_H 1
| #define HAVE_STDINT_H 1
| #define HAVE_UNISTD_H 1
| #define HAVE_LIMITS_H 1
| #define HAVE_SYS_PARAM_H 1
| #define USE_THREAD_ALLOC 1
| #define _REENTRANT 1
| #define _THREAD_SAFE 1
| #define TCL_THREADS 1
| #define STATIC_BUILD 1
| #define MODULE_SCOPE extern __attribute__((__visibility__("hidden")))
| #define HAVE_HIDDEN 1
| #define HAVE_CAST_TO_UNION 1
| #define _LARGEFILE64_SOURCE 1
| /* end confdefs.h.  */
| #define _LARGEFILE_SOURCE64 1
| #include <sys/stat.h>
| int
| main ()
| {
| char *p = (char *)open64;
|   ;
|   return 0;
| }
configure:8732: result:  _LARGEFILE64_SOURCE
configure:8737: checking for 64-bit integer type
configure:8756: gcc -c  -pipe  conftest.c >&5
conftest.c: In function 'main':
conftest.c:35:1: error: unknown type name '__int64'
   35 | __int64 value = (__int64) 0;
      | ^~~~~~~
conftest.c:35:18: error: '__int64' undeclared (first use in this function)
   35 | __int64 value = (__int64) 0;
      |                  ^~~~~~~
conftest.c:35:18: note: each undeclared identifier is reported only once for each function it appears in
conftest.c:35:27: error: expected ',' or ';' before numeric constant
   35 | __int64 value = (__int64) 0;
      |                           ^
configure:8756: $? = 1
configure: failed program was:
| /* confdefs.h */
| #define PACKAGE_NAME "Img"
| #define PACKAGE_TARNAME "img"
| #define PACKAGE_VERSION "1.4.9"
| #define PACKAGE_STRING "Img 1.4.9"
| #define PACKAGE_BUGREPORT ""
| #define PACKAGE_URL ""
| #define BUILD_Img /**/
| #define STDC_HEADERS 1
| #define HAVE_SYS_TYPES_H 1
| #define HAVE_SYS_STAT_H 1
| #define HAVE_STDLIB_H 1
| #define HAVE_STRING_H 1
| #define HAVE_MEMORY_H 1
| #define HAVE_STRINGS_H 1
| #define HAVE_INTTYPES_H 1
| #define HAVE_STDINT_H 1
| #define HAVE_UNISTD_H 1
| #define HAVE_LIMITS_H 1
| #define HAVE_SYS_PARAM_H 1
| #define USE_THREAD_ALLOC 1
| #define _REENTRANT 1
| #define _THREAD_SAFE 1
| #define TCL_THREADS 1
| #define STATIC_BUILD 1
| #define MODULE_SCOPE extern __attribute__((__visibility__("hidden")))
| #define HAVE_HIDDEN 1
| #define HAVE_CAST_TO_UNION 1
| #define _LARGEFILE64_SOURCE 1
| /* end confdefs.h.  */
| 
| int
| main ()
| {
| __int64 value = (__int64) 0;
|   ;
|   return 0;
| }
configure:8778: gcc -c  -pipe  conftest.c >&5
conftest.c: In function 'main':
conftest.c:36:21: error: duplicate case value
   36 |             case 1: case (sizeof(long long)==sizeof(long)): ;
      |                     ^~~~
conftest.c:36:13: note: previously used here
   36 |             case 1: case (sizeof(long long)==sizeof(long)): ;
      |             ^~~~
configure:8778: $? = 1
configure: failed program was:
| /* confdefs.h */
| #define PACKAGE_NAME "Img"
| #define PACKAGE_TARNAME "img"
| #define PACKAGE_VERSION "1.4.9"
| #define PACKAGE_STRING "Img 1.4.9"
| #define PACKAGE_BUGREPORT ""
| #define PACKAGE_URL ""
| #define BUILD_Img /**/
| #define STDC_HEADERS 1
| #define HAVE_SYS_TYPES_H 1
| #define HAVE_SYS_STAT_H 1
| #define HAVE_STDLIB_H 1
| #define HAVE_STRING_H 1
| #define HAVE_MEMORY_H 1
| #define HAVE_STRINGS_H 1
| #define HAVE_INTTYPES_H 1
| #define HAVE_STDINT_H 1
| #define HAVE_UNISTD_H 1
| #define HAVE_LIMITS_H 1
| #define HAVE_SYS_PARAM_H 1
| #define USE_THREAD_ALLOC 1
| #define _REENTRANT 1
| #define _THREAD_SAFE 1
| #define TCL_THREADS 1
| #define STATIC_BUILD 1
| #define MODULE_SCOPE extern __attribute__((__visibility__("hidden")))
| #define HAVE_HIDDEN 1
| #define HAVE_CAST_TO_UNION 1
| #define _LARGEFILE64_SOURCE 1
| /* end confdefs.h.  */
| 
| int
| main ()
| {
| switch (0) {
|             case 1: case (sizeof(long long)==sizeof(long)): ;
|         }
|   ;
|   return 0;
| }
configure:8788: result: using long
configure:8932: checking for build with symbols
configure:8951: result: yes (standard debugging)
configure:8988: checking for X
configure:9096: gcc -E  conftest.c
configure:9096: $? = 0
configure:9127: gcc -o conftest  -pipe   -Wl,--export-dynamic  conftest.c -lX11  >&5
configure:9127: $? = 0
configure:9177: result: libraries , headers 
configure:9188: gcc -E  conftest.c
configure:9188: $? = 0
configure:11213: updating cache config.cache
configure:11300: creating ./config.status

## ---------------------- ##
## Running config.status. ##
## ---------------------- ##

This file was extended by Img config.status 1.4.9, which was
generated by GNU Autoconf 2.69.  Invocation command line was

  CONFIG_FILES    = 
  CONFIG_HEADERS  = 
  CONFIG_LINKS    = 
  CONFIG_COMMANDS = 
  $ ./config.status 

on Maximum-V2

config.status:802: creating Makefile
configure:12301: WARNING: unrecognized options: --disable-stubs

## ---------------- ##
## Cache variables. ##
## ---------------- ##

ac_cv_c_bigendian=no
ac_cv_c_compiler_gnu=yes
ac_cv_c_tclconfig=/home/max/Programming/SAOImageDS9/tcl8.6/unix
ac_cv_c_tclh=/home/max/Programming/SAOImageDS9/tcl8.6/generic
ac_cv_c_tkconfig=/home/max/Programming/SAOImageDS9/tk8.6/unix
ac_cv_c_tkh=/home/max/Programming/SAOImageDS9/tk8.6/generic
ac_cv_env_CC_set=
ac_cv_env_CC_value=
ac_cv_env_CFLAGS_set=
ac_cv_env_CFLAGS_value=
ac_cv_env_CPPFLAGS_set=
ac_cv_env_CPPFLAGS_value=
ac_cv_env_CPP_set=
ac_cv_env_CPP_value=
ac_cv_env_LDFLAGS_set=
ac_cv_env_LDFLAGS_value=
ac_cv_env_LIBS_set=
ac_cv_env_LIBS_value=
ac_cv_env_XMKMF_set=
ac_cv_env_XMKMF_value=
ac_cv_env_build_alias_set=
ac_cv_env_build_alias_value=
ac_cv_env_host_alias_set=
ac_cv_env_host_alias_value=
ac_cv_env_target_alias_set=
ac_cv_env_target_alias_value=
ac_cv_func_connect=yes
ac_cv_func_gethostbyname=yes
ac_cv_func_sin=no
ac_cv_have_x='have_x=yes	ac_x_includes='\'''\''	ac_x_libraries='\'''\'''
ac_cv_header_dlfcn_h=yes
ac_cv_header_errno_h=yes
ac_cv_header_float_h=yes
ac_cv_header_inttypes_h=yes
ac_cv_header_limits_h=yes
ac_cv_header_memory_h=yes
ac_cv_header_net_errno_h=no
ac_cv_header_stdc=yes
ac_cv_header_stdint_h=yes
ac_cv_header_stdlib_h=yes
ac_cv_header_string_h=yes
ac_cv_header_strings_h=yes
ac_cv_header_sys_param_h=yes
ac_cv_header_sys_stat_h=yes
ac_cv_header_sys_types_h=yes
ac_cv_header_sys_wait_h=yes
ac_cv_header_unistd_h=yes
ac_cv_header_values_h=yes
ac_cv_lib_ieee_main=no
ac_cv_lib_inet_main=no
ac_cv_lib_pthread_pthread_mutex_init=yes
ac_cv_objext=o
ac_cv_path_EGREP='/usr/bin/grep -E'
ac_cv_path_GREP=/usr/bin/grep
ac_cv_prog_CPP='gcc -E'
ac_cv_prog_ac_ct_AR=ar
ac_cv_prog_ac_ct_CC=gcc
ac_cv_prog_ac_ct_RANLIB=ranlib
ac_cv_prog_cc_c89=
ac_cv_prog_cc_g=yes
ac_cv_prog_make_make_set=yes
tcl_cv_cast_to_union=yes
tcl_cv_cc_pipe=yes
tcl_cv_cc_visibility_hidden=yes
tcl_cv_dirent_h=yes
tcl_cv_flag__isoc99_source=no
tcl_cv_flag__largefile64_source=yes
tcl_cv_flag__largefile_source64=no
tcl_cv_sys_version=Linux-5.8.0-25-generic
tcl_cv_type_64bit=none

## ----------------- ##
## Output variables. ##
## ----------------- ##

AR='ar'
CC='gcc'
CELIB_DIR=''
CFLAGS=' -pipe '
CFLAGS_DEBUG='-g'
CFLAGS_DEFAULT='-g'
CFLAGS_OPTIMIZE='-O2 -fomit-frame-pointer'
CFLAGS_WARNING='-Wall -Wwrite-strings'
CLEANFILES=''
CPP='gcc -E'
CPPFLAGS=''
CYGPATH='echo'
DEFS='-DPACKAGE_NAME=\"Img\" -DPACKAGE_TARNAME=\"img\" -DPACKAGE_VERSION=\"1.4.9\" -DPACKAGE_STRING=\"Img\ 1.4.9\" -DPACKAGE_BUGREPORT=\"\" -DPACKAGE_URL=\"\" -DBUILD_Img=/\*\*/ -DSTDC_HEADERS=1 -DHAVE_SYS_TYPES_H=1 -DHAVE_SYS_STAT_H=1 -DHAVE_STDLIB_H=1 -DHAVE_STRING_H=1 -DHAVE_MEMORY_H=1 -DHAVE_STRINGS_H=1 -DHAVE_INTTYPES_H=1 -DHAVE_STDINT_H=1 -DHAVE_UNISTD_H=1 -DHAVE_LIMITS_H=1 -DHAVE_SYS_PARAM_H=1 -DUSE_THREAD_ALLOC=1 -D_REENTRANT=1 -D_THREAD_SAFE=1 -DTCL_THREADS=1 -DSTATIC_BUILD=1 -DMODULE_SCOPE=extern\ __attribute__\(\(__visibility__\(\"hidden\"\)\)\) -DHAVE_HIDDEN=1 -DHAVE_CAST_TO_UNION=1 -D_LARGEFILE64_SOURCE=1 -DTCL_WIDE_INT_IS_LONG=1'
ECHO_C=''
ECHO_N='-n'
ECHO_T=''
EGREP='/usr/bin/grep -E'
EXEEXT=''
GREP='/usr/bin/grep'
INSTALL='$(SHELL) $(srcdir)/tclconfig/install-sh -c'
INSTALL_DATA='${INSTALL} -m 644'
INSTALL_DATA_DIR='${INSTALL} -d -m 755'
INSTALL_LIBRARY='${INSTALL_DATA}'
INSTALL_PROGRAM='${INSTALL}'
INSTALL_SCRIPT='${INSTALL}'
LDFLAGS=' -Wl,--export-dynamic '
LDFLAGS_DEFAULT=' -Wl,--export-dynamic '
LD_LIBRARY_PATH_VAR='LD_LIBRARY_PATH'
LIBOBJS=''
LIBS=''
LTLIBOBJS=''
MATH_LIBS='-lm'
OBJEXT='o'
PACKAGE_BUGREPORT=''
PACKAGE_NAME='Img'
PACKAGE_STRING='Img 1.4.9'
PACKAGE_TARNAME='img'
PACKAGE_URL=''
PACKAGE_VERSION='1.4.9'
PATH_SEPARATOR=':'
PKG_CFLAGS=''
PKG_HEADERS=''
PKG_INCLUDES=''
PKG_LIBS=' -lX11'
PKG_LIB_FILE=''
PKG_STUB_LIB_FILE=''
PKG_STUB_OBJECTS=''
PKG_STUB_SOURCES=''
PKG_TCL_SOURCES=''
RANLIB='ranlib'
RC=''
SET_MAKE=''
SHARED_BUILD='0'
SHELL='/bin/bash'
SHLIB_CFLAGS='-fPIC'
SHLIB_LD='${CC} -shared ${CFLAGS} ${LDFLAGS_DEFAULT}'
SHLIB_LD_LIBS='${LIBS}'
STLIB_LD='${AR} cr'
TCL_BIN_DIR='/home/max/Programming/SAOImageDS9/tcl8.6/unix'
TCL_DBGX=''
TCL_DEFS='-DPACKAGE_NAME=\"tcl\" -DPACKAGE_TARNAME=\"tcl\" -DPACKAGE_VERSION=\"8.6\" -DPACKAGE_STRING=\"tcl\ 8.6\" -DPACKAGE_BUGREPORT=\"\" -DSTDC_HEADERS=1 -DHAVE_SYS_TYPES_H=1 -DHAVE_SYS_STAT_H=1 -DHAVE_STDLIB_H=1 -DHAVE_STRING_H=1 -DHAVE_MEMORY_H=1 -DHAVE_STRINGS_H=1 -DHAVE_INTTYPES_H=1 -DHAVE_STDINT_H=1 -DHAVE_UNISTD_H=1 -DHAVE_SYS_PARAM_H=1 -DUSE_THREAD_ALLOC=1 -D_REENTRANT=1 -D_THREAD_SAFE=1 -DHAVE_PTHREAD_ATTR_SETSTACKSIZE=1 -DHAVE_PTHREAD_ATFORK=1 -DTCL_THREADS=1 -DTCL_CFGVAL_ENCODING=\"iso8859-1\" -DSTATIC_BUILD=1 -DHAVE_ZLIB=1 -DMODULE_SCOPE=extern\ __attribute__\(\(__visibility__\(\"hidden\"\)\)\) -DHAVE_HIDDEN=1 -DHAVE_CAST_TO_UNION=1 -DTCL_SHLIB_EXT=\".so\" -DTCL_TOMMATH=1 -DMP_PREC=4 -D_LARGEFILE64_SOURCE=1 -DTCL_WIDE_INT_IS_LONG=1 -DHAVE_GETCWD=1 -DHAVE_MKSTEMP=1 -DHAVE_OPENDIR=1 -DHAVE_STRTOL=1 -DHAVE_WAITPID=1 -DHAVE_GETNAMEINFO=1 -DHAVE_GETADDRINFO=1 -DHAVE_FREEADDRINFO=1 -DHAVE_GAI_STRERROR=1 -DHAVE_STRUCT_ADDRINFO=1 -DHAVE_STRUCT_IN6_ADDR=1 -DHAVE_STRUCT_SOCKADDR_IN6=1 -DHAVE_STRUCT_SOCKADDR_STORAGE=1 -DHAVE_GETPWUID_R_5=1 -DHAVE_GETPWUID_R=1 -DHAVE_GETPWNAM_R_5=1 -DHAVE_GETPWNAM_R=1 -DHAVE_GETGRGID_R_5=1 -DHAVE_GETGRGID_R=1 -DHAVE_GETGRNAM_R_5=1 -DHAVE_GETGRNAM_R=1 -DHAVE_DECL_GETHOSTBYNAME_R=1 -DHAVE_GETHOSTBYNAME_R_6=1 -DHAVE_GETHOSTBYNAME_R=1 -DHAVE_DECL_GETHOSTBYADDR_R=1 -DHAVE_GETHOSTBYADDR_R_8=1 -DHAVE_GETHOSTBYADDR_R=1 -DHAVE_TERMIOS_H=1 -DHAVE_SYS_IOCTL_H=1 -DHAVE_SYS_TIME_H=1 -DTIME_WITH_SYS_TIME=1 -DHAVE_GMTIME_R=1 -DHAVE_LOCALTIME_R=1 -DHAVE_MKTIME=1 -DHAVE_TM_GMTOFF=1 -DHAVE_TIMEZONE_VAR=1 -DHAVE_STRUCT_STAT_ST_BLOCKS=1 -DHAVE_STRUCT_STAT_ST_BLKSIZE=1 -DHAVE_BLKCNT_T=1 -DHAVE_INTPTR_T=1 -DHAVE_UINTPTR_T=1 -DNO_UNION_WAIT=1 -DHAVE_SIGNED_CHAR=1 -DHAVE_LANGINFO=1 -DHAVE_MKSTEMPS=1 -DHAVE_FTS=1 -DHAVE_SYS_IOCTL_H=1 -DTCL_UNLOAD_DLLS=1 -DHAVE_CPUID=1 '
TCL_EXTRA_CFLAGS=' -pipe '
TCL_INCLUDES='-I"/home/max/Programming/SAOImageDS9/tcl8.6/generic"'
TCL_LD_FLAGS=' -Wl,--export-dynamic '
TCL_LIBS='${DL_LIBS} ${LIBS} ${MATH_LIBS}'
TCL_LIB_FILE='libtcl8.6.a'
TCL_LIB_FLAG='-ltcl8.6'
TCL_LIB_SPEC='-L/home/max/Programming/SAOImageDS9/tcl8.6/unix -ltcl8.6'
TCL_PATCH_LEVEL='.10'
TCL_SHLIB_LD_LIBS='${LIBS}'
TCL_SRC_DIR='/home/max/Programming/SAOImageDS9/tcl8.6'
TCL_STUB_LIB_FILE='libtclstub8.6.a'
TCL_STUB_LIB_FLAG='-ltclstub8.6'
TCL_STUB_LIB_SPEC='-L/home/max/Programming/SAOImageDS9/tcl8.6/unix -ltclstub8.6'
TCL_THREADS='1'
TCL_TOP_DIR_NATIVE=''
TCL_VERSION='8.6'
TK_BIN_DIR='/home/max/Programming/SAOImageDS9/tk8.6/unix'
TK_INCLUDES='-I"/home/max/Programming/SAOImageDS9/tk8.6/generic"'
TK_LIBS='-lX11   -lpthread -ldl -lz  -lpthread -lm'
TK_LIB_FILE='libtk8.6.a'
TK_LIB_FLAG='-ltk8.6'
TK_LIB_SPEC='-L/home/max/Programming/SAOImageDS9/tk8.6/unix -ltk8.6'
TK_SRC_DIR='/home/max/Programming/SAOImageDS9/tk8.6'
TK_STUB_LIB_FILE='libtkstub8.6.a'
TK_STUB_LIB_FLAG='-ltkstub8.6'
TK_STUB_LIB_SPEC='-L/home/max/Programming/SAOImageDS9/tk8.6/unix -ltkstub8.6'
TK_TOP_DIR_NATIVE=''
TK_VERSION='8.6'
TK_XINCLUDES=''
TK_XLIB_DIR_NATIVE=''
XMKMF=''
ac_ct_CC='gcc'
bindir='${exec_prefix}/bin'
build_alias=''
datadir='${datarootdir}'
datarootdir='${prefix}/share'
docdir='${datarootdir}/doc/${PACKAGE_TARNAME}'
dvidir='${docdir}'
exec_prefix='/home/max/Programming/SAOImageDS9'
host_alias=''
htmldir='${docdir}'
includedir='${prefix}/include'
infodir='${datarootdir}/info'
libdir='/home/max/Programming/SAOImageDS9/lib'
libexecdir='${exec_prefix}/libexec'
localedir='${datarootdir}/locale'
localstatedir='${prefix}/var'
mandir='${datarootdir}/man'
oldincludedir='/usr/include'
pdfdir='${docdir}'
prefix='/home/max/Programming/SAOImageDS9'
program_transform_name='s,x,x,'
psdir='${docdir}'
sbindir='${exec_prefix}/sbin'
sharedstatedir='${prefix}/com'
subdirs=' zlib libpng libtiff libjpeg base bmp gif ico jpeg pcx pixmap png ppm ps sgi sun tga tiff window xbm xpm dted raw flir'
sysconfdir='${prefix}/etc'
target_alias=''

## ----------- ##
## confdefs.h. ##
## ----------- ##

/* confdefs.h */
#define PACKAGE_NAME "Img"
#define PACKAGE_TARNAME "img"
#define PACKAGE_VERSION "1.4.9"
#define PACKAGE_STRING "Img 1.4.9"
#define PACKAGE_BUGREPORT ""
#define PACKAGE_URL ""
#define BUILD_Img /**/
#define STDC_HEADERS 1
#define HAVE_SYS_TYPES_H 1
#define HAVE_SYS_STAT_H 1
#define HAVE_STDLIB_H 1
#define HAVE_STRING_H 1
#define HAVE_MEMORY_H 1
#define HAVE_STRINGS_H 1
#define HAVE_INTTYPES_H 1
#define HAVE_STDINT_H 1
#define HAVE_UNISTD_H 1
#define HAVE_LIMITS_H 1
#define HAVE_SYS_PARAM_H 1
#define USE_THREAD_ALLOC 1
#define _REENTRANT 1
#define _THREAD_SAFE 1
#define TCL_THREADS 1
#define STATIC_BUILD 1
#define MODULE_SCOPE extern __attribute__((__visibility__("hidden")))
#define HAVE_HIDDEN 1
#define HAVE_CAST_TO_UNION 1
#define _LARGEFILE64_SOURCE 1
#define TCL_WIDE_INT_IS_LONG 1

configure: exit 0
