This file contains any messages produced by compilers while
running configure, to aid debugging if configure makes a mistake.

It was created by tdbcmysql configure 1.1.1, which was
generated by GNU Autoconf 2.69.  Invocation command line was

  $ /home/max/Programming/SAOImageDS9/tcl8.6/pkgs/tdbcmysql1.1.1/configure --with-tcl=../.. --with-tclinclude=/home/max/Programming/SAOImageDS9/tcl8.6/generic --prefix /home/max/Programming/SAOImageDS9 --exec-prefix /home/max/Programming/SAOImageDS9 --libdir /home/max/Programming/SAOImageDS9/lib --disable-shared --enable-symbols --config-cache --cache-file=/home/max/Programming/SAOImageDS9/config.cache --cache-file=/home/max/Programming/SAOImageDS9/config.cache --libdir=/home/max/Programming/SAOImageDS9/lib --enable-shared --enable-threads

## --------- ##
## Platform. ##
## --------- ##

hostname = Maximum-V2
uname -m = x86_64
uname -r = 5.8.0-25-generic
uname -s = Linux
uname -v = #26-Ubuntu SMP Thu Oct 15 10:30:38 UTC 2020

/usr/bin/uname -p = x86_64
/bin/uname -X     = unknown

/bin/arch              = x86_64
/usr/bin/arch -k       = unknown
/usr/convex/getsysinfo = unknown
/usr/bin/hostinfo      = unknown
/bin/machine           = unknown
/usr/bin/oslevel       = unknown
/bin/universe          = unknown

PATH: /home/max/.local/bin
PATH: /home/max/.local/bin
PATH: /usr/local/sbin
PATH: /usr/local/bin
PATH: /usr/sbin
PATH: /usr/bin
PATH: /sbin
PATH: /bin
PATH: /usr/games
PATH: /usr/local/games
PATH: /snap/bin


## ----------- ##
## Core tests. ##
## ----------- ##

configure:2334: loading cache /home/max/Programming/SAOImageDS9/config.cache
configure:2425: checking TEA configuration
configure:2431: result: ok (TEA 3.13)
configure:2512: configuring tdbcmysql 1.1.1
configure:2542: checking system version
configure:2568: result: Linux-5.8.0-25-generic
configure:2637: checking for Tcl configuration
configure:2769: result: found /home/max/Programming/SAOImageDS9/tcl8.6/unix/tclConfig.sh
configure:2822: checking for gcc
configure:2849: result: gcc
configure:3078: checking for C compiler version
configure:3087: gcc --version >&5
gcc (Ubuntu 10.2.0-13ubuntu1) 10.2.0
Copyright (C) 2020 Free Software Foundation, Inc.
This is free software; see the source for copying conditions.  There is NO
warranty; not even for MERCHANTABILITY or FITNESS FOR A PARTICULAR PURPOSE.

configure:3098: $? = 0
configure:3087: gcc -v >&5
Using built-in specs.
COLLECT_GCC=gcc
COLLECT_LTO_WRAPPER=/usr/lib/gcc/x86_64-linux-gnu/10/lto-wrapper
OFFLOAD_TARGET_NAMES=nvptx-none:amdgcn-amdhsa:hsa
OFFLOAD_TARGET_DEFAULT=1
Target: x86_64-linux-gnu
Configured with: ../src/configure -v --with-pkgversion='Ubuntu 10.2.0-13ubuntu1' --with-bugurl=file:///usr/share/doc/gcc-10/README.Bugs --enable-languages=c,ada,c++,go,brig,d,fortran,objc,obj-c++,m2 --prefix=/usr --with-gcc-major-version-only --program-suffix=-10 --program-prefix=x86_64-linux-gnu- --enable-shared --enable-linker-build-id --libexecdir=/usr/lib --without-included-gettext --enable-threads=posix --libdir=/usr/lib --enable-nls --enable-clocale=gnu --enable-libstdcxx-debug --enable-libstdcxx-time=yes --with-default-libstdcxx-abi=new --enable-gnu-unique-object --disable-vtable-verify --enable-plugin --enable-default-pie --with-system-zlib --enable-libphobos-checking=release --with-target-system-zlib=auto --enable-objc-gc=auto --enable-multiarch --disable-werror --with-arch-32=i686 --with-abi=m64 --with-multilib-list=m32,m64,mx32 --enable-multilib --with-tune=generic --enable-offload-targets=nvptx-none=/build/gcc-10-JvwpWM/gcc-10-10.2.0/debian/tmp-nvptx/usr,amdgcn-amdhsa=/build/gcc-10-JvwpWM/gcc-10-10.2.0/debian/tmp-gcn/usr,hsa --without-cuda-driver --enable-checking=release --build=x86_64-linux-gnu --host=x86_64-linux-gnu --target=x86_64-linux-gnu
Thread model: posix
Supported LTO compression algorithms: zlib zstd
gcc version 10.2.0 (Ubuntu 10.2.0-13ubuntu1) 
... rest of stderr output deleted ...
configure:3098: $? = 0
configure:3087: gcc -V >&5
gcc: error: unrecognized command-line option '-V'
gcc: fatal error: no input files
compilation terminated.
configure:3098: $? = 1
configure:3087: gcc -qversion >&5
gcc: error: unrecognized command-line option '-qversion'; did you mean '--version'?
gcc: fatal error: no input files
compilation terminated.
configure:3098: $? = 1
configure:3118: checking whether the C compiler works
configure:3140: gcc    conftest.c  >&5
configure:3144: $? = 0
configure:3192: result: yes
configure:3195: checking for C compiler default output file name
configure:3197: result: a.out
configure:3203: checking for suffix of executables
configure:3210: gcc -o conftest    conftest.c  >&5
configure:3214: $? = 0
configure:3236: result: 
configure:3258: checking whether we are cross compiling
configure:3266: gcc -o conftest    conftest.c  >&5
configure:3270: $? = 0
configure:3277: ./conftest
configure:3281: $? = 0
configure:3269: result: no
configure:3274: checking for suffix of object files
configure:3321: result: o
configure:3325: checking whether we are using the GNU C compiler
configure:3353: result: yes
configure:3362: checking whether gcc accepts -g
configure:3423: result: yes
configure:3440: checking for gcc option to accept ISO C89
configure:3516: result: none needed
configure:3538: checking for existence of /home/max/Programming/SAOImageDS9/tcl8.6/unix/tclConfig.sh
configure:3542: result: loading
configure:3606: checking platform
configure:3624: gcc -c   conftest.c >&5
configure:3624: $? = 0
configure:3675: result: unix
configure:3741: checking for tdbc configuration
configure:3829: result: found /home/max/Programming/SAOImageDS9/tcl8.6/unix/pkgs/tdbc1.1.1/tdbcConfig.sh
configure:3835: checking for existence of /home/max/Programming/SAOImageDS9/tcl8.6/unix/pkgs/tdbc1.1.1/tdbcConfig.sh
configure:3839: result: loading
configure:3857: WARNING: Found Makefile - using build library specs for tdbc
configure:3928: checking For tdbc_STUB library for LIBS
configure:3961: result: using tdbc_STUB_LIB_SPEC -L/home/max/Programming/SAOImageDS9/tcl8.6/unix/pkgs/tdbc1.1.1 -ltdbcstub1.1.1
configure:3974: WARNING: Looking for "/home/max/Programming/SAOImageDS9/tcl8.6/unix/pkgs/tdbc1.1.1/Makefile"
configure:3977: WARNING: Found Makefile - using build include spec and lib specs for tdbc
configure:4079: checking for gcc
configure:4106: result: gcc
configure:4335: checking for C compiler version
configure:4344: gcc --version >&5
gcc (Ubuntu 10.2.0-13ubuntu1) 10.2.0
Copyright (C) 2020 Free Software Foundation, Inc.
This is free software; see the source for copying conditions.  There is NO
warranty; not even for MERCHANTABILITY or FITNESS FOR A PARTICULAR PURPOSE.

configure:4355: $? = 0
configure:4344: gcc -v >&5
Using built-in specs.
COLLECT_GCC=gcc
COLLECT_LTO_WRAPPER=/usr/lib/gcc/x86_64-linux-gnu/10/lto-wrapper
OFFLOAD_TARGET_NAMES=nvptx-none:amdgcn-amdhsa:hsa
OFFLOAD_TARGET_DEFAULT=1
Target: x86_64-linux-gnu
Configured with: ../src/configure -v --with-pkgversion='Ubuntu 10.2.0-13ubuntu1' --with-bugurl=file:///usr/share/doc/gcc-10/README.Bugs --enable-languages=c,ada,c++,go,brig,d,fortran,objc,obj-c++,m2 --prefix=/usr --with-gcc-major-version-only --program-suffix=-10 --program-prefix=x86_64-linux-gnu- --enable-shared --enable-linker-build-id --libexecdir=/usr/lib --without-included-gettext --enable-threads=posix --libdir=/usr/lib --enable-nls --enable-clocale=gnu --enable-libstdcxx-debug --enable-libstdcxx-time=yes --with-default-libstdcxx-abi=new --enable-gnu-unique-object --disable-vtable-verify --enable-plugin --enable-default-pie --with-system-zlib --enable-libphobos-checking=release --with-target-system-zlib=auto --enable-objc-gc=auto --enable-multiarch --disable-werror --with-arch-32=i686 --with-abi=m64 --with-multilib-list=m32,m64,mx32 --enable-multilib --with-tune=generic --enable-offload-targets=nvptx-none=/build/gcc-10-JvwpWM/gcc-10-10.2.0/debian/tmp-nvptx/usr,amdgcn-amdhsa=/build/gcc-10-JvwpWM/gcc-10-10.2.0/debian/tmp-gcn/usr,hsa --without-cuda-driver --enable-checking=release --build=x86_64-linux-gnu --host=x86_64-linux-gnu --target=x86_64-linux-gnu
Thread model: posix
Supported LTO compression algorithms: zlib zstd
gcc version 10.2.0 (Ubuntu 10.2.0-13ubuntu1) 
... rest of stderr output deleted ...
configure:4355: $? = 0
configure:4344: gcc -V >&5
gcc: error: unrecognized command-line option '-V'
gcc: fatal error: no input files
compilation terminated.
configure:4355: $? = 1
configure:4344: gcc -qversion >&5
gcc: error: unrecognized command-line option '-qversion'; did you mean '--version'?
gcc: fatal error: no input files
compilation terminated.
configure:4355: $? = 1
configure:4359: checking whether we are using the GNU C compiler
configure:4387: result: yes
configure:4396: checking whether gcc accepts -g
configure:4457: result: yes
configure:4474: checking for gcc option to accept ISO C89
configure:4550: result: none needed
configure:4575: checking how to run the C preprocessor
configure:4645: result: gcc -E
configure:4665: gcc -E  conftest.c
configure:4665: $? = 0
configure:4679: gcc -E  conftest.c
conftest.c:10:10: fatal error: ac_nonexistent.h: No such file or directory
   10 | #include <ac_nonexistent.h>
      |          ^~~~~~~~~~~~~~~~~~
compilation terminated.
configure:4679: $? = 1
configure: failed program was:
| /* confdefs.h */
| #define PACKAGE_NAME "tdbcmysql"
| #define PACKAGE_TARNAME "tdbcmysql"
| #define PACKAGE_VERSION "1.1.1"
| #define PACKAGE_STRING "tdbcmysql 1.1.1"
| #define PACKAGE_BUGREPORT ""
| #define PACKAGE_URL ""
| #define BUILD_tdbcmysql /**/
| /* end confdefs.h.  */
| #include <ac_nonexistent.h>
configure:4712: checking whether make sets $(MAKE)
configure:4734: result: yes
configure:4791: checking for ranlib
configure:4818: result: ranlib
configure:4849: checking for grep that handles long lines and -e
configure:4907: result: /usr/bin/grep
configure:4912: checking for egrep
configure:4974: result: /usr/bin/grep -E
configure:4979: checking for ANSI C header files
configure:5083: result: yes
configure:5096: checking for sys/types.h
configure:5096: result: yes
configure:5096: checking for sys/stat.h
configure:5096: result: yes
configure:5096: checking for stdlib.h
configure:5096: result: yes
configure:5096: checking for string.h
configure:5096: result: yes
configure:5096: checking for memory.h
configure:5096: result: yes
configure:5096: checking for strings.h
configure:5096: result: yes
configure:5096: checking for inttypes.h
configure:5096: result: yes
configure:5096: checking for stdint.h
configure:5096: result: yes
configure:5096: checking for unistd.h
configure:5096: result: yes
configure:5118: checking if the compiler understands -pipe
configure:5144: result: yes
configure:5155: checking whether byte ordering is bigendian
configure:5361: result: no
configure:5385: checking for inline
configure:5409: result: inline
configure:5427: checking for long long
configure:5427: gcc -c  -pipe  conftest.c >&5
configure:5427: $? = 0
configure:5427: gcc -c  -pipe  conftest.c >&5
conftest.c: In function 'main':
conftest.c:56:24: error: expected expression before ')' token
   56 | if (sizeof ((long long)))
      |                        ^
configure:5427: $? = 1
configure: failed program was:
| /* confdefs.h */
| #define PACKAGE_NAME "tdbcmysql"
| #define PACKAGE_TARNAME "tdbcmysql"
| #define PACKAGE_VERSION "1.1.1"
| #define PACKAGE_STRING "tdbcmysql 1.1.1"
| #define PACKAGE_BUGREPORT ""
| #define PACKAGE_URL ""
| #define BUILD_tdbcmysql /**/
| #define STDC_HEADERS 1
| #define HAVE_SYS_TYPES_H 1
| #define HAVE_SYS_STAT_H 1
| #define HAVE_STDLIB_H 1
| #define HAVE_STRING_H 1
| #define HAVE_MEMORY_H 1
| #define HAVE_STRINGS_H 1
| #define HAVE_INTTYPES_H 1
| #define HAVE_STDINT_H 1
| #define HAVE_UNISTD_H 1
| /* end confdefs.h.  */
| #include <stdio.h>
| #ifdef HAVE_SYS_TYPES_H
| # include <sys/types.h>
| #endif
| #ifdef HAVE_SYS_STAT_H
| # include <sys/stat.h>
| #endif
| #ifdef STDC_HEADERS
| # include <stdlib.h>
| # include <stddef.h>
| #else
| # ifdef HAVE_STDLIB_H
| #  include <stdlib.h>
| # endif
| #endif
| #ifdef HAVE_STRING_H
| # if !defined STDC_HEADERS && defined HAVE_MEMORY_H
| #  include <memory.h>
| # endif
| # include <string.h>
| #endif
| #ifdef HAVE_STRINGS_H
| # include <strings.h>
| #endif
| #ifdef HAVE_INTTYPES_H
| # include <inttypes.h>
| #endif
| #ifdef HAVE_STDINT_H
| # include <stdint.h>
| #endif
| #ifdef HAVE_UNISTD_H
| # include <unistd.h>
| #endif
| int
| main ()
| {
| if (sizeof ((long long)))
| 	    return 0;
|   ;
|   return 0;
| }
configure:5427: result: yes
configure:5436: checking size of long long
configure:5441: gcc -o conftest  -pipe   conftest.c  >&5
configure:5441: $? = 0
configure:5441: ./conftest
configure:5441: $? = 0
configure:5455: result: 8
configure:5472: checking size of long
configure:5477: gcc -o conftest  -pipe   conftest.c  >&5
configure:5477: $? = 0
configure:5477: ./conftest
configure:5477: $? = 0
configure:5491: result: 8
configure:5691: checking for Tcl public headers
configure:5762: result: /home/max/Programming/SAOImageDS9/tcl8.6/generic
configure:5823: checking for pthread_mutex_init in -lpthread
configure:5857: result: yes
configure:6066: checking for building with threads
configure:6072: result: yes (default)
configure:6101: checking how to build libraries
configure:6135: result: shared
configure:6219: checking for ranlib
configure:6246: result: ranlib
configure:6273: checking if 64bit support is requested
configure:6282: result: no
configure:6287: checking if 64bit Sparc VIS support is requested
configure:6296: result: no
configure:6306: checking if compiler supports visibility "hidden"
configure:6335: result: yes
configure:6350: checking if rpath support is requested
configure:6359: result: yes
configure:6366: checking system version
configure:6392: result: Linux-5.8.0-25-generic
configure:6472: checking for ar
configure:6499: result: ar
configure:8167: checking for cast to union support
configure:8194: result: yes
configure:8202: checking for stdbool.h
configure:8202: result: yes
configure:8226: checking for required early compiler flags
configure:8374: result:  _LARGEFILE64_SOURCE
configure:8379: checking for 64-bit integer type
configure:8430: result: yes
configure:8608: checking for build with symbols
configure:8627: result: yes (standard debugging)
configure:8661: checking for intptr_t
configure:8661: result: yes
configure:8697: checking for uintptr_t
configure:8697: result: yes
configure:8852: checking for tclsh
configure:8887: result: /home/max/Programming/SAOImageDS9/tcl8.6/unix/tclsh
configure:8958: updating cache /home/max/Programming/SAOImageDS9/config.cache
configure:9045: creating ./config.status

## ---------------------- ##
## Running config.status. ##
## ---------------------- ##

This file was extended by tdbcmysql config.status 1.1.1, which was
generated by GNU Autoconf 2.69.  Invocation command line was

  CONFIG_FILES    = 
  CONFIG_HEADERS  = 
  CONFIG_LINKS    = 
  CONFIG_COMMANDS = 
  $ ./config.status 

on Maximum-V2

config.status:809: creating Makefile
config.status:809: creating pkgIndex.tcl

## ---------------- ##
## Cache variables. ##
## ---------------- ##

ac_cv_c_bigendian=no
ac_cv_c_char_unsigned=no
ac_cv_c_compiler_gnu=yes
ac_cv_c_inline=inline
ac_cv_c_tclconfig=/home/max/Programming/SAOImageDS9/tcl8.6/unix
ac_cv_c_tclh=/home/max/Programming/SAOImageDS9/tcl8.6/generic
ac_cv_c_tdbcconfig=/home/max/Programming/SAOImageDS9/tcl8.6/unix/pkgs/tdbc1.1.1
ac_cv_env_CC_set=
ac_cv_env_CC_value=
ac_cv_env_CFLAGS_set=
ac_cv_env_CFLAGS_value=
ac_cv_env_CPPFLAGS_set=
ac_cv_env_CPPFLAGS_value=
ac_cv_env_CPP_set=
ac_cv_env_CPP_value=
ac_cv_env_LDFLAGS_set=
ac_cv_env_LDFLAGS_value=
ac_cv_env_LIBS_set=
ac_cv_env_LIBS_value=
ac_cv_env_build_alias_set=
ac_cv_env_build_alias_value=
ac_cv_env_host_alias_set=
ac_cv_env_host_alias_value=
ac_cv_env_target_alias_set=
ac_cv_env_target_alias_value=
ac_cv_exeext=
ac_cv_func_chflags=no
ac_cv_func_connect=yes
ac_cv_func_fdatasync=yes
ac_cv_func_flock=yes
ac_cv_func_freeaddrinfo=yes
ac_cv_func_fstatfs=yes
ac_cv_func_gai_strerror=yes
ac_cv_func_getaddrinfo=yes
ac_cv_func_getcwd=yes
ac_cv_func_getgrgid_r=yes
ac_cv_func_getgrnam_r=yes
ac_cv_func_gethostbyaddr_r=yes
ac_cv_func_gethostbyname=yes
ac_cv_func_gethostbyname_r=yes
ac_cv_func_getnameinfo=yes
ac_cv_func_getpwnam_r=yes
ac_cv_func_getpwuid_r=yes
ac_cv_func_gettimeofday=yes
ac_cv_func_getwd=yes
ac_cv_func_gmtime_r=yes
ac_cv_func_localtime_r=yes
ac_cv_func_localtime_s=no
ac_cv_func_lstat=yes
ac_cv_func_malloc_usable_size=yes
ac_cv_func_memcmp_working=yes
ac_cv_func_memmove=yes
ac_cv_func_mkstemp=yes
ac_cv_func_mkstemps=yes
ac_cv_func_mktime=yes
ac_cv_func_opendir=yes
ac_cv_func_pread64=yes
ac_cv_func_pread=yes
ac_cv_func_pthread_atfork=yes
ac_cv_func_pthread_attr_setstacksize=yes
ac_cv_func_pwrite64=yes
ac_cv_func_pwrite=yes
ac_cv_func_rand_s=no
ac_cv_func_readlink=yes
ac_cv_func_realpath=yes
ac_cv_func_sin=no
ac_cv_func_strchrnul=yes
ac_cv_func_strerror=yes
ac_cv_func_strerror_r=yes
ac_cv_func_strerror_r_char_p=no
ac_cv_func_strncasecmp=yes
ac_cv_func_strstr=yes
ac_cv_func_strtol=yes
ac_cv_func_strtoul=yes
ac_cv_func_uname=yes
ac_cv_func_usleep=yes
ac_cv_func_utime=yes
ac_cv_func_wait3=yes
ac_cv_func_waitpid=yes
ac_cv_have_decl_gethostbyaddr_r=yes
ac_cv_have_decl_gethostbyname_r=yes
ac_cv_have_decl_strerror_r=yes
ac_cv_header_dlfcn_h=yes
ac_cv_header_float_h=yes
ac_cv_header_inttypes_h=yes
ac_cv_header_langinfo_h=yes
ac_cv_header_malloc_h=yes
ac_cv_header_memory_h=yes
ac_cv_header_net_errno_h=no
ac_cv_header_stdbool_h=yes
ac_cv_header_stdc=yes
ac_cv_header_stdint_h=yes
ac_cv_header_stdlib_h=yes
ac_cv_header_string_h=yes
ac_cv_header_strings_h=yes
ac_cv_header_sys_filio_h=no
ac_cv_header_sys_ioctl_h=yes
ac_cv_header_sys_modem_h=no
ac_cv_header_sys_param_h=yes
ac_cv_header_sys_stat_h=yes
ac_cv_header_sys_time_h=yes
ac_cv_header_sys_types_h=yes
ac_cv_header_sys_wait_h=yes
ac_cv_header_termios_h=yes
ac_cv_header_time=yes
ac_cv_header_unistd_h=yes
ac_cv_header_values_h=yes
ac_cv_header_zlib_h=yes
ac_cv_lib_dl_dlopen=yes
ac_cv_lib_inet_main=no
ac_cv_lib_pthread_pthread_mutex_init=yes
ac_cv_member_struct_stat_st_blksize=yes
ac_cv_member_struct_stat_st_blocks=yes
ac_cv_objext=o
ac_cv_path_EGREP='/usr/bin/grep -E'
ac_cv_path_GREP=/usr/bin/grep
ac_cv_path_tclsh=/usr/bin/tclsh8.6
ac_cv_prog_CPP='gcc -E'
ac_cv_prog_ac_ct_AR=ar
ac_cv_prog_ac_ct_CC=gcc
ac_cv_prog_ac_ct_RANLIB=ranlib
ac_cv_prog_cc_c89=
ac_cv_prog_cc_g=yes
ac_cv_prog_cc_stdc=
ac_cv_prog_egrep='grep -E'
ac_cv_prog_make_make_set=yes
ac_cv_search_deflateSetHeader=-lz
ac_cv_sizeof_long=8
ac_cv_sizeof_long_long=8
ac_cv_type_blkcnt_t=yes
ac_cv_type_gz_header=yes
ac_cv_type_intptr_t=yes
ac_cv_type_long_long=yes
ac_cv_type_mode_t=yes
ac_cv_type_pid_t=yes
ac_cv_type_size_t=yes
ac_cv_type_struct_addrinfo=yes
ac_cv_type_struct_in6_addr=yes
ac_cv_type_struct_sockaddr_in6=yes
ac_cv_type_struct_sockaddr_storage=yes
ac_cv_type_uid_t=yes
ac_cv_type_uintptr_t=yes
tcl_cv_api_fts=yes
tcl_cv_api_getgrgid_r_5=yes
tcl_cv_api_getgrnam_r_5=yes
tcl_cv_api_gethostbyaddr_r=yes
tcl_cv_api_gethostbyaddr_r_7=no
tcl_cv_api_gethostbyaddr_r_8=yes
tcl_cv_api_gethostbyname_r=yes
tcl_cv_api_gethostbyname_r_6=yes
tcl_cv_api_getpwnam_r_5=yes
tcl_cv_api_getpwuid_r_5=yes
tcl_cv_cast_to_union=yes
tcl_cv_cc_pipe=yes
tcl_cv_cc_visibility_hidden=yes
tcl_cv_char_signed=yes
tcl_cv_cpuid=yes
tcl_cv_dir_zoneinfo=/usr/share/zoneinfo
tcl_cv_dirent_h=yes
tcl_cv_flag__isoc99_source=no
tcl_cv_flag__largefile64_source=yes
tcl_cv_flag__largefile_source64=no
tcl_cv_grep_gettimeofday=present
tcl_cv_isnan=yes
tcl_cv_langinfo_h=yes
tcl_cv_member_tm_gmtoff=yes
tcl_cv_member_tm_tzadj=no
tcl_cv_putenv_copy=no
tcl_cv_strstr_unbroken=ok
tcl_cv_strtoul_unbroken=ok
tcl_cv_sys_version=Linux-5.8.0-25-generic
tcl_cv_timezone_long=yes
tcl_cv_type_64bit=none
tcl_cv_type_fd_set=yes
tcl_cv_type_socklen_t=yes
tcl_cv_union_wait=no

## ----------------- ##
## Output variables. ##
## ----------------- ##

AR='ar'
CC='gcc'
CFLAGS=' -pipe ${CFLAGS_DEFAULT} ${CFLAGS_WARNING} ${SHLIB_CFLAGS} '
CFLAGS_DEBUG='-g'
CFLAGS_DEFAULT='-g'
CFLAGS_OPTIMIZE='-O2 -fomit-frame-pointer'
CFLAGS_WARNING='-Wall'
CLEANFILES=''
CPP='gcc -E'
CPPFLAGS=''
CYGPATH='echo'
DEFS='-DPACKAGE_NAME=\"tdbcmysql\" -DPACKAGE_TARNAME=\"tdbcmysql\" -DPACKAGE_VERSION=\"1.1.1\" -DPACKAGE_STRING=\"tdbcmysql\ 1.1.1\" -DPACKAGE_BUGREPORT=\"\" -DPACKAGE_URL=\"\" -DBUILD_tdbcmysql=/\*\*/ -DSTDC_HEADERS=1 -DHAVE_SYS_TYPES_H=1 -DHAVE_SYS_STAT_H=1 -DHAVE_STDLIB_H=1 -DHAVE_STRING_H=1 -DHAVE_MEMORY_H=1 -DHAVE_STRINGS_H=1 -DHAVE_INTTYPES_H=1 -DHAVE_STDINT_H=1 -DHAVE_UNISTD_H=1 -DHAVE_LONG_LONG=1 -DSIZEOF_LONG_LONG=8 -DSIZEOF_LONG=8 -DUSE_THREAD_ALLOC=1 -D_REENTRANT=1 -D_THREAD_SAFE=1 -DTCL_THREADS=1 -DUSE_TCL_STUBS=1 -DUSE_TCLOO_STUBS=1 -DMODULE_SCOPE=extern\ __attribute__\(\(__visibility__\(\"hidden\"\)\)\) -DHAVE_HIDDEN=1 -DHAVE_CAST_TO_UNION=1 -DHAVE_STDBOOL_H=1 -D_LARGEFILE64_SOURCE=1 -DTCL_WIDE_INT_IS_LONG=1 -DHAVE_INTPTR_T=1 -DHAVE_UINTPTR_T=1'
ECHO_C=''
ECHO_N='-n'
ECHO_T=''
EGREP='/usr/bin/grep -E'
EXEEXT=''
GREP='/usr/bin/grep'
INSTALL='$(SHELL) $(srcdir)/tclconfig/install-sh -c'
INSTALL_DATA='${INSTALL} -m 644'
INSTALL_DATA_DIR='${INSTALL} -d -m 755'
INSTALL_LIBRARY='${INSTALL} -m 644'
INSTALL_PROGRAM='${INSTALL} -m 755'
INSTALL_SCRIPT='${INSTALL} -m 755'
LDFLAGS=' -Wl,--export-dynamic '
LDFLAGS_DEFAULT=' -Wl,--export-dynamic '
LD_LIBRARY_PATH_VAR='LD_LIBRARY_PATH'
LIBOBJS=''
LIBS=''
LTLIBOBJS=''
MAKE_LIB='${SHLIB_LD} -o $@ $(PKG_OBJECTS) ${SHLIB_LD_LIBS} '
MAKE_SHARED_LIB='${SHLIB_LD} -o $@ $(PKG_OBJECTS) ${SHLIB_LD_LIBS}'
MAKE_STATIC_LIB='${STLIB_LD} $@ $(PKG_OBJECTS)'
MAKE_STUB_LIB='${STLIB_LD} $@ $(PKG_STUB_OBJECTS)'
OBJEXT='o'
PACKAGE_BUGREPORT=''
PACKAGE_NAME='tdbcmysql'
PACKAGE_STRING='tdbcmysql 1.1.1'
PACKAGE_TARNAME='tdbcmysql'
PACKAGE_URL=''
PACKAGE_VERSION='1.1.1'
PATH_SEPARATOR=':'
PKG_CFLAGS='  '
PKG_HEADERS=' generic/fakemysql.h generic/mysqlStubs.h'
PKG_INCLUDES=' -I/home/max/Programming/SAOImageDS9/tcl8.6/pkgs/tdbc1.1.1/generic'
PKG_LIBS=' -L/home/max/Programming/SAOImageDS9/tcl8.6/unix/pkgs/tdbc1.1.1 -ltdbcstub1.1.1 -L/home/max/Programming/SAOImageDS9/tcl8.6/unix/pkgs/tdbc1.1.1 -ltdbcstub1.1.1'
PKG_LIB_FILE='libtdbcmysql1.1.1.so'
PKG_OBJECTS=' tdbcmysql.o mysqlStubInit.o'
PKG_SOURCES=' generic/tdbcmysql.c generic/mysqlStubInit.c'
PKG_STUB_LIB_FILE='libtdbcmysqlstub1.1.1.a'
PKG_STUB_OBJECTS=''
PKG_STUB_SOURCES=''
PKG_TCL_SOURCES=' library/tdbcmysql.tcl'
RANLIB=':'
RANLIB_STUB='ranlib'
RC=''
SET_MAKE=''
SHARED_BUILD='1'
SHELL='/bin/bash'
SHLIB_CFLAGS='-fPIC'
SHLIB_LD='${CC} ${CFLAGS} ${LDFLAGS_DEFAULT} -shared'
SHLIB_LD_LIBS='${LIBS} -L/home/max/Programming/SAOImageDS9/tcl8.6/unix -ltclstub8.6'
STLIB_LD='${AR} cr'
STUBS_BUILD='1'
TCLSH_PROG='/home/max/Programming/SAOImageDS9/tcl8.6/unix/tclsh'
TCL_BIN_DIR='/home/max/Programming/SAOImageDS9/tcl8.6/unix'
TCL_DBGX=''
TCL_DEFS='-DPACKAGE_NAME=\"tcl\" -DPACKAGE_TARNAME=\"tcl\" -DPACKAGE_VERSION=\"8.6\" -DPACKAGE_STRING=\"tcl\ 8.6\" -DPACKAGE_BUGREPORT=\"\" -DSTDC_HEADERS=1 -DHAVE_SYS_TYPES_H=1 -DHAVE_SYS_STAT_H=1 -DHAVE_STDLIB_H=1 -DHAVE_STRING_H=1 -DHAVE_MEMORY_H=1 -DHAVE_STRINGS_H=1 -DHAVE_INTTYPES_H=1 -DHAVE_STDINT_H=1 -DHAVE_UNISTD_H=1 -DHAVE_SYS_PARAM_H=1 -DUSE_THREAD_ALLOC=1 -D_REENTRANT=1 -D_THREAD_SAFE=1 -DHAVE_PTHREAD_ATTR_SETSTACKSIZE=1 -DHAVE_PTHREAD_ATFORK=1 -DTCL_THREADS=1 -DTCL_CFGVAL_ENCODING=\"iso8859-1\" -DSTATIC_BUILD=1 -DHAVE_ZLIB=1 -DMODULE_SCOPE=extern\ __attribute__\(\(__visibility__\(\"hidden\"\)\)\) -DHAVE_HIDDEN=1 -DHAVE_CAST_TO_UNION=1 -DTCL_SHLIB_EXT=\".so\" -DTCL_TOMMATH=1 -DMP_PREC=4 -D_LARGEFILE64_SOURCE=1 -DTCL_WIDE_INT_IS_LONG=1 -DHAVE_GETCWD=1 -DHAVE_MKSTEMP=1 -DHAVE_OPENDIR=1 -DHAVE_STRTOL=1 -DHAVE_WAITPID=1 -DHAVE_GETNAMEINFO=1 -DHAVE_GETADDRINFO=1 -DHAVE_FREEADDRINFO=1 -DHAVE_GAI_STRERROR=1 -DHAVE_STRUCT_ADDRINFO=1 -DHAVE_STRUCT_IN6_ADDR=1 -DHAVE_STRUCT_SOCKADDR_IN6=1 -DHAVE_STRUCT_SOCKADDR_STORAGE=1 -DHAVE_GETPWUID_R_5=1 -DHAVE_GETPWUID_R=1 -DHAVE_GETPWNAM_R_5=1 -DHAVE_GETPWNAM_R=1 -DHAVE_GETGRGID_R_5=1 -DHAVE_GETGRGID_R=1 -DHAVE_GETGRNAM_R_5=1 -DHAVE_GETGRNAM_R=1 -DHAVE_DECL_GETHOSTBYNAME_R=1 -DHAVE_GETHOSTBYNAME_R_6=1 -DHAVE_GETHOSTBYNAME_R=1 -DHAVE_DECL_GETHOSTBYADDR_R=1 -DHAVE_GETHOSTBYADDR_R_8=1 -DHAVE_GETHOSTBYADDR_R=1 -DHAVE_TERMIOS_H=1 -DHAVE_SYS_IOCTL_H=1 -DHAVE_SYS_TIME_H=1 -DTIME_WITH_SYS_TIME=1 -DHAVE_GMTIME_R=1 -DHAVE_LOCALTIME_R=1 -DHAVE_MKTIME=1 -DHAVE_TM_GMTOFF=1 -DHAVE_TIMEZONE_VAR=1 -DHAVE_STRUCT_STAT_ST_BLOCKS=1 -DHAVE_STRUCT_STAT_ST_BLKSIZE=1 -DHAVE_BLKCNT_T=1 -DHAVE_INTPTR_T=1 -DHAVE_UINTPTR_T=1 -DNO_UNION_WAIT=1 -DHAVE_SIGNED_CHAR=1 -DHAVE_LANGINFO=1 -DHAVE_MKSTEMPS=1 -DHAVE_FTS=1 -DHAVE_SYS_IOCTL_H=1 -DTCL_UNLOAD_DLLS=1 -DHAVE_CPUID=1 '
TCL_EXTRA_CFLAGS=' -pipe '
TCL_INCLUDES='-I"/home/max/Programming/SAOImageDS9/tcl8.6/generic"'
TCL_LD_FLAGS=' -Wl,--export-dynamic '
TCL_LIBS='-ldl -lz  -lpthread -lm'
TCL_LIB_FILE='libtcl8.6.a'
TCL_LIB_FLAG='-ltcl8.6'
TCL_LIB_SPEC='-L/home/max/Programming/SAOImageDS9/tcl8.6/unix -ltcl8.6'
TCL_PATCH_LEVEL='.10'
TCL_SHLIB_LD_LIBS='${LIBS}'
TCL_SRC_DIR='/home/max/Programming/SAOImageDS9/tcl8.6'
TCL_STUB_LIB_FILE='libtclstub8.6.a'
TCL_STUB_LIB_FLAG='-ltclstub8.6'
TCL_STUB_LIB_SPEC='-L/home/max/Programming/SAOImageDS9/tcl8.6/unix -ltclstub8.6'
TCL_THREADS='1'
TCL_VERSION='8.6'
TCL_VERSION_REQ='8.6'
TDBC_LIB_FILE='libtdbc1.1.1.so'
TDBC_VERSION='1.1.1'
VC_MANIFEST_EMBED_DLL=''
VC_MANIFEST_EMBED_EXE=''
ac_ct_CC='gcc'
bindir='${exec_prefix}/bin'
build_alias=''
datadir='${datarootdir}'
datarootdir='${prefix}/share'
docdir='${datarootdir}/doc/${PACKAGE_TARNAME}'
dvidir='${docdir}'
exec_prefix='/home/max/Programming/SAOImageDS9'
host_alias=''
htmldir='${docdir}'
includedir='${prefix}/include'
infodir='${datarootdir}/info'
libdir='/home/max/Programming/SAOImageDS9/lib'
libexecdir='${exec_prefix}/libexec'
localedir='${datarootdir}/locale'
localstatedir='${prefix}/var'
mandir='${datarootdir}/man'
oldincludedir='/usr/include'
pdfdir='${docdir}'
prefix='/home/max/Programming/SAOImageDS9'
program_transform_name='s,x,x,'
psdir='${docdir}'
sbindir='${exec_prefix}/sbin'
sharedstatedir='${prefix}/com'
sysconfdir='${prefix}/etc'
target_alias=''
tdbc_BIN_DIR='/home/max/Programming/SAOImageDS9/tcl8.6/unix/pkgs/tdbc1.1.1'
tdbc_LIBRARY_PATH='/home/max/Programming/SAOImageDS9/tcl8.6/pkgs/tdbc1.1.1/library'
tdbc_LIB_FILE='libtdbc1.1.1.so'
tdbc_LIB_SPEC='-L/home/max/Programming/SAOImageDS9/tcl8.6/unix/pkgs/tdbc1.1.1 -ltdbc1.1.1'
tdbc_SRC_DIR='/home/max/Programming/SAOImageDS9/tcl8.6/pkgs/tdbc1.1.1'
tdbc_STUB_LIB_FILE='libtdbcstub1.1.1.a'
tdbc_STUB_LIB_PATH='/home/max/Programming/SAOImageDS9/tcl8.6/unix/pkgs/tdbc1.1.1/libtdbcstub1.1.1.a'
tdbc_STUB_LIB_SPEC='-L/home/max/Programming/SAOImageDS9/tcl8.6/unix/pkgs/tdbc1.1.1 -ltdbcstub1.1.1'
tdbc_VERSION='1.1.1'

## ----------- ##
## confdefs.h. ##
## ----------- ##

/* confdefs.h */
#define PACKAGE_NAME "tdbcmysql"
#define PACKAGE_TARNAME "tdbcmysql"
#define PACKAGE_VERSION "1.1.1"
#define PACKAGE_STRING "tdbcmysql 1.1.1"
#define PACKAGE_BUGREPORT ""
#define PACKAGE_URL ""
#define BUILD_tdbcmysql /**/
#define STDC_HEADERS 1
#define HAVE_SYS_TYPES_H 1
#define HAVE_SYS_STAT_H 1
#define HAVE_STDLIB_H 1
#define HAVE_STRING_H 1
#define HAVE_MEMORY_H 1
#define HAVE_STRINGS_H 1
#define HAVE_INTTYPES_H 1
#define HAVE_STDINT_H 1
#define HAVE_UNISTD_H 1
#define HAVE_LONG_LONG 1
#define SIZEOF_LONG_LONG 8
#define SIZEOF_LONG 8
#define USE_THREAD_ALLOC 1
#define _REENTRANT 1
#define _THREAD_SAFE 1
#define TCL_THREADS 1
#define USE_TCL_STUBS 1
#define USE_TCLOO_STUBS 1
#define MODULE_SCOPE extern __attribute__((__visibility__("hidden")))
#define HAVE_HIDDEN 1
#define HAVE_CAST_TO_UNION 1
#define HAVE_STDBOOL_H 1
#define _LARGEFILE64_SOURCE 1
#define TCL_WIDE_INT_IS_LONG 1
#define HAVE_INTPTR_T 1
#define HAVE_UINTPTR_T 1

configure: exit 0
