This file contains any messages produced by compilers while
running configure, to aid debugging if configure makes a mistake.

It was created by tkimgjpeg configure 1.4.9, which was
generated by GNU Autoconf 2.69.  Invocation command line was

  $ ./configure --with-tk=/home/max/Programming/SAOImageDS9/tk8.6/unix --with-tcl=/home/max/Programming/SAOImageDS9/tcl8.6/unix --prefix /home/max/Programming/SAOImageDS9 --exec-prefix /home/max/Programming/SAOImageDS9 --libdir /home/max/Programming/SAOImageDS9/lib --disable-shared --disable-stubs --enable-symbols --cache-file=../config.cache --srcdir=. --with-tkimg=/home/max/Programming/SAOImageDS9/tkimg/base --with-jpegtcl=/home/max/Programming/SAOImageDS9/tkimg/libjpeg --disable-option-checking

## --------- ##
## Platform. ##
## --------- ##

hostname = Maximum-V2
uname -m = x86_64
uname -r = 5.8.0-25-generic
uname -s = Linux
uname -v = #26-Ubuntu SMP Thu Oct 15 10:30:38 UTC 2020

/usr/bin/uname -p = x86_64
/bin/uname -X     = unknown

/bin/arch              = x86_64
/usr/bin/arch -k       = unknown
/usr/convex/getsysinfo = unknown
/usr/bin/hostinfo      = unknown
/bin/machine           = unknown
/usr/bin/oslevel       = unknown
/bin/universe          = unknown

PATH: /home/max/.local/bin
PATH: /home/max/.local/bin
PATH: /usr/local/sbin
PATH: /usr/local/bin
PATH: /usr/sbin
PATH: /usr/bin
PATH: /sbin
PATH: /bin
PATH: /usr/games
PATH: /usr/local/games
PATH: /snap/bin


## ----------- ##
## Core tests. ##
## ----------- ##

configure:2146: loading cache ../config.cache
configure:2233: checking for correct TEA configuration
configure:2246: result: ok (TEA 3.9)
configure:2328: configuring tkimgjpeg 1.4.9
configure:2408: checking for Tcl configuration
configure:2533: result: found /home/max/Programming/SAOImageDS9/tcl8.6/unix/tclConfig.sh
configure:2586: checking for gcc
configure:2613: result: gcc
configure:2842: checking for C compiler version
configure:2851: gcc --version >&5
gcc (Ubuntu 10.2.0-13ubuntu1) 10.2.0
Copyright (C) 2020 Free Software Foundation, Inc.
This is free software; see the source for copying conditions.  There is NO
warranty; not even for MERCHANTABILITY or FITNESS FOR A PARTICULAR PURPOSE.

configure:2862: $? = 0
configure:2851: gcc -v >&5
Using built-in specs.
COLLECT_GCC=gcc
COLLECT_LTO_WRAPPER=/usr/lib/gcc/x86_64-linux-gnu/10/lto-wrapper
OFFLOAD_TARGET_NAMES=nvptx-none:amdgcn-amdhsa:hsa
OFFLOAD_TARGET_DEFAULT=1
Target: x86_64-linux-gnu
Configured with: ../src/configure -v --with-pkgversion='Ubuntu 10.2.0-13ubuntu1' --with-bugurl=file:///usr/share/doc/gcc-10/README.Bugs --enable-languages=c,ada,c++,go,brig,d,fortran,objc,obj-c++,m2 --prefix=/usr --with-gcc-major-version-only --program-suffix=-10 --program-prefix=x86_64-linux-gnu- --enable-shared --enable-linker-build-id --libexecdir=/usr/lib --without-included-gettext --enable-threads=posix --libdir=/usr/lib --enable-nls --enable-clocale=gnu --enable-libstdcxx-debug --enable-libstdcxx-time=yes --with-default-libstdcxx-abi=new --enable-gnu-unique-object --disable-vtable-verify --enable-plugin --enable-default-pie --with-system-zlib --enable-libphobos-checking=release --with-target-system-zlib=auto --enable-objc-gc=auto --enable-multiarch --disable-werror --with-arch-32=i686 --with-abi=m64 --with-multilib-list=m32,m64,mx32 --enable-multilib --with-tune=generic --enable-offload-targets=nvptx-none=/build/gcc-10-JvwpWM/gcc-10-10.2.0/debian/tmp-nvptx/usr,amdgcn-amdhsa=/build/gcc-10-JvwpWM/gcc-10-10.2.0/debian/tmp-gcn/usr,hsa --without-cuda-driver --enable-checking=release --build=x86_64-linux-gnu --host=x86_64-linux-gnu --target=x86_64-linux-gnu
Thread model: posix
Supported LTO compression algorithms: zlib zstd
gcc version 10.2.0 (Ubuntu 10.2.0-13ubuntu1) 
... rest of stderr output deleted ...
configure:2862: $? = 0
configure:2851: gcc -V >&5
gcc: error: unrecognized command-line option '-V'
gcc: fatal error: no input files
compilation terminated.
configure:2862: $? = 1
configure:2851: gcc -qversion >&5
gcc: error: unrecognized command-line option '-qversion'; did you mean '--version'?
gcc: fatal error: no input files
compilation terminated.
configure:2862: $? = 1
configure:2882: checking whether the C compiler works
configure:2904: gcc    conftest.c  >&5
configure:2908: $? = 0
configure:2956: result: yes
configure:2959: checking for C compiler default output file name
configure:2961: result: a.out
configure:2967: checking for suffix of executables
configure:2974: gcc -o conftest    conftest.c  >&5
configure:2978: $? = 0
configure:3000: result: 
configure:3022: checking whether we are cross compiling
configure:3030: gcc -o conftest    conftest.c  >&5
configure:3034: $? = 0
configure:3041: ./conftest
configure:3045: $? = 0
configure:3033: result: no
configure:3038: checking for suffix of object files
configure:3085: result: o
configure:3089: checking whether we are using the GNU C compiler
configure:3117: result: yes
configure:3126: checking whether gcc accepts -g
configure:3187: result: yes
configure:3204: checking for gcc option to accept ISO C89
configure:3280: result: none needed
configure:3302: checking for existence of /home/max/Programming/SAOImageDS9/tcl8.6/unix/tclConfig.sh
configure:3306: result: loading
configure:3370: checking platform
configure:3388: gcc -c   conftest.c >&5
configure:3388: $? = 0
configure:3438: result: unix
configure:3479: checking for Tk configuration
configure:3602: result: found /home/max/Programming/SAOImageDS9/tk8.6/unix/tkConfig.sh
configure:3608: checking for existence of /home/max/Programming/SAOImageDS9/tk8.6/unix/tkConfig.sh
configure:3612: result: loading
configure:3788: checking for gcc
configure:3815: result: gcc
configure:4044: checking for C compiler version
configure:4053: gcc --version >&5
gcc (Ubuntu 10.2.0-13ubuntu1) 10.2.0
Copyright (C) 2020 Free Software Foundation, Inc.
This is free software; see the source for copying conditions.  There is NO
warranty; not even for MERCHANTABILITY or FITNESS FOR A PARTICULAR PURPOSE.

configure:4064: $? = 0
configure:4053: gcc -v >&5
Using built-in specs.
COLLECT_GCC=gcc
COLLECT_LTO_WRAPPER=/usr/lib/gcc/x86_64-linux-gnu/10/lto-wrapper
OFFLOAD_TARGET_NAMES=nvptx-none:amdgcn-amdhsa:hsa
OFFLOAD_TARGET_DEFAULT=1
Target: x86_64-linux-gnu
Configured with: ../src/configure -v --with-pkgversion='Ubuntu 10.2.0-13ubuntu1' --with-bugurl=file:///usr/share/doc/gcc-10/README.Bugs --enable-languages=c,ada,c++,go,brig,d,fortran,objc,obj-c++,m2 --prefix=/usr --with-gcc-major-version-only --program-suffix=-10 --program-prefix=x86_64-linux-gnu- --enable-shared --enable-linker-build-id --libexecdir=/usr/lib --without-included-gettext --enable-threads=posix --libdir=/usr/lib --enable-nls --enable-clocale=gnu --enable-libstdcxx-debug --enable-libstdcxx-time=yes --with-default-libstdcxx-abi=new --enable-gnu-unique-object --disable-vtable-verify --enable-plugin --enable-default-pie --with-system-zlib --enable-libphobos-checking=release --with-target-system-zlib=auto --enable-objc-gc=auto --enable-multiarch --disable-werror --with-arch-32=i686 --with-abi=m64 --with-multilib-list=m32,m64,mx32 --enable-multilib --with-tune=generic --enable-offload-targets=nvptx-none=/build/gcc-10-JvwpWM/gcc-10-10.2.0/debian/tmp-nvptx/usr,amdgcn-amdhsa=/build/gcc-10-JvwpWM/gcc-10-10.2.0/debian/tmp-gcn/usr,hsa --without-cuda-driver --enable-checking=release --build=x86_64-linux-gnu --host=x86_64-linux-gnu --target=x86_64-linux-gnu
Thread model: posix
Supported LTO compression algorithms: zlib zstd
gcc version 10.2.0 (Ubuntu 10.2.0-13ubuntu1) 
... rest of stderr output deleted ...
configure:4064: $? = 0
configure:4053: gcc -V >&5
gcc: error: unrecognized command-line option '-V'
gcc: fatal error: no input files
compilation terminated.
configure:4064: $? = 1
configure:4053: gcc -qversion >&5
gcc: error: unrecognized command-line option '-qversion'; did you mean '--version'?
gcc: fatal error: no input files
compilation terminated.
configure:4064: $? = 1
configure:4068: checking whether we are using the GNU C compiler
configure:4096: result: yes
configure:4105: checking whether gcc accepts -g
configure:4166: result: yes
configure:4183: checking for gcc option to accept ISO C89
configure:4259: result: none needed
configure:4284: checking how to run the C preprocessor
configure:4354: result: gcc -E
configure:4374: gcc -E  conftest.c
configure:4374: $? = 0
configure:4388: gcc -E  conftest.c
conftest.c:10:10: fatal error: ac_nonexistent.h: No such file or directory
   10 | #include <ac_nonexistent.h>
      |          ^~~~~~~~~~~~~~~~~~
compilation terminated.
configure:4388: $? = 1
configure: failed program was:
| /* confdefs.h */
| #define PACKAGE_NAME "tkimgjpeg"
| #define PACKAGE_TARNAME "tkimgjpeg"
| #define PACKAGE_VERSION "1.4.9"
| #define PACKAGE_STRING "tkimgjpeg 1.4.9"
| #define PACKAGE_BUGREPORT ""
| #define PACKAGE_URL ""
| #define BUILD_tkimgjpeg /**/
| /* end confdefs.h.  */
| #include <ac_nonexistent.h>
configure:4435: checking whether make sets $(MAKE)
configure:4457: result: yes
configure:4514: checking for ranlib
configure:4541: result: ranlib
configure:4572: checking for grep that handles long lines and -e
configure:4630: result: /usr/bin/grep
configure:4635: checking for egrep
configure:4697: result: /usr/bin/grep -E
configure:4702: checking for ANSI C header files
configure:4806: result: yes
configure:4819: checking for sys/types.h
configure:4819: result: yes
configure:4819: checking for sys/stat.h
configure:4819: result: yes
configure:4819: checking for stdlib.h
configure:4819: result: yes
configure:4819: checking for string.h
configure:4819: result: yes
configure:4819: checking for memory.h
configure:4819: result: yes
configure:4819: checking for strings.h
configure:4819: result: yes
configure:4819: checking for inttypes.h
configure:4819: result: yes
configure:4819: checking for stdint.h
configure:4819: result: yes
configure:4819: checking for unistd.h
configure:4819: result: yes
configure:4841: checking if the compiler understands -pipe
configure:4867: result: yes
configure:4878: checking whether byte ordering is bigendian
configure:5084: result: no
configure:5111: checking for sin
configure:5111: result: no
configure:5118: checking for main in -lieee
configure:5146: result: no
configure:5158: checking for main in -linet
configure:5186: result: no
configure:5192: checking for net/errno.h
configure:5192: result: no
configure:5221: checking for connect
configure:5221: result: yes
configure:5289: checking for gethostbyname
configure:5289: result: yes
configure:5344: checking dirent.h
configure:5388: result: yes
configure:5398: checking for errno.h
configure:5398: result: yes
configure:5408: checking for float.h
configure:5408: result: yes
configure:5418: checking for values.h
configure:5418: result: yes
configure:5428: checking for limits.h
configure:5428: result: yes
configure:5440: checking for stdlib.h
configure:5440: result: yes
configure:5492: checking for string.h
configure:5492: result: yes
configure:5536: checking for sys/wait.h
configure:5536: result: yes
configure:5546: checking for dlfcn.h
configure:5546: result: yes
configure:5560: checking for sys/param.h
configure:5560: result: yes
configure:5594: checking for tkimg configuration
configure:5681: result: found /home/max/Programming/SAOImageDS9/tkimg/base/tkimgConfig.sh
configure:5687: checking for existence of /home/max/Programming/SAOImageDS9/tkimg/base/tkimgConfig.sh
configure:5691: result: loading
configure:5709: WARNING: Found Makefile - using build library specs for tkimg
configure:5780: checking For tkimg_STUB library for LIBS
configure:5813: result: using tkimg_STUB_LIB_SPEC -L/home/max/Programming/SAOImageDS9/tkimg/base -ltkimgstub1.4.9
configure:5842: checking for jpegtcl configuration
configure:5929: result: found /home/max/Programming/SAOImageDS9/tkimg/libjpeg/jpegtclConfig.sh
configure:5935: checking for existence of /home/max/Programming/SAOImageDS9/tkimg/libjpeg/jpegtclConfig.sh
configure:5939: result: loading
configure:5957: WARNING: Found Makefile - using build library specs for jpegtcl
configure:6028: checking For jpegtcl_STUB library for LIBS
configure:6061: result: using jpegtcl_STUB_LIB_SPEC -L/home/max/Programming/SAOImageDS9/tkimg/libjpeg -ljpegtclstub9.2
configure:6281: checking for Tcl public headers
configure:6352: result: /home/max/Programming/SAOImageDS9/tcl8.6/generic
configure:6365: checking for Tk public headers
configure:6439: result: /home/max/Programming/SAOImageDS9/tk8.6/generic
configure:6527: checking for pthread_mutex_init in -lpthread
configure:6561: result: yes
configure:6770: checking for building with threads
configure:6776: result: yes (default)
configure:6817: checking how to build libraries
configure:6839: result: static
configure:6898: checking for ranlib
configure:6925: result: ranlib
configure:6952: checking if 64bit support is requested
configure:6961: result: no
configure:6966: checking if 64bit Sparc VIS support is requested
configure:6975: result: no
configure:6985: checking if compiler supports visibility "hidden"
configure:7014: result: yes
configure:7029: checking if rpath support is requested
configure:7038: result: yes
configure:7063: checking system version
configure:7086: result: Linux-5.8.0-25-generic
configure:7166: checking for ar
configure:7193: result: ar
configure:8971: checking for cast to union support
configure:8998: result: yes
configure:9021: checking for required early compiler flags
configure:9169: result:  _LARGEFILE64_SOURCE
configure:9174: checking for 64-bit integer type
configure:9225: result: using long
configure:9369: checking for build with symbols
configure:9388: result: yes (standard debugging)
configure:9425: checking for X
configure:9614: result: libraries , headers 
configure:9625: gcc -E  conftest.c
configure:9625: $? = 0
configure:9934: checking for tclsh
configure:9961: result: /home/max/Programming/SAOImageDS9/tcl8.6/unix/tclsh
configure:9966: checking for wish
configure:9993: result: /home/max/Programming/SAOImageDS9/tk8.6/unix/wish
configure:10096: updating cache ../config.cache
configure:10183: creating ./config.status

## ---------------------- ##
## Running config.status. ##
## ---------------------- ##

This file was extended by tkimgjpeg config.status 1.4.9, which was
generated by GNU Autoconf 2.69.  Invocation command line was

  CONFIG_FILES    = 
  CONFIG_HEADERS  = 
  CONFIG_LINKS    = 
  CONFIG_COMMANDS = 
  $ ./config.status 

on Maximum-V2

config.status:843: creating Makefile
config.status:843: creating tkimgjpegConfig.sh

## ---------------- ##
## Cache variables. ##
## ---------------- ##

ac_cv_c_bigendian=no
ac_cv_c_compiler_gnu=yes
ac_cv_c_jpegtclconfig=/home/max/Programming/SAOImageDS9/tkimg/libjpeg
ac_cv_c_tclconfig=/home/max/Programming/SAOImageDS9/tcl8.6/unix
ac_cv_c_tclh=/home/max/Programming/SAOImageDS9/tcl8.6/generic
ac_cv_c_tkconfig=/home/max/Programming/SAOImageDS9/tk8.6/unix
ac_cv_c_tkh=/home/max/Programming/SAOImageDS9/tk8.6/generic
ac_cv_c_tkimgconfig=/home/max/Programming/SAOImageDS9/tkimg/base
ac_cv_c_zlibtclconfig=/home/max/Programming/SAOImageDS9/tkimg/zlib
ac_cv_env_CC_set=
ac_cv_env_CC_value=
ac_cv_env_CFLAGS_set=
ac_cv_env_CFLAGS_value=
ac_cv_env_CPPFLAGS_set=
ac_cv_env_CPPFLAGS_value=
ac_cv_env_CPP_set=
ac_cv_env_CPP_value=
ac_cv_env_LDFLAGS_set=
ac_cv_env_LDFLAGS_value=
ac_cv_env_LIBS_set=
ac_cv_env_LIBS_value=
ac_cv_env_XMKMF_set=
ac_cv_env_XMKMF_value=
ac_cv_env_build_alias_set=
ac_cv_env_build_alias_value=
ac_cv_env_host_alias_set=
ac_cv_env_host_alias_value=
ac_cv_env_target_alias_set=
ac_cv_env_target_alias_value=
ac_cv_exeext=
ac_cv_func_connect=yes
ac_cv_func_gethostbyname=yes
ac_cv_func_sin=no
ac_cv_have_x='have_x=yes	ac_x_includes='\'''\''	ac_x_libraries='\'''\'''
ac_cv_header_dlfcn_h=yes
ac_cv_header_errno_h=yes
ac_cv_header_float_h=yes
ac_cv_header_inttypes_h=yes
ac_cv_header_limits_h=yes
ac_cv_header_memory_h=yes
ac_cv_header_net_errno_h=no
ac_cv_header_stdc=yes
ac_cv_header_stdint_h=yes
ac_cv_header_stdlib_h=yes
ac_cv_header_string_h=yes
ac_cv_header_strings_h=yes
ac_cv_header_sys_param_h=yes
ac_cv_header_sys_stat_h=yes
ac_cv_header_sys_types_h=yes
ac_cv_header_sys_wait_h=yes
ac_cv_header_unistd_h=yes
ac_cv_header_values_h=yes
ac_cv_lib_ieee_main=no
ac_cv_lib_inet_main=no
ac_cv_lib_pthread_pthread_mutex_init=yes
ac_cv_objext=o
ac_cv_path_EGREP='/usr/bin/grep -E'
ac_cv_path_GREP=/usr/bin/grep
ac_cv_prog_CPP='gcc -E'
ac_cv_prog_ac_ct_AR=ar
ac_cv_prog_ac_ct_CC=gcc
ac_cv_prog_ac_ct_RANLIB=ranlib
ac_cv_prog_cc_c89=
ac_cv_prog_cc_g=yes
ac_cv_prog_cc_stdc=
ac_cv_prog_egrep='grep -E'
ac_cv_prog_make_make_set=yes
tcl_cv_cast_to_union=yes
tcl_cv_cc_pipe=yes
tcl_cv_cc_visibility_hidden=yes
tcl_cv_dirent_h=yes
tcl_cv_flag__isoc99_source=no
tcl_cv_flag__largefile64_source=yes
tcl_cv_flag__largefile_source64=no
tcl_cv_sys_version=Linux-5.8.0-25-generic
tcl_cv_type_64bit=none

## ----------------- ##
## Output variables. ##
## ----------------- ##

AR='ar'
CC='gcc'
CELIB_DIR=''
CFLAGS=' -pipe ${CFLAGS_DEFAULT} ${CFLAGS_WARNING} '
CFLAGS_DEBUG='-g'
CFLAGS_DEFAULT='-g'
CFLAGS_OPTIMIZE='-O2 -fomit-frame-pointer'
CFLAGS_WARNING='-Wall -Wwrite-strings'
CLEANFILES='init.c'
CPP='gcc -E'
CPPFLAGS=''
CYGPATH='echo'
DEFS='-DPACKAGE_NAME=\"tkimgjpeg\" -DPACKAGE_TARNAME=\"tkimgjpeg\" -DPACKAGE_VERSION=\"1.4.9\" -DPACKAGE_STRING=\"tkimgjpeg\ 1.4.9\" -DPACKAGE_BUGREPORT=\"\" -DPACKAGE_URL=\"\" -DBUILD_tkimgjpeg=/\*\*/ -DSTDC_HEADERS=1 -DHAVE_SYS_TYPES_H=1 -DHAVE_SYS_STAT_H=1 -DHAVE_STDLIB_H=1 -DHAVE_STRING_H=1 -DHAVE_MEMORY_H=1 -DHAVE_STRINGS_H=1 -DHAVE_INTTYPES_H=1 -DHAVE_STDINT_H=1 -DHAVE_UNISTD_H=1 -DHAVE_LIMITS_H=1 -DHAVE_SYS_PARAM_H=1 -DUSE_THREAD_ALLOC=1 -D_REENTRANT=1 -D_THREAD_SAFE=1 -DTCL_THREADS=1 -DSTATIC_BUILD=1 -DMODULE_SCOPE=extern\ __attribute__\(\(__visibility__\(\"hidden\"\)\)\) -DHAVE_HIDDEN=1 -DHAVE_CAST_TO_UNION=1 -D_LARGEFILE64_SOURCE=1 -DTCL_WIDE_INT_IS_LONG=1 -DUSE_TCL_STUBS=1 -DUSE_TK_STUBS=1'
ECHO_C=''
ECHO_N='-n'
ECHO_T=''
EGREP='/usr/bin/grep -E'
EXEEXT=''
GREP='/usr/bin/grep'
INSTALL='$(SHELL) $(srcdir)/tclconfig/install-sh -c'
INSTALL_DATA='${INSTALL} -m 644'
INSTALL_DATA_DIR='${INSTALL} -d -m 755'
INSTALL_LIBRARY='${INSTALL_DATA}'
INSTALL_PROGRAM='${INSTALL}'
INSTALL_SCRIPT='${INSTALL}'
LDFLAGS=' -Wl,--export-dynamic '
LDFLAGS_DEFAULT=' -Wl,--export-dynamic '
LD_LIBRARY_PATH_VAR='LD_LIBRARY_PATH'
LIBOBJS=''
LIBS=''
LTLIBOBJS=''
MAJOR_VERSION=''
MAKE_LIB='${STLIB_LD} $@ $(PKG_OBJECTS) '
MAKE_SHARED_LIB='${SHLIB_LD} -o $@ $(PKG_OBJECTS) ${SHLIB_LD_LIBS}'
MAKE_STATIC_LIB='${STLIB_LD} $@ $(PKG_OBJECTS)'
MAKE_STUB_LIB='${STLIB_LD} $@ $(PKG_STUB_OBJECTS)'
MATH_LIBS='-lm'
MINOR_VERSION=''
OBJEXT='o'
PACKAGE_BUGREPORT=''
PACKAGE_NAME='tkimgjpeg'
PACKAGE_STRING='tkimgjpeg 1.4.9'
PACKAGE_TARNAME='tkimgjpeg'
PACKAGE_TCLNAME='img::jpeg'
PACKAGE_URL=''
PACKAGE_VERSION='1.4.9'
PATCHLEVEL=''
PATH_SEPARATOR=':'
PHIMGTYPE='jpeg'
PKG_CFLAGS=' -DTKIMG_VERSION=\"${tkimg_VERSION}\" -DJPEGTCL_VERSION=\"${jpegtcl_VERSION}\"'
PKG_HEADERS=''
PKG_INCLUDES=' -I"/home/max/Programming/SAOImageDS9/tkimg/base/." -I"/home/max/Programming/SAOImageDS9/tkimg/libjpeg/." -I"/home/max/Programming/SAOImageDS9/tkimg/libjpeg/libjpeg" -I.'
PKG_LIBS=' -L/home/max/Programming/SAOImageDS9/tkimg/base -ltkimgstub1.4.9 -L/home/max/Programming/SAOImageDS9/tkimg/libjpeg -ljpegtclstub9.2 -lX11 -L/home/max/Programming/SAOImageDS9/tkimg/base -ltkimgstub1.4.9 -L/home/max/Programming/SAOImageDS9/tkimg/libjpeg -ljpegtclstub9.2'
PKG_LIB_FILE='libtkimgjpeg1.4.9.a'
PKG_OBJECTS=' jpeg.o'
PKG_SOURCES=' jpeg.c'
PKG_STUB_LIB_FILE='libtkimgjpegstub1.4.9.a'
PKG_STUB_OBJECTS=''
PKG_STUB_SOURCES=''
PKG_TCL_SOURCES=''
RANLIB='ranlib'
RANLIB_STUB='ranlib'
RC=''
SET_MAKE=''
SHARED_BUILD='0'
SHELL='/bin/bash'
SHLIB_CFLAGS='-fPIC'
SHLIB_LD='${CC} -shared ${CFLAGS} ${LDFLAGS_DEFAULT}'
SHLIB_LD_LIBS='${LIBS}'
STLIB_LD='${AR} cr'
TCLSH_PROG='/home/max/Programming/SAOImageDS9/tcl8.6/unix/tclsh'
TCL_BIN_DIR='/home/max/Programming/SAOImageDS9/tcl8.6/unix'
TCL_DBGX=''
TCL_DEFS='-DPACKAGE_NAME=\"tcl\" -DPACKAGE_TARNAME=\"tcl\" -DPACKAGE_VERSION=\"8.6\" -DPACKAGE_STRING=\"tcl\ 8.6\" -DPACKAGE_BUGREPORT=\"\" -DSTDC_HEADERS=1 -DHAVE_SYS_TYPES_H=1 -DHAVE_SYS_STAT_H=1 -DHAVE_STDLIB_H=1 -DHAVE_STRING_H=1 -DHAVE_MEMORY_H=1 -DHAVE_STRINGS_H=1 -DHAVE_INTTYPES_H=1 -DHAVE_STDINT_H=1 -DHAVE_UNISTD_H=1 -DHAVE_SYS_PARAM_H=1 -DUSE_THREAD_ALLOC=1 -D_REENTRANT=1 -D_THREAD_SAFE=1 -DHAVE_PTHREAD_ATTR_SETSTACKSIZE=1 -DHAVE_PTHREAD_ATFORK=1 -DTCL_THREADS=1 -DTCL_CFGVAL_ENCODING=\"iso8859-1\" -DSTATIC_BUILD=1 -DHAVE_ZLIB=1 -DMODULE_SCOPE=extern\ __attribute__\(\(__visibility__\(\"hidden\"\)\)\) -DHAVE_HIDDEN=1 -DHAVE_CAST_TO_UNION=1 -DTCL_SHLIB_EXT=\".so\" -DTCL_TOMMATH=1 -DMP_PREC=4 -D_LARGEFILE64_SOURCE=1 -DTCL_WIDE_INT_IS_LONG=1 -DHAVE_GETCWD=1 -DHAVE_MKSTEMP=1 -DHAVE_OPENDIR=1 -DHAVE_STRTOL=1 -DHAVE_WAITPID=1 -DHAVE_GETNAMEINFO=1 -DHAVE_GETADDRINFO=1 -DHAVE_FREEADDRINFO=1 -DHAVE_GAI_STRERROR=1 -DHAVE_STRUCT_ADDRINFO=1 -DHAVE_STRUCT_IN6_ADDR=1 -DHAVE_STRUCT_SOCKADDR_IN6=1 -DHAVE_STRUCT_SOCKADDR_STORAGE=1 -DHAVE_GETPWUID_R_5=1 -DHAVE_GETPWUID_R=1 -DHAVE_GETPWNAM_R_5=1 -DHAVE_GETPWNAM_R=1 -DHAVE_GETGRGID_R_5=1 -DHAVE_GETGRGID_R=1 -DHAVE_GETGRNAM_R_5=1 -DHAVE_GETGRNAM_R=1 -DHAVE_DECL_GETHOSTBYNAME_R=1 -DHAVE_GETHOSTBYNAME_R_6=1 -DHAVE_GETHOSTBYNAME_R=1 -DHAVE_DECL_GETHOSTBYADDR_R=1 -DHAVE_GETHOSTBYADDR_R_8=1 -DHAVE_GETHOSTBYADDR_R=1 -DHAVE_TERMIOS_H=1 -DHAVE_SYS_IOCTL_H=1 -DHAVE_SYS_TIME_H=1 -DTIME_WITH_SYS_TIME=1 -DHAVE_GMTIME_R=1 -DHAVE_LOCALTIME_R=1 -DHAVE_MKTIME=1 -DHAVE_TM_GMTOFF=1 -DHAVE_TIMEZONE_VAR=1 -DHAVE_STRUCT_STAT_ST_BLOCKS=1 -DHAVE_STRUCT_STAT_ST_BLKSIZE=1 -DHAVE_BLKCNT_T=1 -DHAVE_INTPTR_T=1 -DHAVE_UINTPTR_T=1 -DNO_UNION_WAIT=1 -DHAVE_SIGNED_CHAR=1 -DHAVE_LANGINFO=1 -DHAVE_MKSTEMPS=1 -DHAVE_FTS=1 -DHAVE_SYS_IOCTL_H=1 -DTCL_UNLOAD_DLLS=1 -DHAVE_CPUID=1 '
TCL_EXTRA_CFLAGS=' -pipe '
TCL_INCLUDES='-I"/home/max/Programming/SAOImageDS9/tcl8.6/generic"'
TCL_LD_FLAGS=' -Wl,--export-dynamic '
TCL_LIBS='${DL_LIBS} ${LIBS} ${MATH_LIBS}'
TCL_LIB_FILE='libtcl8.6.a'
TCL_LIB_FLAG='-ltcl8.6'
TCL_LIB_SPEC='-L/home/max/Programming/SAOImageDS9/tcl8.6/unix -ltcl8.6'
TCL_PATCH_LEVEL='.10'
TCL_SHLIB_LD_LIBS='${LIBS}'
TCL_SRC_DIR='/home/max/Programming/SAOImageDS9/tcl8.6'
TCL_STUB_LIB_FILE='libtclstub8.6.a'
TCL_STUB_LIB_FLAG='-ltclstub8.6'
TCL_STUB_LIB_SPEC='-L/home/max/Programming/SAOImageDS9/tcl8.6/unix -ltclstub8.6'
TCL_THREADS='1'
TCL_VERSION='8.6'
TK_BIN_DIR='/home/max/Programming/SAOImageDS9/tk8.6/unix'
TK_INCLUDES='-I"/home/max/Programming/SAOImageDS9/tk8.6/generic"'
TK_LIBS='-lX11   -lpthread -ldl -lz  -lpthread -lm'
TK_LIB_FILE='libtk8.6.a'
TK_LIB_FLAG='-ltk8.6'
TK_LIB_SPEC='-L/home/max/Programming/SAOImageDS9/tk8.6/unix -ltk8.6'
TK_SRC_DIR='/home/max/Programming/SAOImageDS9/tk8.6'
TK_STUB_LIB_FILE='libtkstub8.6.a'
TK_STUB_LIB_FLAG='-ltkstub8.6'
TK_STUB_LIB_SPEC='-L/home/max/Programming/SAOImageDS9/tk8.6/unix -ltkstub8.6'
TK_VERSION='8.6'
TK_XINCLUDES=''
VC_MANIFEST_EMBED_DLL=''
VC_MANIFEST_EMBED_EXE=''
WISH_PROG='/home/max/Programming/SAOImageDS9/tk8.6/unix/wish'
XMKMF=''
ac_ct_CC='gcc'
bindir='${exec_prefix}/bin'
build_alias=''
datadir='${datarootdir}'
datarootdir='${prefix}/share'
docdir='${datarootdir}/doc/${PACKAGE_TARNAME}'
dvidir='${docdir}'
exec_prefix='/home/max/Programming/SAOImageDS9'
host_alias=''
htmldir='${docdir}'
includedir='${prefix}/include'
infodir='${datarootdir}/info'
jpegtcl_BIN_DIR='/home/max/Programming/SAOImageDS9/tkimg/libjpeg'
jpegtcl_BUILD_PATH='/home/max/Programming/SAOImageDS9/tkimg/libjpeg'
jpegtcl_LIB_FILE='libjpegtcl9.2.a'
jpegtcl_LIB_SPEC='-L/home/max/Programming/SAOImageDS9/tkimg/libjpeg -ljpegtcl9.2'
jpegtcl_SRC_DIR='.'
jpegtcl_SRC_PATH='/home/max/Programming/SAOImageDS9/tkimg/libjpeg/.'
jpegtcl_STUB_LIB_FILE='libjpegtclstub9.2.a'
jpegtcl_STUB_LIB_PATH='/home/max/Programming/SAOImageDS9/tkimg/libjpeg/libjpegtclstub9.2.a'
jpegtcl_STUB_LIB_SPEC='-L/home/max/Programming/SAOImageDS9/tkimg/libjpeg -ljpegtclstub9.2'
jpegtcl_VERSION='9.2'
libdir='/home/max/Programming/SAOImageDS9/lib'
libexecdir='${exec_prefix}/libexec'
localedir='${datarootdir}/locale'
localstatedir='${prefix}/var'
mandir='${datarootdir}/man'
oldincludedir='/usr/include'
pdfdir='${docdir}'
prefix='/home/max/Programming/SAOImageDS9'
program_transform_name='s,x,x,'
psdir='${docdir}'
sbindir='${exec_prefix}/sbin'
sharedstatedir='${prefix}/com'
sysconfdir='${prefix}/etc'
target_alias=''
tkimg_BIN_DIR='/home/max/Programming/SAOImageDS9/tkimg/base'
tkimg_BUILD_PATH='/home/max/Programming/SAOImageDS9/tkimg/base'
tkimg_LIB_FILE='libtkimg1.4.9.a'
tkimg_LIB_SPEC='-L/home/max/Programming/SAOImageDS9/tkimg/base -ltkimg1.4.9'
tkimg_SRC_DIR='.'
tkimg_SRC_PATH='/home/max/Programming/SAOImageDS9/tkimg/base/.'
tkimg_STUB_LIB_FILE='libtkimgstub1.4.9.a'
tkimg_STUB_LIB_PATH='/home/max/Programming/SAOImageDS9/tkimg/base/libtkimgstub1.4.9.a'
tkimg_STUB_LIB_SPEC='-L/home/max/Programming/SAOImageDS9/tkimg/base -ltkimgstub1.4.9'
tkimg_VERSION='1.4.9'
tkimgjpeg_BUILD_LIB_SPEC='-L/home/max/Programming/SAOImageDS9/tkimg/jpeg -ltkimgjpeg1.4.9'
tkimgjpeg_BUILD_STUB_LIB_PATH='/home/max/Programming/SAOImageDS9/tkimg/jpeg/libtkimgjpegstub1.4.9.a'
tkimgjpeg_BUILD_STUB_LIB_SPEC='-L/home/max/Programming/SAOImageDS9/tkimg/jpeg -ltkimgjpegstub1.4.9'
tkimgjpeg_LIB_SPEC='-L/home/max/Programming/SAOImageDS9/lib/tkimgjpeg1.4.9 -ltkimgjpeg1.4.9'
tkimgjpeg_STUB_LIB_PATH='/home/max/Programming/SAOImageDS9/lib/tkimgjpeg1.4.9/libtkimgjpegstub1.4.9.a'
tkimgjpeg_STUB_LIB_SPEC='-L/home/max/Programming/SAOImageDS9/lib/tkimgjpeg1.4.9 -ltkimgjpegstub1.4.9'

## ----------- ##
## confdefs.h. ##
## ----------- ##

/* confdefs.h */
#define PACKAGE_NAME "tkimgjpeg"
#define PACKAGE_TARNAME "tkimgjpeg"
#define PACKAGE_VERSION "1.4.9"
#define PACKAGE_STRING "tkimgjpeg 1.4.9"
#define PACKAGE_BUGREPORT ""
#define PACKAGE_URL ""
#define BUILD_tkimgjpeg /**/
#define STDC_HEADERS 1
#define HAVE_SYS_TYPES_H 1
#define HAVE_SYS_STAT_H 1
#define HAVE_STDLIB_H 1
#define HAVE_STRING_H 1
#define HAVE_MEMORY_H 1
#define HAVE_STRINGS_H 1
#define HAVE_INTTYPES_H 1
#define HAVE_STDINT_H 1
#define HAVE_UNISTD_H 1
#define HAVE_LIMITS_H 1
#define HAVE_SYS_PARAM_H 1
#define USE_THREAD_ALLOC 1
#define _REENTRANT 1
#define _THREAD_SAFE 1
#define TCL_THREADS 1
#define STATIC_BUILD 1
#define MODULE_SCOPE extern __attribute__((__visibility__("hidden")))
#define HAVE_HIDDEN 1
#define HAVE_CAST_TO_UNION 1
#define _LARGEFILE64_SOURCE 1
#define TCL_WIDE_INT_IS_LONG 1
#define USE_TCL_STUBS 1
#define USE_TK_STUBS 1

configure: exit 0
